nohup: ignoring input
/home/zhongyikun/anaconda3/envs/RDRec/lib/python3.12/site-packages/transformers/utils/generic.py:441: FutureWarning: `torch.utils._pytree._register_pytree_node` is deprecated. Please use `torch.utils._pytree.register_pytree_node` instead.
  _torch_pytree._register_pytree_node(
/home/zhongyikun/anaconda3/envs/RDRec/lib/python3.12/site-packages/transformers/utils/generic.py:309: FutureWarning: `torch.utils._pytree._register_pytree_node` is deprecated. Please use `torch.utils._pytree.register_pytree_node` instead.
  _torch_pytree._register_pytree_node(
/home/zhongyikun/anaconda3/envs/RDRec/lib/python3.12/site-packages/transformers/utils/generic.py:309: FutureWarning: `torch.utils._pytree._register_pytree_node` is deprecated. Please use `torch.utils._pytree.register_pytree_node` instead.
  _torch_pytree._register_pytree_node(
/home/zhongyikun/anaconda3/envs/RDRec/lib/python3.12/site-packages/huggingface_hub/file_download.py:896: FutureWarning: `resume_download` is deprecated and will be removed in version 1.0.0. Downloads always resume when possible. If you want to force a new download, use `force_download=True`.
  warnings.warn(
You are using the default legacy behaviour of the <class 'transformers.models.t5.tokenization_t5.T5Tokenizer'>. This is expected, and simply means that the `legacy` (previous) behavior will be used so nothing changes for you. If you want to use the new behaviour, set `legacy=False`. This should only be set if you understand what it means, and thouroughly read the reason why this was added as explained in https://github.com/huggingface/transformers/pull/24565
Special tokens have been added in the vocabulary, make sure the associated word embeddings are fine-tuned or trained.
Some weights of Solomon were not initialized from the model checkpoint at t5-small and are newly initialized: ['conv1d.weight']
You should probably TRAIN this model on a down-stream task to be able to use it for predictions and inference.
----------------------------------------ARGUMENTS----------------------------------------
data_dir                                 ./data/sports/
model_version                            0
task_num                                 5
prompt_num                               3
lr                                       0.0005
ratio                                    1:1:1:1
epochs                                   100
batch_size                               64
cuda                                     True
log_interval                             200
checkpoint                               ./checkpoint/sport_1111/
endure_times                             5
exp_len                                  20
negative_num                             99
----------------------------------------ARGUMENTS----------------------------------------
[2025-05-13 18:19:00.178822]: Loading data
[2025-05-13 18:19:21.218361]: Start training
[2025-05-13 18:19:21.218438]: epoch 1
[2025-05-13 18:21:05.145829]: text loss 1.8665 |   200/ 9841 batches
[2025-05-13 18:22:48.926828]: text loss 1.5907 |   400/ 9841 batches
[2025-05-13 18:24:32.700368]: text loss 1.5203 |   600/ 9841 batches
[2025-05-13 18:26:16.962767]: text loss 1.4951 |   800/ 9841 batches
[2025-05-13 18:28:01.682761]: text loss 1.4956 |  1000/ 9841 batches
[2025-05-13 18:29:45.774561]: text loss 1.4745 |  1200/ 9841 batches
[2025-05-13 18:31:28.852306]: text loss 1.4743 |  1400/ 9841 batches
[2025-05-13 18:33:13.298534]: text loss 1.4772 |  1600/ 9841 batches
[2025-05-13 18:34:57.341271]: text loss 1.4355 |  1800/ 9841 batches
[2025-05-13 18:36:41.676747]: text loss 1.4698 |  2000/ 9841 batches
[2025-05-13 18:38:25.652814]: text loss 1.4274 |  2200/ 9841 batches
[2025-05-13 18:40:09.200285]: text loss 1.4533 |  2400/ 9841 batches
[2025-05-13 18:41:53.095513]: text loss 1.4189 |  2600/ 9841 batches
[2025-05-13 18:43:37.836307]: text loss 1.4334 |  2800/ 9841 batches
[2025-05-13 18:45:21.722983]: text loss 1.4233 |  3000/ 9841 batches
[2025-05-13 18:47:05.938286]: text loss 1.3922 |  3200/ 9841 batches
[2025-05-13 18:48:50.155255]: text loss 1.3991 |  3400/ 9841 batches
[2025-05-13 18:50:33.324560]: text loss 1.4127 |  3600/ 9841 batches
[2025-05-13 18:52:17.727591]: text loss 1.4057 |  3800/ 9841 batches
[2025-05-13 18:54:01.107862]: text loss 1.3755 |  4000/ 9841 batches
[2025-05-13 18:55:44.932326]: text loss 1.3649 |  4200/ 9841 batches
[2025-05-13 18:57:29.168726]: text loss 1.3948 |  4400/ 9841 batches
[2025-05-13 18:59:13.087317]: text loss 1.3901 |  4600/ 9841 batches
[2025-05-13 19:00:56.803164]: text loss 1.3765 |  4800/ 9841 batches
[2025-05-13 19:02:41.049656]: text loss 1.3851 |  5000/ 9841 batches
[2025-05-13 19:04:25.029761]: text loss 1.3807 |  5200/ 9841 batches
[2025-05-13 19:06:08.778792]: text loss 1.3822 |  5400/ 9841 batches
[2025-05-13 19:07:52.730594]: text loss 1.3626 |  5600/ 9841 batches
[2025-05-13 19:09:37.887849]: text loss 1.3567 |  5800/ 9841 batches
[2025-05-13 19:11:21.682236]: text loss 1.3652 |  6000/ 9841 batches
[2025-05-13 19:13:06.465918]: text loss 1.3790 |  6200/ 9841 batches
[2025-05-13 19:14:50.595764]: text loss 1.3498 |  6400/ 9841 batches
[2025-05-13 19:16:34.844869]: text loss 1.3392 |  6600/ 9841 batches
[2025-05-13 19:18:19.522568]: text loss 1.3453 |  6800/ 9841 batches
[2025-05-13 19:20:04.377236]: text loss 1.3367 |  7000/ 9841 batches
[2025-05-13 19:21:48.658759]: text loss 1.3594 |  7200/ 9841 batches
[2025-05-13 19:23:32.569280]: text loss 1.3682 |  7400/ 9841 batches
[2025-05-13 19:25:16.887546]: text loss 1.3362 |  7600/ 9841 batches
[2025-05-13 19:27:00.747532]: text loss 1.3490 |  7800/ 9841 batches
[2025-05-13 19:28:44.847119]: text loss 1.3430 |  8000/ 9841 batches
[2025-05-13 19:30:28.823210]: text loss 1.3595 |  8200/ 9841 batches
[2025-05-13 19:32:12.006000]: text loss 1.3599 |  8400/ 9841 batches
[2025-05-13 19:33:55.442933]: text loss 1.3178 |  8600/ 9841 batches
[2025-05-13 19:35:38.998386]: text loss 1.3437 |  8800/ 9841 batches
[2025-05-13 19:37:22.238396]: text loss 1.3381 |  9000/ 9841 batches
[2025-05-13 19:39:05.822112]: text loss 1.3456 |  9200/ 9841 batches
[2025-05-13 19:40:49.234997]: text loss 1.3480 |  9400/ 9841 batches
[2025-05-13 19:42:33.213287]: text loss 1.3624 |  9600/ 9841 batches
[2025-05-13 19:44:16.981844]: text loss 1.3673 |  9800/ 9841 batches
[2025-05-13 19:44:38.421808]: text loss 1.3341 |  9841/ 9841 batches
[2025-05-13 19:44:38.422596]: validation
[2025-05-13 19:44:42.779815]: explanation loss 3.2487
[2025-05-13 19:44:50.408795]: rationale loss 1.5301
[2025-05-13 19:45:06.141787]: sequential loss 2.5085
[2025-05-13 19:46:58.178976]: top-N loss 1.4582
[2025-05-13 19:46:58.656270]: epoch 2
[2025-05-13 19:48:21.432796]: text loss 1.3235 | 10000/ 9841 batches
[2025-05-13 19:50:05.337019]: text loss 1.3217 | 10200/ 9841 batches
[2025-05-13 19:51:48.981031]: text loss 1.3050 | 10400/ 9841 batches
[2025-05-13 19:53:33.025143]: text loss 1.3069 | 10600/ 9841 batches
[2025-05-13 19:55:16.836490]: text loss 1.3185 | 10800/ 9841 batches
[2025-05-13 19:57:00.582127]: text loss 1.3036 | 11000/ 9841 batches
[2025-05-13 19:58:45.021318]: text loss 1.3161 | 11200/ 9841 batches
[2025-05-13 20:00:29.295072]: text loss 1.3186 | 11400/ 9841 batches
[2025-05-13 20:02:13.546322]: text loss 1.3120 | 11600/ 9841 batches
[2025-05-13 20:03:57.723527]: text loss 1.2946 | 11800/ 9841 batches
[2025-05-13 20:05:41.434036]: text loss 1.3070 | 12000/ 9841 batches
[2025-05-13 20:07:24.975585]: text loss 1.3106 | 12200/ 9841 batches
[2025-05-13 20:09:07.946697]: text loss 1.3129 | 12400/ 9841 batches
[2025-05-13 20:10:51.709806]: text loss 1.2950 | 12600/ 9841 batches
[2025-05-13 20:12:35.822188]: text loss 1.3132 | 12800/ 9841 batches
[2025-05-13 20:14:19.514277]: text loss 1.3036 | 13000/ 9841 batches
[2025-05-13 20:16:03.507218]: text loss 1.3048 | 13200/ 9841 batches
[2025-05-13 20:17:48.328185]: text loss 1.2988 | 13400/ 9841 batches
[2025-05-13 20:19:32.368029]: text loss 1.2961 | 13600/ 9841 batches
[2025-05-13 20:21:15.544813]: text loss 1.3113 | 13800/ 9841 batches
[2025-05-13 20:22:59.268715]: text loss 1.3100 | 14000/ 9841 batches
[2025-05-13 20:24:42.903926]: text loss 1.3108 | 14200/ 9841 batches
[2025-05-13 20:26:26.319218]: text loss 1.3024 | 14400/ 9841 batches
[2025-05-13 20:28:10.088099]: text loss 1.3026 | 14600/ 9841 batches
[2025-05-13 20:29:54.263937]: text loss 1.2959 | 14800/ 9841 batches
[2025-05-13 20:31:38.736517]: text loss 1.3049 | 15000/ 9841 batches
[2025-05-13 20:33:23.530553]: text loss 1.3012 | 15200/ 9841 batches
[2025-05-13 20:35:07.587105]: text loss 1.3060 | 15400/ 9841 batches
[2025-05-13 20:36:50.823562]: text loss 1.2953 | 15600/ 9841 batches
[2025-05-13 20:38:35.188169]: text loss 1.2962 | 15800/ 9841 batches
[2025-05-13 20:40:18.928613]: text loss 1.3049 | 16000/ 9841 batches
[2025-05-13 20:42:01.860177]: text loss 1.2960 | 16200/ 9841 batches
[2025-05-13 20:43:45.371918]: text loss 1.2903 | 16400/ 9841 batches
[2025-05-13 20:45:29.401848]: text loss 1.2887 | 16600/ 9841 batches
[2025-05-13 20:47:13.267551]: text loss 1.2910 | 16800/ 9841 batches
[2025-05-13 20:48:56.712299]: text loss 1.2903 | 17000/ 9841 batches
[2025-05-13 20:50:40.846905]: text loss 1.2964 | 17200/ 9841 batches
[2025-05-13 20:52:25.063893]: text loss 1.2890 | 17400/ 9841 batches
[2025-05-13 20:54:08.844347]: text loss 1.2944 | 17600/ 9841 batches
[2025-05-13 20:55:53.094540]: text loss 1.2775 | 17800/ 9841 batches
[2025-05-13 20:57:36.387843]: text loss 1.2768 | 18000/ 9841 batches
[2025-05-13 20:59:21.126073]: text loss 1.2877 | 18200/ 9841 batches
[2025-05-13 21:01:04.253135]: text loss 1.2929 | 18400/ 9841 batches
[2025-05-13 21:02:47.959314]: text loss 1.2795 | 18600/ 9841 batches
[2025-05-13 21:04:31.672127]: text loss 1.2750 | 18800/ 9841 batches
[2025-05-13 21:06:15.181710]: text loss 1.2816 | 19000/ 9841 batches
[2025-05-13 21:07:58.870356]: text loss 1.2891 | 19200/ 9841 batches
[2025-05-13 21:09:42.751860]: text loss 1.2782 | 19400/ 9841 batches
[2025-05-13 21:11:26.219963]: text loss 1.2849 | 19600/ 9841 batches
[2025-05-13 21:12:08.719237]: text loss 1.2746 | 19682/ 9841 batches
[2025-05-13 21:12:08.719949]: validation
[2025-05-13 21:12:13.018516]: explanation loss 2.9074
[2025-05-13 21:12:20.678753]: rationale loss 1.4548
[2025-05-13 21:12:36.618086]: sequential loss 2.4530
[2025-05-13 21:14:27.839838]: top-N loss 1.3952
[2025-05-13 21:14:28.239709]: epoch 3
[2025-05-13 21:15:29.589101]: text loss 1.2544 | 19800/ 9841 batches
[2025-05-13 21:17:13.414108]: text loss 1.2689 | 20000/ 9841 batches
[2025-05-13 21:18:57.265752]: text loss 1.2613 | 20200/ 9841 batches
[2025-05-13 21:20:40.905442]: text loss 1.2695 | 20400/ 9841 batches
[2025-05-13 21:22:24.732593]: text loss 1.2589 | 20600/ 9841 batches
[2025-05-13 21:24:08.661827]: text loss 1.2603 | 20800/ 9841 batches
[2025-05-13 21:25:52.511296]: text loss 1.2664 | 21000/ 9841 batches
[2025-05-13 21:27:35.996295]: text loss 1.2651 | 21200/ 9841 batches
[2025-05-13 21:29:20.138432]: text loss 1.2653 | 21400/ 9841 batches
[2025-05-13 21:31:03.915481]: text loss 1.2607 | 21600/ 9841 batches
[2025-05-13 21:32:47.391391]: text loss 1.2620 | 21800/ 9841 batches
[2025-05-13 21:34:31.226214]: text loss 1.2720 | 22000/ 9841 batches
[2025-05-13 21:36:14.855708]: text loss 1.2623 | 22200/ 9841 batches
[2025-05-13 21:37:59.783602]: text loss 1.2607 | 22400/ 9841 batches
[2025-05-13 21:39:44.242085]: text loss 1.2543 | 22600/ 9841 batches
[2025-05-13 21:41:27.819112]: text loss 1.2622 | 22800/ 9841 batches
[2025-05-13 21:43:11.503441]: text loss 1.2676 | 23000/ 9841 batches
[2025-05-13 21:44:56.017789]: text loss 1.2611 | 23200/ 9841 batches
[2025-05-13 21:46:39.563632]: text loss 1.2554 | 23400/ 9841 batches
[2025-05-13 21:48:23.898029]: text loss 1.2759 | 23600/ 9841 batches
[2025-05-13 21:50:07.818541]: text loss 1.2655 | 23800/ 9841 batches
[2025-05-13 21:51:51.526788]: text loss 1.2623 | 24000/ 9841 batches
[2025-05-13 21:53:34.784462]: text loss 1.2506 | 24200/ 9841 batches
[2025-05-13 21:55:17.954379]: text loss 1.2684 | 24400/ 9841 batches
[2025-05-13 21:57:02.041635]: text loss 1.2565 | 24600/ 9841 batches
[2025-05-13 21:58:46.250470]: text loss 1.2585 | 24800/ 9841 batches
[2025-05-13 22:00:29.968820]: text loss 1.2556 | 25000/ 9841 batches
[2025-05-13 22:02:13.580453]: text loss 1.2581 | 25200/ 9841 batches
[2025-05-13 22:03:57.420810]: text loss 1.2810 | 25400/ 9841 batches
[2025-05-13 22:05:41.240103]: text loss 1.2581 | 25600/ 9841 batches
[2025-05-13 22:07:24.828839]: text loss 1.2604 | 25800/ 9841 batches
[2025-05-13 22:09:08.140925]: text loss 1.2497 | 26000/ 9841 batches
[2025-05-13 22:10:52.786998]: text loss 1.2689 | 26200/ 9841 batches
[2025-05-13 22:12:36.183083]: text loss 1.2537 | 26400/ 9841 batches
[2025-05-13 22:14:20.374689]: text loss 1.2663 | 26600/ 9841 batches
[2025-05-13 22:16:03.990193]: text loss 1.2609 | 26800/ 9841 batches
[2025-05-13 22:17:48.078397]: text loss 1.2620 | 27000/ 9841 batches
[2025-05-13 22:19:31.715294]: text loss 1.2612 | 27200/ 9841 batches
[2025-05-13 22:21:16.088671]: text loss 1.2648 | 27400/ 9841 batches
[2025-05-13 22:22:59.551766]: text loss 1.2620 | 27600/ 9841 batches
[2025-05-13 22:24:45.707501]: text loss 1.2577 | 27800/ 9841 batches
[2025-05-13 22:26:37.423146]: text loss 1.2590 | 28000/ 9841 batches
[2025-05-13 22:28:22.367115]: text loss 1.2518 | 28200/ 9841 batches
[2025-05-13 22:30:07.217900]: text loss 1.2533 | 28400/ 9841 batches
[2025-05-13 22:31:51.095538]: text loss 1.2549 | 28600/ 9841 batches
[2025-05-13 22:33:35.992000]: text loss 1.2539 | 28800/ 9841 batches
[2025-05-13 22:35:19.328810]: text loss 1.2509 | 29000/ 9841 batches
[2025-05-13 22:37:02.719978]: text loss 1.2619 | 29200/ 9841 batches
[2025-05-13 22:38:46.387863]: text loss 1.2528 | 29400/ 9841 batches
[2025-05-13 22:39:50.532332]: text loss 1.2629 | 29523/ 9841 batches
[2025-05-13 22:39:50.533112]: validation
[2025-05-13 22:39:54.808830]: explanation loss 2.9408
[2025-05-13 22:40:02.475753]: rationale loss 1.4497
[2025-05-13 22:40:18.518358]: sequential loss 2.4006
[2025-05-13 22:42:09.295228]: top-N loss 1.3456
[2025-05-13 22:42:09.692260]: epoch 4
[2025-05-13 22:42:49.383366]: text loss 1.2384 | 29600/ 9841 batches
[2025-05-13 22:44:33.785673]: text loss 1.2412 | 29800/ 9841 batches
[2025-05-13 22:46:17.706860]: text loss 1.2446 | 30000/ 9841 batches
[2025-05-13 22:48:02.176308]: text loss 1.2338 | 30200/ 9841 batches
[2025-05-13 22:49:46.028477]: text loss 1.2236 | 30400/ 9841 batches
[2025-05-13 22:51:29.880139]: text loss 1.2387 | 30600/ 9841 batches
[2025-05-13 22:53:13.318334]: text loss 1.2497 | 30800/ 9841 batches
[2025-05-13 22:54:57.315130]: text loss 1.2321 | 31000/ 9841 batches
[2025-05-13 22:56:41.651743]: text loss 1.2457 | 31200/ 9841 batches
[2025-05-13 22:58:25.499132]: text loss 1.2290 | 31400/ 9841 batches
[2025-05-13 23:00:09.214496]: text loss 1.2378 | 31600/ 9841 batches
[2025-05-13 23:01:53.018137]: text loss 1.2417 | 31800/ 9841 batches
[2025-05-13 23:03:37.265700]: text loss 1.2417 | 32000/ 9841 batches
[2025-05-13 23:05:20.434097]: text loss 1.2317 | 32200/ 9841 batches
[2025-05-13 23:07:04.336625]: text loss 1.2301 | 32400/ 9841 batches
[2025-05-13 23:08:48.137929]: text loss 1.2315 | 32600/ 9841 batches
[2025-05-13 23:10:32.404577]: text loss 1.2473 | 32800/ 9841 batches
[2025-05-13 23:12:16.260764]: text loss 1.2319 | 33000/ 9841 batches
[2025-05-13 23:13:59.972306]: text loss 1.2321 | 33200/ 9841 batches
[2025-05-13 23:15:44.879507]: text loss 1.2371 | 33400/ 9841 batches
[2025-05-13 23:17:28.518957]: text loss 1.2308 | 33600/ 9841 batches
[2025-05-13 23:19:11.897302]: text loss 1.2350 | 33800/ 9841 batches
[2025-05-13 23:20:56.790205]: text loss 1.2384 | 34000/ 9841 batches
[2025-05-13 23:22:40.770150]: text loss 1.2309 | 34200/ 9841 batches
[2025-05-13 23:24:24.845650]: text loss 1.2352 | 34400/ 9841 batches
[2025-05-13 23:26:09.900876]: text loss 1.2481 | 34600/ 9841 batches
[2025-05-13 23:27:54.234176]: text loss 1.2384 | 34800/ 9841 batches
[2025-05-13 23:29:38.019656]: text loss 1.2447 | 35000/ 9841 batches
[2025-05-13 23:31:22.474856]: text loss 1.2396 | 35200/ 9841 batches
[2025-05-13 23:33:06.225329]: text loss 1.2313 | 35400/ 9841 batches
[2025-05-13 23:34:50.267554]: text loss 1.2365 | 35600/ 9841 batches
[2025-05-13 23:36:34.687338]: text loss 1.2428 | 35800/ 9841 batches
[2025-05-13 23:38:18.313430]: text loss 1.2402 | 36000/ 9841 batches
[2025-05-13 23:40:01.871759]: text loss 1.2357 | 36200/ 9841 batches
[2025-05-13 23:41:45.544100]: text loss 1.2273 | 36400/ 9841 batches
[2025-05-13 23:43:29.396531]: text loss 1.2310 | 36600/ 9841 batches
[2025-05-13 23:45:13.801770]: text loss 1.2283 | 36800/ 9841 batches
[2025-05-13 23:46:58.074321]: text loss 1.2362 | 37000/ 9841 batches
[2025-05-13 23:48:41.835334]: text loss 1.2309 | 37200/ 9841 batches
[2025-05-13 23:50:25.837555]: text loss 1.2310 | 37400/ 9841 batches
[2025-05-13 23:52:11.111018]: text loss 1.2491 | 37600/ 9841 batches
[2025-05-13 23:53:55.552076]: text loss 1.2255 | 37800/ 9841 batches
[2025-05-13 23:55:39.593539]: text loss 1.2345 | 38000/ 9841 batches
[2025-05-13 23:57:24.396036]: text loss 1.2321 | 38200/ 9841 batches
[2025-05-13 23:59:08.733954]: text loss 1.2455 | 38400/ 9841 batches
[2025-05-14 00:00:52.520252]: text loss 1.2280 | 38600/ 9841 batches
[2025-05-14 00:02:37.290993]: text loss 1.2277 | 38800/ 9841 batches
[2025-05-14 00:04:21.603496]: text loss 1.2248 | 39000/ 9841 batches
[2025-05-14 00:06:06.188018]: text loss 1.2267 | 39200/ 9841 batches
[2025-05-14 00:07:32.244773]: text loss 1.2238 | 39364/ 9841 batches
[2025-05-14 00:07:32.245526]: validation
[2025-05-14 00:07:36.668701]: explanation loss 3.0393
[2025-05-14 00:07:44.318534]: rationale loss 1.4169
[2025-05-14 00:08:00.235205]: sequential loss 2.4267
[2025-05-14 00:09:52.232885]: top-N loss 1.3117
[2025-05-14 00:09:52.232976]: Endured 1 time(s)
[2025-05-14 00:09:52.233004]: epoch 5
[2025-05-14 00:10:10.862304]: text loss 1.2030 | 39400/ 9841 batches
[2025-05-14 00:11:54.502728]: text loss 1.2227 | 39600/ 9841 batches
[2025-05-14 00:13:38.941366]: text loss 1.2003 | 39800/ 9841 batches
[2025-05-14 00:15:22.854132]: text loss 1.2113 | 40000/ 9841 batches
[2025-05-14 00:17:07.478885]: text loss 1.2183 | 40200/ 9841 batches
[2025-05-14 00:18:52.527485]: text loss 1.2113 | 40400/ 9841 batches
[2025-05-14 00:20:36.642002]: text loss 1.2129 | 40600/ 9841 batches
[2025-05-14 00:22:19.819238]: text loss 1.2114 | 40800/ 9841 batches
[2025-05-14 00:24:04.063068]: text loss 1.2151 | 41000/ 9841 batches
[2025-05-14 00:25:48.227064]: text loss 1.2158 | 41200/ 9841 batches
[2025-05-14 00:27:32.028959]: text loss 1.2106 | 41400/ 9841 batches
[2025-05-14 00:29:15.986161]: text loss 1.2223 | 41600/ 9841 batches
[2025-05-14 00:30:59.628849]: text loss 1.2170 | 41800/ 9841 batches
[2025-05-14 00:32:43.243952]: text loss 1.2145 | 42000/ 9841 batches
[2025-05-14 00:34:27.326317]: text loss 1.2235 | 42200/ 9841 batches
[2025-05-14 00:36:11.445429]: text loss 1.2140 | 42400/ 9841 batches
[2025-05-14 00:37:54.998392]: text loss 1.2185 | 42600/ 9841 batches
[2025-05-14 00:39:38.630033]: text loss 1.2123 | 42800/ 9841 batches
[2025-05-14 00:41:22.063693]: text loss 1.2252 | 43000/ 9841 batches
[2025-05-14 00:43:06.334261]: text loss 1.2270 | 43200/ 9841 batches
[2025-05-14 00:44:50.478982]: text loss 1.2050 | 43400/ 9841 batches
[2025-05-14 00:46:35.221589]: text loss 1.2115 | 43600/ 9841 batches
[2025-05-14 00:48:18.901563]: text loss 1.2201 | 43800/ 9841 batches
[2025-05-14 00:50:02.896607]: text loss 1.2132 | 44000/ 9841 batches
[2025-05-14 00:51:48.177996]: text loss 1.2220 | 44200/ 9841 batches
[2025-05-14 00:53:32.375160]: text loss 1.2191 | 44400/ 9841 batches
[2025-05-14 00:55:16.611044]: text loss 1.2113 | 44600/ 9841 batches
[2025-05-14 00:57:00.297498]: text loss 1.2138 | 44800/ 9841 batches
[2025-05-14 00:58:43.851423]: text loss 1.2275 | 45000/ 9841 batches
[2025-05-14 01:00:27.810696]: text loss 1.2145 | 45200/ 9841 batches
[2025-05-14 01:02:10.960806]: text loss 1.2113 | 45400/ 9841 batches
[2025-05-14 01:03:54.779033]: text loss 1.2024 | 45600/ 9841 batches
[2025-05-14 01:05:38.639857]: text loss 1.2108 | 45800/ 9841 batches
[2025-05-14 01:07:21.969138]: text loss 1.1995 | 46000/ 9841 batches
[2025-05-14 01:09:05.826805]: text loss 1.2164 | 46200/ 9841 batches
[2025-05-14 01:10:49.487784]: text loss 1.2141 | 46400/ 9841 batches
[2025-05-14 01:12:33.072210]: text loss 1.2098 | 46600/ 9841 batches
[2025-05-14 01:14:17.206965]: text loss 1.2207 | 46800/ 9841 batches
[2025-05-14 01:16:01.347402]: text loss 1.2114 | 47000/ 9841 batches
[2025-05-14 01:17:45.949198]: text loss 1.2218 | 47200/ 9841 batches
[2025-05-14 01:19:29.482059]: text loss 1.2224 | 47400/ 9841 batches
[2025-05-14 01:21:13.971475]: text loss 1.2039 | 47600/ 9841 batches
[2025-05-14 01:22:58.533132]: text loss 1.2200 | 47800/ 9841 batches
[2025-05-14 01:24:42.978118]: text loss 1.2020 | 48000/ 9841 batches
[2025-05-14 01:26:27.841633]: text loss 1.2179 | 48200/ 9841 batches
[2025-05-14 01:28:12.756706]: text loss 1.2153 | 48400/ 9841 batches
[2025-05-14 01:29:57.947873]: text loss 1.2135 | 48600/ 9841 batches
[2025-05-14 01:31:42.152664]: text loss 1.2167 | 48800/ 9841 batches
[2025-05-14 01:33:26.451715]: text loss 1.2211 | 49000/ 9841 batches
[2025-05-14 01:35:10.939537]: text loss 1.2106 | 49200/ 9841 batches
[2025-05-14 01:35:13.563635]: text loss 1.2372 | 49205/ 9841 batches
[2025-05-14 01:35:13.564203]: validation
[2025-05-14 01:35:17.795728]: explanation loss 2.8049
[2025-05-14 01:35:25.418653]: rationale loss 1.4050
[2025-05-14 01:35:41.090799]: sequential loss 2.3675
[2025-05-14 01:37:31.324656]: top-N loss 1.2793
[2025-05-14 01:37:31.756588]: epoch 6
[2025-05-14 01:39:12.516978]: text loss 1.1909 | 49400/ 9841 batches
[2025-05-14 01:40:56.946137]: text loss 1.1952 | 49600/ 9841 batches
[2025-05-14 01:42:41.007233]: text loss 1.1893 | 49800/ 9841 batches
[2025-05-14 01:44:25.075328]: text loss 1.2006 | 50000/ 9841 batches
[2025-05-14 01:46:10.378806]: text loss 1.1943 | 50200/ 9841 batches
[2025-05-14 01:47:55.260656]: text loss 1.2086 | 50400/ 9841 batches
[2025-05-14 01:49:40.106560]: text loss 1.1888 | 50600/ 9841 batches
[2025-05-14 01:51:25.087987]: text loss 1.1963 | 50800/ 9841 batches
[2025-05-14 01:53:09.951582]: text loss 1.1968 | 51000/ 9841 batches
[2025-05-14 01:54:54.960432]: text loss 1.2061 | 51200/ 9841 batches
[2025-05-14 01:56:39.933020]: text loss 1.2120 | 51400/ 9841 batches
[2025-05-14 01:58:24.864138]: text loss 1.1933 | 51600/ 9841 batches
[2025-05-14 02:00:09.883731]: text loss 1.1961 | 51800/ 9841 batches
[2025-05-14 02:01:54.893956]: text loss 1.2044 | 52000/ 9841 batches
[2025-05-14 02:03:39.789453]: text loss 1.1899 | 52200/ 9841 batches
[2025-05-14 02:05:24.763646]: text loss 1.2049 | 52400/ 9841 batches
[2025-05-14 02:07:09.692078]: text loss 1.1895 | 52600/ 9841 batches
[2025-05-14 02:08:54.644055]: text loss 1.2145 | 52800/ 9841 batches
[2025-05-14 02:10:39.808065]: text loss 1.2024 | 53000/ 9841 batches
[2025-05-14 02:12:24.808932]: text loss 1.1949 | 53200/ 9841 batches
[2025-05-14 02:14:10.299059]: text loss 1.1870 | 53400/ 9841 batches
[2025-05-14 02:15:55.180433]: text loss 1.2032 | 53600/ 9841 batches
[2025-05-14 02:17:40.157569]: text loss 1.2027 | 53800/ 9841 batches
[2025-05-14 02:19:24.979729]: text loss 1.1916 | 54000/ 9841 batches
[2025-05-14 02:21:09.672024]: text loss 1.2013 | 54200/ 9841 batches
[2025-05-14 02:22:54.183641]: text loss 1.1964 | 54400/ 9841 batches
[2025-05-14 02:24:38.803295]: text loss 1.1950 | 54600/ 9841 batches
[2025-05-14 02:26:23.405006]: text loss 1.1937 | 54800/ 9841 batches
[2025-05-14 02:28:07.966154]: text loss 1.1983 | 55000/ 9841 batches
[2025-05-14 02:29:52.542612]: text loss 1.1989 | 55200/ 9841 batches
[2025-05-14 02:31:37.058735]: text loss 1.1878 | 55400/ 9841 batches
[2025-05-14 02:33:21.625001]: text loss 1.2016 | 55600/ 9841 batches
[2025-05-14 02:35:06.360701]: text loss 1.1927 | 55800/ 9841 batches
[2025-05-14 02:36:50.350803]: text loss 1.1985 | 56000/ 9841 batches
[2025-05-14 02:38:33.506582]: text loss 1.1966 | 56200/ 9841 batches
[2025-05-14 02:40:16.703785]: text loss 1.1936 | 56400/ 9841 batches
[2025-05-14 02:41:59.859339]: text loss 1.1917 | 56600/ 9841 batches
[2025-05-14 02:43:44.744691]: text loss 1.1932 | 56800/ 9841 batches
[2025-05-14 02:45:29.710184]: text loss 1.2011 | 57000/ 9841 batches
[2025-05-14 02:47:14.519580]: text loss 1.1922 | 57200/ 9841 batches
[2025-05-14 02:48:59.472885]: text loss 1.1954 | 57400/ 9841 batches
[2025-05-14 02:50:44.451545]: text loss 1.2012 | 57600/ 9841 batches
[2025-05-14 02:52:29.388490]: text loss 1.1963 | 57800/ 9841 batches
[2025-05-14 02:54:14.650545]: text loss 1.1972 | 58000/ 9841 batches
[2025-05-14 02:55:59.693069]: text loss 1.1906 | 58200/ 9841 batches
[2025-05-14 02:57:42.779353]: text loss 1.1907 | 58400/ 9841 batches
[2025-05-14 02:59:25.974602]: text loss 1.1980 | 58600/ 9841 batches
[2025-05-14 03:01:10.231921]: text loss 1.2018 | 58800/ 9841 batches
[2025-05-14 03:02:55.139311]: text loss 1.1941 | 59000/ 9841 batches
[2025-05-14 03:03:19.264096]: text loss 1.1796 | 59046/ 9841 batches
[2025-05-14 03:03:19.264696]: validation
[2025-05-14 03:03:23.511477]: explanation loss 2.8319
[2025-05-14 03:03:31.186932]: rationale loss 1.3898
[2025-05-14 03:03:46.917905]: sequential loss 2.3616
[2025-05-14 03:05:37.292837]: top-N loss 1.2624
[2025-05-14 03:05:37.729990]: epoch 7
[2025-05-14 03:06:57.149328]: text loss 1.1676 | 59200/ 9841 batches
[2025-05-14 03:08:40.457274]: text loss 1.1796 | 59400/ 9841 batches
[2025-05-14 03:10:23.957173]: text loss 1.1855 | 59600/ 9841 batches
[2025-05-14 03:12:07.137198]: text loss 1.1692 | 59800/ 9841 batches
[2025-05-14 03:13:51.871165]: text loss 1.1754 | 60000/ 9841 batches
[2025-05-14 03:15:36.773083]: text loss 1.1748 | 60200/ 9841 batches
[2025-05-14 03:17:21.761713]: text loss 1.1935 | 60400/ 9841 batches
[2025-05-14 03:19:06.649942]: text loss 1.1809 | 60600/ 9841 batches
[2025-05-14 03:20:50.212600]: text loss 1.1872 | 60800/ 9841 batches
[2025-05-14 03:22:33.361453]: text loss 1.1834 | 61000/ 9841 batches
[2025-05-14 03:24:17.185789]: text loss 1.1694 | 61200/ 9841 batches
[2025-05-14 03:26:02.055435]: text loss 1.1688 | 61400/ 9841 batches
[2025-05-14 03:27:47.113013]: text loss 1.1859 | 61600/ 9841 batches
[2025-05-14 03:29:31.946294]: text loss 1.1728 | 61800/ 9841 batches
[2025-05-14 03:31:16.792909]: text loss 1.1824 | 62000/ 9841 batches
[2025-05-14 03:33:01.836165]: text loss 1.1850 | 62200/ 9841 batches
[2025-05-14 03:34:46.806018]: text loss 1.1823 | 62400/ 9841 batches
[2025-05-14 03:36:31.753330]: text loss 1.1769 | 62600/ 9841 batches
[2025-05-14 03:38:16.841077]: text loss 1.1750 | 62800/ 9841 batches
[2025-05-14 03:40:01.588626]: text loss 1.1782 | 63000/ 9841 batches
[2025-05-14 03:41:46.427704]: text loss 1.1779 | 63200/ 9841 batches
[2025-05-14 03:43:30.921331]: text loss 1.1921 | 63400/ 9841 batches
[2025-05-14 03:45:14.334235]: text loss 1.1889 | 63600/ 9841 batches
[2025-05-14 03:46:57.619378]: text loss 1.1833 | 63800/ 9841 batches
[2025-05-14 03:48:40.746919]: text loss 1.1701 | 64000/ 9841 batches
[2025-05-14 03:50:23.916705]: text loss 1.1812 | 64200/ 9841 batches
[2025-05-14 03:52:07.031493]: text loss 1.1780 | 64400/ 9841 batches
[2025-05-14 03:53:50.221868]: text loss 1.1790 | 64600/ 9841 batches
[2025-05-14 03:55:33.289951]: text loss 1.1808 | 64800/ 9841 batches
[2025-05-14 03:57:16.430830]: text loss 1.1909 | 65000/ 9841 batches
[2025-05-14 03:58:59.586961]: text loss 1.1790 | 65200/ 9841 batches
[2025-05-14 04:00:42.735742]: text loss 1.1788 | 65400/ 9841 batches
[2025-05-14 04:02:26.841667]: text loss 1.1803 | 65600/ 9841 batches
[2025-05-14 04:04:11.970325]: text loss 1.1800 | 65800/ 9841 batches
[2025-05-14 04:05:56.980785]: text loss 1.1853 | 66000/ 9841 batches
[2025-05-14 04:07:41.888636]: text loss 1.1771 | 66200/ 9841 batches
[2025-05-14 04:09:26.682336]: text loss 1.1841 | 66400/ 9841 batches
[2025-05-14 04:11:11.275637]: text loss 1.1836 | 66600/ 9841 batches
[2025-05-14 04:12:56.169615]: text loss 1.1738 | 66800/ 9841 batches
[2025-05-14 04:14:41.062699]: text loss 1.1811 | 67000/ 9841 batches
[2025-05-14 04:16:25.881644]: text loss 1.1750 | 67200/ 9841 batches
[2025-05-14 04:18:10.765562]: text loss 1.1872 | 67400/ 9841 batches
[2025-05-14 04:19:55.688681]: text loss 1.1732 | 67600/ 9841 batches
[2025-05-14 04:21:40.585422]: text loss 1.1886 | 67800/ 9841 batches
[2025-05-14 04:23:25.971982]: text loss 1.1774 | 68000/ 9841 batches
[2025-05-14 04:25:11.199514]: text loss 1.1853 | 68200/ 9841 batches
[2025-05-14 04:26:56.338877]: text loss 1.1715 | 68400/ 9841 batches
[2025-05-14 04:28:41.362724]: text loss 1.1805 | 68600/ 9841 batches
[2025-05-14 04:30:26.372865]: text loss 1.1861 | 68800/ 9841 batches
[2025-05-14 04:31:12.044024]: text loss 1.1891 | 68887/ 9841 batches
[2025-05-14 04:31:12.044610]: validation
[2025-05-14 04:31:16.286099]: explanation loss 2.8080
[2025-05-14 04:31:23.955822]: rationale loss 1.3793
[2025-05-14 04:31:39.668581]: sequential loss 2.3568
[2025-05-14 04:33:29.985308]: top-N loss 1.2403
[2025-05-14 04:33:30.424139]: epoch 8
[2025-05-14 04:34:28.669044]: text loss 1.1422 | 69000/ 9841 batches
[2025-05-14 04:36:11.773388]: text loss 1.1565 | 69200/ 9841 batches
[2025-05-14 04:37:54.967542]: text loss 1.1589 | 69400/ 9841 batches
[2025-05-14 04:39:38.691926]: text loss 1.1522 | 69600/ 9841 batches
[2025-05-14 04:41:21.873126]: text loss 1.1671 | 69800/ 9841 batches
[2025-05-14 04:43:05.054636]: text loss 1.1673 | 70000/ 9841 batches
[2025-05-14 04:44:48.252516]: text loss 1.1576 | 70200/ 9841 batches
[2025-05-14 04:46:31.475756]: text loss 1.1636 | 70400/ 9841 batches
[2025-05-14 04:48:14.812449]: text loss 1.1593 | 70600/ 9841 batches
[2025-05-14 04:49:58.310306]: text loss 1.1654 | 70800/ 9841 batches
[2025-05-14 04:51:41.708692]: text loss 1.1758 | 71000/ 9841 batches
[2025-05-14 04:53:24.975396]: text loss 1.1711 | 71200/ 9841 batches
[2025-05-14 04:55:08.216796]: text loss 1.1595 | 71400/ 9841 batches
[2025-05-14 04:56:51.449055]: text loss 1.1676 | 71600/ 9841 batches
[2025-05-14 04:58:34.609056]: text loss 1.1713 | 71800/ 9841 batches
[2025-05-14 05:00:17.523063]: text loss 1.1674 | 72000/ 9841 batches
[2025-05-14 05:02:00.973224]: text loss 1.1723 | 72200/ 9841 batches
[2025-05-14 05:03:45.543176]: text loss 1.1793 | 72400/ 9841 batches
[2025-05-14 05:05:28.575588]: text loss 1.1588 | 72600/ 9841 batches
[2025-05-14 05:07:12.095920]: text loss 1.1651 | 72800/ 9841 batches
[2025-05-14 05:08:56.938843]: text loss 1.1534 | 73000/ 9841 batches
[2025-05-14 05:10:41.905283]: text loss 1.1633 | 73200/ 9841 batches
[2025-05-14 05:12:26.965738]: text loss 1.1663 | 73400/ 9841 batches
[2025-05-14 05:14:11.951805]: text loss 1.1567 | 73600/ 9841 batches
[2025-05-14 05:15:56.929016]: text loss 1.1664 | 73800/ 9841 batches
[2025-05-14 05:17:41.828236]: text loss 1.1678 | 74000/ 9841 batches
[2025-05-14 05:19:26.687836]: text loss 1.1542 | 74200/ 9841 batches
[2025-05-14 05:21:11.549018]: text loss 1.1659 | 74400/ 9841 batches
[2025-05-14 05:22:56.453266]: text loss 1.1599 | 74600/ 9841 batches
[2025-05-14 05:24:41.309061]: text loss 1.1644 | 74800/ 9841 batches
[2025-05-14 05:26:26.106175]: text loss 1.1665 | 75000/ 9841 batches
[2025-05-14 05:28:10.719314]: text loss 1.1641 | 75200/ 9841 batches
[2025-05-14 05:29:55.453891]: text loss 1.1611 | 75400/ 9841 batches
[2025-05-14 05:31:40.230122]: text loss 1.1583 | 75600/ 9841 batches
[2025-05-14 05:33:25.208370]: text loss 1.1739 | 75800/ 9841 batches
[2025-05-14 05:35:10.241464]: text loss 1.1610 | 76000/ 9841 batches
[2025-05-14 05:36:55.425788]: text loss 1.1782 | 76200/ 9841 batches
[2025-05-14 05:38:40.094422]: text loss 1.1713 | 76400/ 9841 batches
[2025-05-14 05:40:24.973710]: text loss 1.1661 | 76600/ 9841 batches
[2025-05-14 05:42:09.868384]: text loss 1.1644 | 76800/ 9841 batches
[2025-05-14 05:43:54.768933]: text loss 1.1713 | 77000/ 9841 batches
[2025-05-14 05:45:39.158752]: text loss 1.1593 | 77200/ 9841 batches
[2025-05-14 05:47:22.258599]: text loss 1.1690 | 77400/ 9841 batches
[2025-05-14 05:49:05.338307]: text loss 1.1777 | 77600/ 9841 batches
[2025-05-14 05:50:48.456255]: text loss 1.1736 | 77800/ 9841 batches
[2025-05-14 05:52:31.594373]: text loss 1.1676 | 78000/ 9841 batches
[2025-05-14 05:54:15.398142]: text loss 1.1569 | 78200/ 9841 batches
[2025-05-14 05:55:59.705830]: text loss 1.1595 | 78400/ 9841 batches
[2025-05-14 05:57:43.054021]: text loss 1.1740 | 78600/ 9841 batches
[2025-05-14 05:58:49.243870]: text loss 1.1691 | 78728/ 9841 batches
[2025-05-14 05:58:49.244404]: validation
[2025-05-14 05:58:53.468661]: explanation loss 2.7124
[2025-05-14 05:59:01.156444]: rationale loss 1.3909
[2025-05-14 05:59:16.940209]: sequential loss 2.3417
[2025-05-14 06:01:07.389394]: top-N loss 1.2324
[2025-05-14 06:01:07.835949]: epoch 9
[2025-05-14 06:01:44.893023]: text loss 1.1346 | 78800/ 9841 batches
[2025-05-14 06:03:28.040541]: text loss 1.1530 | 79000/ 9841 batches
[2025-05-14 06:05:11.027525]: text loss 1.1396 | 79200/ 9841 batches
[2025-05-14 06:06:54.090696]: text loss 1.1475 | 79400/ 9841 batches
[2025-05-14 06:08:39.108350]: text loss 1.1542 | 79600/ 9841 batches
[2025-05-14 06:10:23.961294]: text loss 1.1498 | 79800/ 9841 batches
[2025-05-14 06:12:08.842590]: text loss 1.1502 | 80000/ 9841 batches
[2025-05-14 06:13:53.728977]: text loss 1.1454 | 80200/ 9841 batches
[2025-05-14 06:15:38.558782]: text loss 1.1513 | 80400/ 9841 batches
[2025-05-14 06:17:22.534427]: text loss 1.1465 | 80600/ 9841 batches
[2025-05-14 06:19:05.532705]: text loss 1.1490 | 80800/ 9841 batches
[2025-05-14 06:20:49.531491]: text loss 1.1564 | 81000/ 9841 batches
[2025-05-14 06:22:34.508548]: text loss 1.1458 | 81200/ 9841 batches
[2025-05-14 06:24:19.336408]: text loss 1.1432 | 81400/ 9841 batches
[2025-05-14 06:26:04.121235]: text loss 1.1482 | 81600/ 9841 batches
[2025-05-14 06:27:48.916519]: text loss 1.1494 | 81800/ 9841 batches
[2025-05-14 06:29:33.703736]: text loss 1.1376 | 82000/ 9841 batches
[2025-05-14 06:31:18.615859]: text loss 1.1584 | 82200/ 9841 batches
[2025-05-14 06:33:03.687341]: text loss 1.1486 | 82400/ 9841 batches
[2025-05-14 06:34:48.620386]: text loss 1.1611 | 82600/ 9841 batches
[2025-05-14 06:36:31.920193]: text loss 1.1495 | 82800/ 9841 batches
[2025-05-14 06:38:14.968353]: text loss 1.1598 | 83000/ 9841 batches
[2025-05-14 06:39:59.125941]: text loss 1.1482 | 83200/ 9841 batches
[2025-05-14 06:41:43.895287]: text loss 1.1529 | 83400/ 9841 batches
[2025-05-14 06:43:28.707143]: text loss 1.1561 | 83600/ 9841 batches
[2025-05-14 06:45:13.494879]: text loss 1.1565 | 83800/ 9841 batches
[2025-05-14 06:46:58.244583]: text loss 1.1587 | 84000/ 9841 batches
[2025-05-14 06:48:42.827366]: text loss 1.1456 | 84200/ 9841 batches
[2025-05-14 06:50:27.406830]: text loss 1.1519 | 84400/ 9841 batches
[2025-05-14 06:52:12.173847]: text loss 1.1502 | 84600/ 9841 batches
[2025-05-14 06:53:57.015063]: text loss 1.1448 | 84800/ 9841 batches
[2025-05-14 06:55:42.097064]: text loss 1.1548 | 85000/ 9841 batches
[2025-05-14 06:57:27.071914]: text loss 1.1471 | 85200/ 9841 batches
[2025-05-14 06:59:11.967972]: text loss 1.1471 | 85400/ 9841 batches
[2025-05-14 07:00:56.771046]: text loss 1.1514 | 85600/ 9841 batches
[2025-05-14 07:02:41.494910]: text loss 1.1415 | 85800/ 9841 batches
[2025-05-14 07:04:26.257008]: text loss 1.1628 | 86000/ 9841 batches
[2025-05-14 07:06:10.960930]: text loss 1.1503 | 86200/ 9841 batches
[2025-05-14 07:07:55.727715]: text loss 1.1487 | 86400/ 9841 batches
[2025-05-14 07:09:40.520204]: text loss 1.1529 | 86600/ 9841 batches
[2025-05-14 07:11:25.318461]: text loss 1.1495 | 86800/ 9841 batches
[2025-05-14 07:13:10.094825]: text loss 1.1617 | 87000/ 9841 batches
[2025-05-14 07:14:54.925812]: text loss 1.1546 | 87200/ 9841 batches
[2025-05-14 07:16:39.668294]: text loss 1.1483 | 87400/ 9841 batches
[2025-05-14 07:18:24.374545]: text loss 1.1437 | 87600/ 9841 batches
[2025-05-14 07:20:09.294185]: text loss 1.1444 | 87800/ 9841 batches
[2025-05-14 07:21:54.272934]: text loss 1.1632 | 88000/ 9841 batches
[2025-05-14 07:23:39.258477]: text loss 1.1548 | 88200/ 9841 batches
[2025-05-14 07:25:24.145560]: text loss 1.1562 | 88400/ 9841 batches
[2025-05-14 07:26:52.617470]: text loss 1.1581 | 88569/ 9841 batches
[2025-05-14 07:26:52.618049]: validation
[2025-05-14 07:26:56.847321]: explanation loss 2.6698
[2025-05-14 07:27:04.485037]: rationale loss 1.3885
[2025-05-14 07:27:20.188847]: sequential loss 2.3285
[2025-05-14 07:29:10.521166]: top-N loss 1.2160
[2025-05-14 07:29:10.963172]: epoch 10
[2025-05-14 07:29:26.942482]: text loss 1.1225 | 88600/ 9841 batches
[2025-05-14 07:31:10.005302]: text loss 1.1296 | 88800/ 9841 batches
[2025-05-14 07:32:53.226393]: text loss 1.1351 | 89000/ 9841 batches
[2025-05-14 07:34:36.467371]: text loss 1.1338 | 89200/ 9841 batches
[2025-05-14 07:36:20.516040]: text loss 1.1354 | 89400/ 9841 batches
[2025-05-14 07:38:05.232424]: text loss 1.1253 | 89600/ 9841 batches
[2025-05-14 07:39:49.899559]: text loss 1.1355 | 89800/ 9841 batches
[2025-05-14 07:41:34.445152]: text loss 1.1323 | 90000/ 9841 batches
[2025-05-14 07:43:19.227762]: text loss 1.1359 | 90200/ 9841 batches
[2025-05-14 07:45:03.902688]: text loss 1.1406 | 90400/ 9841 batches
[2025-05-14 07:46:48.437654]: text loss 1.1335 | 90600/ 9841 batches
[2025-05-14 07:48:33.194832]: text loss 1.1340 | 90800/ 9841 batches
[2025-05-14 07:50:17.982244]: text loss 1.1380 | 91000/ 9841 batches
[2025-05-14 07:52:02.796028]: text loss 1.1424 | 91200/ 9841 batches
[2025-05-14 07:53:47.556673]: text loss 1.1288 | 91400/ 9841 batches
[2025-05-14 07:55:32.322475]: text loss 1.1255 | 91600/ 9841 batches
[2025-05-14 07:57:17.025997]: text loss 1.1346 | 91800/ 9841 batches
[2025-05-14 07:59:01.754528]: text loss 1.1399 | 92000/ 9841 batches
[2025-05-14 08:00:46.507070]: text loss 1.1359 | 92200/ 9841 batches
[2025-05-14 08:02:31.200126]: text loss 1.1412 | 92400/ 9841 batches
[2025-05-14 08:04:15.927708]: text loss 1.1483 | 92600/ 9841 batches
[2025-05-14 08:06:00.662783]: text loss 1.1364 | 92800/ 9841 batches
[2025-05-14 08:07:45.368605]: text loss 1.1366 | 93000/ 9841 batches
[2025-05-14 08:09:30.145192]: text loss 1.1509 | 93200/ 9841 batches
[2025-05-14 08:11:14.862071]: text loss 1.1366 | 93400/ 9841 batches
[2025-05-14 08:12:59.474669]: text loss 1.1397 | 93600/ 9841 batches
[2025-05-14 08:14:44.422429]: text loss 1.1398 | 93800/ 9841 batches
[2025-05-14 08:16:29.239343]: text loss 1.1362 | 94000/ 9841 batches
[2025-05-14 08:18:14.013208]: text loss 1.1353 | 94200/ 9841 batches
[2025-05-14 08:19:58.788405]: text loss 1.1336 | 94400/ 9841 batches
[2025-05-14 08:21:43.350109]: text loss 1.1442 | 94600/ 9841 batches
[2025-05-14 08:23:28.182672]: text loss 1.1433 | 94800/ 9841 batches
[2025-05-14 08:25:13.005329]: text loss 1.1326 | 95000/ 9841 batches
[2025-05-14 08:26:57.767016]: text loss 1.1377 | 95200/ 9841 batches
[2025-05-14 08:28:42.506671]: text loss 1.1383 | 95400/ 9841 batches
[2025-05-14 08:30:27.287774]: text loss 1.1390 | 95600/ 9841 batches
[2025-05-14 08:32:12.075663]: text loss 1.1259 | 95800/ 9841 batches
[2025-05-14 08:33:56.802961]: text loss 1.1354 | 96000/ 9841 batches
[2025-05-14 08:35:41.560802]: text loss 1.1313 | 96200/ 9841 batches
[2025-05-14 08:37:26.406701]: text loss 1.1431 | 96400/ 9841 batches
[2025-05-14 08:39:11.326886]: text loss 1.1480 | 96600/ 9841 batches
[2025-05-14 08:40:56.091629]: text loss 1.1484 | 96800/ 9841 batches
[2025-05-14 08:42:41.348795]: text loss 1.1327 | 97000/ 9841 batches
[2025-05-14 08:44:26.343409]: text loss 1.1319 | 97200/ 9841 batches
[2025-05-14 08:46:11.266101]: text loss 1.1462 | 97400/ 9841 batches
[2025-05-14 08:47:55.983875]: text loss 1.1346 | 97600/ 9841 batches
[2025-05-14 08:49:39.730208]: text loss 1.1428 | 97800/ 9841 batches
[2025-05-14 08:51:22.994796]: text loss 1.1418 | 98000/ 9841 batches
[2025-05-14 08:53:06.807099]: text loss 1.1423 | 98200/ 9841 batches
[2025-05-14 08:54:51.500493]: text loss 1.1371 | 98400/ 9841 batches
[2025-05-14 08:54:56.733169]: text loss 1.1799 | 98410/ 9841 batches
[2025-05-14 08:54:56.733724]: validation
[2025-05-14 08:55:00.969465]: explanation loss 2.7562
[2025-05-14 08:55:08.630567]: rationale loss 1.3802
[2025-05-14 08:55:24.331243]: sequential loss 2.3292
[2025-05-14 08:57:14.230168]: top-N loss 1.2089
[2025-05-14 08:57:14.230258]: Endured 2 time(s)
[2025-05-14 08:57:14.230287]: epoch 11
[2025-05-14 08:58:53.825122]: text loss 1.1110 | 98600/ 9841 batches
[2025-05-14 09:00:38.926526]: text loss 1.1183 | 98800/ 9841 batches
[2025-05-14 09:02:23.639448]: text loss 1.1216 | 99000/ 9841 batches
[2025-05-14 09:04:08.425475]: text loss 1.1217 | 99200/ 9841 batches
[2025-05-14 09:05:53.543775]: text loss 1.1204 | 99400/ 9841 batches
[2025-05-14 09:07:38.598130]: text loss 1.1223 | 99600/ 9841 batches
[2025-05-14 09:09:23.325803]: text loss 1.1150 | 99800/ 9841 batches
[2025-05-14 09:11:07.973014]: text loss 1.1208 | 100000/ 9841 batches
[2025-05-14 09:12:52.388141]: text loss 1.1228 | 100200/ 9841 batches
[2025-05-14 09:14:36.892203]: text loss 1.1285 | 100400/ 9841 batches
[2025-05-14 09:16:21.681042]: text loss 1.1174 | 100600/ 9841 batches
[2025-05-14 09:18:06.215715]: text loss 1.1257 | 100800/ 9841 batches
[2025-05-14 09:19:50.401357]: text loss 1.1300 | 101000/ 9841 batches
[2025-05-14 09:21:33.389178]: text loss 1.1206 | 101200/ 9841 batches
[2025-05-14 09:23:16.447490]: text loss 1.1236 | 101400/ 9841 batches
[2025-05-14 09:24:59.535991]: text loss 1.1356 | 101600/ 9841 batches
[2025-05-14 09:26:42.582807]: text loss 1.1293 | 101800/ 9841 batches
[2025-05-14 09:28:25.560774]: text loss 1.1238 | 102000/ 9841 batches
[2025-05-14 09:30:08.540376]: text loss 1.1257 | 102200/ 9841 batches
[2025-05-14 09:31:51.752198]: text loss 1.1230 | 102400/ 9841 batches
[2025-05-14 09:33:35.007583]: text loss 1.1311 | 102600/ 9841 batches
[2025-05-14 09:35:18.184732]: text loss 1.1171 | 102800/ 9841 batches
[2025-05-14 09:37:02.790716]: text loss 1.1175 | 103000/ 9841 batches
[2025-05-14 09:38:47.512888]: text loss 1.1215 | 103200/ 9841 batches
[2025-05-14 09:40:32.151196]: text loss 1.1195 | 103400/ 9841 batches
[2025-05-14 09:42:16.877633]: text loss 1.1288 | 103600/ 9841 batches
[2025-05-14 09:44:01.759301]: text loss 1.1294 | 103800/ 9841 batches
[2025-05-14 09:45:46.428425]: text loss 1.1186 | 104000/ 9841 batches
[2025-05-14 09:47:30.700806]: text loss 1.1271 | 104200/ 9841 batches
[2025-05-14 09:49:15.494206]: text loss 1.1261 | 104400/ 9841 batches
[2025-05-14 09:51:00.289817]: text loss 1.1350 | 104600/ 9841 batches
[2025-05-14 09:52:45.051933]: text loss 1.1169 | 104800/ 9841 batches
[2025-05-14 09:54:29.841116]: text loss 1.1290 | 105000/ 9841 batches
[2025-05-14 09:56:14.598774]: text loss 1.1314 | 105200/ 9841 batches
[2025-05-14 09:57:59.248972]: text loss 1.1228 | 105400/ 9841 batches
[2025-05-14 09:59:43.941845]: text loss 1.1294 | 105600/ 9841 batches
[2025-05-14 10:01:28.714854]: text loss 1.1212 | 105800/ 9841 batches
[2025-05-14 10:03:13.438182]: text loss 1.1267 | 106000/ 9841 batches
[2025-05-14 10:04:58.198177]: text loss 1.1307 | 106200/ 9841 batches
[2025-05-14 10:06:43.042878]: text loss 1.1289 | 106400/ 9841 batches
[2025-05-14 10:08:27.824821]: text loss 1.1292 | 106600/ 9841 batches
[2025-05-14 10:10:12.615332]: text loss 1.1255 | 106800/ 9841 batches
[2025-05-14 10:11:57.467769]: text loss 1.1214 | 107000/ 9841 batches
[2025-05-14 10:13:41.130309]: text loss 1.1232 | 107200/ 9841 batches
[2025-05-14 10:15:24.349992]: text loss 1.1279 | 107400/ 9841 batches
[2025-05-14 10:17:07.450514]: text loss 1.1307 | 107600/ 9841 batches
[2025-05-14 10:18:50.558214]: text loss 1.1280 | 107800/ 9841 batches
[2025-05-14 10:20:33.643335]: text loss 1.1217 | 108000/ 9841 batches
[2025-05-14 10:22:16.836793]: text loss 1.1314 | 108200/ 9841 batches
[2025-05-14 10:22:43.137290]: text loss 1.1106 | 108251/ 9841 batches
[2025-05-14 10:22:43.137784]: validation
[2025-05-14 10:22:47.362202]: explanation loss 2.6760
[2025-05-14 10:22:55.031141]: rationale loss 1.3814
[2025-05-14 10:23:10.695802]: sequential loss 2.3309
[2025-05-14 10:25:00.945983]: top-N loss 1.1929
[2025-05-14 10:25:01.398858]: epoch 12
[2025-05-14 10:26:19.540855]: text loss 1.1064 | 108400/ 9841 batches
[2025-05-14 10:28:04.381659]: text loss 1.0996 | 108600/ 9841 batches
[2025-05-14 10:29:49.305558]: text loss 1.0968 | 108800/ 9841 batches
[2025-05-14 10:31:34.169601]: text loss 1.1063 | 109000/ 9841 batches
[2025-05-14 10:33:19.056831]: text loss 1.1134 | 109200/ 9841 batches
[2025-05-14 10:35:03.895729]: text loss 1.1099 | 109400/ 9841 batches
[2025-05-14 10:36:48.815882]: text loss 1.1081 | 109600/ 9841 batches
[2025-05-14 10:38:33.701626]: text loss 1.1151 | 109800/ 9841 batches
[2025-05-14 10:40:18.574520]: text loss 1.1035 | 110000/ 9841 batches
[2025-05-14 10:42:03.464371]: text loss 1.1056 | 110200/ 9841 batches
[2025-05-14 10:43:48.430545]: text loss 1.1068 | 110400/ 9841 batches
[2025-05-14 10:45:33.570843]: text loss 1.1018 | 110600/ 9841 batches
[2025-05-14 10:47:18.652736]: text loss 1.1120 | 110800/ 9841 batches
[2025-05-14 10:49:03.559082]: text loss 1.1145 | 111000/ 9841 batches
[2025-05-14 10:50:48.494461]: text loss 1.1127 | 111200/ 9841 batches
[2025-05-14 10:52:33.379227]: text loss 1.1074 | 111400/ 9841 batches
[2025-05-14 10:54:18.265895]: text loss 1.1138 | 111600/ 9841 batches
[2025-05-14 10:56:03.165793]: text loss 1.1051 | 111800/ 9841 batches
[2025-05-14 10:57:48.062739]: text loss 1.1160 | 112000/ 9841 batches
[2025-05-14 10:59:32.981520]: text loss 1.1209 | 112200/ 9841 batches
[2025-05-14 11:01:17.853846]: text loss 1.1131 | 112400/ 9841 batches
[2025-05-14 11:03:02.731061]: text loss 1.1055 | 112600/ 9841 batches
[2025-05-14 11:04:47.599615]: text loss 1.1090 | 112800/ 9841 batches
[2025-05-14 11:06:32.460006]: text loss 1.1123 | 113000/ 9841 batches
[2025-05-14 11:08:16.819597]: text loss 1.1160 | 113200/ 9841 batches
[2025-05-14 11:10:00.115829]: text loss 1.1071 | 113400/ 9841 batches
[2025-05-14 11:11:43.489825]: text loss 1.1096 | 113600/ 9841 batches
[2025-05-14 11:13:26.950526]: text loss 1.1198 | 113800/ 9841 batches
[2025-05-14 11:15:10.438357]: text loss 1.1126 | 114000/ 9841 batches
[2025-05-14 11:16:53.823148]: text loss 1.1022 | 114200/ 9841 batches
[2025-05-14 11:18:37.265512]: text loss 1.1199 | 114400/ 9841 batches
[2025-05-14 11:20:20.781098]: text loss 1.1159 | 114600/ 9841 batches
[2025-05-14 11:22:04.169528]: text loss 1.1082 | 114800/ 9841 batches
[2025-05-14 11:23:49.180800]: text loss 1.1074 | 115000/ 9841 batches
[2025-05-14 11:25:34.503492]: text loss 1.1234 | 115200/ 9841 batches
[2025-05-14 11:27:19.503373]: text loss 1.1217 | 115400/ 9841 batches
[2025-05-14 11:29:04.444556]: text loss 1.1146 | 115600/ 9841 batches
[2025-05-14 11:30:49.396387]: text loss 1.1205 | 115800/ 9841 batches
[2025-05-14 11:32:34.275216]: text loss 1.1100 | 116000/ 9841 batches
[2025-05-14 11:34:19.112915]: text loss 1.1077 | 116200/ 9841 batches
[2025-05-14 11:36:04.057443]: text loss 1.1036 | 116400/ 9841 batches
[2025-05-14 11:37:49.008890]: text loss 1.1159 | 116600/ 9841 batches
[2025-05-14 11:39:34.033212]: text loss 1.1197 | 116800/ 9841 batches
[2025-05-14 11:41:18.947984]: text loss 1.1092 | 117000/ 9841 batches
[2025-05-14 11:43:03.839465]: text loss 1.1218 | 117200/ 9841 batches
[2025-05-14 11:44:48.739938]: text loss 1.1178 | 117400/ 9841 batches
[2025-05-14 11:46:33.640529]: text loss 1.1167 | 117600/ 9841 batches
[2025-05-14 11:48:18.586532]: text loss 1.1215 | 117800/ 9841 batches
[2025-05-14 11:50:03.505811]: text loss 1.1101 | 118000/ 9841 batches
[2025-05-14 11:50:51.733110]: text loss 1.1206 | 118092/ 9841 batches
[2025-05-14 11:50:51.733721]: validation
[2025-05-14 11:50:55.977815]: explanation loss 2.5898
[2025-05-14 11:51:03.652568]: rationale loss 1.3741
[2025-05-14 11:51:19.384483]: sequential loss 2.3513
[2025-05-14 11:53:09.456532]: top-N loss 1.1877
[2025-05-14 11:53:09.883023]: epoch 13
[2025-05-14 11:54:05.518646]: text loss 1.0823 | 118200/ 9841 batches
[2025-05-14 11:55:48.743393]: text loss 1.0864 | 118400/ 9841 batches
[2025-05-14 11:57:31.938560]: text loss 1.0909 | 118600/ 9841 batches
[2025-05-14 11:59:15.159073]: text loss 1.0852 | 118800/ 9841 batches
[2025-05-14 12:01:00.034991]: text loss 1.0923 | 119000/ 9841 batches
[2025-05-14 12:02:43.299798]: text loss 1.0962 | 119200/ 9841 batches
[2025-05-14 12:04:26.516687]: text loss 1.1065 | 119400/ 9841 batches
[2025-05-14 12:06:09.716599]: text loss 1.0972 | 119600/ 9841 batches
[2025-05-14 12:07:52.859030]: text loss 1.0959 | 119800/ 9841 batches
[2025-05-14 12:09:36.027826]: text loss 1.0951 | 120000/ 9841 batches
[2025-05-14 12:11:19.226669]: text loss 1.0936 | 120200/ 9841 batches
[2025-05-14 12:13:02.368624]: text loss 1.1050 | 120400/ 9841 batches
[2025-05-14 12:14:46.706170]: text loss 1.1135 | 120600/ 9841 batches
[2025-05-14 12:16:31.628370]: text loss 1.1005 | 120800/ 9841 batches
[2025-05-14 12:18:15.587545]: text loss 1.0991 | 121000/ 9841 batches
[2025-05-14 12:19:58.795407]: text loss 1.0992 | 121200/ 9841 batches
[2025-05-14 12:21:42.037614]: text loss 1.1015 | 121400/ 9841 batches
[2025-05-14 12:23:25.230020]: text loss 1.0971 | 121600/ 9841 batches
[2025-05-14 12:25:08.481409]: text loss 1.1025 | 121800/ 9841 batches
[2025-05-14 12:26:51.694430]: text loss 1.1008 | 122000/ 9841 batches
[2025-05-14 12:28:34.808795]: text loss 1.1088 | 122200/ 9841 batches
[2025-05-14 12:30:18.985696]: text loss 1.1014 | 122400/ 9841 batches
[2025-05-14 12:32:03.667679]: text loss 1.0954 | 122600/ 9841 batches
[2025-05-14 12:33:48.580179]: text loss 1.1035 | 122800/ 9841 batches
[2025-05-14 12:35:33.410810]: text loss 1.1009 | 123000/ 9841 batches
[2025-05-14 12:37:18.160744]: text loss 1.0927 | 123200/ 9841 batches
[2025-05-14 12:39:03.126106]: text loss 1.1020 | 123400/ 9841 batches
[2025-05-14 12:40:48.037615]: text loss 1.0967 | 123600/ 9841 batches
[2025-05-14 12:42:32.913128]: text loss 1.0971 | 123800/ 9841 batches
[2025-05-14 12:44:17.867759]: text loss 1.0913 | 124000/ 9841 batches
[2025-05-14 12:46:02.839370]: text loss 1.1049 | 124200/ 9841 batches
[2025-05-14 12:47:47.804986]: text loss 1.1046 | 124400/ 9841 batches
[2025-05-14 12:49:32.703998]: text loss 1.0946 | 124600/ 9841 batches
[2025-05-14 12:51:17.887932]: text loss 1.1008 | 124800/ 9841 batches
[2025-05-14 12:53:03.075313]: text loss 1.0917 | 125000/ 9841 batches
[2025-05-14 12:54:48.191530]: text loss 1.1022 | 125200/ 9841 batches
[2025-05-14 12:56:33.045942]: text loss 1.0973 | 125400/ 9841 batches
[2025-05-14 12:58:18.291831]: text loss 1.1053 | 125600/ 9841 batches
[2025-05-14 13:00:03.456295]: text loss 1.0980 | 125800/ 9841 batches
[2025-05-14 13:01:48.604165]: text loss 1.1015 | 126000/ 9841 batches
[2025-05-14 13:03:33.535890]: text loss 1.0946 | 126200/ 9841 batches
[2025-05-14 13:05:18.780848]: text loss 1.0976 | 126400/ 9841 batches
[2025-05-14 13:07:03.647174]: text loss 1.1002 | 126600/ 9841 batches
[2025-05-14 13:08:48.595433]: text loss 1.1085 | 126800/ 9841 batches
[2025-05-14 13:10:33.486194]: text loss 1.1040 | 127000/ 9841 batches
[2025-05-14 13:12:18.316366]: text loss 1.0996 | 127200/ 9841 batches
[2025-05-14 13:14:03.197494]: text loss 1.1026 | 127400/ 9841 batches
[2025-05-14 13:15:46.664796]: text loss 1.1077 | 127600/ 9841 batches
[2025-05-14 13:17:30.212775]: text loss 1.1052 | 127800/ 9841 batches
[2025-05-14 13:18:38.612697]: text loss 1.0962 | 127933/ 9841 batches
[2025-05-14 13:18:38.613227]: validation
[2025-05-14 13:18:42.830157]: explanation loss 2.7416
[2025-05-14 13:18:50.478945]: rationale loss 1.3790
[2025-05-14 13:19:06.169912]: sequential loss 2.3860
[2025-05-14 13:20:56.295588]: top-N loss 1.1841
[2025-05-14 13:20:56.295671]: Endured 3 time(s)
[2025-05-14 13:20:56.295697]: epoch 14
[2025-05-14 13:21:30.767105]: text loss 1.0756 | 128000/ 9841 batches
[2025-05-14 13:23:13.672989]: text loss 1.0744 | 128200/ 9841 batches
[2025-05-14 13:24:56.719962]: text loss 1.0746 | 128400/ 9841 batches
[2025-05-14 13:26:39.881796]: text loss 1.0836 | 128600/ 9841 batches
[2025-05-14 13:28:22.996328]: text loss 1.0794 | 128800/ 9841 batches
[2025-05-14 13:30:06.109442]: text loss 1.0852 | 129000/ 9841 batches
[2025-05-14 13:31:49.262451]: text loss 1.0845 | 129200/ 9841 batches
[2025-05-14 13:33:32.419187]: text loss 1.0774 | 129400/ 9841 batches
[2025-05-14 13:35:15.540542]: text loss 1.0818 | 129600/ 9841 batches
[2025-05-14 13:36:58.696694]: text loss 1.0800 | 129800/ 9841 batches
[2025-05-14 13:38:42.231604]: text loss 1.0823 | 130000/ 9841 batches
[2025-05-14 13:40:27.125548]: text loss 1.0819 | 130200/ 9841 batches
[2025-05-14 13:42:11.925126]: text loss 1.0808 | 130400/ 9841 batches
[2025-05-14 13:43:55.797116]: text loss 1.0773 | 130600/ 9841 batches
[2025-05-14 13:45:40.807773]: text loss 1.0821 | 130800/ 9841 batches
[2025-05-14 13:47:25.745360]: text loss 1.0839 | 131000/ 9841 batches
[2025-05-14 13:49:10.647736]: text loss 1.0882 | 131200/ 9841 batches
[2025-05-14 13:50:55.604222]: text loss 1.0756 | 131400/ 9841 batches
[2025-05-14 13:52:40.533632]: text loss 1.0856 | 131600/ 9841 batches
[2025-05-14 13:54:24.567652]: text loss 1.0847 | 131800/ 9841 batches
[2025-05-14 13:56:07.784110]: text loss 1.0882 | 132000/ 9841 batches
[2025-05-14 13:57:51.007252]: text loss 1.0897 | 132200/ 9841 batches
[2025-05-14 13:59:34.200880]: text loss 1.0913 | 132400/ 9841 batches
[2025-05-14 14:01:17.602936]: text loss 1.0972 | 132600/ 9841 batches
[2025-05-14 14:03:00.946184]: text loss 1.0902 | 132800/ 9841 batches
[2025-05-14 14:04:44.562486]: text loss 1.0858 | 133000/ 9841 batches
[2025-05-14 14:06:29.485499]: text loss 1.0838 | 133200/ 9841 batches
[2025-05-14 14:08:14.385127]: text loss 1.0932 | 133400/ 9841 batches
[2025-05-14 14:09:59.442348]: text loss 1.0829 | 133600/ 9841 batches
[2025-05-14 14:11:44.466495]: text loss 1.0885 | 133800/ 9841 batches
[2025-05-14 14:13:29.429957]: text loss 1.0911 | 134000/ 9841 batches
[2025-05-14 14:15:13.996291]: text loss 1.0867 | 134200/ 9841 batches
[2025-05-14 14:16:57.345355]: text loss 1.1015 | 134400/ 9841 batches
[2025-05-14 14:18:40.668399]: text loss 1.0845 | 134600/ 9841 batches
[2025-05-14 14:20:25.515383]: text loss 1.0959 | 134800/ 9841 batches
[2025-05-14 14:22:09.562222]: text loss 1.0886 | 135000/ 9841 batches
[2025-05-14 14:23:53.531463]: text loss 1.0815 | 135200/ 9841 batches
[2025-05-14 14:25:38.673348]: text loss 1.0979 | 135400/ 9841 batches
[2025-05-14 14:27:23.945648]: text loss 1.0936 | 135600/ 9841 batches
[2025-05-14 14:29:08.698277]: text loss 1.0939 | 135800/ 9841 batches
[2025-05-14 14:30:53.852083]: text loss 1.0954 | 136000/ 9841 batches
[2025-05-14 14:32:38.970964]: text loss 1.0844 | 136200/ 9841 batches
[2025-05-14 14:34:24.039383]: text loss 1.0952 | 136400/ 9841 batches
[2025-05-14 14:36:09.103612]: text loss 1.0914 | 136600/ 9841 batches
[2025-05-14 14:37:54.439328]: text loss 1.0860 | 136800/ 9841 batches
[2025-05-14 14:39:39.468227]: text loss 1.0847 | 137000/ 9841 batches
[2025-05-14 14:41:24.562138]: text loss 1.1035 | 137200/ 9841 batches
[2025-05-14 14:43:09.668327]: text loss 1.0929 | 137400/ 9841 batches
[2025-05-14 14:44:55.008313]: text loss 1.0922 | 137600/ 9841 batches
[2025-05-14 14:46:26.497377]: text loss 1.0820 | 137774/ 9841 batches
[2025-05-14 14:46:26.497965]: validation
[2025-05-14 14:46:30.743878]: explanation loss 2.6965
[2025-05-14 14:46:38.422612]: rationale loss 1.3809
[2025-05-14 14:46:54.127533]: sequential loss 2.4169
[2025-05-14 14:48:44.567688]: top-N loss 1.1778
[2025-05-14 14:48:44.567774]: Endured 4 time(s)
[2025-05-14 14:48:44.567799]: epoch 15
[2025-05-14 14:48:58.017039]: text loss 1.0621 | 137800/ 9841 batches
[2025-05-14 14:50:41.146014]: text loss 1.0559 | 138000/ 9841 batches
[2025-05-14 14:52:24.573263]: text loss 1.0691 | 138200/ 9841 batches
[2025-05-14 14:54:08.065816]: text loss 1.0627 | 138400/ 9841 batches
[2025-05-14 14:55:52.659163]: text loss 1.0619 | 138600/ 9841 batches
[2025-05-14 14:57:37.769600]: text loss 1.0649 | 138800/ 9841 batches
[2025-05-14 14:59:22.971164]: text loss 1.0639 | 139000/ 9841 batches
[2025-05-14 15:01:08.161691]: text loss 1.0783 | 139200/ 9841 batches
[2025-05-14 15:02:53.289631]: text loss 1.0661 | 139400/ 9841 batches
[2025-05-14 15:04:38.449998]: text loss 1.0660 | 139600/ 9841 batches
[2025-05-14 15:06:23.640123]: text loss 1.0677 | 139800/ 9841 batches
[2025-05-14 15:08:08.827873]: text loss 1.0779 | 140000/ 9841 batches
[2025-05-14 15:09:54.046551]: text loss 1.0687 | 140200/ 9841 batches
[2025-05-14 15:11:39.231899]: text loss 1.0703 | 140400/ 9841 batches
[2025-05-14 15:13:24.496282]: text loss 1.0726 | 140600/ 9841 batches
[2025-05-14 15:15:09.625430]: text loss 1.0702 | 140800/ 9841 batches
[2025-05-14 15:16:54.827782]: text loss 1.0811 | 141000/ 9841 batches
[2025-05-14 15:18:40.008182]: text loss 1.0742 | 141200/ 9841 batches
[2025-05-14 15:20:25.143607]: text loss 1.0818 | 141400/ 9841 batches
[2025-05-14 15:22:10.373680]: text loss 1.0701 | 141600/ 9841 batches
[2025-05-14 15:23:55.586012]: text loss 1.0658 | 141800/ 9841 batches
[2025-05-14 15:25:40.755963]: text loss 1.0785 | 142000/ 9841 batches
[2025-05-14 15:27:25.953816]: text loss 1.0730 | 142200/ 9841 batches
[2025-05-14 15:29:11.202932]: text loss 1.0830 | 142400/ 9841 batches
[2025-05-14 15:30:56.352090]: text loss 1.0649 | 142600/ 9841 batches
[2025-05-14 15:32:40.874207]: text loss 1.0765 | 142800/ 9841 batches
[2025-05-14 15:34:26.148615]: text loss 1.0700 | 143000/ 9841 batches
[2025-05-14 15:36:11.397344]: text loss 1.0758 | 143200/ 9841 batches
[2025-05-14 15:37:56.677201]: text loss 1.0726 | 143400/ 9841 batches
[2025-05-14 15:39:41.943053]: text loss 1.0825 | 143600/ 9841 batches
[2025-05-14 15:41:27.110051]: text loss 1.0686 | 143800/ 9841 batches
[2025-05-14 15:43:12.408190]: text loss 1.0785 | 144000/ 9841 batches
[2025-05-14 15:44:57.565854]: text loss 1.0911 | 144200/ 9841 batches
[2025-05-14 15:46:42.708000]: text loss 1.0763 | 144400/ 9841 batches
[2025-05-14 15:48:27.911833]: text loss 1.0731 | 144600/ 9841 batches
[2025-05-14 15:50:13.043926]: text loss 1.0798 | 144800/ 9841 batches
[2025-05-14 15:51:58.426898]: text loss 1.0718 | 145000/ 9841 batches
[2025-05-14 15:53:42.715759]: text loss 1.0766 | 145200/ 9841 batches
[2025-05-14 15:55:27.629718]: text loss 1.0793 | 145400/ 9841 batches
[2025-05-14 15:57:12.563627]: text loss 1.0791 | 145600/ 9841 batches
[2025-05-14 15:58:57.625700]: text loss 1.0758 | 145800/ 9841 batches
[2025-05-14 16:00:41.260633]: text loss 1.0808 | 146000/ 9841 batches
[2025-05-14 16:02:24.739369]: text loss 1.0702 | 146200/ 9841 batches
[2025-05-14 16:04:09.915177]: text loss 1.0751 | 146400/ 9841 batches
[2025-05-14 16:05:55.993110]: text loss 1.0790 | 146600/ 9841 batches
[2025-05-14 16:07:41.178967]: text loss 1.0837 | 146800/ 9841 batches
[2025-05-14 16:09:25.172366]: text loss 1.0796 | 147000/ 9841 batches
[2025-05-14 16:11:10.568380]: text loss 1.0959 | 147200/ 9841 batches
[2025-05-14 16:12:55.748574]: text loss 1.0781 | 147400/ 9841 batches
[2025-05-14 16:14:40.832517]: text loss 1.0754 | 147600/ 9841 batches
[2025-05-14 16:14:48.725129]: text loss 1.0592 | 147615/ 9841 batches
[2025-05-14 16:14:48.725808]: validation
[2025-05-14 16:14:52.983698]: explanation loss 2.7452
[2025-05-14 16:15:00.675291]: rationale loss 1.3850
[2025-05-14 16:15:16.417433]: sequential loss 2.4317
[2025-05-14 16:17:06.425968]: top-N loss 1.1718
[2025-05-14 16:17:06.426055]: Endured 5 time(s)
[2025-05-14 16:17:06.426086]: Cannot endure it anymore | Exiting from early stop
