nohup: ignoring input
/home/zhongyikun/anaconda3/envs/RDRec/lib/python3.12/site-packages/transformers/utils/generic.py:441: FutureWarning: `torch.utils._pytree._register_pytree_node` is deprecated. Please use `torch.utils._pytree.register_pytree_node` instead.
  _torch_pytree._register_pytree_node(
/home/zhongyikun/anaconda3/envs/RDRec/lib/python3.12/site-packages/transformers/utils/generic.py:309: FutureWarning: `torch.utils._pytree._register_pytree_node` is deprecated. Please use `torch.utils._pytree.register_pytree_node` instead.
  _torch_pytree._register_pytree_node(
/home/zhongyikun/anaconda3/envs/RDRec/lib/python3.12/site-packages/transformers/utils/generic.py:309: FutureWarning: `torch.utils._pytree._register_pytree_node` is deprecated. Please use `torch.utils._pytree.register_pytree_node` instead.
  _torch_pytree._register_pytree_node(
/home/zhongyikun/anaconda3/envs/RDRec/lib/python3.12/site-packages/huggingface_hub/file_download.py:896: FutureWarning: `resume_download` is deprecated and will be removed in version 1.0.0. Downloads always resume when possible. If you want to force a new download, use `force_download=True`.
  warnings.warn(
You are using the default legacy behaviour of the <class 'transformers.models.t5.tokenization_t5.T5Tokenizer'>. This is expected, and simply means that the `legacy` (previous) behavior will be used so nothing changes for you. If you want to use the new behaviour, set `legacy=False`. This should only be set if you understand what it means, and thouroughly read the reason why this was added as explained in https://github.com/huggingface/transformers/pull/24565
Special tokens have been added in the vocabulary, make sure the associated word embeddings are fine-tuned or trained.
Some weights of Solomon were not initialized from the model checkpoint at t5-small and are newly initialized: ['conv1d.weight']
You should probably TRAIN this model on a down-stream task to be able to use it for predictions and inference.
----------------------------------------ARGUMENTS----------------------------------------
data_dir                                 ./data/sports/
model_version                            0
task_num                                 5
prompt_num                               3
lr                                       0.0005
ratio                                    1:1:1:3
epochs                                   100
batch_size                               64
cuda                                     True
log_interval                             200
checkpoint                               ./checkpoint_0520_max/sports_1113/
endure_times                             5
exp_len                                  20
negative_num                             99
----------------------------------------ARGUMENTS----------------------------------------
[2025-05-20 16:36:21.561434]: Loading data
[2025-05-20 16:36:38.219424]: Start training
[2025-05-20 16:36:38.219490]: epoch 1
[2025-05-20 16:38:20.493174]: text loss 1.3391 |   200/15745 batches
[2025-05-20 16:40:01.754718]: text loss 1.0828 |   400/15745 batches
[2025-05-20 16:41:42.826811]: text loss 1.0960 |   600/15745 batches
[2025-05-20 16:43:24.319792]: text loss 1.0289 |   800/15745 batches
[2025-05-20 16:45:05.822619]: text loss 1.0481 |  1000/15745 batches
[2025-05-20 16:46:47.475035]: text loss 1.0140 |  1200/15745 batches
[2025-05-20 16:48:29.468560]: text loss 1.0530 |  1400/15745 batches
[2025-05-20 16:50:10.941471]: text loss 1.0065 |  1600/15745 batches
[2025-05-20 16:51:52.613345]: text loss 1.0045 |  1800/15745 batches
[2025-05-20 16:53:34.570574]: text loss 1.0392 |  2000/15745 batches
[2025-05-20 16:55:16.204382]: text loss 1.0102 |  2200/15745 batches
[2025-05-20 16:56:58.008452]: text loss 1.0231 |  2400/15745 batches
[2025-05-20 16:58:39.650262]: text loss 0.9953 |  2600/15745 batches
[2025-05-20 17:00:21.129360]: text loss 0.9869 |  2800/15745 batches
[2025-05-20 17:02:02.727782]: text loss 1.0056 |  3000/15745 batches
[2025-05-20 17:03:44.602749]: text loss 1.0183 |  3200/15745 batches
[2025-05-20 17:05:26.302958]: text loss 0.9921 |  3400/15745 batches
[2025-05-20 17:07:08.152177]: text loss 0.9849 |  3600/15745 batches
[2025-05-20 17:08:49.485585]: text loss 1.0088 |  3800/15745 batches
[2025-05-20 17:10:31.055965]: text loss 0.9783 |  4000/15745 batches
[2025-05-20 17:12:13.102633]: text loss 0.9909 |  4200/15745 batches
[2025-05-20 17:13:54.886975]: text loss 0.9924 |  4400/15745 batches
[2025-05-20 17:15:36.805519]: text loss 0.9851 |  4600/15745 batches
[2025-05-20 17:17:18.726491]: text loss 0.9968 |  4800/15745 batches
[2025-05-20 17:19:00.619209]: text loss 0.9731 |  5000/15745 batches
[2025-05-20 17:20:42.186196]: text loss 0.9571 |  5200/15745 batches
[2025-05-20 17:22:24.181084]: text loss 0.9663 |  5400/15745 batches
[2025-05-20 17:24:05.874951]: text loss 0.9905 |  5600/15745 batches
[2025-05-20 17:25:47.699212]: text loss 0.9692 |  5800/15745 batches
[2025-05-20 17:27:29.378097]: text loss 0.9887 |  6000/15745 batches
[2025-05-20 17:29:10.945523]: text loss 0.9692 |  6200/15745 batches
[2025-05-20 17:30:52.562090]: text loss 0.9602 |  6400/15745 batches
[2025-05-20 17:32:34.131206]: text loss 0.9424 |  6600/15745 batches
[2025-05-20 17:34:16.240737]: text loss 0.9545 |  6800/15745 batches
[2025-05-20 17:35:57.832865]: text loss 0.9891 |  7000/15745 batches
[2025-05-20 17:37:39.640339]: text loss 0.9612 |  7200/15745 batches
[2025-05-20 17:39:21.555795]: text loss 0.9581 |  7400/15745 batches
[2025-05-20 17:41:03.658405]: text loss 0.9634 |  7600/15745 batches
[2025-05-20 17:42:45.740716]: text loss 0.9649 |  7800/15745 batches
[2025-05-20 17:44:27.576658]: text loss 0.9670 |  8000/15745 batches
[2025-05-20 17:46:09.152327]: text loss 0.9750 |  8200/15745 batches
[2025-05-20 17:47:50.609630]: text loss 0.9386 |  8400/15745 batches
[2025-05-20 17:49:32.544121]: text loss 0.9629 |  8600/15745 batches
[2025-05-20 17:51:14.188701]: text loss 0.9659 |  8800/15745 batches
[2025-05-20 17:52:56.041122]: text loss 0.9464 |  9000/15745 batches
[2025-05-20 17:54:37.933598]: text loss 0.9570 |  9200/15745 batches
[2025-05-20 17:56:19.296977]: text loss 0.9457 |  9400/15745 batches
[2025-05-20 17:58:01.041387]: text loss 0.9566 |  9600/15745 batches
[2025-05-20 17:59:42.673619]: text loss 0.9567 |  9800/15745 batches
[2025-05-20 18:01:24.434068]: text loss 0.9563 | 10000/15745 batches
[2025-05-20 18:03:05.435773]: text loss 0.9493 | 10200/15745 batches
[2025-05-20 18:04:46.914821]: text loss 0.9238 | 10400/15745 batches
[2025-05-20 18:06:28.970276]: text loss 0.9518 | 10600/15745 batches
[2025-05-20 18:08:10.465313]: text loss 0.9318 | 10800/15745 batches
[2025-05-20 18:09:51.527382]: text loss 0.9469 | 11000/15745 batches
[2025-05-20 18:11:33.296407]: text loss 0.9290 | 11200/15745 batches
[2025-05-20 18:13:14.969095]: text loss 0.9496 | 11400/15745 batches
[2025-05-20 18:14:56.947843]: text loss 0.9604 | 11600/15745 batches
[2025-05-20 18:16:38.941858]: text loss 0.9543 | 11800/15745 batches
[2025-05-20 18:18:20.900683]: text loss 0.9266 | 12000/15745 batches
[2025-05-20 18:20:02.934477]: text loss 0.9461 | 12200/15745 batches
[2025-05-20 18:21:44.780164]: text loss 0.9248 | 12400/15745 batches
[2025-05-20 18:23:26.146459]: text loss 0.9415 | 12600/15745 batches
[2025-05-20 18:25:07.918753]: text loss 0.9525 | 12800/15745 batches
[2025-05-20 18:26:49.544956]: text loss 0.9435 | 13000/15745 batches
[2025-05-20 18:28:31.356392]: text loss 0.9646 | 13200/15745 batches
[2025-05-20 18:30:13.356064]: text loss 0.9369 | 13400/15745 batches
[2025-05-20 18:31:55.110582]: text loss 0.9091 | 13600/15745 batches
[2025-05-20 18:33:36.552189]: text loss 0.9427 | 13800/15745 batches
[2025-05-20 18:35:18.271602]: text loss 0.9362 | 14000/15745 batches
[2025-05-20 18:36:59.958022]: text loss 0.9326 | 14200/15745 batches
[2025-05-20 18:38:41.587082]: text loss 0.9510 | 14400/15745 batches
[2025-05-20 18:40:23.174671]: text loss 0.9443 | 14600/15745 batches
[2025-05-20 18:42:04.800780]: text loss 0.9357 | 14800/15745 batches
[2025-05-20 18:43:45.944507]: text loss 0.9362 | 15000/15745 batches
[2025-05-20 18:45:27.633111]: text loss 0.9427 | 15200/15745 batches
[2025-05-20 18:47:09.247307]: text loss 0.9486 | 15400/15745 batches
[2025-05-20 18:48:50.968457]: text loss 0.9440 | 15600/15745 batches
[2025-05-20 18:50:04.727166]: text loss 0.9525 | 15745/15745 batches
[2025-05-20 18:50:04.727959]: validation
[2025-05-20 18:50:08.981791]: explanation loss 3.1176
[2025-05-20 18:50:16.656113]: rationale loss 1.3550
[2025-05-20 18:50:32.727137]: sequential loss 2.4568
[2025-05-20 18:52:25.833735]: top-N loss 1.3577
[2025-05-20 18:52:26.310580]: epoch 2
[2025-05-20 18:52:54.315445]: text loss 0.9257 | 15800/15745 batches
[2025-05-20 18:54:35.969610]: text loss 0.9028 | 16000/15745 batches
[2025-05-20 18:56:17.637967]: text loss 0.9180 | 16200/15745 batches
[2025-05-20 18:57:59.272788]: text loss 0.9133 | 16400/15745 batches
[2025-05-20 18:59:40.469930]: text loss 0.9224 | 16600/15745 batches
[2025-05-20 19:01:21.551787]: text loss 0.9220 | 16800/15745 batches
[2025-05-20 19:03:02.816207]: text loss 0.9094 | 17000/15745 batches
[2025-05-20 19:04:44.378832]: text loss 0.9119 | 17200/15745 batches
[2025-05-20 19:06:26.164295]: text loss 0.9341 | 17400/15745 batches
[2025-05-20 19:08:08.214546]: text loss 0.9269 | 17600/15745 batches
[2025-05-20 19:09:49.802299]: text loss 0.9136 | 17800/15745 batches
[2025-05-20 19:11:31.363189]: text loss 0.9268 | 18000/15745 batches
[2025-05-20 19:13:12.904447]: text loss 0.9140 | 18200/15745 batches
[2025-05-20 19:14:54.734907]: text loss 0.8976 | 18400/15745 batches
[2025-05-20 19:16:35.937036]: text loss 0.9048 | 18600/15745 batches
[2025-05-20 19:18:17.144905]: text loss 0.9080 | 18800/15745 batches
[2025-05-20 19:19:58.848861]: text loss 0.9099 | 19000/15745 batches
[2025-05-20 19:21:40.476859]: text loss 0.9009 | 19200/15745 batches
[2025-05-20 19:23:22.085201]: text loss 0.9146 | 19400/15745 batches
[2025-05-20 19:25:03.717381]: text loss 0.9035 | 19600/15745 batches
[2025-05-20 19:26:45.095603]: text loss 0.9087 | 19800/15745 batches
[2025-05-20 19:28:26.698907]: text loss 0.9121 | 20000/15745 batches
[2025-05-20 19:30:08.304122]: text loss 0.9004 | 20200/15745 batches
[2025-05-20 19:31:50.143516]: text loss 0.9122 | 20400/15745 batches
[2025-05-20 19:33:31.821877]: text loss 0.9123 | 20600/15745 batches
[2025-05-20 19:35:13.723107]: text loss 0.9137 | 20800/15745 batches
[2025-05-20 19:36:55.334375]: text loss 0.9121 | 21000/15745 batches
[2025-05-20 19:38:36.959229]: text loss 0.9136 | 21200/15745 batches
[2025-05-20 19:40:19.069536]: text loss 0.8989 | 21400/15745 batches
[2025-05-20 19:42:00.701610]: text loss 0.9040 | 21600/15745 batches
[2025-05-20 19:43:42.565408]: text loss 0.9018 | 21800/15745 batches
[2025-05-20 19:45:24.089989]: text loss 0.9098 | 22000/15745 batches
[2025-05-20 19:47:05.847091]: text loss 0.9285 | 22200/15745 batches
[2025-05-20 19:48:47.427707]: text loss 0.9050 | 22400/15745 batches
[2025-05-20 19:50:29.048463]: text loss 0.9030 | 22600/15745 batches
[2025-05-20 19:52:10.821232]: text loss 0.9111 | 22800/15745 batches
[2025-05-20 19:53:52.538442]: text loss 0.9073 | 23000/15745 batches
[2025-05-20 19:55:34.628381]: text loss 0.9053 | 23200/15745 batches
[2025-05-20 19:57:16.254563]: text loss 0.9091 | 23400/15745 batches
[2025-05-20 19:58:57.464821]: text loss 0.8948 | 23600/15745 batches
[2025-05-20 20:00:39.345628]: text loss 0.9076 | 23800/15745 batches
[2025-05-20 20:02:20.653798]: text loss 0.8963 | 24000/15745 batches
[2025-05-20 20:04:02.004662]: text loss 0.9036 | 24200/15745 batches
[2025-05-20 20:05:43.606629]: text loss 0.9033 | 24400/15745 batches
[2025-05-20 20:07:25.663829]: text loss 0.9152 | 24600/15745 batches
[2025-05-20 20:09:07.354074]: text loss 0.9038 | 24800/15745 batches
[2025-05-20 20:10:49.084750]: text loss 0.8961 | 25000/15745 batches
[2025-05-20 20:12:30.995591]: text loss 0.9036 | 25200/15745 batches
[2025-05-20 20:14:12.923260]: text loss 0.8959 | 25400/15745 batches
[2025-05-20 20:15:54.349346]: text loss 0.8984 | 25600/15745 batches
[2025-05-20 20:17:35.916103]: text loss 0.9124 | 25800/15745 batches
[2025-05-20 20:19:17.389416]: text loss 0.8903 | 26000/15745 batches
[2025-05-20 20:20:59.212287]: text loss 0.9053 | 26200/15745 batches
[2025-05-20 20:22:40.857409]: text loss 0.9021 | 26400/15745 batches
[2025-05-20 20:24:22.666711]: text loss 0.9015 | 26600/15745 batches
[2025-05-20 20:26:03.801557]: text loss 0.8970 | 26800/15745 batches
[2025-05-20 20:27:45.351736]: text loss 0.9093 | 27000/15745 batches
[2025-05-20 20:29:27.220842]: text loss 0.9021 | 27200/15745 batches
[2025-05-20 20:31:08.514426]: text loss 0.9052 | 27400/15745 batches
[2025-05-20 20:32:49.868001]: text loss 0.8993 | 27600/15745 batches
[2025-05-20 20:34:31.383747]: text loss 0.9059 | 27800/15745 batches
[2025-05-20 20:36:12.901312]: text loss 0.9027 | 28000/15745 batches
[2025-05-20 20:37:54.257836]: text loss 0.8988 | 28200/15745 batches
[2025-05-20 20:39:36.066649]: text loss 0.8893 | 28400/15745 batches
[2025-05-20 20:41:18.000519]: text loss 0.8941 | 28600/15745 batches
[2025-05-20 20:42:59.769087]: text loss 0.9095 | 28800/15745 batches
[2025-05-20 20:44:40.703613]: text loss 0.8986 | 29000/15745 batches
[2025-05-20 20:46:22.177402]: text loss 0.8999 | 29200/15745 batches
[2025-05-20 20:48:03.647535]: text loss 0.8939 | 29400/15745 batches
[2025-05-20 20:49:44.967445]: text loss 0.8999 | 29600/15745 batches
[2025-05-20 20:51:26.068652]: text loss 0.9057 | 29800/15745 batches
[2025-05-20 20:53:07.136487]: text loss 0.8911 | 30000/15745 batches
[2025-05-20 20:54:48.688731]: text loss 0.8871 | 30200/15745 batches
[2025-05-20 20:56:30.027708]: text loss 0.9031 | 30400/15745 batches
[2025-05-20 20:58:11.537136]: text loss 0.8977 | 30600/15745 batches
[2025-05-20 20:59:52.521842]: text loss 0.8928 | 30800/15745 batches
[2025-05-20 21:01:33.860479]: text loss 0.8903 | 31000/15745 batches
[2025-05-20 21:03:15.088287]: text loss 0.9019 | 31200/15745 batches
[2025-05-20 21:04:56.920942]: text loss 0.8976 | 31400/15745 batches
[2025-05-20 21:05:42.496494]: text loss 0.8890 | 31490/15745 batches
[2025-05-20 21:05:42.497518]: validation
[2025-05-20 21:05:46.689132]: explanation loss 2.9547
[2025-05-20 21:05:54.304909]: rationale loss 1.2937
[2025-05-20 21:06:10.136596]: sequential loss 2.4177
[2025-05-20 21:08:02.127461]: top-N loss 1.2765
[2025-05-20 21:08:02.566244]: epoch 3
[2025-05-20 21:08:57.832312]: text loss 0.8866 | 31600/15745 batches
[2025-05-20 21:10:38.930668]: text loss 0.8838 | 31800/15745 batches
[2025-05-20 21:12:21.198868]: text loss 0.8824 | 32000/15745 batches
[2025-05-20 21:14:02.882368]: text loss 0.8784 | 32200/15745 batches
[2025-05-20 21:15:45.142365]: text loss 0.8769 | 32400/15745 batches
[2025-05-20 21:17:27.002888]: text loss 0.8871 | 32600/15745 batches
[2025-05-20 21:19:08.969477]: text loss 0.8764 | 32800/15745 batches
[2025-05-20 21:20:50.505705]: text loss 0.8814 | 33000/15745 batches
[2025-05-20 21:22:32.029726]: text loss 0.8838 | 33200/15745 batches
[2025-05-20 21:24:13.823482]: text loss 0.8916 | 33400/15745 batches
[2025-05-20 21:25:54.717537]: text loss 0.8871 | 33600/15745 batches
[2025-05-20 21:27:36.148249]: text loss 0.8842 | 33800/15745 batches
[2025-05-20 21:29:17.402798]: text loss 0.8802 | 34000/15745 batches
[2025-05-20 21:31:00.046644]: text loss 0.8754 | 34200/15745 batches
[2025-05-20 21:32:41.517098]: text loss 0.8732 | 34400/15745 batches
[2025-05-20 21:34:23.683970]: text loss 0.8824 | 34600/15745 batches
[2025-05-20 21:36:04.881789]: text loss 0.8777 | 34800/15745 batches
[2025-05-20 21:37:46.273395]: text loss 0.8893 | 35000/15745 batches
[2025-05-20 21:39:27.503617]: text loss 0.8830 | 35200/15745 batches
[2025-05-20 21:41:08.910404]: text loss 0.8733 | 35400/15745 batches
[2025-05-20 21:42:50.167295]: text loss 0.8920 | 35600/15745 batches
[2025-05-20 21:44:31.761439]: text loss 0.8810 | 35800/15745 batches
[2025-05-20 21:46:13.563715]: text loss 0.8859 | 36000/15745 batches
[2025-05-20 21:47:54.677751]: text loss 0.8782 | 36200/15745 batches
[2025-05-20 21:49:36.080378]: text loss 0.8838 | 36400/15745 batches
[2025-05-20 21:51:17.528706]: text loss 0.8753 | 36600/15745 batches
[2025-05-20 21:52:58.504659]: text loss 0.8680 | 36800/15745 batches
[2025-05-20 21:54:39.697488]: text loss 0.8866 | 37000/15745 batches
[2025-05-20 21:56:21.461676]: text loss 0.8733 | 37200/15745 batches
[2025-05-20 21:58:03.457602]: text loss 0.8720 | 37400/15745 batches
[2025-05-20 21:59:44.898351]: text loss 0.8674 | 37600/15745 batches
[2025-05-20 22:01:26.935473]: text loss 0.8700 | 37800/15745 batches
[2025-05-20 22:03:08.146551]: text loss 0.8850 | 38000/15745 batches
[2025-05-20 22:04:49.696796]: text loss 0.8775 | 38200/15745 batches
[2025-05-20 22:06:31.127998]: text loss 0.8675 | 38400/15745 batches
[2025-05-20 22:08:12.329327]: text loss 0.8856 | 38600/15745 batches
[2025-05-20 22:09:53.953322]: text loss 0.8772 | 38800/15745 batches
[2025-05-20 22:11:35.107062]: text loss 0.8720 | 39000/15745 batches
[2025-05-20 22:13:16.587466]: text loss 0.8745 | 39200/15745 batches
[2025-05-20 22:14:57.954629]: text loss 0.8832 | 39400/15745 batches
[2025-05-20 22:16:39.460500]: text loss 0.8762 | 39600/15745 batches
[2025-05-20 22:18:21.275424]: text loss 0.8806 | 39800/15745 batches
[2025-05-20 22:20:03.710852]: text loss 0.8801 | 40000/15745 batches
[2025-05-20 22:21:45.825617]: text loss 0.8760 | 40200/15745 batches
[2025-05-20 22:23:27.435062]: text loss 0.8702 | 40400/15745 batches
[2025-05-20 22:25:11.082508]: text loss 0.8715 | 40600/15745 batches
[2025-05-20 22:26:53.281381]: text loss 0.8773 | 40800/15745 batches
[2025-05-20 22:28:35.868922]: text loss 0.8822 | 41000/15745 batches
[2025-05-20 22:30:18.189859]: text loss 0.8732 | 41200/15745 batches
[2025-05-20 22:31:59.934626]: text loss 0.8805 | 41400/15745 batches
[2025-05-20 22:33:41.971059]: text loss 0.8907 | 41600/15745 batches
[2025-05-20 22:35:24.665776]: text loss 0.8778 | 41800/15745 batches
[2025-05-20 22:37:07.493937]: text loss 0.8775 | 42000/15745 batches
[2025-05-20 22:38:48.209766]: text loss 0.8742 | 42200/15745 batches
[2025-05-20 22:40:28.195335]: text loss 0.8779 | 42400/15745 batches
[2025-05-20 22:42:08.787035]: text loss 0.8684 | 42600/15745 batches
[2025-05-20 22:43:49.411796]: text loss 0.8760 | 42800/15745 batches
[2025-05-20 22:45:30.284602]: text loss 0.8797 | 43000/15745 batches
[2025-05-20 22:47:10.471094]: text loss 0.8660 | 43200/15745 batches
[2025-05-20 22:48:50.289672]: text loss 0.8757 | 43400/15745 batches
[2025-05-20 22:50:32.472271]: text loss 0.8789 | 43600/15745 batches
[2025-05-20 22:52:13.447438]: text loss 0.8770 | 43800/15745 batches
[2025-05-20 22:53:54.628119]: text loss 0.8641 | 44000/15745 batches
[2025-05-20 22:55:35.411367]: text loss 0.8670 | 44200/15745 batches
[2025-05-20 22:57:17.436282]: text loss 0.8783 | 44400/15745 batches
[2025-05-20 22:58:59.291222]: text loss 0.8679 | 44600/15745 batches
[2025-05-20 23:00:41.334664]: text loss 0.8791 | 44800/15745 batches
[2025-05-20 23:02:24.340880]: text loss 0.8764 | 45000/15745 batches
[2025-05-20 23:04:06.766033]: text loss 0.8701 | 45200/15745 batches
[2025-05-20 23:05:49.063742]: text loss 0.8774 | 45400/15745 batches
[2025-05-20 23:07:31.012775]: text loss 0.8611 | 45600/15745 batches
[2025-05-20 23:09:12.921245]: text loss 0.8750 | 45800/15745 batches
[2025-05-20 23:10:54.952014]: text loss 0.8743 | 46000/15745 batches
[2025-05-20 23:12:35.771770]: text loss 0.8716 | 46200/15745 batches
[2025-05-20 23:14:18.436972]: text loss 0.8663 | 46400/15745 batches
[2025-05-20 23:16:01.051958]: text loss 0.8676 | 46600/15745 batches
[2025-05-20 23:17:43.488023]: text loss 0.8626 | 46800/15745 batches
[2025-05-20 23:19:25.482567]: text loss 0.8666 | 47000/15745 batches
[2025-05-20 23:21:07.614850]: text loss 0.8744 | 47200/15745 batches
[2025-05-20 23:21:25.554915]: text loss 0.8871 | 47235/15745 batches
[2025-05-20 23:21:25.555561]: validation
[2025-05-20 23:21:29.811499]: explanation loss 2.8990
[2025-05-20 23:21:37.439276]: rationale loss 1.2793
[2025-05-20 23:21:53.076584]: sequential loss 2.3987
[2025-05-20 23:23:42.821395]: top-N loss 1.2151
[2025-05-20 23:23:43.226710]: epoch 4
[2025-05-20 23:25:08.640139]: text loss 0.8616 | 47400/15745 batches
[2025-05-20 23:26:50.961538]: text loss 0.8560 | 47600/15745 batches
[2025-05-20 23:28:33.397480]: text loss 0.8628 | 47800/15745 batches
[2025-05-20 23:30:15.473578]: text loss 0.8557 | 48000/15745 batches
[2025-05-20 23:31:57.242367]: text loss 0.8641 | 48200/15745 batches
[2025-05-20 23:33:38.828703]: text loss 0.8607 | 48400/15745 batches
[2025-05-20 23:35:21.678465]: text loss 0.8525 | 48600/15745 batches
[2025-05-20 23:37:05.122158]: text loss 0.8504 | 48800/15745 batches
[2025-05-20 23:38:46.614591]: text loss 0.8645 | 49000/15745 batches
[2025-05-20 23:40:28.264287]: text loss 0.8603 | 49200/15745 batches
[2025-05-20 23:42:09.559687]: text loss 0.8656 | 49400/15745 batches
[2025-05-20 23:43:51.090497]: text loss 0.8597 | 49600/15745 batches
[2025-05-20 23:45:33.637788]: text loss 0.8528 | 49800/15745 batches
[2025-05-20 23:47:16.827737]: text loss 0.8609 | 50000/15745 batches
[2025-05-20 23:48:57.243506]: text loss 0.8593 | 50200/15745 batches
[2025-05-20 23:50:38.764510]: text loss 0.8607 | 50400/15745 batches
[2025-05-20 23:52:21.333237]: text loss 0.8539 | 50600/15745 batches
[2025-05-20 23:54:02.568243]: text loss 0.8648 | 50800/15745 batches
[2025-05-20 23:55:45.008622]: text loss 0.8608 | 51000/15745 batches
[2025-05-20 23:57:25.575128]: text loss 0.8529 | 51200/15745 batches
[2025-05-20 23:59:07.093395]: text loss 0.8545 | 51400/15745 batches
[2025-05-21 00:00:48.143254]: text loss 0.8542 | 51600/15745 batches
[2025-05-21 00:02:28.829028]: text loss 0.8635 | 51800/15745 batches
[2025-05-21 00:04:12.541849]: text loss 0.8558 | 52000/15745 batches
[2025-05-21 00:05:54.110463]: text loss 0.8516 | 52200/15745 batches
[2025-05-21 00:07:36.249399]: text loss 0.8556 | 52400/15745 batches
[2025-05-21 00:09:19.008919]: text loss 0.8537 | 52600/15745 batches
[2025-05-21 00:11:01.789524]: text loss 0.8536 | 52800/15745 batches
[2025-05-21 00:12:43.791015]: text loss 0.8638 | 53000/15745 batches
[2025-05-21 00:14:26.144590]: text loss 0.8672 | 53200/15745 batches
[2025-05-21 00:16:06.856351]: text loss 0.8539 | 53400/15745 batches
[2025-05-21 00:17:47.195506]: text loss 0.8571 | 53600/15745 batches
[2025-05-21 00:19:28.983611]: text loss 0.8444 | 53800/15745 batches
[2025-05-21 00:21:11.601072]: text loss 0.8617 | 54000/15745 batches
[2025-05-21 00:22:54.507085]: text loss 0.8581 | 54200/15745 batches
[2025-05-21 00:24:36.897560]: text loss 0.8612 | 54400/15745 batches
[2025-05-21 00:26:17.304127]: text loss 0.8560 | 54600/15745 batches
[2025-05-21 00:28:00.739361]: text loss 0.8637 | 54800/15745 batches
[2025-05-21 00:29:44.039984]: text loss 0.8647 | 55000/15745 batches
[2025-05-21 00:31:26.936965]: text loss 0.8524 | 55200/15745 batches
[2025-05-21 00:33:07.460614]: text loss 0.8645 | 55400/15745 batches
[2025-05-21 00:34:49.558038]: text loss 0.8541 | 55600/15745 batches
[2025-05-21 00:36:31.390346]: text loss 0.8427 | 55800/15745 batches
[2025-05-21 00:38:14.340247]: text loss 0.8631 | 56000/15745 batches
[2025-05-21 00:39:55.494882]: text loss 0.8532 | 56200/15745 batches
[2025-05-21 00:41:36.222846]: text loss 0.8508 | 56400/15745 batches
[2025-05-21 00:43:18.530457]: text loss 0.8548 | 56600/15745 batches
[2025-05-21 00:45:01.068642]: text loss 0.8582 | 56800/15745 batches
[2025-05-21 00:46:42.929791]: text loss 0.8642 | 57000/15745 batches
[2025-05-21 00:48:24.571752]: text loss 0.8508 | 57200/15745 batches
[2025-05-21 00:50:07.726888]: text loss 0.8530 | 57400/15745 batches
[2025-05-21 00:51:51.905236]: text loss 0.8424 | 57600/15745 batches
[2025-05-21 00:53:35.618118]: text loss 0.8616 | 57800/15745 batches
[2025-05-21 00:55:18.993357]: text loss 0.8557 | 58000/15745 batches
[2025-05-21 00:57:02.344511]: text loss 0.8541 | 58200/15745 batches
[2025-05-21 00:58:45.213766]: text loss 0.8574 | 58400/15745 batches
[2025-05-21 01:00:27.476655]: text loss 0.8616 | 58600/15745 batches
[2025-05-21 01:02:10.462430]: text loss 0.8589 | 58800/15745 batches
[2025-05-21 01:03:52.445233]: text loss 0.8581 | 59000/15745 batches
[2025-05-21 01:05:35.783642]: text loss 0.8544 | 59200/15745 batches
[2025-05-21 01:07:16.840789]: text loss 0.8548 | 59400/15745 batches
[2025-05-21 01:08:59.250757]: text loss 0.8576 | 59600/15745 batches
[2025-05-21 01:10:41.167587]: text loss 0.8487 | 59800/15745 batches
[2025-05-21 01:12:24.090197]: text loss 0.8495 | 60000/15745 batches
[2025-05-21 01:14:06.626928]: text loss 0.8379 | 60200/15745 batches
[2025-05-21 01:15:48.839282]: text loss 0.8482 | 60400/15745 batches
[2025-05-21 01:17:30.971097]: text loss 0.8540 | 60600/15745 batches
[2025-05-21 01:19:12.023521]: text loss 0.8698 | 60800/15745 batches
[2025-05-21 01:20:54.681344]: text loss 0.8441 | 61000/15745 batches
[2025-05-21 01:22:37.557554]: text loss 0.8521 | 61200/15745 batches
[2025-05-21 01:24:20.873261]: text loss 0.8507 | 61400/15745 batches
[2025-05-21 01:26:04.217193]: text loss 0.8586 | 61600/15745 batches
[2025-05-21 01:27:47.170010]: text loss 0.8520 | 61800/15745 batches
[2025-05-21 01:29:28.584990]: text loss 0.8443 | 62000/15745 batches
[2025-05-21 01:31:11.907609]: text loss 0.8631 | 62200/15745 batches
[2025-05-21 01:32:55.381126]: text loss 0.8516 | 62400/15745 batches
[2025-05-21 01:34:37.747017]: text loss 0.8431 | 62600/15745 batches
[2025-05-21 01:36:20.249904]: text loss 0.8544 | 62800/15745 batches
[2025-05-21 01:37:52.652090]: text loss 0.8483 | 62980/15745 batches
[2025-05-21 01:37:52.652657]: validation
[2025-05-21 01:37:56.879454]: explanation loss 2.9561
[2025-05-21 01:38:04.534796]: rationale loss 1.2718
[2025-05-21 01:38:20.195802]: sequential loss 2.3575
[2025-05-21 01:40:10.157615]: top-N loss 1.1775
[2025-05-21 01:40:10.572119]: epoch 5
[2025-05-21 01:40:20.825027]: text loss 0.8575 | 63000/15745 batches
[2025-05-21 01:42:03.069423]: text loss 0.8342 | 63200/15745 batches
[2025-05-21 01:43:45.984362]: text loss 0.8371 | 63400/15745 batches
[2025-05-21 01:45:29.175524]: text loss 0.8413 | 63600/15745 batches
[2025-05-21 01:47:10.955369]: text loss 0.8439 | 63800/15745 batches
[2025-05-21 01:48:52.599527]: text loss 0.8442 | 64000/15745 batches
[2025-05-21 01:50:33.526623]: text loss 0.8380 | 64200/15745 batches
[2025-05-21 01:52:15.107740]: text loss 0.8356 | 64400/15745 batches
[2025-05-21 01:53:57.903332]: text loss 0.8394 | 64600/15745 batches
[2025-05-21 01:55:41.075160]: text loss 0.8428 | 64800/15745 batches
[2025-05-21 01:57:24.213779]: text loss 0.8406 | 65000/15745 batches
[2025-05-21 01:59:07.547673]: text loss 0.8412 | 65200/15745 batches
[2025-05-21 02:00:49.587336]: text loss 0.8400 | 65400/15745 batches
[2025-05-21 02:02:31.013648]: text loss 0.8407 | 65600/15745 batches
[2025-05-21 02:04:12.377134]: text loss 0.8312 | 65800/15745 batches
[2025-05-21 02:05:53.959278]: text loss 0.8460 | 66000/15745 batches
[2025-05-21 02:07:35.815363]: text loss 0.8365 | 66200/15745 batches
[2025-05-21 02:09:18.233807]: text loss 0.8325 | 66400/15745 batches
[2025-05-21 02:10:59.324601]: text loss 0.8411 | 66600/15745 batches
[2025-05-21 02:12:42.568055]: text loss 0.8392 | 66800/15745 batches
[2025-05-21 02:14:24.507332]: text loss 0.8419 | 67000/15745 batches
[2025-05-21 02:16:07.157011]: text loss 0.8407 | 67200/15745 batches
[2025-05-21 02:17:49.965139]: text loss 0.8421 | 67400/15745 batches
[2025-05-21 02:19:30.750552]: text loss 0.8441 | 67600/15745 batches
[2025-05-21 02:21:12.137936]: text loss 0.8418 | 67800/15745 batches
[2025-05-21 02:22:54.731871]: text loss 0.8469 | 68000/15745 batches
[2025-05-21 02:24:37.577248]: text loss 0.8293 | 68200/15745 batches
[2025-05-21 02:26:19.894291]: text loss 0.8464 | 68400/15745 batches
[2025-05-21 02:28:02.886879]: text loss 0.8335 | 68600/15745 batches
[2025-05-21 02:29:46.272614]: text loss 0.8428 | 68800/15745 batches
[2025-05-21 02:31:29.569723]: text loss 0.8440 | 69000/15745 batches
[2025-05-21 02:33:10.618285]: text loss 0.8407 | 69200/15745 batches
[2025-05-21 02:34:53.926743]: text loss 0.8383 | 69400/15745 batches
[2025-05-21 02:36:37.191115]: text loss 0.8316 | 69600/15745 batches
[2025-05-21 02:38:20.314114]: text loss 0.8342 | 69800/15745 batches
[2025-05-21 02:40:02.382670]: text loss 0.8359 | 70000/15745 batches
[2025-05-21 02:41:43.364059]: text loss 0.8347 | 70200/15745 batches
[2025-05-21 02:43:26.606432]: text loss 0.8431 | 70400/15745 batches
[2025-05-21 02:45:08.508688]: text loss 0.8398 | 70600/15745 batches
[2025-05-21 02:46:51.938630]: text loss 0.8388 | 70800/15745 batches
[2025-05-21 02:48:34.462516]: text loss 0.8394 | 71000/15745 batches
[2025-05-21 02:50:17.760747]: text loss 0.8449 | 71200/15745 batches
[2025-05-21 02:52:01.013314]: text loss 0.8423 | 71400/15745 batches
[2025-05-21 02:53:44.256425]: text loss 0.8313 | 71600/15745 batches
[2025-05-21 02:55:28.104999]: text loss 0.8366 | 71800/15745 batches
[2025-05-21 02:57:11.197659]: text loss 0.8437 | 72000/15745 batches
[2025-05-21 02:58:54.486238]: text loss 0.8344 | 72200/15745 batches
[2025-05-21 03:00:38.152054]: text loss 0.8434 | 72400/15745 batches
[2025-05-21 03:02:20.413650]: text loss 0.8332 | 72600/15745 batches
[2025-05-21 03:04:02.592057]: text loss 0.8402 | 72800/15745 batches
[2025-05-21 03:05:46.007331]: text loss 0.8412 | 73000/15745 batches
[2025-05-21 03:07:29.392010]: text loss 0.8465 | 73200/15745 batches
[2025-05-21 03:09:11.910312]: text loss 0.8329 | 73400/15745 batches
[2025-05-21 03:10:54.275030]: text loss 0.8402 | 73600/15745 batches
[2025-05-21 03:12:37.558209]: text loss 0.8338 | 73800/15745 batches
[2025-05-21 03:14:20.943567]: text loss 0.8426 | 74000/15745 batches
[2025-05-21 03:16:04.034225]: text loss 0.8385 | 74200/15745 batches
[2025-05-21 03:17:45.152770]: text loss 0.8425 | 74400/15745 batches
[2025-05-21 03:19:27.440625]: text loss 0.8334 | 74600/15745 batches
[2025-05-21 03:21:08.514109]: text loss 0.8363 | 74800/15745 batches
[2025-05-21 03:22:51.187663]: text loss 0.8419 | 75000/15745 batches
[2025-05-21 03:24:33.041807]: text loss 0.8389 | 75200/15745 batches
[2025-05-21 03:26:15.938415]: text loss 0.8437 | 75400/15745 batches
[2025-05-21 03:27:59.070914]: text loss 0.8401 | 75600/15745 batches
[2025-05-21 03:29:39.842262]: text loss 0.8423 | 75800/15745 batches
[2025-05-21 03:31:21.082495]: text loss 0.8365 | 76000/15745 batches
[2025-05-21 03:33:03.952906]: text loss 0.8339 | 76200/15745 batches
[2025-05-21 03:34:47.166199]: text loss 0.8344 | 76400/15745 batches
[2025-05-21 03:36:30.401275]: text loss 0.8446 | 76600/15745 batches
[2025-05-21 03:38:13.705361]: text loss 0.8396 | 76800/15745 batches
[2025-05-21 03:39:56.878722]: text loss 0.8351 | 77000/15745 batches
[2025-05-21 03:41:40.735203]: text loss 0.8258 | 77200/15745 batches
[2025-05-21 03:43:23.974058]: text loss 0.8310 | 77400/15745 batches
[2025-05-21 03:45:07.054169]: text loss 0.8294 | 77600/15745 batches
[2025-05-21 03:46:48.419847]: text loss 0.8306 | 77800/15745 batches
[2025-05-21 03:48:29.338595]: text loss 0.8403 | 78000/15745 batches
[2025-05-21 03:50:12.449150]: text loss 0.8394 | 78200/15745 batches
[2025-05-21 03:51:53.335113]: text loss 0.8454 | 78400/15745 batches
[2025-05-21 03:53:33.825585]: text loss 0.8332 | 78600/15745 batches
[2025-05-21 03:54:36.545373]: text loss 0.8433 | 78725/15745 batches
[2025-05-21 03:54:36.545867]: validation
[2025-05-21 03:54:40.758989]: explanation loss 2.8154
[2025-05-21 03:54:48.421857]: rationale loss 1.2646
[2025-05-21 03:55:04.096268]: sequential loss 2.3496
[2025-05-21 03:56:53.889371]: top-N loss 1.1592
[2025-05-21 03:56:54.285721]: epoch 6
[2025-05-21 03:57:32.080725]: text loss 0.8208 | 78800/15745 batches
[2025-05-21 03:59:13.872591]: text loss 0.8277 | 79000/15745 batches
[2025-05-21 04:00:56.638350]: text loss 0.8219 | 79200/15745 batches
[2025-05-21 04:02:39.859623]: text loss 0.8146 | 79400/15745 batches
[2025-05-21 04:04:22.066801]: text loss 0.8167 | 79600/15745 batches
[2025-05-21 04:06:03.224807]: text loss 0.8303 | 79800/15745 batches
[2025-05-21 04:07:46.971013]: text loss 0.8249 | 80000/15745 batches
[2025-05-21 04:09:28.660522]: text loss 0.8194 | 80200/15745 batches
[2025-05-21 04:11:11.774964]: text loss 0.8276 | 80400/15745 batches
[2025-05-21 04:12:52.956354]: text loss 0.8221 | 80600/15745 batches
[2025-05-21 04:14:35.334085]: text loss 0.8298 | 80800/15745 batches
[2025-05-21 04:16:15.996264]: text loss 0.8220 | 81000/15745 batches
[2025-05-21 04:17:58.890141]: text loss 0.8219 | 81200/15745 batches
[2025-05-21 04:19:42.039759]: text loss 0.8212 | 81400/15745 batches
[2025-05-21 04:21:24.594837]: text loss 0.8126 | 81600/15745 batches
[2025-05-21 04:23:07.655541]: text loss 0.8281 | 81800/15745 batches
[2025-05-21 04:24:48.264357]: text loss 0.8164 | 82000/15745 batches
[2025-05-21 04:26:29.630459]: text loss 0.8144 | 82200/15745 batches
[2025-05-21 04:28:12.732831]: text loss 0.8160 | 82400/15745 batches
[2025-05-21 04:29:53.689403]: text loss 0.8340 | 82600/15745 batches
[2025-05-21 04:31:35.320502]: text loss 0.8137 | 82800/15745 batches
[2025-05-21 04:33:18.735947]: text loss 0.8320 | 83000/15745 batches
[2025-05-21 04:35:02.215247]: text loss 0.8184 | 83200/15745 batches
[2025-05-21 04:36:44.284753]: text loss 0.8270 | 83400/15745 batches
[2025-05-21 04:38:27.339973]: text loss 0.8335 | 83600/15745 batches
[2025-05-21 04:40:09.029221]: text loss 0.8246 | 83800/15745 batches
[2025-05-21 04:41:51.770868]: text loss 0.8247 | 84000/15745 batches
[2025-05-21 04:43:33.218458]: text loss 0.8250 | 84200/15745 batches
[2025-05-21 04:45:16.457780]: text loss 0.8153 | 84400/15745 batches
[2025-05-21 04:46:59.870418]: text loss 0.8258 | 84600/15745 batches
[2025-05-21 04:48:43.035653]: text loss 0.8276 | 84800/15745 batches
[2025-05-21 04:50:26.188320]: text loss 0.8258 | 85000/15745 batches
[2025-05-21 04:52:08.088041]: text loss 0.8215 | 85200/15745 batches
[2025-05-21 04:53:51.384726]: text loss 0.8209 | 85400/15745 batches
[2025-05-21 04:55:34.836899]: text loss 0.8365 | 85600/15745 batches
[2025-05-21 04:57:18.593216]: text loss 0.8286 | 85800/15745 batches
[2025-05-21 04:59:02.994915]: text loss 0.8205 | 86000/15745 batches
[2025-05-21 05:00:46.987500]: text loss 0.8159 | 86200/15745 batches
[2025-05-21 05:02:30.321834]: text loss 0.8256 | 86400/15745 batches
[2025-05-21 05:04:11.979912]: text loss 0.8255 | 86600/15745 batches
[2025-05-21 05:05:52.800646]: text loss 0.8270 | 86800/15745 batches
[2025-05-21 05:07:34.273522]: text loss 0.8215 | 87000/15745 batches
[2025-05-21 05:09:15.752295]: text loss 0.8322 | 87200/15745 batches
[2025-05-21 05:10:58.091320]: text loss 0.8174 | 87400/15745 batches
[2025-05-21 05:12:38.555553]: text loss 0.8255 | 87600/15745 batches
[2025-05-21 05:14:21.123873]: text loss 0.8262 | 87800/15745 batches
[2025-05-21 05:16:04.350478]: text loss 0.8237 | 88000/15745 batches
[2025-05-21 05:17:47.187634]: text loss 0.8192 | 88200/15745 batches
[2025-05-21 05:19:30.314309]: text loss 0.8294 | 88400/15745 batches
[2025-05-21 05:21:13.320316]: text loss 0.8275 | 88600/15745 batches
[2025-05-21 05:22:54.527611]: text loss 0.8246 | 88800/15745 batches
[2025-05-21 05:24:37.082520]: text loss 0.8202 | 89000/15745 batches
[2025-05-21 05:26:20.198904]: text loss 0.8184 | 89200/15745 batches
[2025-05-21 05:28:01.633848]: text loss 0.8331 | 89400/15745 batches
[2025-05-21 05:29:42.828750]: text loss 0.8250 | 89600/15745 batches
[2025-05-21 05:31:24.898710]: text loss 0.8127 | 89800/15745 batches
[2025-05-21 05:33:06.529484]: text loss 0.8191 | 90000/15745 batches
[2025-05-21 05:34:49.780131]: text loss 0.8256 | 90200/15745 batches
[2025-05-21 05:36:33.078526]: text loss 0.8208 | 90400/15745 batches
[2025-05-21 05:38:15.997229]: text loss 0.8242 | 90600/15745 batches
[2025-05-21 05:39:57.386615]: text loss 0.8131 | 90800/15745 batches
[2025-05-21 05:41:38.307160]: text loss 0.8302 | 91000/15745 batches
[2025-05-21 05:43:20.556175]: text loss 0.8210 | 91200/15745 batches
[2025-05-21 05:45:03.702484]: text loss 0.8292 | 91400/15745 batches
[2025-05-21 05:46:45.299765]: text loss 0.8214 | 91600/15745 batches
[2025-05-21 05:48:26.413034]: text loss 0.8219 | 91800/15745 batches
[2025-05-21 05:50:08.009069]: text loss 0.8245 | 92000/15745 batches
[2025-05-21 05:51:49.301614]: text loss 0.8192 | 92200/15745 batches
[2025-05-21 05:53:31.389673]: text loss 0.8278 | 92400/15745 batches
[2025-05-21 05:55:12.850927]: text loss 0.8292 | 92600/15745 batches
[2025-05-21 05:56:55.226297]: text loss 0.8233 | 92800/15745 batches
[2025-05-21 05:58:36.429403]: text loss 0.8239 | 93000/15745 batches
[2025-05-21 06:00:18.045756]: text loss 0.8207 | 93200/15745 batches
[2025-05-21 06:01:59.489772]: text loss 0.8171 | 93400/15745 batches
[2025-05-21 06:03:42.641679]: text loss 0.8103 | 93600/15745 batches
[2025-05-21 06:05:24.910531]: text loss 0.8175 | 93800/15745 batches
[2025-05-21 06:07:07.029920]: text loss 0.8252 | 94000/15745 batches
[2025-05-21 06:08:50.032278]: text loss 0.8269 | 94200/15745 batches
[2025-05-21 06:10:33.199820]: text loss 0.8158 | 94400/15745 batches
[2025-05-21 06:11:08.513085]: text loss 0.8290 | 94470/15745 batches
[2025-05-21 06:11:08.513646]: validation
[2025-05-21 06:11:12.738419]: explanation loss 2.4922
[2025-05-21 06:11:20.402253]: rationale loss 1.2574
[2025-05-21 06:11:36.067598]: sequential loss 2.3453
[2025-05-21 06:13:26.170513]: top-N loss 1.1336
[2025-05-21 06:13:26.567672]: epoch 7
[2025-05-21 06:14:31.849306]: text loss 0.8042 | 94600/15745 batches
[2025-05-21 06:16:14.705083]: text loss 0.8077 | 94800/15745 batches
[2025-05-21 06:17:57.043984]: text loss 0.7977 | 95000/15745 batches
[2025-05-21 06:19:37.214268]: text loss 0.8001 | 95200/15745 batches
[2025-05-21 06:21:17.456095]: text loss 0.8084 | 95400/15745 batches
[2025-05-21 06:22:57.628653]: text loss 0.7984 | 95600/15745 batches
[2025-05-21 06:24:37.917806]: text loss 0.8065 | 95800/15745 batches
[2025-05-21 06:26:18.525214]: text loss 0.8118 | 96000/15745 batches
[2025-05-21 06:27:59.291710]: text loss 0.8120 | 96200/15745 batches
[2025-05-21 06:29:42.555094]: text loss 0.8083 | 96400/15745 batches
[2025-05-21 06:31:25.216009]: text loss 0.8059 | 96600/15745 batches
[2025-05-21 06:33:08.439029]: text loss 0.8028 | 96800/15745 batches
[2025-05-21 06:34:51.608813]: text loss 0.8157 | 97000/15745 batches
[2025-05-21 06:36:33.908980]: text loss 0.7989 | 97200/15745 batches
[2025-05-21 06:38:17.349775]: text loss 0.8153 | 97400/15745 batches
[2025-05-21 06:39:59.997283]: text loss 0.8209 | 97600/15745 batches
[2025-05-21 06:41:41.737003]: text loss 0.8051 | 97800/15745 batches
[2025-05-21 06:43:24.899331]: text loss 0.8114 | 98000/15745 batches
[2025-05-21 06:45:08.141130]: text loss 0.8059 | 98200/15745 batches
[2025-05-21 06:46:49.180099]: text loss 0.8145 | 98400/15745 batches
[2025-05-21 06:48:31.938725]: text loss 0.8093 | 98600/15745 batches
[2025-05-21 06:50:15.360525]: text loss 0.8084 | 98800/15745 batches
[2025-05-21 06:51:58.784080]: text loss 0.8153 | 99000/15745 batches
[2025-05-21 06:53:40.788009]: text loss 0.8140 | 99200/15745 batches
[2025-05-21 06:55:21.568994]: text loss 0.8148 | 99400/15745 batches
[2025-05-21 06:57:03.295297]: text loss 0.8196 | 99600/15745 batches
[2025-05-21 06:58:46.592847]: text loss 0.8051 | 99800/15745 batches
[2025-05-21 07:00:30.036642]: text loss 0.8000 | 100000/15745 batches
[2025-05-21 07:02:12.593113]: text loss 0.7969 | 100200/15745 batches
[2025-05-21 07:03:54.413907]: text loss 0.8061 | 100400/15745 batches
[2025-05-21 07:05:37.037283]: text loss 0.8142 | 100600/15745 batches
[2025-05-21 07:07:20.159444]: text loss 0.8098 | 100800/15745 batches
[2025-05-21 07:09:03.224579]: text loss 0.8160 | 101000/15745 batches
[2025-05-21 07:10:46.438055]: text loss 0.8084 | 101200/15745 batches
[2025-05-21 07:12:29.833801]: text loss 0.8159 | 101400/15745 batches
[2025-05-21 07:14:11.846523]: text loss 0.8164 | 101600/15745 batches
[2025-05-21 07:15:53.164447]: text loss 0.8153 | 101800/15745 batches
[2025-05-21 07:17:36.502212]: text loss 0.8100 | 102000/15745 batches
[2025-05-21 07:19:17.771783]: text loss 0.8072 | 102200/15745 batches
[2025-05-21 07:21:00.161513]: text loss 0.8148 | 102400/15745 batches
[2025-05-21 07:22:42.980977]: text loss 0.8138 | 102600/15745 batches
[2025-05-21 07:24:25.654094]: text loss 0.8037 | 102800/15745 batches
[2025-05-21 07:26:08.295971]: text loss 0.8144 | 103000/15745 batches
[2025-05-21 07:27:51.471902]: text loss 0.8130 | 103200/15745 batches
[2025-05-21 07:29:34.389032]: text loss 0.8065 | 103400/15745 batches
[2025-05-21 07:31:17.422704]: text loss 0.8168 | 103600/15745 batches
[2025-05-21 07:33:00.401894]: text loss 0.8089 | 103800/15745 batches
[2025-05-21 07:34:43.210984]: text loss 0.8059 | 104000/15745 batches
[2025-05-21 07:36:24.227062]: text loss 0.8028 | 104200/15745 batches
[2025-05-21 07:38:04.862087]: text loss 0.7993 | 104400/15745 batches
[2025-05-21 07:39:45.451056]: text loss 0.8166 | 104600/15745 batches
[2025-05-21 07:41:25.940691]: text loss 0.8156 | 104800/15745 batches
[2025-05-21 07:43:08.147099]: text loss 0.8177 | 105000/15745 batches
[2025-05-21 07:44:48.541267]: text loss 0.8200 | 105200/15745 batches
[2025-05-21 07:46:30.369231]: text loss 0.8111 | 105400/15745 batches
[2025-05-21 07:48:13.237018]: text loss 0.8065 | 105600/15745 batches
[2025-05-21 07:49:56.118728]: text loss 0.8126 | 105800/15745 batches
[2025-05-21 07:51:39.017308]: text loss 0.8046 | 106000/15745 batches
[2025-05-21 07:53:19.795921]: text loss 0.8037 | 106200/15745 batches
[2025-05-21 07:55:03.330341]: text loss 0.8062 | 106400/15745 batches
[2025-05-21 07:56:44.286596]: text loss 0.7968 | 106600/15745 batches
[2025-05-21 07:58:24.905905]: text loss 0.8088 | 106800/15745 batches
[2025-05-21 08:00:05.602007]: text loss 0.8036 | 107000/15745 batches
[2025-05-21 08:01:46.780308]: text loss 0.8018 | 107200/15745 batches
[2025-05-21 08:03:28.780532]: text loss 0.8100 | 107400/15745 batches
[2025-05-21 08:05:10.504196]: text loss 0.8103 | 107600/15745 batches
[2025-05-21 08:06:51.162445]: text loss 0.8077 | 107800/15745 batches
[2025-05-21 08:08:32.976586]: text loss 0.8073 | 108000/15745 batches
[2025-05-21 08:10:14.174690]: text loss 0.7948 | 108200/15745 batches
[2025-05-21 08:11:54.818113]: text loss 0.8018 | 108400/15745 batches
[2025-05-21 08:13:35.836820]: text loss 0.8112 | 108600/15745 batches
[2025-05-21 08:15:18.656424]: text loss 0.8101 | 108800/15745 batches
[2025-05-21 08:17:01.256703]: text loss 0.8130 | 109000/15745 batches
[2025-05-21 08:18:42.108618]: text loss 0.8156 | 109200/15745 batches
[2025-05-21 08:20:24.998150]: text loss 0.7983 | 109400/15745 batches
[2025-05-21 08:22:07.922072]: text loss 0.8132 | 109600/15745 batches
[2025-05-21 08:23:49.243131]: text loss 0.8102 | 109800/15745 batches
[2025-05-21 08:25:30.518219]: text loss 0.8064 | 110000/15745 batches
[2025-05-21 08:27:13.419695]: text loss 0.8080 | 110200/15745 batches
[2025-05-21 08:27:20.926771]: text loss 0.8150 | 110215/15745 batches
[2025-05-21 08:27:20.927319]: validation
[2025-05-21 08:27:25.204160]: explanation loss 2.4828
[2025-05-21 08:27:32.845021]: rationale loss 1.2512
[2025-05-21 08:27:49.015497]: sequential loss 2.3348
[2025-05-21 08:29:40.694439]: top-N loss 1.1223
[2025-05-21 08:29:41.101807]: epoch 8
[2025-05-21 08:31:13.993856]: text loss 0.7894 | 110400/15745 batches
[2025-05-21 08:32:54.813846]: text loss 0.7910 | 110600/15745 batches
[2025-05-21 08:34:37.545624]: text loss 0.7962 | 110800/15745 batches
[2025-05-21 08:36:19.462322]: text loss 0.7901 | 111000/15745 batches
[2025-05-21 08:38:01.208332]: text loss 0.7898 | 111200/15745 batches
[2025-05-21 08:39:42.296804]: text loss 0.7905 | 111400/15745 batches
[2025-05-21 08:41:24.932700]: text loss 0.7917 | 111600/15745 batches
[2025-05-21 08:43:06.503583]: text loss 0.7945 | 111800/15745 batches
[2025-05-21 08:44:49.305543]: text loss 0.7953 | 112000/15745 batches
[2025-05-21 08:46:32.140480]: text loss 0.7871 | 112200/15745 batches
[2025-05-21 08:48:12.737430]: text loss 0.8024 | 112400/15745 batches
[2025-05-21 08:49:53.096272]: text loss 0.7881 | 112600/15745 batches
[2025-05-21 08:51:35.395734]: text loss 0.7895 | 112800/15745 batches
[2025-05-21 08:53:18.144871]: text loss 0.7941 | 113000/15745 batches
[2025-05-21 08:54:59.071813]: text loss 0.7958 | 113200/15745 batches
[2025-05-21 08:56:40.951712]: text loss 0.7979 | 113400/15745 batches
[2025-05-21 08:58:23.159609]: text loss 0.7937 | 113600/15745 batches
[2025-05-21 09:00:04.478773]: text loss 0.8028 | 113800/15745 batches
[2025-05-21 09:01:47.068250]: text loss 0.7965 | 114000/15745 batches
[2025-05-21 09:03:29.161726]: text loss 0.8011 | 114200/15745 batches
[2025-05-21 09:05:09.476269]: text loss 0.7938 | 114400/15745 batches
[2025-05-21 09:06:51.025323]: text loss 0.7905 | 114600/15745 batches
[2025-05-21 09:08:32.233554]: text loss 0.7942 | 114800/15745 batches
[2025-05-21 09:10:12.486720]: text loss 0.7931 | 115000/15745 batches
[2025-05-21 09:11:53.160374]: text loss 0.7991 | 115200/15745 batches
[2025-05-21 09:13:34.398320]: text loss 0.8022 | 115400/15745 batches
[2025-05-21 09:15:14.781714]: text loss 0.7926 | 115600/15745 batches
[2025-05-21 09:16:54.914473]: text loss 0.7983 | 115800/15745 batches
[2025-05-21 09:18:35.426274]: text loss 0.7977 | 116000/15745 batches
[2025-05-21 09:20:15.586673]: text loss 0.7973 | 116200/15745 batches
[2025-05-21 09:21:56.937817]: text loss 0.7956 | 116400/15745 batches
[2025-05-21 09:23:39.751801]: text loss 0.8054 | 116600/15745 batches
[2025-05-21 09:25:20.129426]: text loss 0.8011 | 116800/15745 batches
[2025-05-21 09:27:00.888251]: text loss 0.7965 | 117000/15745 batches
[2025-05-21 09:28:43.040452]: text loss 0.8011 | 117200/15745 batches
[2025-05-21 09:30:25.704702]: text loss 0.7931 | 117400/15745 batches
[2025-05-21 09:32:07.285329]: text loss 0.7925 | 117600/15745 batches
[2025-05-21 09:33:50.047976]: text loss 0.7942 | 117800/15745 batches
[2025-05-21 09:35:32.240357]: text loss 0.7955 | 118000/15745 batches
[2025-05-21 09:37:12.341120]: text loss 0.7891 | 118200/15745 batches
[2025-05-21 09:38:52.545227]: text loss 0.7949 | 118400/15745 batches
[2025-05-21 09:40:34.556072]: text loss 0.7972 | 118600/15745 batches
[2025-05-21 09:42:14.711998]: text loss 0.7977 | 118800/15745 batches
[2025-05-21 09:43:55.120740]: text loss 0.7980 | 119000/15745 batches
[2025-05-21 09:45:35.546457]: text loss 0.8018 | 119200/15745 batches
[2025-05-21 09:47:15.958489]: text loss 0.7980 | 119400/15745 batches
[2025-05-21 09:48:57.440704]: text loss 0.8009 | 119600/15745 batches
[2025-05-21 09:50:39.482225]: text loss 0.7920 | 119800/15745 batches
[2025-05-21 09:52:22.235479]: text loss 0.8013 | 120000/15745 batches
[2025-05-21 09:54:05.158125]: text loss 0.7922 | 120200/15745 batches
[2025-05-21 09:55:47.303996]: text loss 0.7931 | 120400/15745 batches
[2025-05-21 09:57:28.746227]: text loss 0.7945 | 120600/15745 batches
[2025-05-21 09:59:10.544242]: text loss 0.7868 | 120800/15745 batches
[2025-05-21 10:00:53.345143]: text loss 0.7991 | 121000/15745 batches
[2025-05-21 10:02:35.452092]: text loss 0.7927 | 121200/15745 batches
[2025-05-21 10:04:16.172965]: text loss 0.7885 | 121400/15745 batches
[2025-05-21 10:05:57.047139]: text loss 0.7950 | 121600/15745 batches
[2025-05-21 10:07:40.423044]: text loss 0.8018 | 121800/15745 batches
[2025-05-21 10:09:20.816822]: text loss 0.7896 | 122000/15745 batches
[2025-05-21 10:11:02.721717]: text loss 0.7909 | 122200/15745 batches
[2025-05-21 10:12:43.071208]: text loss 0.8037 | 122400/15745 batches
[2025-05-21 10:14:23.296656]: text loss 0.7854 | 122600/15745 batches
[2025-05-21 10:16:05.146748]: text loss 0.8017 | 122800/15745 batches
[2025-05-21 10:17:46.356036]: text loss 0.7972 | 123000/15745 batches
[2025-05-21 10:19:26.890926]: text loss 0.7969 | 123200/15745 batches
[2025-05-21 10:21:10.456572]: text loss 0.7956 | 123400/15745 batches
[2025-05-21 10:22:51.745497]: text loss 0.8024 | 123600/15745 batches
[2025-05-21 10:24:34.217418]: text loss 0.7931 | 123800/15745 batches
[2025-05-21 10:26:16.554088]: text loss 0.8037 | 124000/15745 batches
[2025-05-21 10:27:58.281435]: text loss 0.7943 | 124200/15745 batches
[2025-05-21 10:29:39.750083]: text loss 0.7935 | 124400/15745 batches
[2025-05-21 10:31:21.531066]: text loss 0.8027 | 124600/15745 batches
[2025-05-21 10:33:02.995069]: text loss 0.8036 | 124800/15745 batches
[2025-05-21 10:34:44.647936]: text loss 0.7971 | 125000/15745 batches
[2025-05-21 10:36:26.424011]: text loss 0.7923 | 125200/15745 batches
[2025-05-21 10:38:08.061581]: text loss 0.8043 | 125400/15745 batches
[2025-05-21 10:39:49.627251]: text loss 0.7934 | 125600/15745 batches
[2025-05-21 10:41:31.186096]: text loss 0.7968 | 125800/15745 batches
[2025-05-21 10:42:52.388466]: text loss 0.8030 | 125960/15745 batches
[2025-05-21 10:42:52.389548]: validation
[2025-05-21 10:42:56.603624]: explanation loss 2.4854
[2025-05-21 10:43:04.235324]: rationale loss 1.2509
[2025-05-21 10:43:20.244219]: sequential loss 2.3220
[2025-05-21 10:45:12.880309]: top-N loss 1.1136
[2025-05-21 10:45:13.292926]: epoch 9
[2025-05-21 10:45:33.680003]: text loss 0.7822 | 126000/15745 batches
[2025-05-21 10:47:14.981738]: text loss 0.7766 | 126200/15745 batches
[2025-05-21 10:48:56.648459]: text loss 0.7764 | 126400/15745 batches
[2025-05-21 10:50:38.448635]: text loss 0.7860 | 126600/15745 batches
[2025-05-21 10:52:20.384301]: text loss 0.7738 | 126800/15745 batches
[2025-05-21 10:54:02.002866]: text loss 0.7679 | 127000/15745 batches
[2025-05-21 10:55:43.840205]: text loss 0.7814 | 127200/15745 batches
[2025-05-21 10:57:25.624769]: text loss 0.7834 | 127400/15745 batches
[2025-05-21 10:59:06.952027]: text loss 0.7866 | 127600/15745 batches
[2025-05-21 11:00:48.567151]: text loss 0.7815 | 127800/15745 batches
[2025-05-21 11:02:30.827932]: text loss 0.7845 | 128000/15745 batches
[2025-05-21 11:04:13.141189]: text loss 0.7778 | 128200/15745 batches
[2025-05-21 11:05:55.049620]: text loss 0.7794 | 128400/15745 batches
[2025-05-21 11:07:37.557192]: text loss 0.7920 | 128600/15745 batches
[2025-05-21 11:09:20.480070]: text loss 0.7775 | 128800/15745 batches
[2025-05-21 11:11:02.490425]: text loss 0.7853 | 129000/15745 batches
[2025-05-21 11:12:44.239979]: text loss 0.7811 | 129200/15745 batches
[2025-05-21 11:14:26.122982]: text loss 0.7849 | 129400/15745 batches
[2025-05-21 11:16:07.641022]: text loss 0.7834 | 129600/15745 batches
[2025-05-21 11:17:49.351421]: text loss 0.7696 | 129800/15745 batches
[2025-05-21 11:19:31.548684]: text loss 0.7770 | 130000/15745 batches
[2025-05-21 11:21:13.510566]: text loss 0.7794 | 130200/15745 batches
[2025-05-21 11:22:55.390017]: text loss 0.7787 | 130400/15745 batches
[2025-05-21 11:24:37.342649]: text loss 0.7856 | 130600/15745 batches
[2025-05-21 11:26:19.389435]: text loss 0.7814 | 130800/15745 batches
[2025-05-21 11:28:00.883048]: text loss 0.7751 | 131000/15745 batches
[2025-05-21 11:29:42.454998]: text loss 0.7813 | 131200/15745 batches
[2025-05-21 11:31:23.784730]: text loss 0.7863 | 131400/15745 batches
[2025-05-21 11:33:05.194715]: text loss 0.7802 | 131600/15745 batches
[2025-05-21 11:34:46.563272]: text loss 0.7892 | 131800/15745 batches
[2025-05-21 11:36:27.872298]: text loss 0.7789 | 132000/15745 batches
[2025-05-21 11:38:09.080373]: text loss 0.7861 | 132200/15745 batches
[2025-05-21 11:39:50.450073]: text loss 0.7845 | 132400/15745 batches
[2025-05-21 11:41:32.156855]: text loss 0.7782 | 132600/15745 batches
[2025-05-21 11:43:13.939321]: text loss 0.7744 | 132800/15745 batches
[2025-05-21 11:44:55.569577]: text loss 0.7969 | 133000/15745 batches
[2025-05-21 11:46:37.582193]: text loss 0.7840 | 133200/15745 batches
[2025-05-21 11:48:19.086427]: text loss 0.7892 | 133400/15745 batches
[2025-05-21 11:50:00.908548]: text loss 0.7887 | 133600/15745 batches
[2025-05-21 11:51:42.818615]: text loss 0.7858 | 133800/15745 batches
[2025-05-21 11:53:25.610881]: text loss 0.7816 | 134000/15745 batches
[2025-05-21 11:55:08.381882]: text loss 0.7897 | 134200/15745 batches
[2025-05-21 11:56:51.454821]: text loss 0.7783 | 134400/15745 batches
[2025-05-21 11:58:34.272745]: text loss 0.7807 | 134600/15745 batches
[2025-05-21 12:00:16.973271]: text loss 0.7923 | 134800/15745 batches
[2025-05-21 12:01:59.776632]: text loss 0.7704 | 135000/15745 batches
[2025-05-21 12:03:42.273434]: text loss 0.7782 | 135200/15745 batches
[2025-05-21 12:05:25.073877]: text loss 0.7880 | 135400/15745 batches
[2025-05-21 12:07:07.751142]: text loss 0.7880 | 135600/15745 batches
[2025-05-21 12:08:50.452647]: text loss 0.7866 | 135800/15745 batches
[2025-05-21 12:10:33.467427]: text loss 0.7828 | 136000/15745 batches
[2025-05-21 12:12:16.539564]: text loss 0.7961 | 136200/15745 batches
[2025-05-21 12:13:59.794488]: text loss 0.7848 | 136400/15745 batches
[2025-05-21 12:15:42.643601]: text loss 0.7828 | 136600/15745 batches
[2025-05-21 12:17:25.665476]: text loss 0.7825 | 136800/15745 batches
[2025-05-21 12:19:08.589754]: text loss 0.7810 | 137000/15745 batches
[2025-05-21 12:20:51.546217]: text loss 0.7858 | 137200/15745 batches
[2025-05-21 12:22:34.593575]: text loss 0.7852 | 137400/15745 batches
[2025-05-21 12:24:17.553491]: text loss 0.7913 | 137600/15745 batches
[2025-05-21 12:26:00.617690]: text loss 0.7963 | 137800/15745 batches
[2025-05-21 12:27:43.384314]: text loss 0.7919 | 138000/15745 batches
[2025-05-21 12:29:26.733130]: text loss 0.7887 | 138200/15745 batches
[2025-05-21 12:31:09.665342]: text loss 0.7860 | 138400/15745 batches
[2025-05-21 12:32:51.768681]: text loss 0.7877 | 138600/15745 batches
[2025-05-21 12:34:34.585429]: text loss 0.7855 | 138800/15745 batches
[2025-05-21 12:36:17.533243]: text loss 0.7791 | 139000/15745 batches
[2025-05-21 12:37:59.934776]: text loss 0.7910 | 139200/15745 batches
[2025-05-21 12:39:42.487177]: text loss 0.7859 | 139400/15745 batches
[2025-05-21 12:41:24.935710]: text loss 0.7820 | 139600/15745 batches
[2025-05-21 12:43:07.166993]: text loss 0.7783 | 139800/15745 batches
[2025-05-21 12:44:49.881989]: text loss 0.7850 | 140000/15745 batches
[2025-05-21 12:46:32.198669]: text loss 0.7871 | 140200/15745 batches
[2025-05-21 12:48:14.850476]: text loss 0.7863 | 140400/15745 batches
[2025-05-21 12:49:57.544310]: text loss 0.7846 | 140600/15745 batches
[2025-05-21 12:51:41.106338]: text loss 0.7852 | 140800/15745 batches
[2025-05-21 12:53:23.827230]: text loss 0.7779 | 141000/15745 batches
[2025-05-21 12:55:06.184057]: text loss 0.7831 | 141200/15745 batches
[2025-05-21 12:56:48.505342]: text loss 0.7817 | 141400/15745 batches
[2025-05-21 12:58:30.718723]: text loss 0.7807 | 141600/15745 batches
[2025-05-21 12:59:24.230144]: text loss 0.7759 | 141705/15745 batches
[2025-05-21 12:59:24.230943]: validation
[2025-05-21 12:59:28.467034]: explanation loss 2.4885
[2025-05-21 12:59:36.144532]: rationale loss 1.2490
[2025-05-21 12:59:52.293388]: sequential loss 2.3242
[2025-05-21 13:01:45.897004]: top-N loss 1.1140
[2025-05-21 13:01:45.897107]: Endured 1 time(s)
[2025-05-21 13:01:45.897137]: epoch 10
[2025-05-21 13:02:34.205909]: text loss 0.7726 | 141800/15745 batches
[2025-05-21 13:04:16.137812]: text loss 0.7725 | 142000/15745 batches
[2025-05-21 13:05:58.065432]: text loss 0.7770 | 142200/15745 batches
[2025-05-21 13:07:39.932910]: text loss 0.7673 | 142400/15745 batches
[2025-05-21 13:09:22.147682]: text loss 0.7635 | 142600/15745 batches
[2025-05-21 13:11:04.349257]: text loss 0.7611 | 142800/15745 batches
[2025-05-21 13:12:46.219365]: text loss 0.7695 | 143000/15745 batches
[2025-05-21 13:14:27.956595]: text loss 0.7646 | 143200/15745 batches
[2025-05-21 13:16:10.519887]: text loss 0.7749 | 143400/15745 batches
[2025-05-21 13:17:53.807919]: text loss 0.7646 | 143600/15745 batches
[2025-05-21 13:19:36.690340]: text loss 0.7775 | 143800/15745 batches
[2025-05-21 13:21:19.682822]: text loss 0.7669 | 144000/15745 batches
[2025-05-21 13:23:02.903539]: text loss 0.7688 | 144200/15745 batches
[2025-05-21 13:24:46.057004]: text loss 0.7624 | 144400/15745 batches
[2025-05-21 13:26:29.077820]: text loss 0.7711 | 144600/15745 batches
[2025-05-21 13:28:12.265021]: text loss 0.7599 | 144800/15745 batches
[2025-05-21 13:29:55.368367]: text loss 0.7714 | 145000/15745 batches
[2025-05-21 13:31:38.352983]: text loss 0.7661 | 145200/15745 batches
[2025-05-21 13:33:21.576902]: text loss 0.7785 | 145400/15745 batches
[2025-05-21 13:35:04.919350]: text loss 0.7670 | 145600/15745 batches
[2025-05-21 13:36:47.914939]: text loss 0.7830 | 145800/15745 batches
[2025-05-21 13:38:30.927210]: text loss 0.7737 | 146000/15745 batches
[2025-05-21 13:40:14.081038]: text loss 0.7674 | 146200/15745 batches
[2025-05-21 13:41:57.387570]: text loss 0.7639 | 146400/15745 batches
[2025-05-21 13:43:40.527379]: text loss 0.7700 | 146600/15745 batches
[2025-05-21 13:45:23.668106]: text loss 0.7699 | 146800/15745 batches
[2025-05-21 13:47:06.837200]: text loss 0.7714 | 147000/15745 batches
[2025-05-21 13:48:50.123270]: text loss 0.7706 | 147200/15745 batches
[2025-05-21 13:50:33.080689]: text loss 0.7659 | 147400/15745 batches
[2025-05-21 13:52:16.178694]: text loss 0.7701 | 147600/15745 batches
[2025-05-21 13:53:59.298092]: text loss 0.7643 | 147800/15745 batches
[2025-05-21 13:55:42.352050]: text loss 0.7683 | 148000/15745 batches
[2025-05-21 13:57:25.547551]: text loss 0.7619 | 148200/15745 batches
[2025-05-21 13:59:08.810168]: text loss 0.7731 | 148400/15745 batches
[2025-05-21 14:00:51.765309]: text loss 0.7748 | 148600/15745 batches
[2025-05-21 14:02:34.627598]: text loss 0.7754 | 148800/15745 batches
[2025-05-21 14:04:17.788520]: text loss 0.7736 | 149000/15745 batches
[2025-05-21 14:06:00.875201]: text loss 0.7659 | 149200/15745 batches
[2025-05-21 14:07:43.945965]: text loss 0.7712 | 149400/15745 batches
[2025-05-21 14:09:27.163075]: text loss 0.7716 | 149600/15745 batches
[2025-05-21 14:11:09.892794]: text loss 0.7739 | 149800/15745 batches
[2025-05-21 14:12:52.786979]: text loss 0.7753 | 150000/15745 batches
[2025-05-21 14:14:35.815142]: text loss 0.7751 | 150200/15745 batches
[2025-05-21 14:16:18.962123]: text loss 0.7702 | 150400/15745 batches
[2025-05-21 14:18:02.237098]: text loss 0.7736 | 150600/15745 batches
[2025-05-21 14:19:45.546616]: text loss 0.7830 | 150800/15745 batches
[2025-05-21 14:21:28.712093]: text loss 0.7737 | 151000/15745 batches
[2025-05-21 14:23:11.926260]: text loss 0.7760 | 151200/15745 batches
[2025-05-21 14:24:54.855142]: text loss 0.7675 | 151400/15745 batches
[2025-05-21 14:26:37.785391]: text loss 0.7732 | 151600/15745 batches
[2025-05-21 14:28:20.867289]: text loss 0.7715 | 151800/15745 batches
[2025-05-21 14:30:03.702200]: text loss 0.7673 | 152000/15745 batches
[2025-05-21 14:31:46.727445]: text loss 0.7730 | 152200/15745 batches
[2025-05-21 14:33:29.590215]: text loss 0.7733 | 152400/15745 batches
[2025-05-21 14:35:12.408034]: text loss 0.7795 | 152600/15745 batches
[2025-05-21 14:36:55.455270]: text loss 0.7794 | 152800/15745 batches
[2025-05-21 14:38:38.270996]: text loss 0.7751 | 153000/15745 batches
[2025-05-21 14:40:21.153914]: text loss 0.7735 | 153200/15745 batches
[2025-05-21 14:42:03.001662]: text loss 0.7688 | 153400/15745 batches
[2025-05-21 14:43:45.590296]: text loss 0.7763 | 153600/15745 batches
[2025-05-21 14:45:27.905235]: text loss 0.7777 | 153800/15745 batches
[2025-05-21 14:47:11.237086]: text loss 0.7743 | 154000/15745 batches
[2025-05-21 14:48:53.659447]: text loss 0.7658 | 154200/15745 batches
[2025-05-21 14:50:37.098449]: text loss 0.7769 | 154400/15745 batches
[2025-05-21 14:52:20.667148]: text loss 0.7813 | 154600/15745 batches
[2025-05-21 14:54:03.857217]: text loss 0.7658 | 154800/15745 batches
[2025-05-21 14:55:46.503875]: text loss 0.7709 | 155000/15745 batches
[2025-05-21 14:57:29.388178]: text loss 0.7755 | 155200/15745 batches
[2025-05-21 14:59:11.465905]: text loss 0.7686 | 155400/15745 batches
[2025-05-21 15:00:54.981244]: text loss 0.7716 | 155600/15745 batches
[2025-05-21 15:02:38.683730]: text loss 0.7764 | 155800/15745 batches
[2025-05-21 15:04:22.353648]: text loss 0.7709 | 156000/15745 batches
[2025-05-21 15:06:03.495499]: text loss 0.7794 | 156200/15745 batches
[2025-05-21 15:07:46.764414]: text loss 0.7733 | 156400/15745 batches
[2025-05-21 15:09:29.722452]: text loss 0.7677 | 156600/15745 batches
[2025-05-21 15:11:13.028663]: text loss 0.7745 | 156800/15745 batches
[2025-05-21 15:12:56.933453]: text loss 0.7777 | 157000/15745 batches
[2025-05-21 15:14:39.391333]: text loss 0.7739 | 157200/15745 batches
[2025-05-21 15:16:23.515001]: text loss 0.7606 | 157400/15745 batches
[2025-05-21 15:16:49.158373]: text loss 0.7580 | 157450/15745 batches
[2025-05-21 15:16:49.159244]: validation
[2025-05-21 15:16:53.418996]: explanation loss 2.4843
[2025-05-21 15:17:01.069772]: rationale loss 1.2458
[2025-05-21 15:17:16.811676]: sequential loss 2.3145
[2025-05-21 15:19:07.477141]: top-N loss 1.1028
[2025-05-21 15:19:07.878075]: epoch 11
[2025-05-21 15:20:23.554923]: text loss 0.7503 | 157600/15745 batches
[2025-05-21 15:22:04.609195]: text loss 0.7585 | 157800/15745 batches
[2025-05-21 15:23:47.724957]: text loss 0.7598 | 158000/15745 batches
[2025-05-21 15:25:30.688200]: text loss 0.7568 | 158200/15745 batches
[2025-05-21 15:27:13.886276]: text loss 0.7610 | 158400/15745 batches
[2025-05-21 15:28:57.191415]: text loss 0.7524 | 158600/15745 batches
[2025-05-21 15:30:41.109724]: text loss 0.7576 | 158800/15745 batches
[2025-05-21 15:32:25.234532]: text loss 0.7599 | 159000/15745 batches
[2025-05-21 15:34:09.197639]: text loss 0.7502 | 159200/15745 batches
[2025-05-21 15:35:51.043471]: text loss 0.7575 | 159400/15745 batches
[2025-05-21 15:37:34.300022]: text loss 0.7567 | 159600/15745 batches
[2025-05-21 15:39:17.216028]: text loss 0.7622 | 159800/15745 batches
[2025-05-21 15:41:00.285215]: text loss 0.7516 | 160000/15745 batches
[2025-05-21 15:42:43.427669]: text loss 0.7686 | 160200/15745 batches
[2025-05-21 15:44:26.923175]: text loss 0.7549 | 160400/15745 batches
[2025-05-21 15:46:10.351678]: text loss 0.7547 | 160600/15745 batches
[2025-05-21 15:47:53.598591]: text loss 0.7578 | 160800/15745 batches
[2025-05-21 15:49:36.413633]: text loss 0.7682 | 161000/15745 batches
[2025-05-21 15:51:18.820558]: text loss 0.7533 | 161200/15745 batches
[2025-05-21 15:53:01.406264]: text loss 0.7572 | 161400/15745 batches
[2025-05-21 15:54:44.010268]: text loss 0.7576 | 161600/15745 batches
[2025-05-21 15:56:26.192709]: text loss 0.7528 | 161800/15745 batches
[2025-05-21 15:58:08.756112]: text loss 0.7574 | 162000/15745 batches
[2025-05-21 15:59:51.643706]: text loss 0.7534 | 162200/15745 batches
[2025-05-21 16:01:33.198603]: text loss 0.7490 | 162400/15745 batches
[2025-05-21 16:03:13.554813]: text loss 0.7528 | 162600/15745 batches
[2025-05-21 16:04:54.945267]: text loss 0.7610 | 162800/15745 batches
[2025-05-21 16:06:36.081551]: text loss 0.7626 | 163000/15745 batches
[2025-05-21 16:08:17.759156]: text loss 0.7541 | 163200/15745 batches
[2025-05-21 16:09:59.807281]: text loss 0.7676 | 163400/15745 batches
[2025-05-21 16:11:39.837747]: text loss 0.7716 | 163600/15745 batches
[2025-05-21 16:13:22.441993]: text loss 0.7582 | 163800/15745 batches
[2025-05-21 16:15:05.233098]: text loss 0.7507 | 164000/15745 batches
[2025-05-21 16:16:48.282258]: text loss 0.7582 | 164200/15745 batches
[2025-05-21 16:18:30.007713]: text loss 0.7669 | 164400/15745 batches
[2025-05-21 16:20:12.576432]: text loss 0.7502 | 164600/15745 batches
[2025-05-21 16:21:52.954569]: text loss 0.7636 | 164800/15745 batches
[2025-05-21 16:23:33.465046]: text loss 0.7618 | 165000/15745 batches
[2025-05-21 16:25:15.046544]: text loss 0.7621 | 165200/15745 batches
[2025-05-21 16:26:57.295953]: text loss 0.7670 | 165400/15745 batches
[2025-05-21 16:28:40.141042]: text loss 0.7556 | 165600/15745 batches
[2025-05-21 16:30:22.967084]: text loss 0.7547 | 165800/15745 batches
[2025-05-21 16:32:05.501785]: text loss 0.7624 | 166000/15745 batches
[2025-05-21 16:33:45.870001]: text loss 0.7593 | 166200/15745 batches
[2025-05-21 16:35:26.305859]: text loss 0.7635 | 166400/15745 batches
[2025-05-21 16:37:07.885899]: text loss 0.7631 | 166600/15745 batches
[2025-05-21 16:38:50.034425]: text loss 0.7533 | 166800/15745 batches
[2025-05-21 16:40:31.301239]: text loss 0.7644 | 167000/15745 batches
[2025-05-21 16:42:12.754124]: text loss 0.7646 | 167200/15745 batches
[2025-05-21 16:43:53.440839]: text loss 0.7678 | 167400/15745 batches
[2025-05-21 16:45:35.678931]: text loss 0.7687 | 167600/15745 batches
[2025-05-21 16:47:18.488063]: text loss 0.7597 | 167800/15745 batches
[2025-05-21 16:49:00.961683]: text loss 0.7638 | 168000/15745 batches
[2025-05-21 16:50:41.900390]: text loss 0.7603 | 168200/15745 batches
[2025-05-21 16:52:23.886505]: text loss 0.7675 | 168400/15745 batches
[2025-05-21 16:54:05.575738]: text loss 0.7584 | 168600/15745 batches
[2025-05-21 16:55:48.391988]: text loss 0.7585 | 168800/15745 batches
[2025-05-21 16:57:31.458882]: text loss 0.7614 | 169000/15745 batches
[2025-05-21 16:59:14.722698]: text loss 0.7662 | 169200/15745 batches
[2025-05-21 17:00:58.085239]: text loss 0.7559 | 169400/15745 batches
[2025-05-21 17:02:40.044377]: text loss 0.7711 | 169600/15745 batches
[2025-05-21 17:04:21.732469]: text loss 0.7691 | 169800/15745 batches
[2025-05-21 17:06:03.789876]: text loss 0.7585 | 170000/15745 batches
[2025-05-21 17:07:46.445420]: text loss 0.7671 | 170200/15745 batches
[2025-05-21 17:09:29.341514]: text loss 0.7534 | 170400/15745 batches
[2025-05-21 17:11:12.374352]: text loss 0.7615 | 170600/15745 batches
[2025-05-21 17:12:53.884198]: text loss 0.7600 | 170800/15745 batches
[2025-05-21 17:14:34.497944]: text loss 0.7620 | 171000/15745 batches
[2025-05-21 17:16:17.249315]: text loss 0.7642 | 171200/15745 batches
[2025-05-21 17:17:59.142620]: text loss 0.7650 | 171400/15745 batches
[2025-05-21 17:19:39.312874]: text loss 0.7616 | 171600/15745 batches
[2025-05-21 17:21:19.630371]: text loss 0.7542 | 171800/15745 batches
[2025-05-21 17:23:00.141070]: text loss 0.7589 | 172000/15745 batches
[2025-05-21 17:24:40.626355]: text loss 0.7654 | 172200/15745 batches
[2025-05-21 17:26:23.304236]: text loss 0.7671 | 172400/15745 batches
[2025-05-21 17:28:07.158493]: text loss 0.7728 | 172600/15745 batches
[2025-05-21 17:29:50.775831]: text loss 0.7571 | 172800/15745 batches
[2025-05-21 17:31:34.136089]: text loss 0.7607 | 173000/15745 batches
[2025-05-21 17:33:14.076842]: text loss 0.7637 | 173195/15745 batches
[2025-05-21 17:33:14.077391]: validation
[2025-05-21 17:33:18.280794]: explanation loss 2.4862
[2025-05-21 17:33:25.919746]: rationale loss 1.2443
[2025-05-21 17:33:41.601682]: sequential loss 2.3204
[2025-05-21 17:35:31.577741]: top-N loss 1.1071
[2025-05-21 17:35:31.577836]: Endured 2 time(s)
[2025-05-21 17:35:31.577864]: epoch 12
[2025-05-21 17:35:34.085585]: text loss 0.7624 | 173200/15745 batches
[2025-05-21 17:37:16.104253]: text loss 0.7359 | 173400/15745 batches
[2025-05-21 17:38:57.421488]: text loss 0.7399 | 173600/15745 batches
[2025-05-21 17:40:39.993884]: text loss 0.7425 | 173800/15745 batches
[2025-05-21 17:42:22.349115]: text loss 0.7417 | 174000/15745 batches
[2025-05-21 17:44:03.666917]: text loss 0.7438 | 174200/15745 batches
[2025-05-21 17:45:46.096248]: text loss 0.7542 | 174400/15745 batches
[2025-05-21 17:47:28.550580]: text loss 0.7465 | 174600/15745 batches
[2025-05-21 17:49:12.232641]: text loss 0.7492 | 174800/15745 batches
[2025-05-21 17:50:55.166242]: text loss 0.7443 | 175000/15745 batches
[2025-05-21 17:52:36.241760]: text loss 0.7425 | 175200/15745 batches
[2025-05-21 17:54:19.086490]: text loss 0.7434 | 175400/15745 batches
[2025-05-21 17:56:00.341566]: text loss 0.7463 | 175600/15745 batches
[2025-05-21 17:57:40.910008]: text loss 0.7445 | 175800/15745 batches
[2025-05-21 17:59:22.093901]: text loss 0.7449 | 176000/15745 batches
[2025-05-21 18:01:04.579062]: text loss 0.7458 | 176200/15745 batches
[2025-05-21 18:02:47.008614]: text loss 0.7498 | 176400/15745 batches
[2025-05-21 18:04:28.270175]: text loss 0.7507 | 176600/15745 batches
[2025-05-21 18:06:09.403941]: text loss 0.7416 | 176800/15745 batches
[2025-05-21 18:07:54.144553]: text loss 0.7608 | 177000/15745 batches
[2025-05-21 18:09:34.906733]: text loss 0.7482 | 177200/15745 batches
[2025-05-21 18:11:15.943347]: text loss 0.7457 | 177400/15745 batches
[2025-05-21 18:12:56.258208]: text loss 0.7503 | 177600/15745 batches
[2025-05-21 18:14:37.712262]: text loss 0.7503 | 177800/15745 batches
[2025-05-21 18:16:18.566124]: text loss 0.7521 | 178000/15745 batches
[2025-05-21 18:17:59.967639]: text loss 0.7491 | 178200/15745 batches
[2025-05-21 18:19:42.071824]: text loss 0.7395 | 178400/15745 batches
[2025-05-21 18:21:24.979867]: text loss 0.7410 | 178600/15745 batches
[2025-05-21 18:23:07.844934]: text loss 0.7584 | 178800/15745 batches
[2025-05-21 18:24:50.395941]: text loss 0.7435 | 179000/15745 batches
[2025-05-21 18:26:32.757652]: text loss 0.7531 | 179200/15745 batches
[2025-05-21 18:28:15.455160]: text loss 0.7500 | 179400/15745 batches
[2025-05-21 18:29:58.914275]: text loss 0.7512 | 179600/15745 batches
[2025-05-21 18:31:41.188453]: text loss 0.7404 | 179800/15745 batches
[2025-05-21 18:33:23.007950]: text loss 0.7475 | 180000/15745 batches
[2025-05-21 18:35:05.022273]: text loss 0.7457 | 180200/15745 batches
[2025-05-21 18:36:46.111655]: text loss 0.7435 | 180400/15745 batches
[2025-05-21 18:38:27.244151]: text loss 0.7485 | 180600/15745 batches
[2025-05-21 18:40:10.064804]: text loss 0.7442 | 180800/15745 batches
[2025-05-21 18:41:53.048186]: text loss 0.7447 | 181000/15745 batches
[2025-05-21 18:43:36.023995]: text loss 0.7509 | 181200/15745 batches
[2025-05-21 18:45:16.283692]: text loss 0.7518 | 181400/15745 batches
[2025-05-21 18:46:57.381895]: text loss 0.7501 | 181600/15745 batches
[2025-05-21 18:48:38.886623]: text loss 0.7532 | 181800/15745 batches
[2025-05-21 18:50:22.186205]: text loss 0.7440 | 182000/15745 batches
[2025-05-21 18:52:04.808134]: text loss 0.7494 | 182200/15745 batches
[2025-05-21 18:53:48.280110]: text loss 0.7427 | 182400/15745 batches
[2025-05-21 18:55:31.624298]: text loss 0.7542 | 182600/15745 batches
[2025-05-21 18:57:15.045554]: text loss 0.7565 | 182800/15745 batches
[2025-05-21 18:58:56.586094]: text loss 0.7505 | 183000/15745 batches
[2025-05-21 19:00:38.590303]: text loss 0.7566 | 183200/15745 batches
[2025-05-21 19:02:19.119882]: text loss 0.7508 | 183400/15745 batches
[2025-05-21 19:04:02.016222]: text loss 0.7439 | 183600/15745 batches
[2025-05-21 19:05:44.545235]: text loss 0.7495 | 183800/15745 batches
[2025-05-21 19:07:27.257464]: text loss 0.7526 | 184000/15745 batches
[2025-05-21 19:09:08.728460]: text loss 0.7578 | 184200/15745 batches
[2025-05-21 19:10:49.786976]: text loss 0.7421 | 184400/15745 batches
[2025-05-21 19:12:33.015259]: text loss 0.7652 | 184600/15745 batches
[2025-05-21 19:14:15.321079]: text loss 0.7613 | 184800/15745 batches
[2025-05-21 19:15:58.108612]: text loss 0.7422 | 185000/15745 batches
[2025-05-21 19:17:41.553652]: text loss 0.7421 | 185200/15745 batches
[2025-05-21 19:19:25.187930]: text loss 0.7527 | 185400/15745 batches
[2025-05-21 19:21:06.804464]: text loss 0.7519 | 185600/15745 batches
[2025-05-21 19:22:48.809767]: text loss 0.7519 | 185800/15745 batches
[2025-05-21 19:24:31.445171]: text loss 0.7488 | 186000/15745 batches
[2025-05-21 19:26:14.339499]: text loss 0.7615 | 186200/15745 batches
[2025-05-21 19:27:57.695924]: text loss 0.7567 | 186400/15745 batches
[2025-05-21 19:29:38.713302]: text loss 0.7419 | 186600/15745 batches
[2025-05-21 19:31:20.542202]: text loss 0.7557 | 186800/15745 batches
[2025-05-21 19:33:01.215826]: text loss 0.7575 | 187000/15745 batches
[2025-05-21 19:34:43.408855]: text loss 0.7481 | 187200/15745 batches
[2025-05-21 19:36:23.803597]: text loss 0.7481 | 187400/15745 batches
[2025-05-21 19:38:03.817035]: text loss 0.7520 | 187600/15745 batches
[2025-05-21 19:39:43.838139]: text loss 0.7555 | 187800/15745 batches
[2025-05-21 19:41:23.814328]: text loss 0.7538 | 188000/15745 batches
[2025-05-21 19:43:03.783555]: text loss 0.7514 | 188200/15745 batches
[2025-05-21 19:44:44.037572]: text loss 0.7483 | 188400/15745 batches
[2025-05-21 19:46:24.833222]: text loss 0.7511 | 188600/15745 batches
[2025-05-21 19:48:07.394820]: text loss 0.7468 | 188800/15745 batches
[2025-05-21 19:49:17.480065]: text loss 0.7473 | 188940/15745 batches
[2025-05-21 19:49:17.480627]: validation
[2025-05-21 19:49:21.672228]: explanation loss 2.4928
[2025-05-21 19:49:29.279972]: rationale loss 1.2475
[2025-05-21 19:49:44.943399]: sequential loss 2.3271
[2025-05-21 19:51:34.669204]: top-N loss 1.1107
[2025-05-21 19:51:34.669300]: Endured 3 time(s)
[2025-05-21 19:51:34.669324]: epoch 13
[2025-05-21 19:52:04.854693]: text loss 0.7337 | 189000/15745 batches
[2025-05-21 19:53:47.691506]: text loss 0.7241 | 189200/15745 batches
[2025-05-21 19:55:27.994050]: text loss 0.7278 | 189400/15745 batches
[2025-05-21 19:57:08.458128]: text loss 0.7310 | 189600/15745 batches
[2025-05-21 19:58:50.427068]: text loss 0.7335 | 189800/15745 batches
[2025-05-21 20:00:33.274383]: text loss 0.7225 | 190000/15745 batches
[2025-05-21 20:02:16.027952]: text loss 0.7382 | 190200/15745 batches
[2025-05-21 20:03:58.962434]: text loss 0.7261 | 190400/15745 batches
[2025-05-21 20:05:41.300091]: text loss 0.7366 | 190600/15745 batches
[2025-05-21 20:07:23.235267]: text loss 0.7358 | 190800/15745 batches
[2025-05-21 20:09:03.475612]: text loss 0.7405 | 191000/15745 batches
[2025-05-21 20:10:43.741821]: text loss 0.7350 | 191200/15745 batches
[2025-05-21 20:12:24.514467]: text loss 0.7343 | 191400/15745 batches
[2025-05-21 20:14:06.678643]: text loss 0.7409 | 191600/15745 batches
[2025-05-21 20:15:48.048515]: text loss 0.7347 | 191800/15745 batches
[2025-05-21 20:17:30.362761]: text loss 0.7356 | 192000/15745 batches
[2025-05-21 20:19:11.949709]: text loss 0.7385 | 192200/15745 batches
[2025-05-21 20:20:53.828348]: text loss 0.7392 | 192400/15745 batches
[2025-05-21 20:22:36.351049]: text loss 0.7371 | 192600/15745 batches
[2025-05-21 20:24:18.305201]: text loss 0.7350 | 192800/15745 batches
[2025-05-21 20:25:59.321428]: text loss 0.7314 | 193000/15745 batches
[2025-05-21 20:27:41.759511]: text loss 0.7354 | 193200/15745 batches
[2025-05-21 20:29:24.578283]: text loss 0.7384 | 193400/15745 batches
[2025-05-21 20:31:06.887907]: text loss 0.7314 | 193600/15745 batches
[2025-05-21 20:32:48.465318]: text loss 0.7444 | 193800/15745 batches
[2025-05-21 20:34:30.572364]: text loss 0.7434 | 194000/15745 batches
[2025-05-21 20:36:11.818985]: text loss 0.7415 | 194200/15745 batches
[2025-05-21 20:37:53.432697]: text loss 0.7263 | 194400/15745 batches
[2025-05-21 20:39:34.851555]: text loss 0.7400 | 194600/15745 batches
[2025-05-21 20:41:17.736564]: text loss 0.7381 | 194800/15745 batches
[2025-05-21 20:43:00.105371]: text loss 0.7411 | 195000/15745 batches
[2025-05-21 20:44:42.944441]: text loss 0.7341 | 195200/15745 batches
[2025-05-21 20:46:25.330096]: text loss 0.7378 | 195400/15745 batches
[2025-05-21 20:48:07.376951]: text loss 0.7475 | 195600/15745 batches
[2025-05-21 20:49:47.918730]: text loss 0.7341 | 195800/15745 batches
[2025-05-21 20:51:29.513584]: text loss 0.7291 | 196000/15745 batches
[2025-05-21 20:53:11.206820]: text loss 0.7366 | 196200/15745 batches
[2025-05-21 20:54:52.484105]: text loss 0.7346 | 196400/15745 batches
[2025-05-21 20:56:35.147038]: text loss 0.7369 | 196600/15745 batches
[2025-05-21 20:58:16.406317]: text loss 0.7494 | 196800/15745 batches
[2025-05-21 20:59:59.672187]: text loss 0.7410 | 197000/15745 batches
[2025-05-21 21:01:42.330845]: text loss 0.7347 | 197200/15745 batches
[2025-05-21 21:03:25.460699]: text loss 0.7413 | 197400/15745 batches
[2025-05-21 21:05:08.575651]: text loss 0.7404 | 197600/15745 batches
[2025-05-21 21:06:51.453762]: text loss 0.7359 | 197800/15745 batches
[2025-05-21 21:08:33.459490]: text loss 0.7427 | 198000/15745 batches
[2025-05-21 21:10:14.683503]: text loss 0.7385 | 198200/15745 batches
[2025-05-21 21:11:57.255049]: text loss 0.7411 | 198400/15745 batches
[2025-05-21 21:13:40.435463]: text loss 0.7369 | 198600/15745 batches
[2025-05-21 21:15:23.862522]: text loss 0.7443 | 198800/15745 batches
[2025-05-21 21:17:06.769688]: text loss 0.7388 | 199000/15745 batches
[2025-05-21 21:18:49.396575]: text loss 0.7405 | 199200/15745 batches
[2025-05-21 21:20:31.141797]: text loss 0.7394 | 199400/15745 batches
[2025-05-21 21:22:13.312816]: text loss 0.7329 | 199600/15745 batches
[2025-05-21 21:23:54.375472]: text loss 0.7320 | 199800/15745 batches
[2025-05-21 21:25:36.549109]: text loss 0.7359 | 200000/15745 batches
[2025-05-21 21:27:17.620680]: text loss 0.7364 | 200200/15745 batches
[2025-05-21 21:29:00.118499]: text loss 0.7328 | 200400/15745 batches
[2025-05-21 21:30:41.482995]: text loss 0.7336 | 200600/15745 batches
[2025-05-21 21:32:23.262490]: text loss 0.7401 | 200800/15745 batches
[2025-05-21 21:34:05.090798]: text loss 0.7456 | 201000/15745 batches
[2025-05-21 21:35:46.718272]: text loss 0.7426 | 201200/15745 batches
[2025-05-21 21:37:28.998343]: text loss 0.7391 | 201400/15745 batches
[2025-05-21 21:39:11.035257]: text loss 0.7460 | 201600/15745 batches
[2025-05-21 21:40:53.073946]: text loss 0.7398 | 201800/15745 batches
[2025-05-21 21:42:34.794776]: text loss 0.7455 | 202000/15745 batches
[2025-05-21 21:44:16.626195]: text loss 0.7473 | 202200/15745 batches
[2025-05-21 21:45:58.339052]: text loss 0.7371 | 202400/15745 batches
[2025-05-21 21:47:40.470174]: text loss 0.7465 | 202600/15745 batches
[2025-05-21 21:49:22.077887]: text loss 0.7402 | 202800/15745 batches
[2025-05-21 21:51:05.095504]: text loss 0.7400 | 203000/15745 batches
[2025-05-21 21:52:46.601385]: text loss 0.7423 | 203200/15745 batches
[2025-05-21 21:54:28.596155]: text loss 0.7340 | 203400/15745 batches
[2025-05-21 21:56:10.877680]: text loss 0.7363 | 203600/15745 batches
[2025-05-21 21:57:51.164757]: text loss 0.7456 | 203800/15745 batches
[2025-05-21 21:59:31.343500]: text loss 0.7406 | 204000/15745 batches
[2025-05-21 22:01:11.993178]: text loss 0.7410 | 204200/15745 batches
[2025-05-21 22:02:54.785914]: text loss 0.7408 | 204400/15745 batches
[2025-05-21 22:04:37.562822]: text loss 0.7403 | 204600/15745 batches
[2025-05-21 22:05:20.825240]: text loss 0.7414 | 204685/15745 batches
[2025-05-21 22:05:20.825682]: validation
[2025-05-21 22:05:25.021537]: explanation loss 2.5002
[2025-05-21 22:05:32.647971]: rationale loss 1.2485
[2025-05-21 22:05:48.561657]: sequential loss 2.3512
[2025-05-21 22:07:39.462609]: top-N loss 1.1263
[2025-05-21 22:07:39.462707]: Endured 4 time(s)
[2025-05-21 22:07:39.462733]: epoch 14
[2025-05-21 22:08:38.022391]: text loss 0.7229 | 204800/15745 batches
[2025-05-21 22:10:19.434998]: text loss 0.7189 | 205000/15745 batches
[2025-05-21 22:12:01.650606]: text loss 0.7190 | 205200/15745 batches
[2025-05-21 22:13:43.604064]: text loss 0.7227 | 205400/15745 batches
[2025-05-21 22:15:26.525197]: text loss 0.7163 | 205600/15745 batches
[2025-05-21 22:17:09.568596]: text loss 0.7251 | 205800/15745 batches
[2025-05-21 22:18:51.489900]: text loss 0.7172 | 206000/15745 batches
[2025-05-21 22:20:33.159532]: text loss 0.7250 | 206200/15745 batches
[2025-05-21 22:22:15.748321]: text loss 0.7230 | 206400/15745 batches
[2025-05-21 22:23:59.110668]: text loss 0.7248 | 206600/15745 batches
[2025-05-21 22:25:41.938253]: text loss 0.7212 | 206800/15745 batches
[2025-05-21 22:27:23.280956]: text loss 0.7195 | 207000/15745 batches
[2025-05-21 22:29:05.158774]: text loss 0.7339 | 207200/15745 batches
[2025-05-21 22:30:47.053986]: text loss 0.7180 | 207400/15745 batches
[2025-05-21 22:32:29.507538]: text loss 0.7226 | 207600/15745 batches
[2025-05-21 22:34:11.447321]: text loss 0.7244 | 207800/15745 batches
[2025-05-21 22:35:54.310928]: text loss 0.7257 | 208000/15745 batches
[2025-05-21 22:37:36.448162]: text loss 0.7221 | 208200/15745 batches
[2025-05-21 22:39:19.329870]: text loss 0.7297 | 208400/15745 batches
[2025-05-21 22:41:01.452693]: text loss 0.7257 | 208600/15745 batches
[2025-05-21 22:42:43.720699]: text loss 0.7271 | 208800/15745 batches
[2025-05-21 22:44:25.549277]: text loss 0.7326 | 209000/15745 batches
[2025-05-21 22:46:07.386508]: text loss 0.7300 | 209200/15745 batches
[2025-05-21 22:47:49.243543]: text loss 0.7307 | 209400/15745 batches
[2025-05-21 22:49:31.148370]: text loss 0.7235 | 209600/15745 batches
[2025-05-21 22:51:12.910347]: text loss 0.7307 | 209800/15745 batches
[2025-05-21 22:52:54.722655]: text loss 0.7201 | 210000/15745 batches
[2025-05-21 22:54:37.020781]: text loss 0.7279 | 210200/15745 batches
[2025-05-21 22:56:18.206230]: text loss 0.7394 | 210400/15745 batches
[2025-05-21 22:58:00.728705]: text loss 0.7161 | 210600/15745 batches
[2025-05-21 22:59:43.071068]: text loss 0.7231 | 210800/15745 batches
[2025-05-21 23:01:25.687798]: text loss 0.7180 | 211000/15745 batches
[2025-05-21 23:03:06.952569]: text loss 0.7201 | 211200/15745 batches
[2025-05-21 23:04:49.329382]: text loss 0.7254 | 211400/15745 batches
[2025-05-21 23:06:29.931379]: text loss 0.7199 | 211600/15745 batches
[2025-05-21 23:08:11.294522]: text loss 0.7366 | 211800/15745 batches
[2025-05-21 23:09:53.528677]: text loss 0.7214 | 212000/15745 batches
[2025-05-21 23:11:35.995808]: text loss 0.7247 | 212200/15745 batches
[2025-05-21 23:13:16.936094]: text loss 0.7304 | 212400/15745 batches
[2025-05-21 23:14:58.942506]: text loss 0.7289 | 212600/15745 batches
[2025-05-21 23:16:41.401978]: text loss 0.7200 | 212800/15745 batches
[2025-05-21 23:18:23.149624]: text loss 0.7274 | 213000/15745 batches
[2025-05-21 23:20:04.794205]: text loss 0.7255 | 213200/15745 batches
[2025-05-21 23:21:45.658897]: text loss 0.7367 | 213400/15745 batches
[2025-05-21 23:23:27.559583]: text loss 0.7283 | 213600/15745 batches
[2025-05-21 23:25:09.167164]: text loss 0.7261 | 213800/15745 batches
[2025-05-21 23:26:50.862329]: text loss 0.7224 | 214000/15745 batches
[2025-05-21 23:28:33.044990]: text loss 0.7264 | 214200/15745 batches
[2025-05-21 23:30:14.808615]: text loss 0.7318 | 214400/15745 batches
[2025-05-21 23:31:56.256425]: text loss 0.7264 | 214600/15745 batches
[2025-05-21 23:33:37.532284]: text loss 0.7264 | 214800/15745 batches
[2025-05-21 23:35:19.578046]: text loss 0.7411 | 215000/15745 batches
[2025-05-21 23:37:01.440926]: text loss 0.7336 | 215200/15745 batches
[2025-05-21 23:38:42.164380]: text loss 0.7240 | 215400/15745 batches
[2025-05-21 23:40:24.884070]: text loss 0.7344 | 215600/15745 batches
[2025-05-21 23:42:07.359949]: text loss 0.7209 | 215800/15745 batches
[2025-05-21 23:43:50.536354]: text loss 0.7283 | 216000/15745 batches
[2025-05-21 23:45:32.092382]: text loss 0.7297 | 216200/15745 batches
[2025-05-21 23:47:13.665932]: text loss 0.7319 | 216400/15745 batches
[2025-05-21 23:48:55.319618]: text loss 0.7291 | 216600/15745 batches
[2025-05-21 23:50:37.998547]: text loss 0.7399 | 216800/15745 batches
[2025-05-21 23:52:19.949341]: text loss 0.7377 | 217000/15745 batches
[2025-05-21 23:54:01.299276]: text loss 0.7314 | 217200/15745 batches
[2025-05-21 23:55:42.579603]: text loss 0.7190 | 217400/15745 batches
[2025-05-21 23:57:23.797458]: text loss 0.7270 | 217600/15745 batches
[2025-05-21 23:59:05.065521]: text loss 0.7290 | 217800/15745 batches
[2025-05-22 00:00:48.102352]: text loss 0.7371 | 218000/15745 batches
[2025-05-22 00:02:29.290390]: text loss 0.7370 | 218200/15745 batches
[2025-05-22 00:04:10.533699]: text loss 0.7353 | 218400/15745 batches
[2025-05-22 00:05:52.486237]: text loss 0.7389 | 218600/15745 batches
[2025-05-22 00:07:34.511942]: text loss 0.7372 | 218800/15745 batches
[2025-05-22 00:09:15.761122]: text loss 0.7311 | 219000/15745 batches
[2025-05-22 00:10:57.366874]: text loss 0.7354 | 219200/15745 batches
[2025-05-22 00:12:39.106067]: text loss 0.7383 | 219400/15745 batches
[2025-05-22 00:14:20.935970]: text loss 0.7349 | 219600/15745 batches
[2025-05-22 00:16:02.971791]: text loss 0.7341 | 219800/15745 batches
[2025-05-22 00:17:45.418023]: text loss 0.7279 | 220000/15745 batches
[2025-05-22 00:19:26.725752]: text loss 0.7330 | 220200/15745 batches
[2025-05-22 00:21:10.029625]: text loss 0.7291 | 220400/15745 batches
[2025-05-22 00:21:25.306903]: text loss 0.7159 | 220430/15745 batches
[2025-05-22 00:21:25.307610]: validation
[2025-05-22 00:21:29.513781]: explanation loss 2.4992
[2025-05-22 00:21:37.163599]: rationale loss 1.2490
[2025-05-22 00:21:53.040959]: sequential loss 2.4100
[2025-05-22 00:23:45.081048]: top-N loss 1.1501
[2025-05-22 00:23:45.081147]: Endured 5 time(s)
[2025-05-22 00:23:45.081169]: Cannot endure it anymore | Exiting from early stop
