nohup: ignoring input
/home/zhongyikun/anaconda3/envs/RDRec/lib/python3.12/site-packages/transformers/utils/generic.py:441: FutureWarning: `torch.utils._pytree._register_pytree_node` is deprecated. Please use `torch.utils._pytree.register_pytree_node` instead.
  _torch_pytree._register_pytree_node(
/home/zhongyikun/anaconda3/envs/RDRec/lib/python3.12/site-packages/transformers/utils/generic.py:309: FutureWarning: `torch.utils._pytree._register_pytree_node` is deprecated. Please use `torch.utils._pytree.register_pytree_node` instead.
  _torch_pytree._register_pytree_node(
/home/zhongyikun/anaconda3/envs/RDRec/lib/python3.12/site-packages/transformers/utils/generic.py:309: FutureWarning: `torch.utils._pytree._register_pytree_node` is deprecated. Please use `torch.utils._pytree.register_pytree_node` instead.
  _torch_pytree._register_pytree_node(
/home/zhongyikun/anaconda3/envs/RDRec/lib/python3.12/site-packages/huggingface_hub/file_download.py:896: FutureWarning: `resume_download` is deprecated and will be removed in version 1.0.0. Downloads always resume when possible. If you want to force a new download, use `force_download=True`.
  warnings.warn(
You are using the default legacy behaviour of the <class 'transformers.models.t5.tokenization_t5.T5Tokenizer'>. This is expected, and simply means that the `legacy` (previous) behavior will be used so nothing changes for you. If you want to use the new behaviour, set `legacy=False`. This should only be set if you understand what it means, and thouroughly read the reason why this was added as explained in https://github.com/huggingface/transformers/pull/24565
Special tokens have been added in the vocabulary, make sure the associated word embeddings are fine-tuned or trained.
Some weights of Solomon were not initialized from the model checkpoint at t5-small and are newly initialized: ['conv1d.weight']
You should probably TRAIN this model on a down-stream task to be able to use it for predictions and inference.
----------------------------------------ARGUMENTS----------------------------------------
data_dir                                 ./data/beauty/
model_version                            0
task_num                                 5
prompt_num                               3
lr                                       0.0005
ratio                                    1:1:1:3
epochs                                   100
batch_size                               64
cuda                                     True
log_interval                             200
checkpoint                               ./checkpoint/beauty_1113/
endure_times                             5
exp_len                                  20
negative_num                             99
----------------------------------------ARGUMENTS----------------------------------------
[2025-05-14 20:37:15.479886]: Loading data
[2025-05-14 20:37:27.074087]: Start training
[2025-05-14 20:37:27.074158]: epoch 1
[2025-05-14 20:39:03.230348]: text loss 1.3499 |   200/10628 batches
[2025-05-14 20:40:39.197643]: text loss 1.0688 |   400/10628 batches
[2025-05-14 20:42:17.220899]: text loss 1.0716 |   600/10628 batches
[2025-05-14 20:43:54.334021]: text loss 1.0241 |   800/10628 batches
[2025-05-14 20:45:30.326639]: text loss 0.9863 |  1000/10628 batches
[2025-05-14 20:47:06.591964]: text loss 0.9945 |  1200/10628 batches
[2025-05-14 20:48:44.881601]: text loss 0.9880 |  1400/10628 batches
[2025-05-14 20:50:23.207236]: text loss 0.9651 |  1600/10628 batches
[2025-05-14 20:52:01.543171]: text loss 0.9764 |  1800/10628 batches
[2025-05-14 20:53:38.461595]: text loss 0.9642 |  2000/10628 batches
[2025-05-14 20:55:14.190674]: text loss 0.9425 |  2200/10628 batches
[2025-05-14 20:56:50.033447]: text loss 0.9368 |  2400/10628 batches
[2025-05-14 20:58:25.788997]: text loss 0.9497 |  2600/10628 batches
[2025-05-14 21:00:01.625438]: text loss 0.9501 |  2800/10628 batches
[2025-05-14 21:01:37.436460]: text loss 0.9128 |  3000/10628 batches
[2025-05-14 21:03:14.986505]: text loss 0.9179 |  3200/10628 batches
[2025-05-14 21:04:53.310833]: text loss 0.9325 |  3400/10628 batches
[2025-05-14 21:06:31.696946]: text loss 0.9300 |  3600/10628 batches
[2025-05-14 21:08:10.056508]: text loss 0.9183 |  3800/10628 batches
[2025-05-14 21:09:48.420845]: text loss 0.9319 |  4000/10628 batches
[2025-05-14 21:11:26.676655]: text loss 0.9221 |  4200/10628 batches
[2025-05-14 21:13:03.492143]: text loss 0.9171 |  4400/10628 batches
[2025-05-14 21:14:39.245771]: text loss 0.9130 |  4600/10628 batches
[2025-05-14 21:16:15.034069]: text loss 0.9169 |  4800/10628 batches
[2025-05-14 21:17:51.816517]: text loss 0.9152 |  5000/10628 batches
[2025-05-14 21:19:29.133365]: text loss 0.9180 |  5200/10628 batches
[2025-05-14 21:21:07.423069]: text loss 0.9072 |  5400/10628 batches
[2025-05-14 21:22:44.153779]: text loss 0.9058 |  5600/10628 batches
[2025-05-14 21:24:19.983733]: text loss 0.8982 |  5800/10628 batches
[2025-05-14 21:25:55.915172]: text loss 0.9179 |  6000/10628 batches
[2025-05-14 21:27:31.768863]: text loss 0.9087 |  6200/10628 batches
[2025-05-14 21:29:07.579188]: text loss 0.9096 |  6400/10628 batches
[2025-05-14 21:30:43.598380]: text loss 0.9064 |  6600/10628 batches
[2025-05-14 21:32:19.566467]: text loss 0.8876 |  6800/10628 batches
[2025-05-14 21:33:57.234583]: text loss 0.8991 |  7000/10628 batches
[2025-05-14 21:35:35.678335]: text loss 0.9055 |  7200/10628 batches
[2025-05-14 21:37:13.262945]: text loss 0.9042 |  7400/10628 batches
[2025-05-14 21:38:49.126639]: text loss 0.8895 |  7600/10628 batches
[2025-05-14 21:40:24.922251]: text loss 0.8788 |  7800/10628 batches
[2025-05-14 21:42:00.561030]: text loss 0.8764 |  8000/10628 batches
[2025-05-14 21:43:36.322688]: text loss 0.8930 |  8200/10628 batches
[2025-05-14 21:45:14.103669]: text loss 0.9027 |  8400/10628 batches
[2025-05-14 21:46:51.828593]: text loss 0.8902 |  8600/10628 batches
[2025-05-14 21:48:30.706319]: text loss 0.8735 |  8800/10628 batches
[2025-05-14 21:50:09.589846]: text loss 0.8658 |  9000/10628 batches
[2025-05-14 21:51:48.194712]: text loss 0.8861 |  9200/10628 batches
[2025-05-14 21:53:26.813284]: text loss 0.9126 |  9400/10628 batches
[2025-05-14 21:55:05.139473]: text loss 0.9154 |  9600/10628 batches
[2025-05-14 21:56:42.589863]: text loss 0.8790 |  9800/10628 batches
[2025-05-14 21:58:21.070321]: text loss 0.8791 | 10000/10628 batches
[2025-05-14 21:59:59.370256]: text loss 0.8557 | 10200/10628 batches
[2025-05-14 22:01:36.148450]: text loss 0.8415 | 10400/10628 batches
[2025-05-14 22:03:13.187985]: text loss 0.8454 | 10600/10628 batches
[2025-05-14 22:03:26.956812]: text loss 0.8164 | 10628/10628 batches
[2025-05-14 22:03:26.957361]: validation
[2025-05-14 22:03:29.826629]: explanation loss 2.3142
[2025-05-14 22:03:34.942659]: rationale loss 1.3670
[2025-05-14 22:03:45.146666]: sequential loss 2.3898
[2025-05-14 22:04:52.161263]: top-N loss 1.3960
[2025-05-14 22:04:52.563765]: epoch 2
[2025-05-14 22:06:14.994495]: text loss 0.8679 | 10800/10628 batches
[2025-05-14 22:07:50.840570]: text loss 0.8597 | 11000/10628 batches
[2025-05-14 22:09:26.799775]: text loss 0.8591 | 11200/10628 batches
[2025-05-14 22:11:02.869405]: text loss 0.8596 | 11400/10628 batches
[2025-05-14 22:12:40.308967]: text loss 0.8596 | 11600/10628 batches
[2025-05-14 22:14:18.818205]: text loss 0.8555 | 11800/10628 batches
[2025-05-14 22:15:57.308367]: text loss 0.8584 | 12000/10628 batches
[2025-05-14 22:17:35.601023]: text loss 0.8654 | 12200/10628 batches
[2025-05-14 22:19:13.897801]: text loss 0.8584 | 12400/10628 batches
[2025-05-14 22:20:50.269764]: text loss 0.8595 | 12600/10628 batches
[2025-05-14 22:22:28.226532]: text loss 0.8525 | 12800/10628 batches
[2025-05-14 22:24:06.824837]: text loss 0.8594 | 13000/10628 batches
[2025-05-14 22:25:45.136450]: text loss 0.8496 | 13200/10628 batches
[2025-05-14 22:27:22.465911]: text loss 0.8517 | 13400/10628 batches
[2025-05-14 22:29:00.157655]: text loss 0.8633 | 13600/10628 batches
[2025-05-14 22:30:37.415951]: text loss 0.8601 | 13800/10628 batches
[2025-05-14 22:32:14.117365]: text loss 0.8431 | 14000/10628 batches
[2025-05-14 22:33:51.173408]: text loss 0.8534 | 14200/10628 batches
[2025-05-14 22:35:28.073893]: text loss 0.8534 | 14400/10628 batches
[2025-05-14 22:37:04.649747]: text loss 0.8358 | 14600/10628 batches
[2025-05-14 22:38:41.505011]: text loss 0.8539 | 14800/10628 batches
[2025-05-14 22:40:18.699186]: text loss 0.8543 | 15000/10628 batches
[2025-05-14 22:41:55.736166]: text loss 0.8478 | 15200/10628 batches
[2025-05-14 22:43:33.005341]: text loss 0.8443 | 15400/10628 batches
[2025-05-14 22:45:10.524484]: text loss 0.8354 | 15600/10628 batches
[2025-05-14 22:46:48.045529]: text loss 0.8466 | 15800/10628 batches
[2025-05-14 22:48:25.699479]: text loss 0.8506 | 16000/10628 batches
[2025-05-14 22:50:02.999533]: text loss 0.8410 | 16200/10628 batches
[2025-05-14 22:51:40.443197]: text loss 0.8430 | 16400/10628 batches
[2025-05-14 22:53:17.589036]: text loss 0.8405 | 16600/10628 batches
[2025-05-14 22:54:55.245842]: text loss 0.8377 | 16800/10628 batches
[2025-05-14 22:56:33.041663]: text loss 0.8485 | 17000/10628 batches
[2025-05-14 22:58:10.531723]: text loss 0.8342 | 17200/10628 batches
[2025-05-14 22:59:48.038315]: text loss 0.8341 | 17400/10628 batches
[2025-05-14 23:01:25.970590]: text loss 0.8455 | 17600/10628 batches
[2025-05-14 23:03:04.461786]: text loss 0.8437 | 17800/10628 batches
[2025-05-14 23:04:42.875151]: text loss 0.8394 | 18000/10628 batches
[2025-05-14 23:06:21.332832]: text loss 0.8380 | 18200/10628 batches
[2025-05-14 23:07:59.694374]: text loss 0.8343 | 18400/10628 batches
[2025-05-14 23:09:37.336989]: text loss 0.8426 | 18600/10628 batches
[2025-05-14 23:11:16.240285]: text loss 0.8400 | 18800/10628 batches
[2025-05-14 23:12:55.362923]: text loss 0.8295 | 19000/10628 batches
[2025-05-14 23:14:33.019923]: text loss 0.8437 | 19200/10628 batches
[2025-05-14 23:16:09.967853]: text loss 0.8268 | 19400/10628 batches
[2025-05-14 23:17:47.406822]: text loss 0.8409 | 19600/10628 batches
[2025-05-14 23:19:24.637222]: text loss 0.8310 | 19800/10628 batches
[2025-05-14 23:21:01.793941]: text loss 0.8344 | 20000/10628 batches
[2025-05-14 23:22:39.072389]: text loss 0.8275 | 20200/10628 batches
[2025-05-14 23:24:16.387427]: text loss 0.8301 | 20400/10628 batches
[2025-05-14 23:25:53.484668]: text loss 0.8337 | 20600/10628 batches
[2025-05-14 23:27:30.893930]: text loss 0.8340 | 20800/10628 batches
[2025-05-14 23:29:08.139215]: text loss 0.8277 | 21000/10628 batches
[2025-05-14 23:30:45.270817]: text loss 0.8270 | 21200/10628 batches
[2025-05-14 23:31:12.422056]: text loss 0.8356 | 21256/10628 batches
[2025-05-14 23:31:12.422815]: validation
[2025-05-14 23:31:15.286951]: explanation loss 2.2375
[2025-05-14 23:31:20.407146]: rationale loss 1.3380
[2025-05-14 23:31:30.675163]: sequential loss 2.3365
[2025-05-14 23:32:39.054034]: top-N loss 1.3006
[2025-05-14 23:32:39.487956]: epoch 3
[2025-05-14 23:33:49.617281]: text loss 0.8206 | 21400/10628 batches
[2025-05-14 23:35:28.525117]: text loss 0.8241 | 21600/10628 batches
[2025-05-14 23:37:06.865212]: text loss 0.8219 | 21800/10628 batches
[2025-05-14 23:38:44.594255]: text loss 0.8163 | 22000/10628 batches
[2025-05-14 23:40:23.155246]: text loss 0.8150 | 22200/10628 batches
[2025-05-14 23:42:00.823828]: text loss 0.8149 | 22400/10628 batches
[2025-05-14 23:43:38.661889]: text loss 0.8171 | 22600/10628 batches
[2025-05-14 23:45:16.075652]: text loss 0.8199 | 22800/10628 batches
[2025-05-14 23:46:54.346977]: text loss 0.8140 | 23000/10628 batches
[2025-05-14 23:48:31.825854]: text loss 0.8134 | 23200/10628 batches
[2025-05-14 23:50:09.652022]: text loss 0.8159 | 23400/10628 batches
[2025-05-14 23:51:48.134511]: text loss 0.8138 | 23600/10628 batches
[2025-05-14 23:53:26.933160]: text loss 0.8266 | 23800/10628 batches
[2025-05-14 23:55:06.210868]: text loss 0.8187 | 24000/10628 batches
[2025-05-14 23:56:43.057150]: text loss 0.8197 | 24200/10628 batches
[2025-05-14 23:58:20.728569]: text loss 0.8214 | 24400/10628 batches
[2025-05-14 23:59:58.326102]: text loss 0.8214 | 24600/10628 batches
[2025-05-15 00:01:36.078586]: text loss 0.8176 | 24800/10628 batches
[2025-05-15 00:03:14.769244]: text loss 0.8160 | 25000/10628 batches
[2025-05-15 00:04:53.478131]: text loss 0.8064 | 25200/10628 batches
[2025-05-15 00:06:32.257944]: text loss 0.8195 | 25400/10628 batches
[2025-05-15 00:08:11.161067]: text loss 0.8084 | 25600/10628 batches
[2025-05-15 00:09:48.468634]: text loss 0.8117 | 25800/10628 batches
[2025-05-15 00:11:26.640172]: text loss 0.8164 | 26000/10628 batches
[2025-05-15 00:13:05.193155]: text loss 0.8069 | 26200/10628 batches
[2025-05-15 00:14:42.802612]: text loss 0.8176 | 26400/10628 batches
[2025-05-15 00:16:21.584493]: text loss 0.8087 | 26600/10628 batches
[2025-05-15 00:17:58.738414]: text loss 0.8147 | 26800/10628 batches
[2025-05-15 00:19:35.983196]: text loss 0.8143 | 27000/10628 batches
[2025-05-15 00:21:13.519987]: text loss 0.8087 | 27200/10628 batches
[2025-05-15 00:22:51.844736]: text loss 0.8153 | 27400/10628 batches
[2025-05-15 00:24:30.555513]: text loss 0.8193 | 27600/10628 batches
[2025-05-15 00:26:09.076352]: text loss 0.8132 | 27800/10628 batches
[2025-05-15 00:27:47.633425]: text loss 0.8090 | 28000/10628 batches
[2025-05-15 00:29:26.305983]: text loss 0.8080 | 28200/10628 batches
[2025-05-15 00:31:04.414763]: text loss 0.8106 | 28400/10628 batches
[2025-05-15 00:32:42.452839]: text loss 0.8035 | 28600/10628 batches
[2025-05-15 00:34:19.738887]: text loss 0.8129 | 28800/10628 batches
[2025-05-15 00:35:58.495323]: text loss 0.8078 | 29000/10628 batches
[2025-05-15 00:37:36.259873]: text loss 0.8101 | 29200/10628 batches
[2025-05-15 00:39:15.248379]: text loss 0.8086 | 29400/10628 batches
[2025-05-15 00:40:53.491266]: text loss 0.8100 | 29600/10628 batches
[2025-05-15 00:42:31.336045]: text loss 0.8116 | 29800/10628 batches
[2025-05-15 00:44:09.767280]: text loss 0.8008 | 30000/10628 batches
[2025-05-15 00:45:48.058571]: text loss 0.8107 | 30200/10628 batches
[2025-05-15 00:47:25.880569]: text loss 0.8084 | 30400/10628 batches
[2025-05-15 00:49:03.281362]: text loss 0.8127 | 30600/10628 batches
[2025-05-15 00:50:41.882174]: text loss 0.8066 | 30800/10628 batches
[2025-05-15 00:52:20.633554]: text loss 0.8172 | 31000/10628 batches
[2025-05-15 00:53:58.758767]: text loss 0.8069 | 31200/10628 batches
[2025-05-15 00:55:37.369103]: text loss 0.8048 | 31400/10628 batches
[2025-05-15 00:57:16.116751]: text loss 0.8052 | 31600/10628 batches
[2025-05-15 00:58:55.119519]: text loss 0.8049 | 31800/10628 batches
[2025-05-15 00:59:36.345829]: text loss 0.7981 | 31884/10628 batches
[2025-05-15 00:59:36.346624]: validation
[2025-05-15 00:59:39.272673]: explanation loss 2.1997
[2025-05-15 00:59:44.386749]: rationale loss 1.3247
[2025-05-15 00:59:54.706408]: sequential loss 2.3294
[2025-05-15 01:01:03.106475]: top-N loss 1.2677
[2025-05-15 01:01:03.535037]: epoch 4
[2025-05-15 01:02:00.675490]: text loss 0.7936 | 32000/10628 batches
[2025-05-15 01:03:40.319597]: text loss 0.7973 | 32200/10628 batches
[2025-05-15 01:05:19.544606]: text loss 0.7920 | 32400/10628 batches
[2025-05-15 01:06:58.698242]: text loss 0.7865 | 32600/10628 batches
[2025-05-15 01:08:38.068584]: text loss 0.7947 | 32800/10628 batches
[2025-05-15 01:10:16.884167]: text loss 0.7889 | 33000/10628 batches
[2025-05-15 01:11:55.512843]: text loss 0.7913 | 33200/10628 batches
[2025-05-15 01:13:33.987788]: text loss 0.7895 | 33400/10628 batches
[2025-05-15 01:15:12.643875]: text loss 0.7894 | 33600/10628 batches
[2025-05-15 01:16:50.888632]: text loss 0.7912 | 33800/10628 batches
[2025-05-15 01:18:28.272951]: text loss 0.7987 | 34000/10628 batches
[2025-05-15 01:20:06.423134]: text loss 0.7987 | 34200/10628 batches
[2025-05-15 01:21:43.872970]: text loss 0.7874 | 34400/10628 batches
[2025-05-15 01:23:20.329126]: text loss 0.8004 | 34600/10628 batches
[2025-05-15 01:24:58.295138]: text loss 0.8038 | 34800/10628 batches
[2025-05-15 01:26:36.782295]: text loss 0.7859 | 35000/10628 batches
[2025-05-15 01:28:15.051310]: text loss 0.7870 | 35200/10628 batches
[2025-05-15 01:29:52.740065]: text loss 0.7917 | 35400/10628 batches
[2025-05-15 01:31:30.566736]: text loss 0.7910 | 35600/10628 batches
[2025-05-15 01:33:08.238833]: text loss 0.7926 | 35800/10628 batches
[2025-05-15 01:34:45.264826]: text loss 0.8036 | 36000/10628 batches
[2025-05-15 01:36:23.140008]: text loss 0.7949 | 36200/10628 batches
[2025-05-15 01:38:00.903215]: text loss 0.7907 | 36400/10628 batches
[2025-05-15 01:39:39.478703]: text loss 0.7951 | 36600/10628 batches
[2025-05-15 01:41:17.674622]: text loss 0.8005 | 36800/10628 batches
[2025-05-15 01:42:55.977088]: text loss 0.7910 | 37000/10628 batches
[2025-05-15 01:44:33.754087]: text loss 0.7871 | 37200/10628 batches
[2025-05-15 01:46:11.883630]: text loss 0.7989 | 37400/10628 batches
[2025-05-15 01:47:50.339740]: text loss 0.7917 | 37600/10628 batches
[2025-05-15 01:49:28.366213]: text loss 0.7946 | 37800/10628 batches
[2025-05-15 01:51:06.699877]: text loss 0.7884 | 38000/10628 batches
[2025-05-15 01:52:44.882916]: text loss 0.7814 | 38200/10628 batches
[2025-05-15 01:54:22.841802]: text loss 0.7890 | 38400/10628 batches
[2025-05-15 01:56:01.518309]: text loss 0.7817 | 38600/10628 batches
[2025-05-15 01:57:39.434261]: text loss 0.7905 | 38800/10628 batches
[2025-05-15 01:59:18.547306]: text loss 0.7930 | 39000/10628 batches
[2025-05-15 02:00:57.291219]: text loss 0.7835 | 39200/10628 batches
[2025-05-15 02:02:35.169937]: text loss 0.7900 | 39400/10628 batches
[2025-05-15 02:04:12.817300]: text loss 0.7910 | 39600/10628 batches
[2025-05-15 02:05:51.156266]: text loss 0.7844 | 39800/10628 batches
[2025-05-15 02:07:29.923929]: text loss 0.7870 | 40000/10628 batches
[2025-05-15 02:09:08.725344]: text loss 0.7863 | 40200/10628 batches
[2025-05-15 02:10:48.189420]: text loss 0.7783 | 40400/10628 batches
[2025-05-15 02:12:27.449118]: text loss 0.7935 | 40600/10628 batches
[2025-05-15 02:14:06.060214]: text loss 0.7893 | 40800/10628 batches
[2025-05-15 02:15:44.278996]: text loss 0.7780 | 41000/10628 batches
[2025-05-15 02:17:22.702449]: text loss 0.7940 | 41200/10628 batches
[2025-05-15 02:19:01.143318]: text loss 0.7952 | 41400/10628 batches
[2025-05-15 02:20:38.900756]: text loss 0.7847 | 41600/10628 batches
[2025-05-15 02:22:17.794133]: text loss 0.7911 | 41800/10628 batches
[2025-05-15 02:23:55.776631]: text loss 0.7819 | 42000/10628 batches
[2025-05-15 02:25:33.712944]: text loss 0.7877 | 42200/10628 batches
[2025-05-15 02:27:11.019538]: text loss 0.7973 | 42400/10628 batches
[2025-05-15 02:28:05.613038]: text loss 0.7895 | 42512/10628 batches
[2025-05-15 02:28:05.613834]: validation
[2025-05-15 02:28:08.575207]: explanation loss 2.1612
[2025-05-15 02:28:13.700267]: rationale loss 1.2993
[2025-05-15 02:28:24.188875]: sequential loss 2.2603
[2025-05-15 02:29:32.462392]: top-N loss 1.2204
[2025-05-15 02:29:32.888360]: epoch 5
[2025-05-15 02:30:16.178537]: text loss 0.7828 | 42600/10628 batches
[2025-05-15 02:31:54.670097]: text loss 0.7734 | 42800/10628 batches
[2025-05-15 02:33:32.366422]: text loss 0.7722 | 43000/10628 batches
[2025-05-15 02:35:10.263930]: text loss 0.7771 | 43200/10628 batches
[2025-05-15 02:36:47.567067]: text loss 0.7795 | 43400/10628 batches
[2025-05-15 02:38:25.674647]: text loss 0.7825 | 43600/10628 batches
[2025-05-15 02:40:04.321815]: text loss 0.7699 | 43800/10628 batches
[2025-05-15 02:41:41.628538]: text loss 0.7775 | 44000/10628 batches
[2025-05-15 02:43:20.768255]: text loss 0.7741 | 44200/10628 batches
[2025-05-15 02:44:59.438978]: text loss 0.7728 | 44400/10628 batches
[2025-05-15 02:46:38.175499]: text loss 0.7751 | 44600/10628 batches
[2025-05-15 02:48:16.776558]: text loss 0.7719 | 44800/10628 batches
[2025-05-15 02:49:54.974363]: text loss 0.7805 | 45000/10628 batches
[2025-05-15 02:51:34.176919]: text loss 0.7685 | 45200/10628 batches
[2025-05-15 02:53:13.641729]: text loss 0.7726 | 45400/10628 batches
[2025-05-15 02:54:53.083854]: text loss 0.7746 | 45600/10628 batches
[2025-05-15 02:56:31.200243]: text loss 0.7777 | 45800/10628 batches
[2025-05-15 02:58:10.072028]: text loss 0.7713 | 46000/10628 batches
[2025-05-15 02:59:49.107579]: text loss 0.7714 | 46200/10628 batches
[2025-05-15 03:01:28.382097]: text loss 0.7804 | 46400/10628 batches
[2025-05-15 03:03:07.490257]: text loss 0.7787 | 46600/10628 batches
[2025-05-15 03:04:46.826766]: text loss 0.7662 | 46800/10628 batches
[2025-05-15 03:06:24.521138]: text loss 0.7743 | 47000/10628 batches
[2025-05-15 03:08:03.125766]: text loss 0.7669 | 47200/10628 batches
[2025-05-15 03:09:41.912576]: text loss 0.7694 | 47400/10628 batches
[2025-05-15 03:11:20.914241]: text loss 0.7685 | 47600/10628 batches
[2025-05-15 03:12:59.891414]: text loss 0.7757 | 47800/10628 batches
[2025-05-15 03:14:37.885880]: text loss 0.7781 | 48000/10628 batches
[2025-05-15 03:16:16.059026]: text loss 0.7687 | 48200/10628 batches
[2025-05-15 03:17:55.464358]: text loss 0.7753 | 48400/10628 batches
[2025-05-15 03:19:33.897147]: text loss 0.7740 | 48600/10628 batches
[2025-05-15 03:21:12.290466]: text loss 0.7802 | 48800/10628 batches
[2025-05-15 03:22:50.785991]: text loss 0.7728 | 49000/10628 batches
[2025-05-15 03:24:29.308955]: text loss 0.7745 | 49200/10628 batches
[2025-05-15 03:26:07.528505]: text loss 0.7675 | 49400/10628 batches
[2025-05-15 03:27:46.597432]: text loss 0.7735 | 49600/10628 batches
[2025-05-15 03:29:25.954406]: text loss 0.7788 | 49800/10628 batches
[2025-05-15 03:31:04.276666]: text loss 0.7726 | 50000/10628 batches
[2025-05-15 03:32:42.449495]: text loss 0.7682 | 50200/10628 batches
[2025-05-15 03:34:20.882216]: text loss 0.7663 | 50400/10628 batches
[2025-05-15 03:35:59.625522]: text loss 0.7725 | 50600/10628 batches
[2025-05-15 03:37:37.310742]: text loss 0.7730 | 50800/10628 batches
[2025-05-15 03:39:15.429015]: text loss 0.7702 | 51000/10628 batches
[2025-05-15 03:40:53.116944]: text loss 0.7714 | 51200/10628 batches
[2025-05-15 03:42:32.009914]: text loss 0.7742 | 51400/10628 batches
[2025-05-15 03:44:11.083256]: text loss 0.7718 | 51600/10628 batches
[2025-05-15 03:45:50.699523]: text loss 0.7750 | 51800/10628 batches
[2025-05-15 03:47:28.510505]: text loss 0.7731 | 52000/10628 batches
[2025-05-15 03:49:07.170968]: text loss 0.7687 | 52200/10628 batches
[2025-05-15 03:50:45.975842]: text loss 0.7691 | 52400/10628 batches
[2025-05-15 03:52:24.883860]: text loss 0.7693 | 52600/10628 batches
[2025-05-15 03:54:02.630052]: text loss 0.7614 | 52800/10628 batches
[2025-05-15 03:55:40.770446]: text loss 0.7684 | 53000/10628 batches
[2025-05-15 03:56:48.999083]: text loss 0.7707 | 53140/10628 batches
[2025-05-15 03:56:48.999832]: validation
[2025-05-15 03:56:51.839255]: explanation loss 2.1388
[2025-05-15 03:56:57.000986]: rationale loss 1.2779
[2025-05-15 03:57:07.316704]: sequential loss 2.2984
[2025-05-15 03:58:15.670686]: top-N loss 1.1993
[2025-05-15 03:58:16.087765]: epoch 6
[2025-05-15 03:58:45.477121]: text loss 0.7546 | 53200/10628 batches
[2025-05-15 04:00:23.024743]: text loss 0.7546 | 53400/10628 batches
[2025-05-15 04:02:01.288994]: text loss 0.7595 | 53600/10628 batches
[2025-05-15 04:03:40.567081]: text loss 0.7557 | 53800/10628 batches
[2025-05-15 04:05:19.834865]: text loss 0.7485 | 54000/10628 batches
[2025-05-15 04:06:58.849425]: text loss 0.7626 | 54200/10628 batches
[2025-05-15 04:08:36.905071]: text loss 0.7560 | 54400/10628 batches
[2025-05-15 04:10:14.967782]: text loss 0.7520 | 54600/10628 batches
[2025-05-15 04:11:53.083353]: text loss 0.7571 | 54800/10628 batches
[2025-05-15 04:13:32.080287]: text loss 0.7606 | 55000/10628 batches
[2025-05-15 04:15:10.540475]: text loss 0.7595 | 55200/10628 batches
[2025-05-15 04:16:48.851404]: text loss 0.7563 | 55400/10628 batches
[2025-05-15 04:18:27.351540]: text loss 0.7606 | 55600/10628 batches
[2025-05-15 04:20:05.542731]: text loss 0.7638 | 55800/10628 batches
[2025-05-15 04:21:43.413860]: text loss 0.7605 | 56000/10628 batches
[2025-05-15 04:23:22.361655]: text loss 0.7663 | 56200/10628 batches
[2025-05-15 04:25:00.339168]: text loss 0.7613 | 56400/10628 batches
[2025-05-15 04:26:38.014557]: text loss 0.7598 | 56600/10628 batches
[2025-05-15 04:28:16.252728]: text loss 0.7557 | 56800/10628 batches
[2025-05-15 04:29:54.505872]: text loss 0.7583 | 57000/10628 batches
[2025-05-15 04:31:31.003977]: text loss 0.7623 | 57200/10628 batches
[2025-05-15 04:33:08.318710]: text loss 0.7666 | 57400/10628 batches
[2025-05-15 04:34:45.612893]: text loss 0.7615 | 57600/10628 batches
[2025-05-15 04:36:24.233178]: text loss 0.7606 | 57800/10628 batches
[2025-05-15 04:38:02.236801]: text loss 0.7573 | 58000/10628 batches
[2025-05-15 04:39:41.062577]: text loss 0.7591 | 58200/10628 batches
[2025-05-15 04:41:19.276246]: text loss 0.7537 | 58400/10628 batches
[2025-05-15 04:42:56.531519]: text loss 0.7500 | 58600/10628 batches
[2025-05-15 04:44:33.989325]: text loss 0.7668 | 58800/10628 batches
[2025-05-15 04:46:11.615366]: text loss 0.7607 | 59000/10628 batches
[2025-05-15 04:47:49.675459]: text loss 0.7488 | 59200/10628 batches
[2025-05-15 04:49:28.138877]: text loss 0.7518 | 59400/10628 batches
[2025-05-15 04:51:06.329141]: text loss 0.7502 | 59600/10628 batches
[2025-05-15 04:52:44.030349]: text loss 0.7579 | 59800/10628 batches
[2025-05-15 04:54:21.845794]: text loss 0.7508 | 60000/10628 batches
[2025-05-15 04:55:59.528742]: text loss 0.7567 | 60200/10628 batches
[2025-05-15 04:57:37.426349]: text loss 0.7532 | 60400/10628 batches
[2025-05-15 04:59:16.012113]: text loss 0.7536 | 60600/10628 batches
[2025-05-15 05:00:53.935981]: text loss 0.7570 | 60800/10628 batches
[2025-05-15 05:02:33.177015]: text loss 0.7539 | 61000/10628 batches
[2025-05-15 05:04:10.838518]: text loss 0.7541 | 61200/10628 batches
[2025-05-15 05:05:48.332398]: text loss 0.7548 | 61400/10628 batches
[2025-05-15 05:07:26.160093]: text loss 0.7543 | 61600/10628 batches
[2025-05-15 05:09:03.006961]: text loss 0.7622 | 61800/10628 batches
[2025-05-15 05:10:41.293463]: text loss 0.7547 | 62000/10628 batches
[2025-05-15 05:12:20.544533]: text loss 0.7609 | 62200/10628 batches
[2025-05-15 05:13:58.458049]: text loss 0.7533 | 62400/10628 batches
[2025-05-15 05:15:36.104554]: text loss 0.7593 | 62600/10628 batches
[2025-05-15 05:17:14.230639]: text loss 0.7503 | 62800/10628 batches
[2025-05-15 05:18:52.529377]: text loss 0.7594 | 63000/10628 batches
[2025-05-15 05:20:30.261709]: text loss 0.7568 | 63200/10628 batches
[2025-05-15 05:22:07.744621]: text loss 0.7503 | 63400/10628 batches
[2025-05-15 05:23:44.948358]: text loss 0.7569 | 63600/10628 batches
[2025-05-15 05:25:06.738355]: text loss 0.7532 | 63768/10628 batches
[2025-05-15 05:25:06.739168]: validation
[2025-05-15 05:25:09.692957]: explanation loss 2.1330
[2025-05-15 05:25:14.835938]: rationale loss 1.2188
[2025-05-15 05:25:25.155252]: sequential loss 2.2504
[2025-05-15 05:26:33.490605]: top-N loss 1.1783
[2025-05-15 05:26:33.950092]: epoch 7
[2025-05-15 05:26:49.482135]: text loss 0.7376 | 63800/10628 batches
[2025-05-15 05:28:26.970469]: text loss 0.7334 | 64000/10628 batches
[2025-05-15 05:30:03.869052]: text loss 0.7462 | 64200/10628 batches
[2025-05-15 05:31:41.838190]: text loss 0.7428 | 64400/10628 batches
[2025-05-15 05:33:19.806722]: text loss 0.7361 | 64600/10628 batches
[2025-05-15 05:34:57.621277]: text loss 0.7409 | 64800/10628 batches
[2025-05-15 05:36:36.298626]: text loss 0.7367 | 65000/10628 batches
[2025-05-15 05:38:15.252165]: text loss 0.7368 | 65200/10628 batches
[2025-05-15 05:39:53.284843]: text loss 0.7436 | 65400/10628 batches
[2025-05-15 05:41:31.137754]: text loss 0.7439 | 65600/10628 batches
[2025-05-15 05:43:08.479056]: text loss 0.7403 | 65800/10628 batches
[2025-05-15 05:44:46.067609]: text loss 0.7418 | 66000/10628 batches
[2025-05-15 05:46:23.260056]: text loss 0.7450 | 66200/10628 batches
[2025-05-15 05:48:01.174729]: text loss 0.7446 | 66400/10628 batches
[2025-05-15 05:49:39.372316]: text loss 0.7475 | 66600/10628 batches
[2025-05-15 05:51:17.757284]: text loss 0.7434 | 66800/10628 batches
[2025-05-15 05:52:56.161019]: text loss 0.7505 | 67000/10628 batches
[2025-05-15 05:54:34.498499]: text loss 0.7431 | 67200/10628 batches
[2025-05-15 05:56:11.639014]: text loss 0.7467 | 67400/10628 batches
[2025-05-15 05:57:49.190856]: text loss 0.7466 | 67600/10628 batches
[2025-05-15 05:59:27.527201]: text loss 0.7437 | 67800/10628 batches
[2025-05-15 06:01:04.359066]: text loss 0.7424 | 68000/10628 batches
[2025-05-15 06:02:41.939921]: text loss 0.7419 | 68200/10628 batches
[2025-05-15 06:04:19.543780]: text loss 0.7438 | 68400/10628 batches
[2025-05-15 06:05:57.483599]: text loss 0.7357 | 68600/10628 batches
[2025-05-15 06:07:35.330416]: text loss 0.7493 | 68800/10628 batches
[2025-05-15 06:09:13.168991]: text loss 0.7435 | 69000/10628 batches
[2025-05-15 06:10:50.989684]: text loss 0.7500 | 69200/10628 batches
[2025-05-15 06:12:27.730041]: text loss 0.7424 | 69400/10628 batches
[2025-05-15 06:14:06.265709]: text loss 0.7368 | 69600/10628 batches
[2025-05-15 06:15:44.570422]: text loss 0.7397 | 69800/10628 batches
[2025-05-15 06:17:23.679909]: text loss 0.7355 | 70000/10628 batches
[2025-05-15 06:19:01.083225]: text loss 0.7487 | 70200/10628 batches
[2025-05-15 06:20:38.439199]: text loss 0.7470 | 70400/10628 batches
[2025-05-15 06:22:16.694858]: text loss 0.7387 | 70600/10628 batches
[2025-05-15 06:23:55.271862]: text loss 0.7489 | 70800/10628 batches
[2025-05-15 06:25:32.860161]: text loss 0.7366 | 71000/10628 batches
[2025-05-15 06:27:10.498741]: text loss 0.7447 | 71200/10628 batches
[2025-05-15 06:28:48.017121]: text loss 0.7504 | 71400/10628 batches
[2025-05-15 06:30:24.821747]: text loss 0.7430 | 71600/10628 batches
[2025-05-15 06:32:02.420010]: text loss 0.7511 | 71800/10628 batches
[2025-05-15 06:33:40.931805]: text loss 0.7478 | 72000/10628 batches
[2025-05-15 06:35:19.073568]: text loss 0.7433 | 72200/10628 batches
[2025-05-15 06:36:58.129259]: text loss 0.7443 | 72400/10628 batches
[2025-05-15 06:38:36.233722]: text loss 0.7440 | 72600/10628 batches
[2025-05-15 06:40:13.341627]: text loss 0.7399 | 72800/10628 batches
[2025-05-15 06:41:51.264609]: text loss 0.7410 | 73000/10628 batches
[2025-05-15 06:43:28.743178]: text loss 0.7375 | 73200/10628 batches
[2025-05-15 06:45:05.835407]: text loss 0.7354 | 73400/10628 batches
[2025-05-15 06:46:44.258154]: text loss 0.7388 | 73600/10628 batches
[2025-05-15 06:48:22.828241]: text loss 0.7364 | 73800/10628 batches
[2025-05-15 06:50:01.403131]: text loss 0.7418 | 74000/10628 batches
[2025-05-15 06:51:40.165175]: text loss 0.7467 | 74200/10628 batches
[2025-05-15 06:53:15.668818]: text loss 0.7464 | 74396/10628 batches
[2025-05-15 06:53:15.669836]: validation
[2025-05-15 06:53:18.519526]: explanation loss 2.1228
[2025-05-15 06:53:23.646499]: rationale loss 1.2101
[2025-05-15 06:53:33.925038]: sequential loss 2.2068
[2025-05-15 06:54:42.799089]: top-N loss 1.1712
[2025-05-15 06:54:43.281359]: epoch 8
[2025-05-15 06:54:45.337807]: text loss 0.7054 | 74400/10628 batches
[2025-05-15 06:56:22.975116]: text loss 0.7286 | 74600/10628 batches
[2025-05-15 06:58:00.854328]: text loss 0.7158 | 74800/10628 batches
[2025-05-15 06:59:39.070774]: text loss 0.7258 | 75000/10628 batches
[2025-05-15 07:01:16.438981]: text loss 0.7246 | 75200/10628 batches
[2025-05-15 07:02:54.219065]: text loss 0.7280 | 75400/10628 batches
[2025-05-15 07:04:32.108613]: text loss 0.7261 | 75600/10628 batches
[2025-05-15 07:06:10.502513]: text loss 0.7323 | 75800/10628 batches
[2025-05-15 07:07:48.297114]: text loss 0.7275 | 76000/10628 batches
[2025-05-15 07:09:26.724629]: text loss 0.7272 | 76200/10628 batches
[2025-05-15 07:11:04.356515]: text loss 0.7321 | 76400/10628 batches
[2025-05-15 07:12:42.623922]: text loss 0.7220 | 76600/10628 batches
[2025-05-15 07:14:21.076645]: text loss 0.7288 | 76800/10628 batches
[2025-05-15 07:15:59.576464]: text loss 0.7362 | 77000/10628 batches
[2025-05-15 07:17:37.382015]: text loss 0.7341 | 77200/10628 batches
[2025-05-15 07:19:15.792040]: text loss 0.7262 | 77400/10628 batches
[2025-05-15 07:20:54.584269]: text loss 0.7292 | 77600/10628 batches
[2025-05-15 07:22:32.784715]: text loss 0.7290 | 77800/10628 batches
[2025-05-15 07:24:10.478614]: text loss 0.7203 | 78000/10628 batches
[2025-05-15 07:25:48.616641]: text loss 0.7338 | 78200/10628 batches
[2025-05-15 07:27:25.981847]: text loss 0.7247 | 78400/10628 batches
[2025-05-15 07:29:03.146199]: text loss 0.7241 | 78600/10628 batches
[2025-05-15 07:30:40.299952]: text loss 0.7318 | 78800/10628 batches
[2025-05-15 07:32:17.459624]: text loss 0.7245 | 79000/10628 batches
[2025-05-15 07:33:55.445651]: text loss 0.7184 | 79200/10628 batches
[2025-05-15 07:35:32.289236]: text loss 0.7305 | 79400/10628 batches
[2025-05-15 07:37:09.487080]: text loss 0.7347 | 79600/10628 batches
[2025-05-15 07:38:47.565602]: text loss 0.7362 | 79800/10628 batches
[2025-05-15 07:40:25.565175]: text loss 0.7377 | 80000/10628 batches
[2025-05-15 07:42:02.751927]: text loss 0.7311 | 80200/10628 batches
[2025-05-15 07:43:40.619828]: text loss 0.7309 | 80400/10628 batches
[2025-05-15 07:45:18.129007]: text loss 0.7286 | 80600/10628 batches
[2025-05-15 07:46:55.599203]: text loss 0.7260 | 80800/10628 batches
[2025-05-15 07:48:34.127894]: text loss 0.7322 | 81000/10628 batches
[2025-05-15 07:50:12.305081]: text loss 0.7242 | 81200/10628 batches
[2025-05-15 07:51:50.305365]: text loss 0.7278 | 81400/10628 batches
[2025-05-15 07:53:28.087351]: text loss 0.7341 | 81600/10628 batches
[2025-05-15 07:55:05.347849]: text loss 0.7241 | 81800/10628 batches
[2025-05-15 07:56:42.421628]: text loss 0.7322 | 82000/10628 batches
[2025-05-15 07:58:19.976686]: text loss 0.7287 | 82200/10628 batches
[2025-05-15 07:59:58.057496]: text loss 0.7318 | 82400/10628 batches
[2025-05-15 08:01:34.884129]: text loss 0.7332 | 82600/10628 batches
[2025-05-15 08:03:11.677821]: text loss 0.7345 | 82800/10628 batches
[2025-05-15 08:04:49.468808]: text loss 0.7401 | 83000/10628 batches
[2025-05-15 08:06:27.048173]: text loss 0.7250 | 83200/10628 batches
[2025-05-15 08:08:03.894636]: text loss 0.7235 | 83400/10628 batches
[2025-05-15 08:09:41.464593]: text loss 0.7319 | 83600/10628 batches
[2025-05-15 08:11:18.721323]: text loss 0.7359 | 83800/10628 batches
[2025-05-15 08:12:56.359030]: text loss 0.7276 | 84000/10628 batches
[2025-05-15 08:14:33.650399]: text loss 0.7305 | 84200/10628 batches
[2025-05-15 08:16:11.005549]: text loss 0.7350 | 84400/10628 batches
[2025-05-15 08:17:48.589794]: text loss 0.7314 | 84600/10628 batches
[2025-05-15 08:19:26.067919]: text loss 0.7245 | 84800/10628 batches
[2025-05-15 08:21:03.813015]: text loss 0.7273 | 85000/10628 batches
[2025-05-15 08:21:15.375108]: text loss 0.7243 | 85024/10628 batches
[2025-05-15 08:21:15.375830]: validation
[2025-05-15 08:21:18.225290]: explanation loss 2.1176
[2025-05-15 08:21:23.344020]: rationale loss 1.2108
[2025-05-15 08:21:33.716904]: sequential loss 2.1992
[2025-05-15 08:22:42.940340]: top-N loss 1.1639
[2025-05-15 08:22:43.410471]: epoch 9
[2025-05-15 08:24:09.360077]: text loss 0.7091 | 85200/10628 batches
[2025-05-15 08:25:46.978083]: text loss 0.7100 | 85400/10628 batches
[2025-05-15 08:27:24.534474]: text loss 0.7218 | 85600/10628 batches
[2025-05-15 08:29:02.582531]: text loss 0.7090 | 85800/10628 batches
[2025-05-15 08:30:40.994982]: text loss 0.7106 | 86000/10628 batches
[2025-05-15 08:32:18.031330]: text loss 0.7158 | 86200/10628 batches
[2025-05-15 08:33:56.555389]: text loss 0.7185 | 86400/10628 batches
[2025-05-15 08:35:35.101920]: text loss 0.7180 | 86600/10628 batches
[2025-05-15 08:37:12.834817]: text loss 0.7198 | 86800/10628 batches
[2025-05-15 08:38:50.467169]: text loss 0.7208 | 87000/10628 batches
[2025-05-15 08:40:28.943849]: text loss 0.7116 | 87200/10628 batches
[2025-05-15 08:42:06.546325]: text loss 0.7109 | 87400/10628 batches
[2025-05-15 08:43:43.626407]: text loss 0.7157 | 87600/10628 batches
[2025-05-15 08:45:21.241174]: text loss 0.7152 | 87800/10628 batches
[2025-05-15 08:46:58.860118]: text loss 0.7137 | 88000/10628 batches
[2025-05-15 08:48:36.824182]: text loss 0.7231 | 88200/10628 batches
[2025-05-15 08:50:14.803053]: text loss 0.7150 | 88400/10628 batches
[2025-05-15 08:51:52.141033]: text loss 0.7117 | 88600/10628 batches
[2025-05-15 08:53:29.093900]: text loss 0.7149 | 88800/10628 batches
[2025-05-15 08:55:06.050524]: text loss 0.7058 | 89000/10628 batches
[2025-05-15 08:56:43.518904]: text loss 0.7167 | 89200/10628 batches
[2025-05-15 08:58:20.887967]: text loss 0.7173 | 89400/10628 batches
[2025-05-15 08:59:58.779301]: text loss 0.7184 | 89600/10628 batches
[2025-05-15 09:01:36.292593]: text loss 0.7170 | 89800/10628 batches
[2025-05-15 09:03:13.519872]: text loss 0.7076 | 90000/10628 batches
[2025-05-15 09:04:50.649011]: text loss 0.7083 | 90200/10628 batches
[2025-05-15 09:06:28.308104]: text loss 0.7156 | 90400/10628 batches
[2025-05-15 09:08:05.981259]: text loss 0.7158 | 90600/10628 batches
[2025-05-15 09:09:43.399732]: text loss 0.7167 | 90800/10628 batches
[2025-05-15 09:11:20.965980]: text loss 0.7158 | 91000/10628 batches
[2025-05-15 09:12:58.379169]: text loss 0.7192 | 91200/10628 batches
[2025-05-15 09:14:35.920033]: text loss 0.7191 | 91400/10628 batches
[2025-05-15 09:16:12.900641]: text loss 0.7145 | 91600/10628 batches
[2025-05-15 09:17:50.465396]: text loss 0.7173 | 91800/10628 batches
[2025-05-15 09:19:27.748143]: text loss 0.7189 | 92000/10628 batches
[2025-05-15 09:21:05.149816]: text loss 0.7176 | 92200/10628 batches
[2025-05-15 09:22:42.653327]: text loss 0.7227 | 92400/10628 batches
[2025-05-15 09:24:19.686928]: text loss 0.7294 | 92600/10628 batches
[2025-05-15 09:25:57.734470]: text loss 0.7081 | 92800/10628 batches
[2025-05-15 09:27:35.330819]: text loss 0.7179 | 93000/10628 batches
[2025-05-15 09:29:12.447032]: text loss 0.7162 | 93200/10628 batches
[2025-05-15 09:30:49.776485]: text loss 0.7213 | 93400/10628 batches
[2025-05-15 09:32:27.656866]: text loss 0.7211 | 93600/10628 batches
[2025-05-15 09:34:05.498220]: text loss 0.7098 | 93800/10628 batches
[2025-05-15 09:35:43.818514]: text loss 0.7123 | 94000/10628 batches
[2025-05-15 09:37:21.161098]: text loss 0.7141 | 94200/10628 batches
[2025-05-15 09:38:58.679186]: text loss 0.7156 | 94400/10628 batches
[2025-05-15 09:40:36.093222]: text loss 0.7196 | 94600/10628 batches
[2025-05-15 09:42:13.485338]: text loss 0.7176 | 94800/10628 batches
[2025-05-15 09:43:50.584908]: text loss 0.7173 | 95000/10628 batches
[2025-05-15 09:45:28.264591]: text loss 0.7215 | 95200/10628 batches
[2025-05-15 09:47:06.041535]: text loss 0.7099 | 95400/10628 batches
[2025-05-15 09:48:43.617630]: text loss 0.7170 | 95600/10628 batches
[2025-05-15 09:49:08.763365]: text loss 0.7141 | 95652/10628 batches
[2025-05-15 09:49:08.764148]: validation
[2025-05-15 09:49:11.654151]: explanation loss 2.1197
[2025-05-15 09:49:16.811118]: rationale loss 1.1804
[2025-05-15 09:49:27.181841]: sequential loss 2.2061
[2025-05-15 09:50:35.946174]: top-N loss 1.1780
[2025-05-15 09:50:36.411284]: epoch 10
[2025-05-15 09:51:48.668887]: text loss 0.7000 | 95800/10628 batches
[2025-05-15 09:53:25.679012]: text loss 0.6988 | 96000/10628 batches
[2025-05-15 09:55:02.790216]: text loss 0.6969 | 96200/10628 batches
[2025-05-15 09:56:41.438052]: text loss 0.7008 | 96400/10628 batches
[2025-05-15 09:58:18.749215]: text loss 0.7090 | 96600/10628 batches
[2025-05-15 09:59:56.745492]: text loss 0.7019 | 96800/10628 batches
[2025-05-15 10:01:34.884029]: text loss 0.7069 | 97000/10628 batches
[2025-05-15 10:03:12.708020]: text loss 0.6975 | 97200/10628 batches
[2025-05-15 10:04:50.970666]: text loss 0.7010 | 97400/10628 batches
[2025-05-15 10:06:29.070830]: text loss 0.7003 | 97600/10628 batches
[2025-05-15 10:08:07.097669]: text loss 0.7071 | 97800/10628 batches
[2025-05-15 10:09:44.729663]: text loss 0.6964 | 98000/10628 batches
[2025-05-15 10:11:22.757463]: text loss 0.6993 | 98200/10628 batches
[2025-05-15 10:13:00.195776]: text loss 0.7018 | 98400/10628 batches
[2025-05-15 10:14:37.643146]: text loss 0.7059 | 98600/10628 batches
[2025-05-15 10:16:14.602344]: text loss 0.7068 | 98800/10628 batches
[2025-05-15 10:17:51.570115]: text loss 0.7026 | 99000/10628 batches
[2025-05-15 10:19:28.681535]: text loss 0.7027 | 99200/10628 batches
[2025-05-15 10:21:06.552955]: text loss 0.7017 | 99400/10628 batches
[2025-05-15 10:22:44.315039]: text loss 0.6975 | 99600/10628 batches
[2025-05-15 10:24:21.193509]: text loss 0.7020 | 99800/10628 batches
[2025-05-15 10:25:58.026017]: text loss 0.7043 | 100000/10628 batches
[2025-05-15 10:27:36.246882]: text loss 0.7046 | 100200/10628 batches
[2025-05-15 10:29:14.307452]: text loss 0.7033 | 100400/10628 batches
[2025-05-15 10:30:52.222156]: text loss 0.7118 | 100600/10628 batches
[2025-05-15 10:32:29.195951]: text loss 0.7055 | 100800/10628 batches
[2025-05-15 10:34:06.876553]: text loss 0.7024 | 101000/10628 batches
[2025-05-15 10:35:44.464119]: text loss 0.7093 | 101200/10628 batches
[2025-05-15 10:37:22.175841]: text loss 0.7026 | 101400/10628 batches
[2025-05-15 10:38:59.182787]: text loss 0.7044 | 101600/10628 batches
[2025-05-15 10:40:37.260861]: text loss 0.7009 | 101800/10628 batches
[2025-05-15 10:42:13.959026]: text loss 0.7068 | 102000/10628 batches
[2025-05-15 10:43:51.806504]: text loss 0.7016 | 102200/10628 batches
[2025-05-15 10:45:29.111360]: text loss 0.7094 | 102400/10628 batches
[2025-05-15 10:47:06.883314]: text loss 0.7007 | 102600/10628 batches
[2025-05-15 10:48:44.395808]: text loss 0.7036 | 102800/10628 batches
[2025-05-15 10:50:21.971181]: text loss 0.7098 | 103000/10628 batches
[2025-05-15 10:51:59.433831]: text loss 0.7037 | 103200/10628 batches
[2025-05-15 10:53:36.697331]: text loss 0.7131 | 103400/10628 batches
[2025-05-15 10:55:14.451929]: text loss 0.7072 | 103600/10628 batches
[2025-05-15 10:56:51.758140]: text loss 0.7020 | 103800/10628 batches
[2025-05-15 10:58:29.393604]: text loss 0.6986 | 104000/10628 batches
[2025-05-15 11:00:06.587401]: text loss 0.7064 | 104200/10628 batches
[2025-05-15 11:01:44.487058]: text loss 0.7073 | 104400/10628 batches
[2025-05-15 11:03:23.298625]: text loss 0.7064 | 104600/10628 batches
[2025-05-15 11:05:01.053606]: text loss 0.7068 | 104800/10628 batches
[2025-05-15 11:06:38.906157]: text loss 0.7053 | 105000/10628 batches
[2025-05-15 11:08:16.337574]: text loss 0.7095 | 105200/10628 batches
[2025-05-15 11:09:53.138105]: text loss 0.6989 | 105400/10628 batches
[2025-05-15 11:11:30.730083]: text loss 0.7051 | 105600/10628 batches
[2025-05-15 11:13:09.037150]: text loss 0.6962 | 105800/10628 batches
[2025-05-15 11:14:46.586337]: text loss 0.7019 | 106000/10628 batches
[2025-05-15 11:16:24.456851]: text loss 0.7056 | 106200/10628 batches
[2025-05-15 11:17:03.113807]: text loss 0.7014 | 106280/10628 batches
[2025-05-15 11:17:03.114552]: validation
[2025-05-15 11:17:05.938849]: explanation loss 2.1167
[2025-05-15 11:17:11.038347]: rationale loss 1.2054
[2025-05-15 11:17:21.384827]: sequential loss 2.2188
[2025-05-15 11:18:30.186196]: top-N loss 1.1926
[2025-05-15 11:18:30.186291]: Endured 1 time(s)
[2025-05-15 11:18:30.186320]: epoch 11
[2025-05-15 11:19:28.404422]: text loss 0.6960 | 106400/10628 batches
[2025-05-15 11:21:06.395454]: text loss 0.6873 | 106600/10628 batches
[2025-05-15 11:22:43.497266]: text loss 0.6898 | 106800/10628 batches
[2025-05-15 11:24:20.645734]: text loss 0.6858 | 107000/10628 batches
[2025-05-15 11:25:58.262063]: text loss 0.6848 | 107200/10628 batches
[2025-05-15 11:27:36.032754]: text loss 0.6905 | 107400/10628 batches
[2025-05-15 11:29:13.657148]: text loss 0.6830 | 107600/10628 batches
[2025-05-15 11:30:51.301507]: text loss 0.6868 | 107800/10628 batches
[2025-05-15 11:32:28.949597]: text loss 0.6880 | 108000/10628 batches
[2025-05-15 11:34:06.407692]: text loss 0.6865 | 108200/10628 batches
[2025-05-15 11:35:44.719709]: text loss 0.6895 | 108400/10628 batches
[2025-05-15 11:37:22.563450]: text loss 0.6840 | 108600/10628 batches
[2025-05-15 11:39:00.936479]: text loss 0.6944 | 108800/10628 batches
[2025-05-15 11:40:39.090866]: text loss 0.6924 | 109000/10628 batches
[2025-05-15 11:42:16.853794]: text loss 0.6892 | 109200/10628 batches
[2025-05-15 11:43:54.160498]: text loss 0.6979 | 109400/10628 batches
[2025-05-15 11:45:31.831586]: text loss 0.6917 | 109600/10628 batches
[2025-05-15 11:47:09.698235]: text loss 0.6851 | 109800/10628 batches
[2025-05-15 11:48:48.154376]: text loss 0.6907 | 110000/10628 batches
[2025-05-15 11:50:26.077659]: text loss 0.6904 | 110200/10628 batches
[2025-05-15 11:52:05.048374]: text loss 0.6962 | 110400/10628 batches
[2025-05-15 11:53:43.207303]: text loss 0.6863 | 110600/10628 batches
[2025-05-15 11:55:21.555694]: text loss 0.6866 | 110800/10628 batches
[2025-05-15 11:57:00.215464]: text loss 0.6972 | 111000/10628 batches
[2025-05-15 11:58:38.618639]: text loss 0.6931 | 111200/10628 batches
[2025-05-15 12:00:17.463929]: text loss 0.6845 | 111400/10628 batches
[2025-05-15 12:01:55.452711]: text loss 0.6885 | 111600/10628 batches
[2025-05-15 12:03:33.250818]: text loss 0.6864 | 111800/10628 batches
[2025-05-15 12:05:11.363980]: text loss 0.6964 | 112000/10628 batches
[2025-05-15 12:06:49.440265]: text loss 0.7016 | 112200/10628 batches
[2025-05-15 12:08:26.795454]: text loss 0.6990 | 112400/10628 batches
[2025-05-15 12:10:04.992449]: text loss 0.6952 | 112600/10628 batches
[2025-05-15 12:11:42.457130]: text loss 0.6942 | 112800/10628 batches
[2025-05-15 12:13:19.428553]: text loss 0.6898 | 113000/10628 batches
[2025-05-15 12:14:56.522168]: text loss 0.6938 | 113200/10628 batches
[2025-05-15 12:16:35.144081]: text loss 0.6868 | 113400/10628 batches
[2025-05-15 12:18:12.903161]: text loss 0.6977 | 113600/10628 batches
[2025-05-15 12:19:50.783226]: text loss 0.6923 | 113800/10628 batches
[2025-05-15 12:21:29.088942]: text loss 0.6881 | 114000/10628 batches
[2025-05-15 12:23:07.475500]: text loss 0.6952 | 114200/10628 batches
[2025-05-15 12:24:45.147829]: text loss 0.6911 | 114400/10628 batches
[2025-05-15 12:26:22.425972]: text loss 0.6940 | 114600/10628 batches
[2025-05-15 12:28:00.816714]: text loss 0.6864 | 114800/10628 batches
[2025-05-15 12:29:38.674436]: text loss 0.6917 | 115000/10628 batches
[2025-05-15 12:31:16.091379]: text loss 0.6990 | 115200/10628 batches
[2025-05-15 12:32:54.631555]: text loss 0.6905 | 115400/10628 batches
[2025-05-15 12:34:32.893627]: text loss 0.6885 | 115600/10628 batches
[2025-05-15 12:36:11.673248]: text loss 0.7001 | 115800/10628 batches
[2025-05-15 12:37:49.352836]: text loss 0.6915 | 116000/10628 batches
[2025-05-15 12:39:26.689616]: text loss 0.6866 | 116200/10628 batches
[2025-05-15 12:41:04.274078]: text loss 0.6968 | 116400/10628 batches
[2025-05-15 12:42:43.996113]: text loss 0.6913 | 116600/10628 batches
[2025-05-15 12:44:22.191685]: text loss 0.6879 | 116800/10628 batches
[2025-05-15 12:45:15.153173]: text loss 0.6955 | 116908/10628 batches
[2025-05-15 12:45:15.153970]: validation
[2025-05-15 12:45:18.074167]: explanation loss 2.1099
[2025-05-15 12:45:23.230475]: rationale loss 1.1936
[2025-05-15 12:45:33.817436]: sequential loss 2.2182
[2025-05-15 12:46:43.318888]: top-N loss 1.1964
[2025-05-15 12:46:43.319001]: Endured 2 time(s)
[2025-05-15 12:46:43.319033]: epoch 12
[2025-05-15 12:47:28.723011]: text loss 0.6780 | 117000/10628 batches
[2025-05-15 12:49:07.589115]: text loss 0.6743 | 117200/10628 batches
[2025-05-15 12:50:45.654095]: text loss 0.6745 | 117400/10628 batches
[2025-05-15 12:52:23.825626]: text loss 0.6748 | 117600/10628 batches
[2025-05-15 12:54:02.141967]: text loss 0.6750 | 117800/10628 batches
[2025-05-15 12:55:40.990516]: text loss 0.6693 | 118000/10628 batches
[2025-05-15 12:57:19.351712]: text loss 0.6776 | 118200/10628 batches
[2025-05-15 12:58:56.832248]: text loss 0.6723 | 118400/10628 batches
[2025-05-15 13:00:35.194292]: text loss 0.6825 | 118600/10628 batches
[2025-05-15 13:02:13.530508]: text loss 0.6746 | 118800/10628 batches
[2025-05-15 13:03:51.917954]: text loss 0.6826 | 119000/10628 batches
[2025-05-15 13:05:29.306886]: text loss 0.6775 | 119200/10628 batches
[2025-05-15 13:07:06.972244]: text loss 0.6769 | 119400/10628 batches
[2025-05-15 13:08:44.401789]: text loss 0.6774 | 119600/10628 batches
[2025-05-15 13:10:21.790545]: text loss 0.6774 | 119800/10628 batches
[2025-05-15 13:11:59.806213]: text loss 0.6828 | 120000/10628 batches
[2025-05-15 13:13:38.329657]: text loss 0.6824 | 120200/10628 batches
[2025-05-15 13:15:17.128592]: text loss 0.6806 | 120400/10628 batches
[2025-05-15 13:16:55.556853]: text loss 0.6783 | 120600/10628 batches
[2025-05-15 13:18:34.021171]: text loss 0.6806 | 120800/10628 batches
[2025-05-15 13:20:11.235755]: text loss 0.6779 | 121000/10628 batches
[2025-05-15 13:21:48.946466]: text loss 0.6805 | 121200/10628 batches
[2025-05-15 13:23:26.205725]: text loss 0.6791 | 121400/10628 batches
[2025-05-15 13:25:04.018751]: text loss 0.6776 | 121600/10628 batches
[2025-05-15 13:26:41.875832]: text loss 0.6800 | 121800/10628 batches
[2025-05-15 13:28:19.595454]: text loss 0.6801 | 122000/10628 batches
[2025-05-15 13:29:58.143564]: text loss 0.6802 | 122200/10628 batches
[2025-05-15 13:31:35.979321]: text loss 0.6840 | 122400/10628 batches
[2025-05-15 13:33:13.145575]: text loss 0.6796 | 122600/10628 batches
[2025-05-15 13:34:50.856317]: text loss 0.6846 | 122800/10628 batches
[2025-05-15 13:36:28.758501]: text loss 0.6809 | 123000/10628 batches
[2025-05-15 13:38:06.284557]: text loss 0.6763 | 123200/10628 batches
[2025-05-15 13:39:44.554302]: text loss 0.6779 | 123400/10628 batches
[2025-05-15 13:41:22.374509]: text loss 0.6855 | 123600/10628 batches
[2025-05-15 13:42:59.867838]: text loss 0.6748 | 123800/10628 batches
[2025-05-15 13:44:37.382127]: text loss 0.6753 | 124000/10628 batches
[2025-05-15 13:46:15.335275]: text loss 0.6844 | 124200/10628 batches
[2025-05-15 13:47:52.409974]: text loss 0.6793 | 124400/10628 batches
[2025-05-15 13:49:29.326028]: text loss 0.6822 | 124600/10628 batches
[2025-05-15 13:51:06.717334]: text loss 0.6815 | 124800/10628 batches
[2025-05-15 13:52:43.463529]: text loss 0.6822 | 125000/10628 batches
[2025-05-15 13:54:21.168813]: text loss 0.6826 | 125200/10628 batches
[2025-05-15 13:55:58.278186]: text loss 0.6812 | 125400/10628 batches
[2025-05-15 13:57:35.570248]: text loss 0.6766 | 125600/10628 batches
[2025-05-15 13:59:12.879483]: text loss 0.6740 | 125800/10628 batches
[2025-05-15 14:00:50.352900]: text loss 0.6784 | 126000/10628 batches
[2025-05-15 14:02:27.726034]: text loss 0.6754 | 126200/10628 batches
[2025-05-15 14:04:05.118086]: text loss 0.6761 | 126400/10628 batches
[2025-05-15 14:05:42.532131]: text loss 0.6866 | 126600/10628 batches
[2025-05-15 14:07:19.866605]: text loss 0.6806 | 126800/10628 batches
[2025-05-15 14:08:57.027278]: text loss 0.6827 | 127000/10628 batches
[2025-05-15 14:10:34.614005]: text loss 0.6822 | 127200/10628 batches
[2025-05-15 14:12:11.913700]: text loss 0.6850 | 127400/10628 batches
[2025-05-15 14:13:17.808316]: text loss 0.6800 | 127536/10628 batches
[2025-05-15 14:13:17.809131]: validation
[2025-05-15 14:13:20.629156]: explanation loss 2.1117
[2025-05-15 14:13:25.744050]: rationale loss 1.1703
[2025-05-15 14:13:36.075943]: sequential loss 2.2534
[2025-05-15 14:14:44.873222]: top-N loss 1.2066
[2025-05-15 14:14:44.873361]: Endured 3 time(s)
[2025-05-15 14:14:44.873391]: epoch 13
[2025-05-15 14:15:16.039901]: text loss 0.6661 | 127600/10628 batches
[2025-05-15 14:16:54.000773]: text loss 0.6591 | 127800/10628 batches
[2025-05-15 14:18:31.244623]: text loss 0.6555 | 128000/10628 batches
[2025-05-15 14:20:08.477657]: text loss 0.6633 | 128200/10628 batches
[2025-05-15 14:21:45.652936]: text loss 0.6575 | 128400/10628 batches
[2025-05-15 14:23:22.815036]: text loss 0.6660 | 128600/10628 batches
[2025-05-15 14:25:00.083079]: text loss 0.6660 | 128800/10628 batches
[2025-05-15 14:26:37.081967]: text loss 0.6711 | 129000/10628 batches
[2025-05-15 14:28:14.306667]: text loss 0.6649 | 129200/10628 batches
[2025-05-15 14:29:51.830422]: text loss 0.6716 | 129400/10628 batches
[2025-05-15 14:31:28.945841]: text loss 0.6689 | 129600/10628 batches
[2025-05-15 14:33:06.664527]: text loss 0.6698 | 129800/10628 batches
[2025-05-15 14:34:45.178744]: text loss 0.6673 | 130000/10628 batches
[2025-05-15 14:36:23.682460]: text loss 0.6754 | 130200/10628 batches
[2025-05-15 14:38:01.106058]: text loss 0.6736 | 130400/10628 batches
[2025-05-15 14:39:39.096169]: text loss 0.6663 | 130600/10628 batches
[2025-05-15 14:41:16.298710]: text loss 0.6630 | 130800/10628 batches
[2025-05-15 14:42:53.100446]: text loss 0.6697 | 131000/10628 batches
[2025-05-15 14:44:30.674372]: text loss 0.6700 | 131200/10628 batches
[2025-05-15 14:46:08.261653]: text loss 0.6590 | 131400/10628 batches
[2025-05-15 14:47:45.511117]: text loss 0.6609 | 131600/10628 batches
[2025-05-15 14:49:23.369804]: text loss 0.6713 | 131800/10628 batches
[2025-05-15 14:51:00.893258]: text loss 0.6651 | 132000/10628 batches
[2025-05-15 14:52:38.227474]: text loss 0.6738 | 132200/10628 batches
[2025-05-15 14:54:15.345335]: text loss 0.6629 | 132400/10628 batches
[2025-05-15 14:55:52.493825]: text loss 0.6766 | 132600/10628 batches
[2025-05-15 14:57:29.478238]: text loss 0.6621 | 132800/10628 batches
[2025-05-15 14:59:06.827998]: text loss 0.6684 | 133000/10628 batches
[2025-05-15 15:00:44.182039]: text loss 0.6593 | 133200/10628 batches
[2025-05-15 15:02:21.346073]: text loss 0.6737 | 133400/10628 batches
[2025-05-15 15:03:58.487146]: text loss 0.6647 | 133600/10628 batches
[2025-05-15 15:05:35.518420]: text loss 0.6637 | 133800/10628 batches
[2025-05-15 15:07:12.365558]: text loss 0.6717 | 134000/10628 batches
[2025-05-15 15:08:49.639492]: text loss 0.6597 | 134200/10628 batches
[2025-05-15 15:10:26.610807]: text loss 0.6737 | 134400/10628 batches
[2025-05-15 15:12:04.033614]: text loss 0.6658 | 134600/10628 batches
[2025-05-15 15:13:41.449824]: text loss 0.6689 | 134800/10628 batches
[2025-05-15 15:15:19.030276]: text loss 0.6730 | 135000/10628 batches
[2025-05-15 15:16:56.209893]: text loss 0.6715 | 135200/10628 batches
[2025-05-15 15:18:33.581184]: text loss 0.6666 | 135400/10628 batches
[2025-05-15 15:20:10.970338]: text loss 0.6673 | 135600/10628 batches
[2025-05-15 15:21:48.099065]: text loss 0.6599 | 135800/10628 batches
[2025-05-15 15:23:25.161355]: text loss 0.6667 | 136000/10628 batches
[2025-05-15 15:25:02.735523]: text loss 0.6708 | 136200/10628 batches
[2025-05-15 15:26:40.175105]: text loss 0.6673 | 136400/10628 batches
[2025-05-15 15:28:17.571503]: text loss 0.6648 | 136600/10628 batches
[2025-05-15 15:29:54.635313]: text loss 0.6693 | 136800/10628 batches
[2025-05-15 15:31:31.895147]: text loss 0.6723 | 137000/10628 batches
[2025-05-15 15:33:08.918128]: text loss 0.6712 | 137200/10628 batches
[2025-05-15 15:34:46.020591]: text loss 0.6707 | 137400/10628 batches
[2025-05-15 15:36:23.267858]: text loss 0.6696 | 137600/10628 batches
[2025-05-15 15:38:00.570619]: text loss 0.6744 | 137800/10628 batches
[2025-05-15 15:39:37.457792]: text loss 0.6703 | 138000/10628 batches
[2025-05-15 15:40:57.390427]: text loss 0.6710 | 138164/10628 batches
[2025-05-15 15:40:57.391191]: validation
[2025-05-15 15:41:00.265270]: explanation loss 2.1186
[2025-05-15 15:41:05.396300]: rationale loss 1.1707
[2025-05-15 15:41:15.764365]: sequential loss 2.2578
[2025-05-15 15:42:24.160133]: top-N loss 1.2312
[2025-05-15 15:42:24.160236]: Endured 4 time(s)
[2025-05-15 15:42:24.160260]: epoch 14
[2025-05-15 15:42:41.683842]: text loss 0.6527 | 138200/10628 batches
[2025-05-15 15:44:19.015961]: text loss 0.6521 | 138400/10628 batches
[2025-05-15 15:45:56.139232]: text loss 0.6499 | 138600/10628 batches
[2025-05-15 15:47:33.547879]: text loss 0.6454 | 138800/10628 batches
[2025-05-15 15:49:10.670509]: text loss 0.6484 | 139000/10628 batches
[2025-05-15 15:50:48.178265]: text loss 0.6494 | 139200/10628 batches
[2025-05-15 15:52:25.534324]: text loss 0.6509 | 139400/10628 batches
[2025-05-15 15:54:03.609203]: text loss 0.6557 | 139600/10628 batches
[2025-05-15 15:55:41.059367]: text loss 0.6497 | 139800/10628 batches
[2025-05-15 15:57:18.272168]: text loss 0.6567 | 140000/10628 batches
[2025-05-15 15:58:55.251097]: text loss 0.6565 | 140200/10628 batches
[2025-05-15 16:00:32.538708]: text loss 0.6518 | 140400/10628 batches
[2025-05-15 16:02:09.593013]: text loss 0.6555 | 140600/10628 batches
[2025-05-15 16:03:46.749228]: text loss 0.6607 | 140800/10628 batches
[2025-05-15 16:05:23.568633]: text loss 0.6570 | 141000/10628 batches
[2025-05-15 16:07:00.875945]: text loss 0.6535 | 141200/10628 batches
[2025-05-15 16:08:38.056371]: text loss 0.6480 | 141400/10628 batches
[2025-05-15 16:10:15.617738]: text loss 0.6552 | 141600/10628 batches
[2025-05-15 16:11:53.007574]: text loss 0.6556 | 141800/10628 batches
[2025-05-15 16:13:30.240721]: text loss 0.6650 | 142000/10628 batches
[2025-05-15 16:15:08.229736]: text loss 0.6625 | 142200/10628 batches
[2025-05-15 16:16:45.244151]: text loss 0.6542 | 142400/10628 batches
[2025-05-15 16:18:22.288194]: text loss 0.6583 | 142600/10628 batches
[2025-05-15 16:19:59.373574]: text loss 0.6582 | 142800/10628 batches
[2025-05-15 16:21:36.396963]: text loss 0.6588 | 143000/10628 batches
[2025-05-15 16:23:13.383415]: text loss 0.6614 | 143200/10628 batches
[2025-05-15 16:24:50.854644]: text loss 0.6569 | 143400/10628 batches
[2025-05-15 16:26:27.842591]: text loss 0.6649 | 143600/10628 batches
[2025-05-15 16:28:05.209260]: text loss 0.6605 | 143800/10628 batches
[2025-05-15 16:29:42.752162]: text loss 0.6578 | 144000/10628 batches
[2025-05-15 16:31:19.981962]: text loss 0.6541 | 144200/10628 batches
[2025-05-15 16:32:57.116009]: text loss 0.6563 | 144400/10628 batches
[2025-05-15 16:34:33.753016]: text loss 0.6562 | 144600/10628 batches
[2025-05-15 16:36:10.913115]: text loss 0.6562 | 144800/10628 batches
[2025-05-15 16:37:47.780993]: text loss 0.6598 | 145000/10628 batches
[2025-05-15 16:39:25.374657]: text loss 0.6651 | 145200/10628 batches
[2025-05-15 16:41:02.509285]: text loss 0.6594 | 145400/10628 batches
[2025-05-15 16:42:39.374985]: text loss 0.6546 | 145600/10628 batches
[2025-05-15 16:44:16.335009]: text loss 0.6594 | 145800/10628 batches
[2025-05-15 16:45:53.949460]: text loss 0.6636 | 146000/10628 batches
[2025-05-15 16:47:30.677981]: text loss 0.6601 | 146200/10628 batches
[2025-05-15 16:49:07.712981]: text loss 0.6553 | 146400/10628 batches
[2025-05-15 16:50:44.971188]: text loss 0.6602 | 146600/10628 batches
[2025-05-15 16:52:21.976848]: text loss 0.6578 | 146800/10628 batches
[2025-05-15 16:53:59.911866]: text loss 0.6548 | 147000/10628 batches
[2025-05-15 16:55:37.736279]: text loss 0.6508 | 147200/10628 batches
[2025-05-15 16:57:15.626848]: text loss 0.6536 | 147400/10628 batches
[2025-05-15 16:58:52.486073]: text loss 0.6563 | 147600/10628 batches
[2025-05-15 17:00:29.363161]: text loss 0.6623 | 147800/10628 batches
[2025-05-15 17:02:06.635613]: text loss 0.6555 | 148000/10628 batches
[2025-05-15 17:03:43.853353]: text loss 0.6545 | 148200/10628 batches
[2025-05-15 17:05:22.577607]: text loss 0.6576 | 148400/10628 batches
[2025-05-15 17:06:59.829507]: text loss 0.6600 | 148600/10628 batches
[2025-05-15 17:08:33.093777]: text loss 0.6566 | 148792/10628 batches
[2025-05-15 17:08:33.094528]: validation
[2025-05-15 17:08:35.935498]: explanation loss 2.1143
[2025-05-15 17:08:41.038524]: rationale loss 1.1601
[2025-05-15 17:08:51.485217]: sequential loss 2.2722
[2025-05-15 17:10:00.194185]: top-N loss 1.2689
[2025-05-15 17:10:00.194296]: Endured 5 time(s)
[2025-05-15 17:10:00.194320]: Cannot endure it anymore | Exiting from early stop
