nohup: ignoring input
/home/zhongyikun/anaconda3/envs/RDRec/lib/python3.12/site-packages/transformers/utils/generic.py:441: FutureWarning: `torch.utils._pytree._register_pytree_node` is deprecated. Please use `torch.utils._pytree.register_pytree_node` instead.
  _torch_pytree._register_pytree_node(
/home/zhongyikun/anaconda3/envs/RDRec/lib/python3.12/site-packages/transformers/utils/generic.py:309: FutureWarning: `torch.utils._pytree._register_pytree_node` is deprecated. Please use `torch.utils._pytree.register_pytree_node` instead.
  _torch_pytree._register_pytree_node(
/home/zhongyikun/anaconda3/envs/RDRec/lib/python3.12/site-packages/transformers/utils/generic.py:309: FutureWarning: `torch.utils._pytree._register_pytree_node` is deprecated. Please use `torch.utils._pytree.register_pytree_node` instead.
  _torch_pytree._register_pytree_node(
/home/zhongyikun/anaconda3/envs/RDRec/lib/python3.12/site-packages/huggingface_hub/file_download.py:896: FutureWarning: `resume_download` is deprecated and will be removed in version 1.0.0. Downloads always resume when possible. If you want to force a new download, use `force_download=True`.
  warnings.warn(
You are using the default legacy behaviour of the <class 'transformers.models.t5.tokenization_t5.T5Tokenizer'>. This is expected, and simply means that the `legacy` (previous) behavior will be used so nothing changes for you. If you want to use the new behaviour, set `legacy=False`. This should only be set if you understand what it means, and thouroughly read the reason why this was added as explained in https://github.com/huggingface/transformers/pull/24565
Special tokens have been added in the vocabulary, make sure the associated word embeddings are fine-tuned or trained.
Some weights of Solomon were not initialized from the model checkpoint at t5-small and are newly initialized: ['conv1d.weight']
You should probably TRAIN this model on a down-stream task to be able to use it for predictions and inference.
----------------------------------------ARGUMENTS----------------------------------------
data_dir                                 ./data/beauty/
model_version                            0
task_num                                 5
prompt_num                               3
lr                                       0.0005
ratio                                    1:1:1:3
epochs                                   100
batch_size                               64
cuda                                     True
log_interval                             200
checkpoint                               ./checkpoint_0520_max/beauty_1113/
endure_times                             5
exp_len                                  20
negative_num                             99
----------------------------------------ARGUMENTS----------------------------------------
[2025-05-20 01:59:45.401508]: Loading data
[2025-05-20 01:59:58.584124]: Start training
[2025-05-20 01:59:58.584208]: epoch 1
[2025-05-20 02:01:37.706485]: text loss 1.2244 |   200/10628 batches
[2025-05-20 02:03:16.045410]: text loss 0.9806 |   400/10628 batches
[2025-05-20 02:04:54.178092]: text loss 0.9901 |   600/10628 batches
[2025-05-20 02:06:32.643528]: text loss 0.9435 |   800/10628 batches
[2025-05-20 02:08:10.804171]: text loss 0.9147 |  1000/10628 batches
[2025-05-20 02:09:49.690284]: text loss 0.9267 |  1200/10628 batches
[2025-05-20 02:11:28.666502]: text loss 0.9257 |  1400/10628 batches
[2025-05-20 02:13:08.388064]: text loss 0.9025 |  1600/10628 batches
[2025-05-20 02:14:47.590002]: text loss 0.9174 |  1800/10628 batches
[2025-05-20 02:16:26.417195]: text loss 0.9053 |  2000/10628 batches
[2025-05-20 02:18:05.406902]: text loss 0.8901 |  2200/10628 batches
[2025-05-20 02:19:44.675902]: text loss 0.8848 |  2400/10628 batches
[2025-05-20 02:21:24.172460]: text loss 0.8855 |  2600/10628 batches
[2025-05-20 02:23:03.701313]: text loss 0.8921 |  2800/10628 batches
[2025-05-20 02:24:42.580686]: text loss 0.8522 |  3000/10628 batches
[2025-05-20 02:26:21.473352]: text loss 0.8584 |  3200/10628 batches
[2025-05-20 02:28:00.478250]: text loss 0.8767 |  3400/10628 batches
[2025-05-20 02:29:38.978202]: text loss 0.8705 |  3600/10628 batches
[2025-05-20 02:31:17.678710]: text loss 0.8565 |  3800/10628 batches
[2025-05-20 02:32:56.203266]: text loss 0.8753 |  4000/10628 batches
[2025-05-20 02:34:35.440855]: text loss 0.8682 |  4200/10628 batches
[2025-05-20 02:36:14.863892]: text loss 0.8622 |  4400/10628 batches
[2025-05-20 02:37:53.971258]: text loss 0.8617 |  4600/10628 batches
[2025-05-20 02:39:33.221221]: text loss 0.8583 |  4800/10628 batches
[2025-05-20 02:41:11.805037]: text loss 0.8599 |  5000/10628 batches
[2025-05-20 02:42:50.440179]: text loss 0.8639 |  5200/10628 batches
[2025-05-20 02:44:29.926319]: text loss 0.8515 |  5400/10628 batches
[2025-05-20 02:46:09.326218]: text loss 0.8584 |  5600/10628 batches
[2025-05-20 02:47:48.968924]: text loss 0.8388 |  5800/10628 batches
[2025-05-20 02:49:28.154612]: text loss 0.8646 |  6000/10628 batches
[2025-05-20 02:51:07.514842]: text loss 0.8517 |  6200/10628 batches
[2025-05-20 02:52:47.001242]: text loss 0.8561 |  6400/10628 batches
[2025-05-20 02:54:25.563482]: text loss 0.8507 |  6600/10628 batches
[2025-05-20 02:56:04.221764]: text loss 0.8375 |  6800/10628 batches
[2025-05-20 02:57:43.854514]: text loss 0.8408 |  7000/10628 batches
[2025-05-20 02:59:22.732989]: text loss 0.8601 |  7200/10628 batches
[2025-05-20 03:01:02.391743]: text loss 0.8528 |  7400/10628 batches
[2025-05-20 03:02:41.679015]: text loss 0.8431 |  7600/10628 batches
[2025-05-20 03:04:19.586986]: text loss 0.8338 |  7800/10628 batches
[2025-05-20 03:05:59.087924]: text loss 0.8272 |  8000/10628 batches
[2025-05-20 03:07:38.463205]: text loss 0.8411 |  8200/10628 batches
[2025-05-20 03:09:17.248644]: text loss 0.8388 |  8400/10628 batches
[2025-05-20 03:10:54.966878]: text loss 0.8395 |  8600/10628 batches
[2025-05-20 03:12:34.258582]: text loss 0.8189 |  8800/10628 batches
[2025-05-20 03:14:14.012749]: text loss 0.8252 |  9000/10628 batches
[2025-05-20 03:15:53.639470]: text loss 0.8454 |  9200/10628 batches
[2025-05-20 03:17:32.444995]: text loss 0.8585 |  9400/10628 batches
[2025-05-20 03:19:11.908260]: text loss 0.8614 |  9600/10628 batches
[2025-05-20 03:20:51.077611]: text loss 0.8327 |  9800/10628 batches
[2025-05-20 03:22:29.046716]: text loss 0.8252 | 10000/10628 batches
[2025-05-20 03:24:08.189288]: text loss 0.8193 | 10200/10628 batches
[2025-05-20 03:25:46.794038]: text loss 0.7951 | 10400/10628 batches
[2025-05-20 03:27:26.496956]: text loss 0.8031 | 10600/10628 batches
[2025-05-20 03:27:40.476825]: text loss 0.7485 | 10628/10628 batches
[2025-05-20 03:27:40.477630]: validation
[2025-05-20 03:27:43.391483]: explanation loss 2.2818
[2025-05-20 03:27:48.529290]: rationale loss 1.2454
[2025-05-20 03:27:58.860294]: sequential loss 2.3792
[2025-05-20 03:29:06.654102]: top-N loss 1.3902
[2025-05-20 03:29:07.113877]: epoch 2
[2025-05-20 03:30:32.812384]: text loss 0.8162 | 10800/10628 batches
[2025-05-20 03:32:12.129512]: text loss 0.8119 | 11000/10628 batches
[2025-05-20 03:33:51.676073]: text loss 0.8061 | 11200/10628 batches
[2025-05-20 03:35:30.641218]: text loss 0.8157 | 11400/10628 batches
[2025-05-20 03:37:10.276098]: text loss 0.8174 | 11600/10628 batches
[2025-05-20 03:38:49.541989]: text loss 0.8043 | 11800/10628 batches
[2025-05-20 03:40:29.385974]: text loss 0.8071 | 12000/10628 batches
[2025-05-20 03:42:08.283728]: text loss 0.8105 | 12200/10628 batches
[2025-05-20 03:43:47.706218]: text loss 0.8120 | 12400/10628 batches
[2025-05-20 03:45:27.092987]: text loss 0.8048 | 12600/10628 batches
[2025-05-20 03:47:05.875170]: text loss 0.8161 | 12800/10628 batches
[2025-05-20 03:48:45.095184]: text loss 0.8137 | 13000/10628 batches
[2025-05-20 03:50:24.004629]: text loss 0.8034 | 13200/10628 batches
[2025-05-20 03:52:01.943430]: text loss 0.8016 | 13400/10628 batches
[2025-05-20 03:53:40.658625]: text loss 0.8014 | 13600/10628 batches
[2025-05-20 03:55:19.748299]: text loss 0.8103 | 13800/10628 batches
[2025-05-20 03:56:58.739830]: text loss 0.7979 | 14000/10628 batches
[2025-05-20 03:58:38.240476]: text loss 0.7942 | 14200/10628 batches
[2025-05-20 04:00:17.402686]: text loss 0.8140 | 14400/10628 batches
[2025-05-20 04:01:56.675075]: text loss 0.8056 | 14600/10628 batches
[2025-05-20 04:03:36.141622]: text loss 0.7996 | 14800/10628 batches
[2025-05-20 04:05:13.994589]: text loss 0.8036 | 15000/10628 batches
[2025-05-20 04:06:53.304539]: text loss 0.8066 | 15200/10628 batches
[2025-05-20 04:08:32.515670]: text loss 0.8013 | 15400/10628 batches
[2025-05-20 04:10:10.711574]: text loss 0.8095 | 15600/10628 batches
[2025-05-20 04:11:49.792956]: text loss 0.7978 | 15800/10628 batches
[2025-05-20 04:13:29.402741]: text loss 0.8055 | 16000/10628 batches
[2025-05-20 04:15:07.417404]: text loss 0.8050 | 16200/10628 batches
[2025-05-20 04:16:46.967837]: text loss 0.8022 | 16400/10628 batches
[2025-05-20 04:18:26.005618]: text loss 0.8090 | 16600/10628 batches
[2025-05-20 04:20:05.307072]: text loss 0.7926 | 16800/10628 batches
[2025-05-20 04:21:43.211042]: text loss 0.8028 | 17000/10628 batches
[2025-05-20 04:23:22.061248]: text loss 0.7944 | 17200/10628 batches
[2025-05-20 04:25:00.150691]: text loss 0.7926 | 17400/10628 batches
[2025-05-20 04:26:39.736305]: text loss 0.7985 | 17600/10628 batches
[2025-05-20 04:28:18.542453]: text loss 0.7987 | 17800/10628 batches
[2025-05-20 04:29:58.274177]: text loss 0.7945 | 18000/10628 batches
[2025-05-20 04:31:37.222415]: text loss 0.7948 | 18200/10628 batches
[2025-05-20 04:33:16.636423]: text loss 0.7988 | 18400/10628 batches
[2025-05-20 04:34:55.978020]: text loss 0.7974 | 18600/10628 batches
[2025-05-20 04:36:35.149089]: text loss 0.7850 | 18800/10628 batches
[2025-05-20 04:38:14.577787]: text loss 0.7876 | 19000/10628 batches
[2025-05-20 04:39:53.528343]: text loss 0.7954 | 19200/10628 batches
[2025-05-20 04:41:32.309880]: text loss 0.7863 | 19400/10628 batches
[2025-05-20 04:43:10.925332]: text loss 0.7897 | 19600/10628 batches
[2025-05-20 04:44:50.098082]: text loss 0.7865 | 19800/10628 batches
[2025-05-20 04:46:28.295745]: text loss 0.7954 | 20000/10628 batches
[2025-05-20 04:48:07.384006]: text loss 0.7849 | 20200/10628 batches
[2025-05-20 04:49:46.284720]: text loss 0.7943 | 20400/10628 batches
[2025-05-20 04:51:24.649280]: text loss 0.7920 | 20600/10628 batches
[2025-05-20 04:53:02.560868]: text loss 0.7870 | 20800/10628 batches
[2025-05-20 04:54:41.531647]: text loss 0.7828 | 21000/10628 batches
[2025-05-20 04:56:20.740927]: text loss 0.7893 | 21200/10628 batches
[2025-05-20 04:56:48.524499]: text loss 0.7934 | 21256/10628 batches
[2025-05-20 04:56:48.525268]: validation
[2025-05-20 04:56:51.442180]: explanation loss 2.1702
[2025-05-20 04:56:56.583902]: rationale loss 1.1843
[2025-05-20 04:57:06.866191]: sequential loss 2.3467
[2025-05-20 04:58:15.065242]: top-N loss 1.3150
[2025-05-20 04:58:15.535316]: epoch 3
[2025-05-20 04:59:26.037379]: text loss 0.7748 | 21400/10628 batches
[2025-05-20 05:01:04.892687]: text loss 0.7750 | 21600/10628 batches
[2025-05-20 05:02:43.959766]: text loss 0.7729 | 21800/10628 batches
[2025-05-20 05:04:22.316563]: text loss 0.7796 | 22000/10628 batches
[2025-05-20 05:06:01.768536]: text loss 0.7794 | 22200/10628 batches
[2025-05-20 05:07:40.252353]: text loss 0.7762 | 22400/10628 batches
[2025-05-20 05:09:19.335163]: text loss 0.7801 | 22600/10628 batches
[2025-05-20 05:10:57.599378]: text loss 0.7787 | 22800/10628 batches
[2025-05-20 05:12:36.733107]: text loss 0.7842 | 23000/10628 batches
[2025-05-20 05:14:15.715876]: text loss 0.7685 | 23200/10628 batches
[2025-05-20 05:15:54.579201]: text loss 0.7784 | 23400/10628 batches
[2025-05-20 05:17:32.678970]: text loss 0.7665 | 23600/10628 batches
[2025-05-20 05:19:10.876193]: text loss 0.7723 | 23800/10628 batches
[2025-05-20 05:20:49.664290]: text loss 0.7783 | 24000/10628 batches
[2025-05-20 05:22:29.076127]: text loss 0.7728 | 24200/10628 batches
[2025-05-20 05:24:08.363743]: text loss 0.7744 | 24400/10628 batches
[2025-05-20 05:25:47.769367]: text loss 0.7729 | 24600/10628 batches
[2025-05-20 05:27:26.905289]: text loss 0.7753 | 24800/10628 batches
[2025-05-20 05:29:05.970808]: text loss 0.7692 | 25000/10628 batches
[2025-05-20 05:30:45.563661]: text loss 0.7711 | 25200/10628 batches
[2025-05-20 05:32:24.308072]: text loss 0.7757 | 25400/10628 batches
[2025-05-20 05:34:04.039200]: text loss 0.7712 | 25600/10628 batches
[2025-05-20 05:35:43.137705]: text loss 0.7747 | 25800/10628 batches
[2025-05-20 05:37:22.203265]: text loss 0.7751 | 26000/10628 batches
[2025-05-20 05:39:00.241846]: text loss 0.7760 | 26200/10628 batches
[2025-05-20 05:40:39.339491]: text loss 0.7734 | 26400/10628 batches
[2025-05-20 05:42:18.252184]: text loss 0.7856 | 26600/10628 batches
[2025-05-20 05:43:56.858778]: text loss 0.7731 | 26800/10628 batches
[2025-05-20 05:45:36.225578]: text loss 0.7672 | 27000/10628 batches
[2025-05-20 05:47:14.442729]: text loss 0.7716 | 27200/10628 batches
[2025-05-20 05:48:53.804738]: text loss 0.7714 | 27400/10628 batches
[2025-05-20 05:50:32.830914]: text loss 0.7671 | 27600/10628 batches
[2025-05-20 05:52:11.565171]: text loss 0.7673 | 27800/10628 batches
[2025-05-20 05:53:50.813463]: text loss 0.7745 | 28000/10628 batches
[2025-05-20 05:55:29.600899]: text loss 0.7691 | 28200/10628 batches
[2025-05-20 05:57:09.076084]: text loss 0.7740 | 28400/10628 batches
[2025-05-20 05:58:48.646171]: text loss 0.7656 | 28600/10628 batches
[2025-05-20 06:00:27.710779]: text loss 0.7597 | 28800/10628 batches
[2025-05-20 06:02:06.365651]: text loss 0.7737 | 29000/10628 batches
[2025-05-20 06:03:45.213333]: text loss 0.7640 | 29200/10628 batches
[2025-05-20 06:05:23.713154]: text loss 0.7684 | 29400/10628 batches
[2025-05-20 06:07:01.943434]: text loss 0.7700 | 29600/10628 batches
[2025-05-20 06:08:40.587292]: text loss 0.7680 | 29800/10628 batches
[2025-05-20 06:10:19.682034]: text loss 0.7683 | 30000/10628 batches
[2025-05-20 06:11:57.693758]: text loss 0.7696 | 30200/10628 batches
[2025-05-20 06:13:36.941753]: text loss 0.7587 | 30400/10628 batches
[2025-05-20 06:15:15.778635]: text loss 0.7705 | 30600/10628 batches
[2025-05-20 06:16:54.832533]: text loss 0.7623 | 30800/10628 batches
[2025-05-20 06:18:33.977239]: text loss 0.7607 | 31000/10628 batches
[2025-05-20 06:20:12.611572]: text loss 0.7652 | 31200/10628 batches
[2025-05-20 06:21:51.926034]: text loss 0.7685 | 31400/10628 batches
[2025-05-20 06:23:30.748626]: text loss 0.7607 | 31600/10628 batches
[2025-05-20 06:25:10.049075]: text loss 0.7713 | 31800/10628 batches
[2025-05-20 06:25:51.801433]: text loss 0.7590 | 31884/10628 batches
[2025-05-20 06:25:51.802274]: validation
[2025-05-20 06:25:54.682712]: explanation loss 2.1474
[2025-05-20 06:25:59.807459]: rationale loss 1.1547
[2025-05-20 06:26:10.503278]: sequential loss 2.2796
[2025-05-20 06:27:19.087863]: top-N loss 1.2582
[2025-05-20 06:27:19.623134]: epoch 4
[2025-05-20 06:28:16.732102]: text loss 0.7598 | 32000/10628 batches
[2025-05-20 06:29:55.544689]: text loss 0.7498 | 32200/10628 batches
[2025-05-20 06:31:34.773338]: text loss 0.7596 | 32400/10628 batches
[2025-05-20 06:33:13.325151]: text loss 0.7556 | 32600/10628 batches
[2025-05-20 06:34:52.570020]: text loss 0.7595 | 32800/10628 batches
[2025-05-20 06:36:31.774445]: text loss 0.7548 | 33000/10628 batches
[2025-05-20 06:38:10.976684]: text loss 0.7638 | 33200/10628 batches
[2025-05-20 06:39:50.121374]: text loss 0.7482 | 33400/10628 batches
[2025-05-20 06:41:28.927751]: text loss 0.7522 | 33600/10628 batches
[2025-05-20 06:43:08.086995]: text loss 0.7515 | 33800/10628 batches
[2025-05-20 06:44:46.684640]: text loss 0.7418 | 34000/10628 batches
[2025-05-20 06:46:25.226452]: text loss 0.7560 | 34200/10628 batches
[2025-05-20 06:48:04.736687]: text loss 0.7571 | 34400/10628 batches
[2025-05-20 06:49:42.817860]: text loss 0.7584 | 34600/10628 batches
[2025-05-20 06:51:21.821041]: text loss 0.7591 | 34800/10628 batches
[2025-05-20 06:53:00.336864]: text loss 0.7486 | 35000/10628 batches
[2025-05-20 06:54:39.194429]: text loss 0.7572 | 35200/10628 batches
[2025-05-20 06:56:18.161524]: text loss 0.7549 | 35400/10628 batches
[2025-05-20 06:57:57.237750]: text loss 0.7578 | 35600/10628 batches
[2025-05-20 06:59:36.280921]: text loss 0.7438 | 35800/10628 batches
[2025-05-20 07:01:15.354009]: text loss 0.7573 | 36000/10628 batches
[2025-05-20 07:02:53.362018]: text loss 0.7526 | 36200/10628 batches
[2025-05-20 07:04:32.078654]: text loss 0.7416 | 36400/10628 batches
[2025-05-20 07:06:11.337640]: text loss 0.7434 | 36600/10628 batches
[2025-05-20 07:07:50.298460]: text loss 0.7445 | 36800/10628 batches
[2025-05-20 07:09:28.870764]: text loss 0.7536 | 37000/10628 batches
[2025-05-20 07:11:07.624629]: text loss 0.7515 | 37200/10628 batches
[2025-05-20 07:12:46.807609]: text loss 0.7491 | 37400/10628 batches
[2025-05-20 07:14:26.537068]: text loss 0.7521 | 37600/10628 batches
[2025-05-20 07:16:05.883282]: text loss 0.7492 | 37800/10628 batches
[2025-05-20 07:17:45.298483]: text loss 0.7497 | 38000/10628 batches
[2025-05-20 07:19:24.204449]: text loss 0.7509 | 38200/10628 batches
[2025-05-20 07:21:03.752752]: text loss 0.7499 | 38400/10628 batches
[2025-05-20 07:22:41.710219]: text loss 0.7502 | 38600/10628 batches
[2025-05-20 07:24:20.921391]: text loss 0.7450 | 38800/10628 batches
[2025-05-20 07:26:00.153449]: text loss 0.7532 | 39000/10628 batches
[2025-05-20 07:27:39.341097]: text loss 0.7498 | 39200/10628 batches
[2025-05-20 07:29:18.732497]: text loss 0.7428 | 39400/10628 batches
[2025-05-20 07:30:58.261356]: text loss 0.7521 | 39600/10628 batches
[2025-05-20 07:32:37.806799]: text loss 0.7496 | 39800/10628 batches
[2025-05-20 07:34:17.429312]: text loss 0.7583 | 40000/10628 batches
[2025-05-20 07:35:56.060656]: text loss 0.7405 | 40200/10628 batches
[2025-05-20 07:37:34.503493]: text loss 0.7437 | 40400/10628 batches
[2025-05-20 07:39:13.911055]: text loss 0.7510 | 40600/10628 batches
[2025-05-20 07:40:53.451850]: text loss 0.7485 | 40800/10628 batches
[2025-05-20 07:42:33.151954]: text loss 0.7490 | 41000/10628 batches
[2025-05-20 07:44:12.351356]: text loss 0.7453 | 41200/10628 batches
[2025-05-20 07:45:51.984441]: text loss 0.7463 | 41400/10628 batches
[2025-05-20 07:47:31.369596]: text loss 0.7419 | 41600/10628 batches
[2025-05-20 07:49:11.078835]: text loss 0.7380 | 41800/10628 batches
[2025-05-20 07:50:50.667082]: text loss 0.7496 | 42000/10628 batches
[2025-05-20 07:52:29.681550]: text loss 0.7435 | 42200/10628 batches
[2025-05-20 07:54:09.386412]: text loss 0.7461 | 42400/10628 batches
[2025-05-20 07:55:05.124693]: text loss 0.7522 | 42512/10628 batches
[2025-05-20 07:55:05.125840]: validation
[2025-05-20 07:55:08.014507]: explanation loss 2.1278
[2025-05-20 07:55:13.151366]: rationale loss 1.1638
[2025-05-20 07:55:23.423908]: sequential loss 2.2868
[2025-05-20 07:56:31.969896]: top-N loss 1.2277
[2025-05-20 07:56:32.442216]: epoch 5
[2025-05-20 07:57:16.287126]: text loss 0.7484 | 42600/10628 batches
[2025-05-20 07:58:55.555152]: text loss 0.7280 | 42800/10628 batches
[2025-05-20 08:00:35.171738]: text loss 0.7367 | 43000/10628 batches
[2025-05-20 08:02:13.844082]: text loss 0.7373 | 43200/10628 batches
[2025-05-20 08:03:53.229772]: text loss 0.7316 | 43400/10628 batches
[2025-05-20 08:05:32.708623]: text loss 0.7386 | 43600/10628 batches
[2025-05-20 08:07:11.954411]: text loss 0.7349 | 43800/10628 batches
[2025-05-20 08:08:51.504942]: text loss 0.7330 | 44000/10628 batches
[2025-05-20 08:10:30.498501]: text loss 0.7369 | 44200/10628 batches
[2025-05-20 08:12:09.477587]: text loss 0.7353 | 44400/10628 batches
[2025-05-20 08:13:48.898101]: text loss 0.7336 | 44600/10628 batches
[2025-05-20 08:15:28.055988]: text loss 0.7332 | 44800/10628 batches
[2025-05-20 08:17:07.355390]: text loss 0.7287 | 45000/10628 batches
[2025-05-20 08:18:47.380949]: text loss 0.7332 | 45200/10628 batches
[2025-05-20 08:20:26.797829]: text loss 0.7315 | 45400/10628 batches
[2025-05-20 08:22:05.700666]: text loss 0.7398 | 45600/10628 batches
[2025-05-20 08:23:44.294722]: text loss 0.7456 | 45800/10628 batches
[2025-05-20 08:25:22.800356]: text loss 0.7330 | 46000/10628 batches
[2025-05-20 08:27:01.654163]: text loss 0.7289 | 46200/10628 batches
[2025-05-20 08:28:40.809136]: text loss 0.7339 | 46400/10628 batches
[2025-05-20 08:30:19.856636]: text loss 0.7350 | 46600/10628 batches
[2025-05-20 08:31:58.192680]: text loss 0.7292 | 46800/10628 batches
[2025-05-20 08:33:37.057663]: text loss 0.7355 | 47000/10628 batches
[2025-05-20 08:35:16.149408]: text loss 0.7304 | 47200/10628 batches
[2025-05-20 08:36:54.381612]: text loss 0.7412 | 47400/10628 batches
[2025-05-20 08:38:31.798174]: text loss 0.7315 | 47600/10628 batches
[2025-05-20 08:40:10.555187]: text loss 0.7333 | 47800/10628 batches
[2025-05-20 08:41:49.061924]: text loss 0.7256 | 48000/10628 batches
[2025-05-20 08:43:27.928522]: text loss 0.7329 | 48200/10628 batches
[2025-05-20 08:45:06.991134]: text loss 0.7307 | 48400/10628 batches
[2025-05-20 08:46:45.199509]: text loss 0.7314 | 48600/10628 batches
[2025-05-20 08:48:23.769877]: text loss 0.7316 | 48800/10628 batches
[2025-05-20 08:50:01.494919]: text loss 0.7348 | 49000/10628 batches
[2025-05-20 08:51:39.392821]: text loss 0.7392 | 49200/10628 batches
[2025-05-20 08:53:18.001158]: text loss 0.7422 | 49400/10628 batches
[2025-05-20 08:54:57.219450]: text loss 0.7256 | 49600/10628 batches
[2025-05-20 08:56:36.314318]: text loss 0.7341 | 49800/10628 batches
[2025-05-20 08:58:15.138263]: text loss 0.7261 | 50000/10628 batches
[2025-05-20 08:59:52.897734]: text loss 0.7327 | 50200/10628 batches
[2025-05-20 09:01:31.697549]: text loss 0.7342 | 50400/10628 batches
[2025-05-20 09:03:10.424065]: text loss 0.7294 | 50600/10628 batches
[2025-05-20 09:04:49.021337]: text loss 0.7376 | 50800/10628 batches
[2025-05-20 09:06:28.189994]: text loss 0.7268 | 51000/10628 batches
[2025-05-20 09:08:06.951040]: text loss 0.7321 | 51200/10628 batches
[2025-05-20 09:09:44.872426]: text loss 0.7389 | 51400/10628 batches
[2025-05-20 09:11:23.600324]: text loss 0.7443 | 51600/10628 batches
[2025-05-20 09:13:02.642336]: text loss 0.7402 | 51800/10628 batches
[2025-05-20 09:14:41.159427]: text loss 0.7261 | 52000/10628 batches
[2025-05-20 09:16:19.474610]: text loss 0.7252 | 52200/10628 batches
[2025-05-20 09:17:57.627273]: text loss 0.7373 | 52400/10628 batches
[2025-05-20 09:19:35.879340]: text loss 0.7340 | 52600/10628 batches
[2025-05-20 09:21:14.885664]: text loss 0.7364 | 52800/10628 batches
[2025-05-20 09:22:52.143230]: text loss 0.7322 | 53000/10628 batches
[2025-05-20 09:24:00.903494]: text loss 0.7285 | 53140/10628 batches
[2025-05-20 09:24:00.904585]: validation
[2025-05-20 09:24:03.803372]: explanation loss 2.1189
[2025-05-20 09:24:08.901989]: rationale loss 1.1351
[2025-05-20 09:24:19.145235]: sequential loss 2.2803
[2025-05-20 09:25:26.965503]: top-N loss 1.2042
[2025-05-20 09:25:27.442694]: epoch 6
[2025-05-20 09:25:57.092714]: text loss 0.7228 | 53200/10628 batches
[2025-05-20 09:27:36.120333]: text loss 0.7211 | 53400/10628 batches
[2025-05-20 09:29:14.403206]: text loss 0.7181 | 53600/10628 batches
[2025-05-20 09:30:52.609154]: text loss 0.7196 | 53800/10628 batches
[2025-05-20 09:32:31.756405]: text loss 0.7227 | 54000/10628 batches
[2025-05-20 09:34:09.697051]: text loss 0.7243 | 54200/10628 batches
[2025-05-20 09:35:48.127701]: text loss 0.7163 | 54400/10628 batches
[2025-05-20 09:37:26.998111]: text loss 0.7251 | 54600/10628 batches
[2025-05-20 09:39:05.694032]: text loss 0.7176 | 54800/10628 batches
[2025-05-20 09:40:44.725521]: text loss 0.7221 | 55000/10628 batches
[2025-05-20 09:42:22.726059]: text loss 0.7203 | 55200/10628 batches
[2025-05-20 09:44:01.678734]: text loss 0.7165 | 55400/10628 batches
[2025-05-20 09:45:40.160138]: text loss 0.7098 | 55600/10628 batches
[2025-05-20 09:47:17.564576]: text loss 0.7273 | 55800/10628 batches
[2025-05-20 09:48:56.455035]: text loss 0.7152 | 56000/10628 batches
[2025-05-20 09:50:35.131444]: text loss 0.7203 | 56200/10628 batches
[2025-05-20 09:52:13.420300]: text loss 0.7296 | 56400/10628 batches
[2025-05-20 09:53:52.664036]: text loss 0.7281 | 56600/10628 batches
[2025-05-20 09:55:31.773915]: text loss 0.7180 | 56800/10628 batches
[2025-05-20 09:57:10.922573]: text loss 0.7134 | 57000/10628 batches
[2025-05-20 09:58:49.819430]: text loss 0.7211 | 57200/10628 batches
[2025-05-20 10:00:27.946300]: text loss 0.7259 | 57400/10628 batches
[2025-05-20 10:02:05.803399]: text loss 0.7182 | 57600/10628 batches
[2025-05-20 10:03:44.517124]: text loss 0.7142 | 57800/10628 batches
[2025-05-20 10:05:23.357226]: text loss 0.7119 | 58000/10628 batches
[2025-05-20 10:07:02.514556]: text loss 0.7224 | 58200/10628 batches
[2025-05-20 10:08:41.430821]: text loss 0.7289 | 58400/10628 batches
[2025-05-20 10:10:20.290008]: text loss 0.7159 | 58600/10628 batches
[2025-05-20 10:11:58.743745]: text loss 0.7222 | 58800/10628 batches
[2025-05-20 10:13:37.867524]: text loss 0.7210 | 59000/10628 batches
[2025-05-20 10:15:16.310303]: text loss 0.7066 | 59200/10628 batches
[2025-05-20 10:16:54.547744]: text loss 0.7132 | 59400/10628 batches
[2025-05-20 10:18:33.284407]: text loss 0.7184 | 59600/10628 batches
[2025-05-20 10:20:12.299418]: text loss 0.7215 | 59800/10628 batches
[2025-05-20 10:21:50.536042]: text loss 0.7141 | 60000/10628 batches
[2025-05-20 10:23:28.714155]: text loss 0.7184 | 60200/10628 batches
[2025-05-20 10:25:07.111614]: text loss 0.7213 | 60400/10628 batches
[2025-05-20 10:26:46.325521]: text loss 0.7191 | 60600/10628 batches
[2025-05-20 10:28:24.801621]: text loss 0.7192 | 60800/10628 batches
[2025-05-20 10:30:03.018366]: text loss 0.7198 | 61000/10628 batches
[2025-05-20 10:31:41.503807]: text loss 0.7159 | 61200/10628 batches
[2025-05-20 10:33:18.996198]: text loss 0.7144 | 61400/10628 batches
[2025-05-20 10:34:57.407799]: text loss 0.7134 | 61600/10628 batches
[2025-05-20 10:36:35.712728]: text loss 0.7223 | 61800/10628 batches
[2025-05-20 10:38:12.793447]: text loss 0.7231 | 62000/10628 batches
[2025-05-20 10:39:50.774267]: text loss 0.7132 | 62200/10628 batches
[2025-05-20 10:41:28.530412]: text loss 0.7193 | 62400/10628 batches
[2025-05-20 10:43:06.773444]: text loss 0.7147 | 62600/10628 batches
[2025-05-20 10:44:45.816889]: text loss 0.7158 | 62800/10628 batches
[2025-05-20 10:46:24.357529]: text loss 0.7129 | 63000/10628 batches
[2025-05-20 10:48:02.592074]: text loss 0.7119 | 63200/10628 batches
[2025-05-20 10:49:41.227114]: text loss 0.7220 | 63400/10628 batches
[2025-05-20 10:51:19.950751]: text loss 0.7192 | 63600/10628 batches
[2025-05-20 10:52:42.605503]: text loss 0.7134 | 63768/10628 batches
[2025-05-20 10:52:42.606360]: validation
[2025-05-20 10:52:45.506195]: explanation loss 2.1063
[2025-05-20 10:52:50.617489]: rationale loss 1.1114
[2025-05-20 10:53:00.913448]: sequential loss 2.2382
[2025-05-20 10:54:09.810126]: top-N loss 1.1817
[2025-05-20 10:54:10.277851]: epoch 7
[2025-05-20 10:54:25.876240]: text loss 0.7139 | 63800/10628 batches
[2025-05-20 10:56:02.963232]: text loss 0.7115 | 64000/10628 batches
[2025-05-20 10:57:40.301180]: text loss 0.7027 | 64200/10628 batches
[2025-05-20 10:59:19.122134]: text loss 0.7020 | 64400/10628 batches
[2025-05-20 11:00:57.066718]: text loss 0.7025 | 64600/10628 batches
[2025-05-20 11:02:36.199922]: text loss 0.7059 | 64800/10628 batches
[2025-05-20 11:04:14.340659]: text loss 0.7036 | 65000/10628 batches
[2025-05-20 11:05:51.204840]: text loss 0.7017 | 65200/10628 batches
[2025-05-20 11:07:28.240141]: text loss 0.7065 | 65400/10628 batches
[2025-05-20 11:09:06.073807]: text loss 0.7081 | 65600/10628 batches
[2025-05-20 11:10:43.361325]: text loss 0.7077 | 65800/10628 batches
[2025-05-20 11:12:21.053054]: text loss 0.6977 | 66000/10628 batches
[2025-05-20 11:13:59.389198]: text loss 0.7058 | 66200/10628 batches
[2025-05-20 11:15:37.076380]: text loss 0.6993 | 66400/10628 batches
[2025-05-20 11:17:14.072191]: text loss 0.7006 | 66600/10628 batches
[2025-05-20 11:18:50.647822]: text loss 0.6997 | 66800/10628 batches
[2025-05-20 11:20:27.752540]: text loss 0.7090 | 67000/10628 batches
[2025-05-20 11:22:04.930323]: text loss 0.7031 | 67200/10628 batches
[2025-05-20 11:23:43.095793]: text loss 0.7069 | 67400/10628 batches
[2025-05-20 11:25:22.055969]: text loss 0.7041 | 67600/10628 batches
[2025-05-20 11:27:00.619206]: text loss 0.7109 | 67800/10628 batches
[2025-05-20 11:28:38.742492]: text loss 0.6950 | 68000/10628 batches
[2025-05-20 11:30:18.030212]: text loss 0.7072 | 68200/10628 batches
[2025-05-20 11:31:56.252229]: text loss 0.7127 | 68400/10628 batches
[2025-05-20 11:33:33.840013]: text loss 0.7000 | 68600/10628 batches
[2025-05-20 11:35:11.530556]: text loss 0.7110 | 68800/10628 batches
[2025-05-20 11:36:50.097834]: text loss 0.7047 | 69000/10628 batches
[2025-05-20 11:38:28.604774]: text loss 0.7138 | 69200/10628 batches
[2025-05-20 11:40:07.409671]: text loss 0.7057 | 69400/10628 batches
[2025-05-20 11:41:45.613690]: text loss 0.7102 | 69600/10628 batches
[2025-05-20 11:43:24.163918]: text loss 0.7008 | 69800/10628 batches
[2025-05-20 11:45:00.362211]: text loss 0.7040 | 70000/10628 batches
[2025-05-20 11:46:38.048147]: text loss 0.7021 | 70200/10628 batches
[2025-05-20 11:48:15.733918]: text loss 0.7089 | 70400/10628 batches
[2025-05-20 11:49:54.128994]: text loss 0.7023 | 70600/10628 batches
[2025-05-20 11:51:31.768171]: text loss 0.7039 | 70800/10628 batches
[2025-05-20 11:53:08.808225]: text loss 0.7015 | 71000/10628 batches
[2025-05-20 11:54:45.649994]: text loss 0.7006 | 71200/10628 batches
[2025-05-20 11:56:22.937188]: text loss 0.7028 | 71400/10628 batches
[2025-05-20 11:57:59.880350]: text loss 0.7022 | 71600/10628 batches
[2025-05-20 11:59:36.641846]: text loss 0.7078 | 71800/10628 batches
[2025-05-20 12:01:13.670594]: text loss 0.7078 | 72000/10628 batches
[2025-05-20 12:02:50.921681]: text loss 0.7030 | 72200/10628 batches
[2025-05-20 12:04:28.219501]: text loss 0.6995 | 72400/10628 batches
[2025-05-20 12:06:05.966036]: text loss 0.6974 | 72600/10628 batches
[2025-05-20 12:07:42.940435]: text loss 0.7024 | 72800/10628 batches
[2025-05-20 12:09:20.171614]: text loss 0.7161 | 73000/10628 batches
[2025-05-20 12:10:57.358645]: text loss 0.6953 | 73200/10628 batches
[2025-05-20 12:12:34.445141]: text loss 0.7011 | 73400/10628 batches
[2025-05-20 12:14:11.643287]: text loss 0.7014 | 73600/10628 batches
[2025-05-20 12:15:50.312263]: text loss 0.7052 | 73800/10628 batches
[2025-05-20 12:17:26.836646]: text loss 0.6994 | 74000/10628 batches
[2025-05-20 12:19:03.868508]: text loss 0.6929 | 74200/10628 batches
[2025-05-20 12:20:39.413829]: text loss 0.7008 | 74396/10628 batches
[2025-05-20 12:20:39.414783]: validation
[2025-05-20 12:20:42.324889]: explanation loss 2.1009
[2025-05-20 12:20:47.435990]: rationale loss 1.0931
[2025-05-20 12:20:57.718056]: sequential loss 2.2112
[2025-05-20 12:22:06.372243]: top-N loss 1.1706
[2025-05-20 12:22:06.834203]: epoch 8
[2025-05-20 12:22:08.817576]: text loss 0.6649 | 74400/10628 batches
[2025-05-20 12:23:45.391151]: text loss 0.6857 | 74600/10628 batches
[2025-05-20 12:25:23.281845]: text loss 0.6850 | 74800/10628 batches
[2025-05-20 12:27:00.558244]: text loss 0.6920 | 75000/10628 batches
[2025-05-20 12:28:37.883488]: text loss 0.6862 | 75200/10628 batches
[2025-05-20 12:30:15.701388]: text loss 0.6957 | 75400/10628 batches
[2025-05-20 12:31:53.076170]: text loss 0.6890 | 75600/10628 batches
[2025-05-20 12:33:30.022521]: text loss 0.6902 | 75800/10628 batches
[2025-05-20 12:35:08.251860]: text loss 0.6948 | 76000/10628 batches
[2025-05-20 12:36:46.382273]: text loss 0.6969 | 76200/10628 batches
[2025-05-20 12:38:24.326323]: text loss 0.6888 | 76400/10628 batches
[2025-05-20 12:40:02.597442]: text loss 0.6821 | 76600/10628 batches
[2025-05-20 12:41:40.862920]: text loss 0.6999 | 76800/10628 batches
[2025-05-20 12:43:18.929397]: text loss 0.7011 | 77000/10628 batches
[2025-05-20 12:44:56.790141]: text loss 0.6896 | 77200/10628 batches
[2025-05-20 12:46:35.471593]: text loss 0.6924 | 77400/10628 batches
[2025-05-20 12:48:14.147746]: text loss 0.6943 | 77600/10628 batches
[2025-05-20 12:49:51.977551]: text loss 0.6871 | 77800/10628 batches
[2025-05-20 12:51:30.817264]: text loss 0.6922 | 78000/10628 batches
[2025-05-20 12:53:09.728732]: text loss 0.6864 | 78200/10628 batches
[2025-05-20 12:54:48.872922]: text loss 0.6910 | 78400/10628 batches
[2025-05-20 12:56:26.830338]: text loss 0.6885 | 78600/10628 batches
[2025-05-20 12:58:03.856561]: text loss 0.6928 | 78800/10628 batches
[2025-05-20 12:59:42.259443]: text loss 0.6856 | 79000/10628 batches
[2025-05-20 13:01:21.392362]: text loss 0.6891 | 79200/10628 batches
[2025-05-20 13:02:59.387610]: text loss 0.6853 | 79400/10628 batches
[2025-05-20 13:04:38.289701]: text loss 0.6960 | 79600/10628 batches
[2025-05-20 13:06:16.680025]: text loss 0.6920 | 79800/10628 batches
[2025-05-20 13:07:54.421029]: text loss 0.6967 | 80000/10628 batches
[2025-05-20 13:09:31.868076]: text loss 0.6914 | 80200/10628 batches
[2025-05-20 13:11:10.869183]: text loss 0.6962 | 80400/10628 batches
[2025-05-20 13:12:49.590591]: text loss 0.6867 | 80600/10628 batches
[2025-05-20 13:14:27.960481]: text loss 0.6900 | 80800/10628 batches
[2025-05-20 13:16:06.308959]: text loss 0.6880 | 81000/10628 batches
[2025-05-20 13:17:44.690862]: text loss 0.6849 | 81200/10628 batches
[2025-05-20 13:19:21.602365]: text loss 0.6933 | 81400/10628 batches
[2025-05-20 13:20:59.498162]: text loss 0.6917 | 81600/10628 batches
[2025-05-20 13:22:38.369331]: text loss 0.6864 | 81800/10628 batches
[2025-05-20 13:24:17.540240]: text loss 0.6918 | 82000/10628 batches
[2025-05-20 13:25:56.500100]: text loss 0.6898 | 82200/10628 batches
[2025-05-20 13:27:34.493895]: text loss 0.6880 | 82400/10628 batches
[2025-05-20 13:29:13.347857]: text loss 0.6892 | 82600/10628 batches
[2025-05-20 13:30:52.277252]: text loss 0.7032 | 82800/10628 batches
[2025-05-20 13:32:30.182095]: text loss 0.6985 | 83000/10628 batches
[2025-05-20 13:34:08.681567]: text loss 0.6888 | 83200/10628 batches
[2025-05-20 13:35:45.982606]: text loss 0.6877 | 83400/10628 batches
[2025-05-20 13:37:24.765693]: text loss 0.6821 | 83600/10628 batches
[2025-05-20 13:39:03.598388]: text loss 0.6907 | 83800/10628 batches
[2025-05-20 13:40:41.982138]: text loss 0.6883 | 84000/10628 batches
[2025-05-20 13:42:20.779624]: text loss 0.6915 | 84200/10628 batches
[2025-05-20 13:43:58.629290]: text loss 0.6821 | 84400/10628 batches
[2025-05-20 13:45:36.311619]: text loss 0.6882 | 84600/10628 batches
[2025-05-20 13:47:14.765875]: text loss 0.6897 | 84800/10628 batches
[2025-05-20 13:48:53.640519]: text loss 0.6890 | 85000/10628 batches
[2025-05-20 13:49:05.358538]: text loss 0.6855 | 85024/10628 batches
[2025-05-20 13:49:05.359252]: validation
[2025-05-20 13:49:08.181283]: explanation loss 2.0929
[2025-05-20 13:49:13.274560]: rationale loss 1.0996
[2025-05-20 13:49:23.506194]: sequential loss 2.2265
[2025-05-20 13:50:31.897640]: top-N loss 1.1718
[2025-05-20 13:50:31.897748]: Endured 1 time(s)
[2025-05-20 13:50:31.897775]: epoch 9
[2025-05-20 13:52:00.011417]: text loss 0.6692 | 85200/10628 batches
[2025-05-20 13:53:37.381422]: text loss 0.6801 | 85400/10628 batches
[2025-05-20 13:55:14.028523]: text loss 0.6821 | 85600/10628 batches
[2025-05-20 13:56:50.702001]: text loss 0.6781 | 85800/10628 batches
[2025-05-20 13:58:27.289117]: text loss 0.6703 | 86000/10628 batches
[2025-05-20 14:00:03.648458]: text loss 0.6715 | 86200/10628 batches
[2025-05-20 14:01:40.193350]: text loss 0.6692 | 86400/10628 batches
[2025-05-20 14:03:16.840023]: text loss 0.6763 | 86600/10628 batches
[2025-05-20 14:04:53.427896]: text loss 0.6797 | 86800/10628 batches
[2025-05-20 14:06:30.244691]: text loss 0.6790 | 87000/10628 batches
[2025-05-20 14:08:07.245183]: text loss 0.6868 | 87200/10628 batches
[2025-05-20 14:09:44.120536]: text loss 0.6763 | 87400/10628 batches
[2025-05-20 14:11:20.978265]: text loss 0.6798 | 87600/10628 batches
[2025-05-20 14:12:57.703974]: text loss 0.6773 | 87800/10628 batches
[2025-05-20 14:14:34.387662]: text loss 0.6915 | 88000/10628 batches
[2025-05-20 14:16:11.068969]: text loss 0.6813 | 88200/10628 batches
[2025-05-20 14:17:47.691079]: text loss 0.6757 | 88400/10628 batches
[2025-05-20 14:19:24.759685]: text loss 0.6806 | 88600/10628 batches
[2025-05-20 14:21:01.568155]: text loss 0.6746 | 88800/10628 batches
[2025-05-20 14:22:38.790813]: text loss 0.6694 | 89000/10628 batches
[2025-05-20 14:24:16.167943]: text loss 0.6806 | 89200/10628 batches
[2025-05-20 14:25:54.035814]: text loss 0.6800 | 89400/10628 batches
[2025-05-20 14:27:31.032087]: text loss 0.6683 | 89600/10628 batches
[2025-05-20 14:29:07.840479]: text loss 0.6823 | 89800/10628 batches
[2025-05-20 14:30:45.162514]: text loss 0.6818 | 90000/10628 batches
[2025-05-20 14:32:21.940685]: text loss 0.6741 | 90200/10628 batches
[2025-05-20 14:34:00.110574]: text loss 0.6757 | 90400/10628 batches
[2025-05-20 14:35:37.110629]: text loss 0.6716 | 90600/10628 batches
[2025-05-20 14:37:15.249112]: text loss 0.6768 | 90800/10628 batches
[2025-05-20 14:38:53.669023]: text loss 0.6798 | 91000/10628 batches
[2025-05-20 14:40:32.571918]: text loss 0.6759 | 91200/10628 batches
[2025-05-20 14:42:10.484432]: text loss 0.6826 | 91400/10628 batches
[2025-05-20 14:43:47.362958]: text loss 0.6800 | 91600/10628 batches
[2025-05-20 14:45:26.436658]: text loss 0.6751 | 91800/10628 batches
[2025-05-20 14:47:05.402292]: text loss 0.6724 | 92000/10628 batches
[2025-05-20 14:48:44.682605]: text loss 0.6779 | 92200/10628 batches
[2025-05-20 14:50:23.528726]: text loss 0.6763 | 92400/10628 batches
[2025-05-20 14:52:01.555616]: text loss 0.6747 | 92600/10628 batches
[2025-05-20 14:53:39.659807]: text loss 0.6718 | 92800/10628 batches
[2025-05-20 14:55:18.523708]: text loss 0.6745 | 93000/10628 batches
[2025-05-20 14:56:56.642216]: text loss 0.6859 | 93200/10628 batches
[2025-05-20 14:58:35.221258]: text loss 0.6781 | 93400/10628 batches
[2025-05-20 15:00:12.311066]: text loss 0.6763 | 93600/10628 batches
[2025-05-20 15:01:49.180822]: text loss 0.6730 | 93800/10628 batches
[2025-05-20 15:03:26.126423]: text loss 0.6790 | 94000/10628 batches
[2025-05-20 15:05:03.109214]: text loss 0.6801 | 94200/10628 batches
[2025-05-20 15:06:40.209360]: text loss 0.6869 | 94400/10628 batches
[2025-05-20 15:08:17.229164]: text loss 0.6746 | 94600/10628 batches
[2025-05-20 15:09:54.701107]: text loss 0.6820 | 94800/10628 batches
[2025-05-20 15:11:33.123658]: text loss 0.6688 | 95000/10628 batches
[2025-05-20 15:13:11.356540]: text loss 0.6749 | 95200/10628 batches
[2025-05-20 15:14:50.272397]: text loss 0.6808 | 95400/10628 batches
[2025-05-20 15:16:28.108320]: text loss 0.6764 | 95600/10628 batches
[2025-05-20 15:16:53.420124]: text loss 0.6666 | 95652/10628 batches
[2025-05-20 15:16:53.421109]: validation
[2025-05-20 15:16:56.271347]: explanation loss 2.0922
[2025-05-20 15:17:01.384851]: rationale loss 1.0867
[2025-05-20 15:17:11.726306]: sequential loss 2.2345
[2025-05-20 15:18:20.526807]: top-N loss 1.1810
[2025-05-20 15:18:20.526921]: Endured 2 time(s)
[2025-05-20 15:18:20.526949]: epoch 10
[2025-05-20 15:19:32.418325]: text loss 0.6534 | 95800/10628 batches
[2025-05-20 15:21:09.097521]: text loss 0.6613 | 96000/10628 batches
[2025-05-20 15:22:45.566835]: text loss 0.6639 | 96200/10628 batches
[2025-05-20 15:24:21.948141]: text loss 0.6644 | 96400/10628 batches
[2025-05-20 15:25:58.437135]: text loss 0.6607 | 96600/10628 batches
[2025-05-20 15:27:35.138339]: text loss 0.6710 | 96800/10628 batches
[2025-05-20 15:29:11.811878]: text loss 0.6676 | 97000/10628 batches
[2025-05-20 15:30:48.690747]: text loss 0.6625 | 97200/10628 batches
[2025-05-20 15:32:25.830868]: text loss 0.6597 | 97400/10628 batches
[2025-05-20 15:34:02.457469]: text loss 0.6639 | 97600/10628 batches
[2025-05-20 15:35:39.280276]: text loss 0.6561 | 97800/10628 batches
[2025-05-20 15:37:15.900155]: text loss 0.6624 | 98000/10628 batches
[2025-05-20 15:38:52.508598]: text loss 0.6618 | 98200/10628 batches
[2025-05-20 15:40:29.127320]: text loss 0.6593 | 98400/10628 batches
[2025-05-20 15:42:06.115276]: text loss 0.6596 | 98600/10628 batches
[2025-05-20 15:43:42.834247]: text loss 0.6630 | 98800/10628 batches
[2025-05-20 15:45:19.441608]: text loss 0.6718 | 99000/10628 batches
[2025-05-20 15:46:56.513106]: text loss 0.6693 | 99200/10628 batches
[2025-05-20 15:48:33.556140]: text loss 0.6569 | 99400/10628 batches
[2025-05-20 15:50:11.001624]: text loss 0.6594 | 99600/10628 batches
[2025-05-20 15:51:48.004156]: text loss 0.6671 | 99800/10628 batches
[2025-05-20 15:53:25.461867]: text loss 0.6596 | 100000/10628 batches
[2025-05-20 15:55:02.461223]: text loss 0.6692 | 100200/10628 batches
[2025-05-20 15:56:39.516376]: text loss 0.6611 | 100400/10628 batches
[2025-05-20 15:58:16.442172]: text loss 0.6668 | 100600/10628 batches
[2025-05-20 15:59:53.264365]: text loss 0.6698 | 100800/10628 batches
[2025-05-20 16:01:30.513865]: text loss 0.6627 | 101000/10628 batches
[2025-05-20 16:03:07.765446]: text loss 0.6544 | 101200/10628 batches
[2025-05-20 16:04:44.547664]: text loss 0.6679 | 101400/10628 batches
[2025-05-20 16:06:21.671936]: text loss 0.6673 | 101600/10628 batches
[2025-05-20 16:07:58.700673]: text loss 0.6630 | 101800/10628 batches
[2025-05-20 16:09:35.555623]: text loss 0.6662 | 102000/10628 batches
[2025-05-20 16:11:12.460297]: text loss 0.6620 | 102200/10628 batches
[2025-05-20 16:12:49.289030]: text loss 0.6687 | 102400/10628 batches
[2025-05-20 16:14:26.478176]: text loss 0.6690 | 102600/10628 batches
[2025-05-20 16:16:03.241605]: text loss 0.6601 | 102800/10628 batches
[2025-05-20 16:17:40.237967]: text loss 0.6652 | 103000/10628 batches
[2025-05-20 16:19:17.473700]: text loss 0.6644 | 103200/10628 batches
[2025-05-20 16:20:54.626442]: text loss 0.6711 | 103400/10628 batches
[2025-05-20 16:22:31.514034]: text loss 0.6603 | 103600/10628 batches
[2025-05-20 16:24:08.758874]: text loss 0.6611 | 103800/10628 batches
[2025-05-20 16:25:45.959740]: text loss 0.6650 | 104000/10628 batches
[2025-05-20 16:27:23.139081]: text loss 0.6626 | 104200/10628 batches
[2025-05-20 16:29:00.161709]: text loss 0.6678 | 104400/10628 batches
[2025-05-20 16:30:37.089818]: text loss 0.6693 | 104600/10628 batches
[2025-05-20 16:32:14.011136]: text loss 0.6741 | 104800/10628 batches
[2025-05-20 16:33:51.203956]: text loss 0.6576 | 105000/10628 batches
[2025-05-20 16:35:28.215714]: text loss 0.6640 | 105200/10628 batches
[2025-05-20 16:37:05.587232]: text loss 0.6728 | 105400/10628 batches
[2025-05-20 16:38:43.025967]: text loss 0.6678 | 105600/10628 batches
[2025-05-20 16:40:20.096553]: text loss 0.6654 | 105800/10628 batches
[2025-05-20 16:41:56.805168]: text loss 0.6585 | 106000/10628 batches
[2025-05-20 16:43:33.831806]: text loss 0.6651 | 106200/10628 batches
[2025-05-20 16:44:12.652704]: text loss 0.6670 | 106280/10628 batches
[2025-05-20 16:44:12.653458]: validation
[2025-05-20 16:44:15.504012]: explanation loss 2.0874
[2025-05-20 16:44:20.631567]: rationale loss 1.0837
[2025-05-20 16:44:31.002142]: sequential loss 2.2374
[2025-05-20 16:45:40.413238]: top-N loss 1.1493
[2025-05-20 16:45:40.857726]: epoch 11
[2025-05-20 16:46:39.035062]: text loss 0.6547 | 106400/10628 batches
[2025-05-20 16:48:15.989971]: text loss 0.6508 | 106600/10628 batches
[2025-05-20 16:49:53.079246]: text loss 0.6494 | 106800/10628 batches
[2025-05-20 16:51:30.216120]: text loss 0.6485 | 107000/10628 batches
[2025-05-20 16:53:07.177823]: text loss 0.6539 | 107200/10628 batches
[2025-05-20 16:54:44.396491]: text loss 0.6506 | 107400/10628 batches
[2025-05-20 16:56:21.488859]: text loss 0.6501 | 107600/10628 batches
[2025-05-20 16:57:58.931584]: text loss 0.6412 | 107800/10628 batches
[2025-05-20 16:59:36.220217]: text loss 0.6482 | 108000/10628 batches
[2025-05-20 17:01:13.292901]: text loss 0.6486 | 108200/10628 batches
[2025-05-20 17:02:50.278518]: text loss 0.6538 | 108400/10628 batches
[2025-05-20 17:04:27.507974]: text loss 0.6517 | 108600/10628 batches
[2025-05-20 17:06:04.491985]: text loss 0.6451 | 108800/10628 batches
[2025-05-20 17:07:41.678778]: text loss 0.6552 | 109000/10628 batches
[2025-05-20 17:09:18.903313]: text loss 0.6515 | 109200/10628 batches
[2025-05-20 17:10:56.061552]: text loss 0.6571 | 109400/10628 batches
[2025-05-20 17:12:33.139208]: text loss 0.6553 | 109600/10628 batches
[2025-05-20 17:14:10.283263]: text loss 0.6518 | 109800/10628 batches
[2025-05-20 17:15:47.323961]: text loss 0.6485 | 110000/10628 batches
[2025-05-20 17:17:24.467473]: text loss 0.6480 | 110200/10628 batches
[2025-05-20 17:19:02.014569]: text loss 0.6488 | 110400/10628 batches
[2025-05-20 17:20:39.066394]: text loss 0.6545 | 110600/10628 batches
[2025-05-20 17:22:16.279425]: text loss 0.6550 | 110800/10628 batches
[2025-05-20 17:23:53.692901]: text loss 0.6530 | 111000/10628 batches
[2025-05-20 17:25:30.642062]: text loss 0.6497 | 111200/10628 batches
[2025-05-20 17:27:07.879578]: text loss 0.6592 | 111400/10628 batches
[2025-05-20 17:28:44.966851]: text loss 0.6499 | 111600/10628 batches
[2025-05-20 17:30:22.180616]: text loss 0.6486 | 111800/10628 batches
[2025-05-20 17:31:59.870974]: text loss 0.6506 | 112000/10628 batches
[2025-05-20 17:33:36.986173]: text loss 0.6485 | 112200/10628 batches
[2025-05-20 17:35:14.013387]: text loss 0.6507 | 112400/10628 batches
[2025-05-20 17:36:50.887910]: text loss 0.6523 | 112600/10628 batches
[2025-05-20 17:38:27.970061]: text loss 0.6558 | 112800/10628 batches
[2025-05-20 17:40:04.873706]: text loss 0.6496 | 113000/10628 batches
[2025-05-20 17:41:42.149828]: text loss 0.6589 | 113200/10628 batches
[2025-05-20 17:43:19.315245]: text loss 0.6581 | 113400/10628 batches
[2025-05-20 17:44:56.473426]: text loss 0.6530 | 113600/10628 batches
[2025-05-20 17:46:33.399285]: text loss 0.6587 | 113800/10628 batches
[2025-05-20 17:48:10.524142]: text loss 0.6524 | 114000/10628 batches
[2025-05-20 17:49:47.599557]: text loss 0.6511 | 114200/10628 batches
[2025-05-20 17:51:24.475937]: text loss 0.6513 | 114400/10628 batches
[2025-05-20 17:53:01.598553]: text loss 0.6478 | 114600/10628 batches
[2025-05-20 17:54:38.515829]: text loss 0.6538 | 114800/10628 batches
[2025-05-20 17:56:15.396151]: text loss 0.6594 | 115000/10628 batches
[2025-05-20 17:57:52.350132]: text loss 0.6539 | 115200/10628 batches
[2025-05-20 17:59:29.329116]: text loss 0.6496 | 115400/10628 batches
[2025-05-20 18:01:06.575156]: text loss 0.6629 | 115600/10628 batches
[2025-05-20 18:02:43.504095]: text loss 0.6436 | 115800/10628 batches
[2025-05-20 18:04:20.553145]: text loss 0.6515 | 116000/10628 batches
[2025-05-20 18:05:57.814490]: text loss 0.6563 | 116200/10628 batches
[2025-05-20 18:07:34.857321]: text loss 0.6480 | 116400/10628 batches
[2025-05-20 18:09:11.928632]: text loss 0.6460 | 116600/10628 batches
[2025-05-20 18:10:48.868482]: text loss 0.6462 | 116800/10628 batches
[2025-05-20 18:11:41.398195]: text loss 0.6476 | 116908/10628 batches
[2025-05-20 18:11:41.399040]: validation
[2025-05-20 18:11:44.237552]: explanation loss 2.0901
[2025-05-20 18:11:49.368391]: rationale loss 1.0764
[2025-05-20 18:11:59.830141]: sequential loss 2.2385
[2025-05-20 18:13:09.390577]: top-N loss 1.1932
[2025-05-20 18:13:09.390702]: Endured 3 time(s)
[2025-05-20 18:13:09.390729]: epoch 12
[2025-05-20 18:13:54.144960]: text loss 0.6378 | 117000/10628 batches
[2025-05-20 18:15:31.368932]: text loss 0.6315 | 117200/10628 batches
[2025-05-20 18:17:08.669663]: text loss 0.6355 | 117400/10628 batches
[2025-05-20 18:18:45.948053]: text loss 0.6384 | 117600/10628 batches
[2025-05-20 18:20:23.047370]: text loss 0.6388 | 117800/10628 batches
[2025-05-20 18:22:00.390155]: text loss 0.6431 | 118000/10628 batches
[2025-05-20 18:23:37.546425]: text loss 0.6367 | 118200/10628 batches
[2025-05-20 18:25:14.821499]: text loss 0.6400 | 118400/10628 batches
[2025-05-20 18:26:52.159738]: text loss 0.6392 | 118600/10628 batches
[2025-05-20 18:28:29.271591]: text loss 0.6315 | 118800/10628 batches
[2025-05-20 18:30:06.537990]: text loss 0.6416 | 119000/10628 batches
[2025-05-20 18:31:43.760481]: text loss 0.6394 | 119200/10628 batches
[2025-05-20 18:33:20.779544]: text loss 0.6376 | 119400/10628 batches
[2025-05-20 18:34:57.724324]: text loss 0.6293 | 119600/10628 batches
[2025-05-20 18:36:34.877927]: text loss 0.6256 | 119800/10628 batches
[2025-05-20 18:38:12.142485]: text loss 0.6390 | 120000/10628 batches
[2025-05-20 18:39:49.202034]: text loss 0.6442 | 120200/10628 batches
[2025-05-20 18:41:26.453001]: text loss 0.6402 | 120400/10628 batches
[2025-05-20 18:43:03.488204]: text loss 0.6350 | 120600/10628 batches
[2025-05-20 18:44:40.508809]: text loss 0.6464 | 120800/10628 batches
[2025-05-20 18:46:17.435028]: text loss 0.6467 | 121000/10628 batches
[2025-05-20 18:47:54.490016]: text loss 0.6417 | 121200/10628 batches
[2025-05-20 18:49:31.980649]: text loss 0.6395 | 121400/10628 batches
[2025-05-20 18:51:09.080947]: text loss 0.6414 | 121600/10628 batches
[2025-05-20 18:52:46.278129]: text loss 0.6428 | 121800/10628 batches
[2025-05-20 18:54:23.155341]: text loss 0.6379 | 122000/10628 batches
[2025-05-20 18:56:00.271649]: text loss 0.6392 | 122200/10628 batches
[2025-05-20 18:57:37.363404]: text loss 0.6351 | 122400/10628 batches
[2025-05-20 18:59:14.342212]: text loss 0.6359 | 122600/10628 batches
[2025-05-20 19:00:51.249804]: text loss 0.6431 | 122800/10628 batches
[2025-05-20 19:02:28.082086]: text loss 0.6341 | 123000/10628 batches
[2025-05-20 19:04:04.797587]: text loss 0.6401 | 123200/10628 batches
[2025-05-20 19:05:41.816453]: text loss 0.6377 | 123400/10628 batches
[2025-05-20 19:07:18.749457]: text loss 0.6354 | 123600/10628 batches
[2025-05-20 19:08:55.573224]: text loss 0.6445 | 123800/10628 batches
[2025-05-20 19:10:32.484928]: text loss 0.6351 | 124000/10628 batches
[2025-05-20 19:12:09.669639]: text loss 0.6500 | 124200/10628 batches
[2025-05-20 19:13:46.425533]: text loss 0.6415 | 124400/10628 batches
[2025-05-20 19:15:23.456174]: text loss 0.6426 | 124600/10628 batches
[2025-05-20 19:17:00.147735]: text loss 0.6455 | 124800/10628 batches
[2025-05-20 19:18:36.976773]: text loss 0.6417 | 125000/10628 batches
[2025-05-20 19:20:14.282149]: text loss 0.6467 | 125200/10628 batches
[2025-05-20 19:21:51.299778]: text loss 0.6357 | 125400/10628 batches
[2025-05-20 19:23:28.301385]: text loss 0.6397 | 125600/10628 batches
[2025-05-20 19:25:05.702056]: text loss 0.6351 | 125800/10628 batches
[2025-05-20 19:26:42.611230]: text loss 0.6415 | 126000/10628 batches
[2025-05-20 19:28:19.854884]: text loss 0.6411 | 126200/10628 batches
[2025-05-20 19:29:57.098006]: text loss 0.6417 | 126400/10628 batches
[2025-05-20 19:31:34.223782]: text loss 0.6336 | 126600/10628 batches
[2025-05-20 19:33:11.227732]: text loss 0.6431 | 126800/10628 batches
[2025-05-20 19:34:48.156278]: text loss 0.6345 | 127000/10628 batches
[2025-05-20 19:36:25.241007]: text loss 0.6454 | 127200/10628 batches
[2025-05-20 19:38:02.355594]: text loss 0.6461 | 127400/10628 batches
[2025-05-20 19:39:08.242542]: text loss 0.6365 | 127536/10628 batches
[2025-05-20 19:39:08.243329]: validation
[2025-05-20 19:39:11.079923]: explanation loss 2.0898
[2025-05-20 19:39:16.209397]: rationale loss 1.0848
[2025-05-20 19:39:26.690709]: sequential loss 2.2915
[2025-05-20 19:40:36.244134]: top-N loss 1.1960
[2025-05-20 19:40:36.244253]: Endured 4 time(s)
[2025-05-20 19:40:36.244279]: epoch 13
[2025-05-20 19:41:07.271357]: text loss 0.6241 | 127600/10628 batches
[2025-05-20 19:42:44.269299]: text loss 0.6201 | 127800/10628 batches
[2025-05-20 19:44:21.417664]: text loss 0.6295 | 128000/10628 batches
[2025-05-20 19:45:58.618202]: text loss 0.6303 | 128200/10628 batches
[2025-05-20 19:47:35.615317]: text loss 0.6261 | 128400/10628 batches
[2025-05-20 19:49:12.759234]: text loss 0.6212 | 128600/10628 batches
[2025-05-20 19:50:49.650624]: text loss 0.6269 | 128800/10628 batches
[2025-05-20 19:52:26.708727]: text loss 0.6271 | 129000/10628 batches
[2025-05-20 19:54:03.788350]: text loss 0.6276 | 129200/10628 batches
[2025-05-20 19:55:40.858540]: text loss 0.6289 | 129400/10628 batches
[2025-05-20 19:57:17.836186]: text loss 0.6256 | 129600/10628 batches
[2025-05-20 19:58:54.874291]: text loss 0.6226 | 129800/10628 batches
[2025-05-20 20:00:32.097226]: text loss 0.6297 | 130000/10628 batches
[2025-05-20 20:02:09.043558]: text loss 0.6147 | 130200/10628 batches
[2025-05-20 20:03:45.760746]: text loss 0.6228 | 130400/10628 batches
[2025-05-20 20:05:22.670707]: text loss 0.6216 | 130600/10628 batches
[2025-05-20 20:06:59.898680]: text loss 0.6270 | 130800/10628 batches
[2025-05-20 20:08:36.979154]: text loss 0.6317 | 131000/10628 batches
[2025-05-20 20:10:14.213681]: text loss 0.6335 | 131200/10628 batches
[2025-05-20 20:11:51.373960]: text loss 0.6268 | 131400/10628 batches
[2025-05-20 20:13:28.270849]: text loss 0.6327 | 131600/10628 batches
[2025-05-20 20:15:05.125426]: text loss 0.6311 | 131800/10628 batches
[2025-05-20 20:16:42.018499]: text loss 0.6227 | 132000/10628 batches
[2025-05-20 20:18:19.032403]: text loss 0.6246 | 132200/10628 batches
[2025-05-20 20:19:55.966040]: text loss 0.6339 | 132400/10628 batches
[2025-05-20 20:21:32.932530]: text loss 0.6279 | 132600/10628 batches
[2025-05-20 20:23:09.844542]: text loss 0.6234 | 132800/10628 batches
[2025-05-20 20:24:46.597982]: text loss 0.6231 | 133000/10628 batches
[2025-05-20 20:26:23.318858]: text loss 0.6342 | 133200/10628 batches
[2025-05-20 20:28:00.319913]: text loss 0.6256 | 133400/10628 batches
[2025-05-20 20:29:37.347631]: text loss 0.6293 | 133600/10628 batches
[2025-05-20 20:31:14.007225]: text loss 0.6249 | 133800/10628 batches
[2025-05-20 20:32:50.863211]: text loss 0.6282 | 134000/10628 batches
[2025-05-20 20:34:27.784059]: text loss 0.6319 | 134200/10628 batches
[2025-05-20 20:36:04.529262]: text loss 0.6362 | 134400/10628 batches
[2025-05-20 20:37:40.964692]: text loss 0.6280 | 134600/10628 batches
[2025-05-20 20:39:17.573333]: text loss 0.6290 | 134800/10628 batches
[2025-05-20 20:40:54.637496]: text loss 0.6380 | 135000/10628 batches
[2025-05-20 20:42:31.347798]: text loss 0.6250 | 135200/10628 batches
[2025-05-20 20:44:08.194748]: text loss 0.6263 | 135400/10628 batches
[2025-05-20 20:45:44.689606]: text loss 0.6234 | 135600/10628 batches
[2025-05-20 20:47:21.463424]: text loss 0.6329 | 135800/10628 batches
[2025-05-20 20:48:58.451232]: text loss 0.6298 | 136000/10628 batches
[2025-05-20 20:50:35.406127]: text loss 0.6317 | 136200/10628 batches
[2025-05-20 20:52:12.406010]: text loss 0.6292 | 136400/10628 batches
[2025-05-20 20:53:49.967633]: text loss 0.6176 | 136600/10628 batches
[2025-05-20 20:55:27.921823]: text loss 0.6248 | 136800/10628 batches
[2025-05-20 20:57:05.249393]: text loss 0.6211 | 137000/10628 batches
[2025-05-20 20:58:43.383801]: text loss 0.6277 | 137200/10628 batches
[2025-05-20 21:00:20.125624]: text loss 0.6244 | 137400/10628 batches
[2025-05-20 21:01:57.250058]: text loss 0.6322 | 137600/10628 batches
[2025-05-20 21:03:35.196101]: text loss 0.6283 | 137800/10628 batches
[2025-05-20 21:05:12.243753]: text loss 0.6270 | 138000/10628 batches
[2025-05-20 21:06:32.490659]: text loss 0.6381 | 138164/10628 batches
[2025-05-20 21:06:32.491386]: validation
[2025-05-20 21:06:35.322915]: explanation loss 2.0912
[2025-05-20 21:06:40.437662]: rationale loss 1.0821
[2025-05-20 21:06:50.768937]: sequential loss 2.3169
[2025-05-20 21:07:59.539668]: top-N loss 1.2348
[2025-05-20 21:07:59.539769]: Endured 5 time(s)
[2025-05-20 21:07:59.539808]: Cannot endure it anymore | Exiting from early stop
