nohup: ignoring input
/home/zhongyikun/anaconda3/envs/RDRec/lib/python3.12/site-packages/transformers/utils/generic.py:441: FutureWarning: `torch.utils._pytree._register_pytree_node` is deprecated. Please use `torch.utils._pytree.register_pytree_node` instead.
  _torch_pytree._register_pytree_node(
/home/zhongyikun/anaconda3/envs/RDRec/lib/python3.12/site-packages/transformers/utils/generic.py:309: FutureWarning: `torch.utils._pytree._register_pytree_node` is deprecated. Please use `torch.utils._pytree.register_pytree_node` instead.
  _torch_pytree._register_pytree_node(
/home/zhongyikun/anaconda3/envs/RDRec/lib/python3.12/site-packages/transformers/utils/generic.py:309: FutureWarning: `torch.utils._pytree._register_pytree_node` is deprecated. Please use `torch.utils._pytree.register_pytree_node` instead.
  _torch_pytree._register_pytree_node(
/home/zhongyikun/anaconda3/envs/RDRec/lib/python3.12/site-packages/huggingface_hub/file_download.py:896: FutureWarning: `resume_download` is deprecated and will be removed in version 1.0.0. Downloads always resume when possible. If you want to force a new download, use `force_download=True`.
  warnings.warn(
You are using the default legacy behaviour of the <class 'transformers.models.t5.tokenization_t5.T5Tokenizer'>. This is expected, and simply means that the `legacy` (previous) behavior will be used so nothing changes for you. If you want to use the new behaviour, set `legacy=False`. This should only be set if you understand what it means, and thouroughly read the reason why this was added as explained in https://github.com/huggingface/transformers/pull/24565
Special tokens have been added in the vocabulary, make sure the associated word embeddings are fine-tuned or trained.
Some weights of Solomon were not initialized from the model checkpoint at t5-small and are newly initialized: ['conv1d.weight']
You should probably TRAIN this model on a down-stream task to be able to use it for predictions and inference.
----------------------------------------ARGUMENTS----------------------------------------
data_dir                                 ./data/sports/
model_version                            0
task_num                                 5
prompt_num                               3
lr                                       0.0005
ratio                                    1:1:1:1
epochs                                   100
batch_size                               64
cuda                                     True
log_interval                             200
checkpoint                               ./checkpoint_0520_max/sports_1111/
endure_times                             5
exp_len                                  20
negative_num                             99
----------------------------------------ARGUMENTS----------------------------------------
[2025-05-20 16:36:15.863690]: Loading data
[2025-05-20 16:36:30.949031]: Start training
[2025-05-20 16:36:30.949098]: epoch 1
[2025-05-20 16:38:14.081760]: text loss 1.6725 |   200/ 9841 batches
[2025-05-20 16:39:56.736999]: text loss 1.4437 |   400/ 9841 batches
[2025-05-20 16:41:39.226894]: text loss 1.3768 |   600/ 9841 batches
[2025-05-20 16:43:22.062330]: text loss 1.3617 |   800/ 9841 batches
[2025-05-20 16:45:04.801958]: text loss 1.3749 |  1000/ 9841 batches
[2025-05-20 16:46:47.462755]: text loss 1.3616 |  1200/ 9841 batches
[2025-05-20 16:48:30.528258]: text loss 1.3706 |  1400/ 9841 batches
[2025-05-20 16:50:13.217565]: text loss 1.3609 |  1600/ 9841 batches
[2025-05-20 16:51:55.970915]: text loss 1.3225 |  1800/ 9841 batches
[2025-05-20 16:53:38.754688]: text loss 1.3639 |  2000/ 9841 batches
[2025-05-20 16:55:21.565019]: text loss 1.3195 |  2200/ 9841 batches
[2025-05-20 16:57:04.761447]: text loss 1.3535 |  2400/ 9841 batches
[2025-05-20 16:58:47.713216]: text loss 1.3186 |  2600/ 9841 batches
[2025-05-20 17:00:30.503766]: text loss 1.3368 |  2800/ 9841 batches
[2025-05-20 17:02:13.514834]: text loss 1.3305 |  3000/ 9841 batches
[2025-05-20 17:03:56.447015]: text loss 1.2945 |  3200/ 9841 batches
[2025-05-20 17:05:39.185705]: text loss 1.2951 |  3400/ 9841 batches
[2025-05-20 17:07:22.274961]: text loss 1.3237 |  3600/ 9841 batches
[2025-05-20 17:09:04.967644]: text loss 1.3220 |  3800/ 9841 batches
[2025-05-20 17:10:47.712349]: text loss 1.2922 |  4000/ 9841 batches
[2025-05-20 17:12:30.650266]: text loss 1.2714 |  4200/ 9841 batches
[2025-05-20 17:14:13.454720]: text loss 1.3138 |  4400/ 9841 batches
[2025-05-20 17:15:56.742585]: text loss 1.2983 |  4600/ 9841 batches
[2025-05-20 17:17:39.708974]: text loss 1.2930 |  4800/ 9841 batches
[2025-05-20 17:19:22.681783]: text loss 1.2964 |  5000/ 9841 batches
[2025-05-20 17:21:05.607775]: text loss 1.2956 |  5200/ 9841 batches
[2025-05-20 17:22:48.580739]: text loss 1.2941 |  5400/ 9841 batches
[2025-05-20 17:24:31.562924]: text loss 1.2865 |  5600/ 9841 batches
[2025-05-20 17:26:14.515499]: text loss 1.2740 |  5800/ 9841 batches
[2025-05-20 17:27:57.364120]: text loss 1.2839 |  6000/ 9841 batches
[2025-05-20 17:29:40.088191]: text loss 1.2907 |  6200/ 9841 batches
[2025-05-20 17:31:23.087837]: text loss 1.2757 |  6400/ 9841 batches
[2025-05-20 17:33:05.917426]: text loss 1.2584 |  6600/ 9841 batches
[2025-05-20 17:34:48.730726]: text loss 1.2630 |  6800/ 9841 batches
[2025-05-20 17:36:31.522828]: text loss 1.2572 |  7000/ 9841 batches
[2025-05-20 17:38:14.395735]: text loss 1.2769 |  7200/ 9841 batches
[2025-05-20 17:39:57.306875]: text loss 1.2895 |  7400/ 9841 batches
[2025-05-20 17:41:40.417099]: text loss 1.2508 |  7600/ 9841 batches
[2025-05-20 17:43:23.239195]: text loss 1.2650 |  7800/ 9841 batches
[2025-05-20 17:45:06.107764]: text loss 1.2755 |  8000/ 9841 batches
[2025-05-20 17:46:49.195470]: text loss 1.2820 |  8200/ 9841 batches
[2025-05-20 17:48:32.045508]: text loss 1.2683 |  8400/ 9841 batches
[2025-05-20 17:50:14.566712]: text loss 1.2418 |  8600/ 9841 batches
[2025-05-20 17:51:57.741962]: text loss 1.2707 |  8800/ 9841 batches
[2025-05-20 17:53:41.340948]: text loss 1.2679 |  9000/ 9841 batches
[2025-05-20 17:55:24.421008]: text loss 1.2652 |  9200/ 9841 batches
[2025-05-20 17:57:07.326704]: text loss 1.2648 |  9400/ 9841 batches
[2025-05-20 17:58:50.324681]: text loss 1.2708 |  9600/ 9841 batches
[2025-05-20 18:00:33.107188]: text loss 1.2872 |  9800/ 9841 batches
[2025-05-20 18:00:54.183713]: text loss 1.2532 |  9841/ 9841 batches
[2025-05-20 18:00:54.184543]: validation
[2025-05-20 18:00:58.440916]: explanation loss 2.6396
[2025-05-20 18:01:06.068474]: rationale loss 1.3647
[2025-05-20 18:01:22.094819]: sequential loss 2.4614
[2025-05-20 18:03:14.902939]: top-N loss 1.4551
[2025-05-20 18:03:15.353043]: epoch 2
[2025-05-20 18:04:37.223263]: text loss 1.2491 | 10000/ 9841 batches
[2025-05-20 18:06:20.558902]: text loss 1.2369 | 10200/ 9841 batches
[2025-05-20 18:08:03.174776]: text loss 1.2232 | 10400/ 9841 batches
[2025-05-20 18:09:46.082150]: text loss 1.2469 | 10600/ 9841 batches
[2025-05-20 18:11:28.993179]: text loss 1.2361 | 10800/ 9841 batches
[2025-05-20 18:13:11.977509]: text loss 1.2447 | 11000/ 9841 batches
[2025-05-20 18:14:55.143003]: text loss 1.2401 | 11200/ 9841 batches
[2025-05-20 18:16:38.121304]: text loss 1.2284 | 11400/ 9841 batches
[2025-05-20 18:18:21.259394]: text loss 1.2449 | 11600/ 9841 batches
[2025-05-20 18:20:04.391309]: text loss 1.2191 | 11800/ 9841 batches
[2025-05-20 18:21:47.446496]: text loss 1.2368 | 12000/ 9841 batches
[2025-05-20 18:23:30.241657]: text loss 1.2173 | 12200/ 9841 batches
[2025-05-20 18:25:13.283940]: text loss 1.2326 | 12400/ 9841 batches
[2025-05-20 18:26:56.388293]: text loss 1.2269 | 12600/ 9841 batches
[2025-05-20 18:28:39.287067]: text loss 1.2218 | 12800/ 9841 batches
[2025-05-20 18:30:22.482201]: text loss 1.2180 | 13000/ 9841 batches
[2025-05-20 18:32:05.450455]: text loss 1.2203 | 13200/ 9841 batches
[2025-05-20 18:33:48.340408]: text loss 1.2202 | 13400/ 9841 batches
[2025-05-20 18:35:31.331248]: text loss 1.2368 | 13600/ 9841 batches
[2025-05-20 18:37:14.507477]: text loss 1.2266 | 13800/ 9841 batches
[2025-05-20 18:38:57.595697]: text loss 1.2314 | 14000/ 9841 batches
[2025-05-20 18:40:40.850931]: text loss 1.2264 | 14200/ 9841 batches
[2025-05-20 18:42:23.981699]: text loss 1.2130 | 14400/ 9841 batches
[2025-05-20 18:44:06.781274]: text loss 1.2368 | 14600/ 9841 batches
[2025-05-20 18:45:49.885496]: text loss 1.2311 | 14800/ 9841 batches
[2025-05-20 18:47:32.967597]: text loss 1.2117 | 15000/ 9841 batches
[2025-05-20 18:49:15.991969]: text loss 1.2238 | 15200/ 9841 batches
[2025-05-20 18:50:59.042085]: text loss 1.2313 | 15400/ 9841 batches
[2025-05-20 18:52:42.069898]: text loss 1.2186 | 15600/ 9841 batches
[2025-05-20 18:54:24.864366]: text loss 1.2293 | 15800/ 9841 batches
[2025-05-20 18:56:07.808543]: text loss 1.2139 | 16000/ 9841 batches
[2025-05-20 18:57:50.807209]: text loss 1.2209 | 16200/ 9841 batches
[2025-05-20 18:59:33.588175]: text loss 1.2073 | 16400/ 9841 batches
[2025-05-20 19:01:16.286393]: text loss 1.2113 | 16600/ 9841 batches
[2025-05-20 19:02:59.216082]: text loss 1.2168 | 16800/ 9841 batches
[2025-05-20 19:04:42.113297]: text loss 1.2038 | 17000/ 9841 batches
[2025-05-20 19:06:25.388099]: text loss 1.1997 | 17200/ 9841 batches
[2025-05-20 19:08:08.348202]: text loss 1.2159 | 17400/ 9841 batches
[2025-05-20 19:09:51.277235]: text loss 1.2082 | 17600/ 9841 batches
[2025-05-20 19:11:34.150541]: text loss 1.2031 | 17800/ 9841 batches
[2025-05-20 19:13:16.924298]: text loss 1.2116 | 18000/ 9841 batches
[2025-05-20 19:14:59.956585]: text loss 1.2274 | 18200/ 9841 batches
[2025-05-20 19:16:42.568020]: text loss 1.2317 | 18400/ 9841 batches
[2025-05-20 19:18:25.286237]: text loss 1.2037 | 18600/ 9841 batches
[2025-05-20 19:20:08.406500]: text loss 1.2221 | 18800/ 9841 batches
[2025-05-20 19:21:51.378684]: text loss 1.2290 | 19000/ 9841 batches
[2025-05-20 19:23:34.399010]: text loss 1.2025 | 19200/ 9841 batches
[2025-05-20 19:25:17.195319]: text loss 1.2240 | 19400/ 9841 batches
[2025-05-20 19:26:59.876457]: text loss 1.2162 | 19600/ 9841 batches
[2025-05-20 19:27:42.093468]: text loss 1.2326 | 19682/ 9841 batches
[2025-05-20 19:27:42.094263]: validation
[2025-05-20 19:27:46.341189]: explanation loss 2.5666
[2025-05-20 19:27:53.970660]: rationale loss 1.3085
[2025-05-20 19:28:10.044099]: sequential loss 2.4070
[2025-05-20 19:30:02.702237]: top-N loss 1.3938
[2025-05-20 19:30:03.138047]: epoch 3
[2025-05-20 19:31:03.807261]: text loss 1.1945 | 19800/ 9841 batches
[2025-05-20 19:32:46.942037]: text loss 1.1974 | 20000/ 9841 batches
[2025-05-20 19:34:29.954605]: text loss 1.1934 | 20200/ 9841 batches
[2025-05-20 19:36:13.150188]: text loss 1.1913 | 20400/ 9841 batches
[2025-05-20 19:37:55.830347]: text loss 1.2024 | 20600/ 9841 batches
[2025-05-20 19:39:38.943174]: text loss 1.1986 | 20800/ 9841 batches
[2025-05-20 19:41:21.888216]: text loss 1.1887 | 21000/ 9841 batches
[2025-05-20 19:43:04.774566]: text loss 1.2015 | 21200/ 9841 batches
[2025-05-20 19:44:47.499532]: text loss 1.2042 | 21400/ 9841 batches
[2025-05-20 19:46:30.226596]: text loss 1.1956 | 21600/ 9841 batches
[2025-05-20 19:48:13.191851]: text loss 1.1943 | 21800/ 9841 batches
[2025-05-20 19:49:55.972592]: text loss 1.1935 | 22000/ 9841 batches
[2025-05-20 19:51:38.723502]: text loss 1.1899 | 22200/ 9841 batches
[2025-05-20 19:53:21.802746]: text loss 1.1979 | 22400/ 9841 batches
[2025-05-20 19:55:04.893799]: text loss 1.1893 | 22600/ 9841 batches
[2025-05-20 19:56:47.903107]: text loss 1.1837 | 22800/ 9841 batches
[2025-05-20 19:58:30.651848]: text loss 1.1908 | 23000/ 9841 batches
[2025-05-20 20:00:13.489675]: text loss 1.1896 | 23200/ 9841 batches
[2025-05-20 20:01:56.644151]: text loss 1.1931 | 23400/ 9841 batches
[2025-05-20 20:03:39.407747]: text loss 1.1947 | 23600/ 9841 batches
[2025-05-20 20:05:22.522075]: text loss 1.1908 | 23800/ 9841 batches
[2025-05-20 20:07:05.616991]: text loss 1.1874 | 24000/ 9841 batches
[2025-05-20 20:08:48.603564]: text loss 1.1848 | 24200/ 9841 batches
[2025-05-20 20:10:31.770647]: text loss 1.1907 | 24400/ 9841 batches
[2025-05-20 20:12:14.648783]: text loss 1.1962 | 24600/ 9841 batches
[2025-05-20 20:13:57.609496]: text loss 1.1870 | 24800/ 9841 batches
[2025-05-20 20:15:40.491268]: text loss 1.1802 | 25000/ 9841 batches
[2025-05-20 20:17:23.523377]: text loss 1.1986 | 25200/ 9841 batches
[2025-05-20 20:19:06.292253]: text loss 1.1898 | 25400/ 9841 batches
[2025-05-20 20:20:49.456145]: text loss 1.1882 | 25600/ 9841 batches
[2025-05-20 20:22:32.615743]: text loss 1.2003 | 25800/ 9841 batches
[2025-05-20 20:24:15.874164]: text loss 1.1982 | 26000/ 9841 batches
[2025-05-20 20:25:58.483278]: text loss 1.1914 | 26200/ 9841 batches
[2025-05-20 20:27:41.197284]: text loss 1.1899 | 26400/ 9841 batches
[2025-05-20 20:29:24.089070]: text loss 1.1885 | 26600/ 9841 batches
[2025-05-20 20:31:06.784974]: text loss 1.1719 | 26800/ 9841 batches
[2025-05-20 20:32:49.595495]: text loss 1.1869 | 27000/ 9841 batches
[2025-05-20 20:34:32.628494]: text loss 1.1896 | 27200/ 9841 batches
[2025-05-20 20:36:15.556803]: text loss 1.1759 | 27400/ 9841 batches
[2025-05-20 20:37:58.375524]: text loss 1.1977 | 27600/ 9841 batches
[2025-05-20 20:39:41.235817]: text loss 1.1958 | 27800/ 9841 batches
[2025-05-20 20:41:24.023872]: text loss 1.1906 | 28000/ 9841 batches
[2025-05-20 20:43:06.988265]: text loss 1.1858 | 28200/ 9841 batches
[2025-05-20 20:44:49.528219]: text loss 1.1946 | 28400/ 9841 batches
[2025-05-20 20:46:32.282787]: text loss 1.1847 | 28600/ 9841 batches
[2025-05-20 20:48:14.946033]: text loss 1.1876 | 28800/ 9841 batches
[2025-05-20 20:49:57.777378]: text loss 1.1811 | 29000/ 9841 batches
[2025-05-20 20:51:40.050115]: text loss 1.1700 | 29200/ 9841 batches
[2025-05-20 20:53:22.657500]: text loss 1.1764 | 29400/ 9841 batches
[2025-05-20 20:54:25.899876]: text loss 1.1787 | 29523/ 9841 batches
[2025-05-20 20:54:25.900712]: validation
[2025-05-20 20:54:30.117766]: explanation loss 2.5219
[2025-05-20 20:54:37.723003]: rationale loss 1.2933
[2025-05-20 20:54:53.580157]: sequential loss 2.4106
[2025-05-20 20:56:44.392526]: top-N loss 1.3453
[2025-05-20 20:56:44.849661]: epoch 4
[2025-05-20 20:57:24.378699]: text loss 1.1688 | 29600/ 9841 batches
[2025-05-20 20:59:07.051343]: text loss 1.1761 | 29800/ 9841 batches
[2025-05-20 21:00:49.388134]: text loss 1.1818 | 30000/ 9841 batches
[2025-05-20 21:02:31.980676]: text loss 1.1574 | 30200/ 9841 batches
[2025-05-20 21:04:15.020158]: text loss 1.1565 | 30400/ 9841 batches
[2025-05-20 21:05:57.509075]: text loss 1.1710 | 30600/ 9841 batches
[2025-05-20 21:07:40.253673]: text loss 1.1732 | 30800/ 9841 batches
[2025-05-20 21:09:22.823765]: text loss 1.1645 | 31000/ 9841 batches
[2025-05-20 21:11:05.286619]: text loss 1.1623 | 31200/ 9841 batches
[2025-05-20 21:12:48.494066]: text loss 1.1703 | 31400/ 9841 batches
[2025-05-20 21:14:31.960532]: text loss 1.1701 | 31600/ 9841 batches
[2025-05-20 21:16:14.829866]: text loss 1.1619 | 31800/ 9841 batches
[2025-05-20 21:17:57.755119]: text loss 1.1801 | 32000/ 9841 batches
[2025-05-20 21:19:40.327292]: text loss 1.1743 | 32200/ 9841 batches
[2025-05-20 21:21:23.309586]: text loss 1.1801 | 32400/ 9841 batches
[2025-05-20 21:23:05.860681]: text loss 1.1732 | 32600/ 9841 batches
[2025-05-20 21:24:48.665755]: text loss 1.1654 | 32800/ 9841 batches
[2025-05-20 21:26:30.953486]: text loss 1.1599 | 33000/ 9841 batches
[2025-05-20 21:28:13.859626]: text loss 1.1612 | 33200/ 9841 batches
[2025-05-20 21:29:56.974339]: text loss 1.1607 | 33400/ 9841 batches
[2025-05-20 21:31:39.917982]: text loss 1.1662 | 33600/ 9841 batches
[2025-05-20 21:33:22.442465]: text loss 1.1762 | 33800/ 9841 batches
[2025-05-20 21:35:05.076349]: text loss 1.1670 | 34000/ 9841 batches
[2025-05-20 21:36:47.768517]: text loss 1.1676 | 34200/ 9841 batches
[2025-05-20 21:38:30.602430]: text loss 1.1718 | 34400/ 9841 batches
[2025-05-20 21:40:13.413043]: text loss 1.1518 | 34600/ 9841 batches
[2025-05-20 21:41:56.020766]: text loss 1.1527 | 34800/ 9841 batches
[2025-05-20 21:43:38.851820]: text loss 1.1612 | 35000/ 9841 batches
[2025-05-20 21:45:22.048218]: text loss 1.1661 | 35200/ 9841 batches
[2025-05-20 21:47:04.899601]: text loss 1.1727 | 35400/ 9841 batches
[2025-05-20 21:48:47.560568]: text loss 1.1751 | 35600/ 9841 batches
[2025-05-20 21:50:30.295807]: text loss 1.1531 | 35800/ 9841 batches
[2025-05-20 21:52:12.901937]: text loss 1.1640 | 36000/ 9841 batches
[2025-05-20 21:53:55.478470]: text loss 1.1818 | 36200/ 9841 batches
[2025-05-20 21:55:38.363011]: text loss 1.1587 | 36400/ 9841 batches
[2025-05-20 21:57:21.554641]: text loss 1.1686 | 36600/ 9841 batches
[2025-05-20 21:59:04.914740]: text loss 1.1703 | 36800/ 9841 batches
[2025-05-20 22:00:47.592691]: text loss 1.1716 | 37000/ 9841 batches
[2025-05-20 22:02:30.977681]: text loss 1.1686 | 37200/ 9841 batches
[2025-05-20 22:04:13.540735]: text loss 1.1783 | 37400/ 9841 batches
[2025-05-20 22:05:56.933541]: text loss 1.1641 | 37600/ 9841 batches
[2025-05-20 22:07:39.620223]: text loss 1.1621 | 37800/ 9841 batches
[2025-05-20 22:09:22.392779]: text loss 1.1628 | 38000/ 9841 batches
[2025-05-20 22:11:05.106614]: text loss 1.1693 | 38200/ 9841 batches
[2025-05-20 22:12:47.855045]: text loss 1.1559 | 38400/ 9841 batches
[2025-05-20 22:14:30.909494]: text loss 1.1647 | 38600/ 9841 batches
[2025-05-20 22:16:13.945886]: text loss 1.1669 | 38800/ 9841 batches
[2025-05-20 22:17:56.962361]: text loss 1.1643 | 39000/ 9841 batches
[2025-05-20 22:19:40.530013]: text loss 1.1773 | 39200/ 9841 batches
[2025-05-20 22:21:05.381840]: text loss 1.1576 | 39364/ 9841 batches
[2025-05-20 22:21:05.382853]: validation
[2025-05-20 22:21:09.652020]: explanation loss 2.5124
[2025-05-20 22:21:17.207881]: rationale loss 1.2782
[2025-05-20 22:21:33.116277]: sequential loss 2.3805
[2025-05-20 22:23:24.158508]: top-N loss 1.3111
[2025-05-20 22:23:24.576301]: epoch 5
[2025-05-20 22:23:43.386031]: text loss 1.1600 | 39400/ 9841 batches
[2025-05-20 22:25:26.866779]: text loss 1.1458 | 39600/ 9841 batches
[2025-05-20 22:27:10.155739]: text loss 1.1425 | 39800/ 9841 batches
[2025-05-20 22:28:53.724735]: text loss 1.1510 | 40000/ 9841 batches
[2025-05-20 22:30:37.320332]: text loss 1.1462 | 40200/ 9841 batches
[2025-05-20 22:32:20.922498]: text loss 1.1449 | 40400/ 9841 batches
[2025-05-20 22:34:03.566572]: text loss 1.1618 | 40600/ 9841 batches
[2025-05-20 22:35:45.170924]: text loss 1.1442 | 40800/ 9841 batches
[2025-05-20 22:37:26.871232]: text loss 1.1492 | 41000/ 9841 batches
[2025-05-20 22:39:10.020477]: text loss 1.1345 | 41200/ 9841 batches
[2025-05-20 22:40:53.280299]: text loss 1.1502 | 41400/ 9841 batches
[2025-05-20 22:42:36.767064]: text loss 1.1432 | 41600/ 9841 batches
[2025-05-20 22:44:20.258899]: text loss 1.1581 | 41800/ 9841 batches
[2025-05-20 22:46:03.839433]: text loss 1.1553 | 42000/ 9841 batches
[2025-05-20 22:47:47.282387]: text loss 1.1501 | 42200/ 9841 batches
[2025-05-20 22:49:30.100103]: text loss 1.1611 | 42400/ 9841 batches
[2025-05-20 22:51:13.599259]: text loss 1.1397 | 42600/ 9841 batches
[2025-05-20 22:52:57.210699]: text loss 1.1504 | 42800/ 9841 batches
[2025-05-20 22:54:39.513206]: text loss 1.1504 | 43000/ 9841 batches
[2025-05-20 22:56:22.295730]: text loss 1.1571 | 43200/ 9841 batches
[2025-05-20 22:58:04.977361]: text loss 1.1521 | 43400/ 9841 batches
[2025-05-20 22:59:47.689341]: text loss 1.1526 | 43600/ 9841 batches
[2025-05-20 23:01:31.072351]: text loss 1.1450 | 43800/ 9841 batches
[2025-05-20 23:03:14.139582]: text loss 1.1474 | 44000/ 9841 batches
[2025-05-20 23:04:58.226442]: text loss 1.1463 | 44200/ 9841 batches
[2025-05-20 23:06:41.445920]: text loss 1.1460 | 44400/ 9841 batches
[2025-05-20 23:08:24.324626]: text loss 1.1439 | 44600/ 9841 batches
[2025-05-20 23:10:07.520564]: text loss 1.1511 | 44800/ 9841 batches
[2025-05-20 23:11:50.133067]: text loss 1.1671 | 45000/ 9841 batches
[2025-05-20 23:13:33.459548]: text loss 1.1380 | 45200/ 9841 batches
[2025-05-20 23:15:16.958409]: text loss 1.1443 | 45400/ 9841 batches
[2025-05-20 23:16:59.741782]: text loss 1.1555 | 45600/ 9841 batches
[2025-05-20 23:18:42.565914]: text loss 1.1538 | 45800/ 9841 batches
[2025-05-20 23:20:25.256453]: text loss 1.1599 | 46000/ 9841 batches
[2025-05-20 23:22:07.994857]: text loss 1.1413 | 46200/ 9841 batches
[2025-05-20 23:23:50.686570]: text loss 1.1450 | 46400/ 9841 batches
[2025-05-20 23:25:32.867705]: text loss 1.1357 | 46600/ 9841 batches
[2025-05-20 23:27:16.047992]: text loss 1.1470 | 46800/ 9841 batches
[2025-05-20 23:28:58.934828]: text loss 1.1372 | 47000/ 9841 batches
[2025-05-20 23:30:42.873384]: text loss 1.1462 | 47200/ 9841 batches
[2025-05-20 23:32:25.764032]: text loss 1.1373 | 47400/ 9841 batches
[2025-05-20 23:34:09.057832]: text loss 1.1541 | 47600/ 9841 batches
[2025-05-20 23:35:53.098858]: text loss 1.1496 | 47800/ 9841 batches
[2025-05-20 23:37:37.203792]: text loss 1.1398 | 48000/ 9841 batches
[2025-05-20 23:39:20.480507]: text loss 1.1544 | 48200/ 9841 batches
[2025-05-20 23:41:03.851892]: text loss 1.1473 | 48400/ 9841 batches
[2025-05-20 23:42:47.820208]: text loss 1.1442 | 48600/ 9841 batches
[2025-05-20 23:44:31.771227]: text loss 1.1532 | 48800/ 9841 batches
[2025-05-20 23:46:15.922335]: text loss 1.1451 | 49000/ 9841 batches
[2025-05-20 23:47:59.424876]: text loss 1.1409 | 49200/ 9841 batches
[2025-05-20 23:48:01.981697]: text loss 1.1665 | 49205/ 9841 batches
[2025-05-20 23:48:01.982299]: validation
[2025-05-20 23:48:06.178585]: explanation loss 2.4980
[2025-05-20 23:48:13.741618]: rationale loss 1.2732
[2025-05-20 23:48:29.331588]: sequential loss 2.3583
[2025-05-20 23:50:18.492240]: top-N loss 1.2848
[2025-05-20 23:50:18.885906]: epoch 6
[2025-05-20 23:51:59.354872]: text loss 1.1249 | 49400/ 9841 batches
[2025-05-20 23:53:43.139652]: text loss 1.1296 | 49600/ 9841 batches
[2025-05-20 23:55:26.750331]: text loss 1.1264 | 49800/ 9841 batches
[2025-05-20 23:57:10.040372]: text loss 1.1301 | 50000/ 9841 batches
[2025-05-20 23:58:53.945975]: text loss 1.1357 | 50200/ 9841 batches
[2025-05-21 00:00:37.101026]: text loss 1.1236 | 50400/ 9841 batches
[2025-05-21 00:02:19.536172]: text loss 1.1333 | 50600/ 9841 batches
[2025-05-21 00:04:03.270222]: text loss 1.1290 | 50800/ 9841 batches
[2025-05-21 00:05:46.035024]: text loss 1.1312 | 51000/ 9841 batches
[2025-05-21 00:07:29.849120]: text loss 1.1298 | 51200/ 9841 batches
[2025-05-21 00:09:12.052969]: text loss 1.1326 | 51400/ 9841 batches
[2025-05-21 00:10:53.745383]: text loss 1.1311 | 51600/ 9841 batches
[2025-05-21 00:12:35.114274]: text loss 1.1375 | 51800/ 9841 batches
[2025-05-21 00:14:16.655522]: text loss 1.1197 | 52000/ 9841 batches
[2025-05-21 00:15:58.076652]: text loss 1.1301 | 52200/ 9841 batches
[2025-05-21 00:17:39.479403]: text loss 1.1326 | 52400/ 9841 batches
[2025-05-21 00:19:20.946511]: text loss 1.1352 | 52600/ 9841 batches
[2025-05-21 00:21:02.210135]: text loss 1.1198 | 52800/ 9841 batches
[2025-05-21 00:22:43.623275]: text loss 1.1423 | 53000/ 9841 batches
[2025-05-21 00:24:25.189064]: text loss 1.1340 | 53200/ 9841 batches
[2025-05-21 00:26:07.293985]: text loss 1.1272 | 53400/ 9841 batches
[2025-05-21 00:27:50.946002]: text loss 1.1303 | 53600/ 9841 batches
[2025-05-21 00:29:34.920058]: text loss 1.1269 | 53800/ 9841 batches
[2025-05-21 00:31:18.494485]: text loss 1.1319 | 54000/ 9841 batches
[2025-05-21 00:33:01.382776]: text loss 1.1339 | 54200/ 9841 batches
[2025-05-21 00:34:44.003333]: text loss 1.1394 | 54400/ 9841 batches
[2025-05-21 00:36:25.499205]: text loss 1.1305 | 54600/ 9841 batches
[2025-05-21 00:38:07.092478]: text loss 1.1358 | 54800/ 9841 batches
[2025-05-21 00:39:49.274935]: text loss 1.1376 | 55000/ 9841 batches
[2025-05-21 00:41:33.159433]: text loss 1.1367 | 55200/ 9841 batches
[2025-05-21 00:43:17.079878]: text loss 1.1306 | 55400/ 9841 batches
[2025-05-21 00:45:01.072569]: text loss 1.1363 | 55600/ 9841 batches
[2025-05-21 00:46:44.926341]: text loss 1.1328 | 55800/ 9841 batches
[2025-05-21 00:48:28.347179]: text loss 1.1306 | 56000/ 9841 batches
[2025-05-21 00:50:12.279781]: text loss 1.1275 | 56200/ 9841 batches
[2025-05-21 00:51:54.897005]: text loss 1.1255 | 56400/ 9841 batches
[2025-05-21 00:53:38.670158]: text loss 1.1327 | 56600/ 9841 batches
[2025-05-21 00:55:22.444190]: text loss 1.1417 | 56800/ 9841 batches
[2025-05-21 00:57:05.147505]: text loss 1.1200 | 57000/ 9841 batches
[2025-05-21 00:58:47.822181]: text loss 1.1300 | 57200/ 9841 batches
[2025-05-21 01:00:32.076998]: text loss 1.1368 | 57400/ 9841 batches
[2025-05-21 01:02:16.248391]: text loss 1.1200 | 57600/ 9841 batches
[2025-05-21 01:04:00.032059]: text loss 1.1391 | 57800/ 9841 batches
[2025-05-21 01:05:42.698338]: text loss 1.1320 | 58000/ 9841 batches
[2025-05-21 01:07:25.684019]: text loss 1.1329 | 58200/ 9841 batches
[2025-05-21 01:09:09.798062]: text loss 1.1332 | 58400/ 9841 batches
[2025-05-21 01:10:53.893241]: text loss 1.1253 | 58600/ 9841 batches
[2025-05-21 01:12:38.110208]: text loss 1.1262 | 58800/ 9841 batches
[2025-05-21 01:14:21.601943]: text loss 1.1272 | 59000/ 9841 batches
[2025-05-21 01:14:45.157774]: text loss 1.1260 | 59046/ 9841 batches
[2025-05-21 01:14:45.158358]: validation
[2025-05-21 01:14:49.367960]: explanation loss 2.4754
[2025-05-21 01:14:57.006150]: rationale loss 1.2601
[2025-05-21 01:15:12.697178]: sequential loss 2.3338
[2025-05-21 01:17:02.000695]: top-N loss 1.2609
[2025-05-21 01:17:02.414370]: epoch 7
[2025-05-21 01:18:21.814471]: text loss 1.1294 | 59200/ 9841 batches
[2025-05-21 01:20:05.315775]: text loss 1.1122 | 59400/ 9841 batches
[2025-05-21 01:21:48.295278]: text loss 1.1067 | 59600/ 9841 batches
[2025-05-21 01:23:32.322080]: text loss 1.1141 | 59800/ 9841 batches
[2025-05-21 01:25:16.422271]: text loss 1.1157 | 60000/ 9841 batches
[2025-05-21 01:27:00.707454]: text loss 1.1136 | 60200/ 9841 batches
[2025-05-21 01:28:43.938901]: text loss 1.1107 | 60400/ 9841 batches
[2025-05-21 01:30:26.611573]: text loss 1.1234 | 60600/ 9841 batches
[2025-05-21 01:32:09.813706]: text loss 1.1110 | 60800/ 9841 batches
[2025-05-21 01:33:52.852862]: text loss 1.1097 | 61000/ 9841 batches
[2025-05-21 01:35:36.130109]: text loss 1.1092 | 61200/ 9841 batches
[2025-05-21 01:37:19.598874]: text loss 1.1251 | 61400/ 9841 batches
[2025-05-21 01:39:02.066956]: text loss 1.1174 | 61600/ 9841 batches
[2025-05-21 01:40:44.455473]: text loss 1.1150 | 61800/ 9841 batches
[2025-05-21 01:42:28.238811]: text loss 1.1129 | 62000/ 9841 batches
[2025-05-21 01:44:12.155135]: text loss 1.1098 | 62200/ 9841 batches
[2025-05-21 01:45:55.877265]: text loss 1.1126 | 62400/ 9841 batches
[2025-05-21 01:47:40.368673]: text loss 1.1185 | 62600/ 9841 batches
[2025-05-21 01:49:23.379693]: text loss 1.1142 | 62800/ 9841 batches
[2025-05-21 01:51:07.553281]: text loss 1.1138 | 63000/ 9841 batches
[2025-05-21 01:52:50.769938]: text loss 1.1079 | 63200/ 9841 batches
[2025-05-21 01:54:34.435276]: text loss 1.1142 | 63400/ 9841 batches
[2025-05-21 01:56:19.158840]: text loss 1.1211 | 63600/ 9841 batches
[2025-05-21 01:58:03.281430]: text loss 1.1156 | 63800/ 9841 batches
[2025-05-21 01:59:47.407854]: text loss 1.1192 | 64000/ 9841 batches
[2025-05-21 02:01:31.400277]: text loss 1.1132 | 64200/ 9841 batches
[2025-05-21 02:03:13.979979]: text loss 1.1087 | 64400/ 9841 batches
[2025-05-21 02:04:56.609167]: text loss 1.1101 | 64600/ 9841 batches
[2025-05-21 02:06:40.881538]: text loss 1.1186 | 64800/ 9841 batches
[2025-05-21 02:08:25.068942]: text loss 1.1146 | 65000/ 9841 batches
[2025-05-21 02:10:09.205492]: text loss 1.1130 | 65200/ 9841 batches
[2025-05-21 02:11:52.570848]: text loss 1.1182 | 65400/ 9841 batches
[2025-05-21 02:13:35.702542]: text loss 1.1090 | 65600/ 9841 batches
[2025-05-21 02:15:20.262679]: text loss 1.1098 | 65800/ 9841 batches
[2025-05-21 02:17:05.655638]: text loss 1.1130 | 66000/ 9841 batches
[2025-05-21 02:18:48.856920]: text loss 1.1267 | 66200/ 9841 batches
[2025-05-21 02:20:31.301395]: text loss 1.1158 | 66400/ 9841 batches
[2025-05-21 02:22:15.083768]: text loss 1.1243 | 66600/ 9841 batches
[2025-05-21 02:23:58.326971]: text loss 1.1167 | 66800/ 9841 batches
[2025-05-21 02:25:42.072153]: text loss 1.1152 | 67000/ 9841 batches
[2025-05-21 02:27:24.632240]: text loss 1.1128 | 67200/ 9841 batches
[2025-05-21 02:29:08.428002]: text loss 1.1117 | 67400/ 9841 batches
[2025-05-21 02:30:52.043639]: text loss 1.1208 | 67600/ 9841 batches
[2025-05-21 02:32:35.976593]: text loss 1.1199 | 67800/ 9841 batches
[2025-05-21 02:34:18.802769]: text loss 1.1160 | 68000/ 9841 batches
[2025-05-21 02:36:01.374274]: text loss 1.1147 | 68200/ 9841 batches
[2025-05-21 02:37:44.824992]: text loss 1.1162 | 68400/ 9841 batches
[2025-05-21 02:39:29.040488]: text loss 1.1176 | 68600/ 9841 batches
[2025-05-21 02:41:11.940447]: text loss 1.1139 | 68800/ 9841 batches
[2025-05-21 02:41:57.295724]: text loss 1.1206 | 68887/ 9841 batches
[2025-05-21 02:41:57.296379]: validation
[2025-05-21 02:42:01.510831]: explanation loss 2.4638
[2025-05-21 02:42:09.118768]: rationale loss 1.2554
[2025-05-21 02:42:24.784342]: sequential loss 2.3295
[2025-05-21 02:44:14.214776]: top-N loss 1.2484
[2025-05-21 02:44:14.625867]: epoch 8
[2025-05-21 02:45:12.525074]: text loss 1.0797 | 69000/ 9841 batches
[2025-05-21 02:46:56.231002]: text loss 1.1075 | 69200/ 9841 batches
[2025-05-21 02:48:40.122015]: text loss 1.0884 | 69400/ 9841 batches
[2025-05-21 02:50:23.614538]: text loss 1.0953 | 69600/ 9841 batches
[2025-05-21 02:52:07.921456]: text loss 1.1074 | 69800/ 9841 batches
[2025-05-21 02:53:52.229257]: text loss 1.1021 | 70000/ 9841 batches
[2025-05-21 02:55:36.920988]: text loss 1.1013 | 70200/ 9841 batches
[2025-05-21 02:57:19.613881]: text loss 1.0952 | 70400/ 9841 batches
[2025-05-21 02:59:02.847115]: text loss 1.0935 | 70600/ 9841 batches
[2025-05-21 03:00:45.867840]: text loss 1.1034 | 70800/ 9841 batches
[2025-05-21 03:02:29.759290]: text loss 1.1049 | 71000/ 9841 batches
[2025-05-21 03:04:12.772748]: text loss 1.1152 | 71200/ 9841 batches
[2025-05-21 03:05:55.499610]: text loss 1.0892 | 71400/ 9841 batches
[2025-05-21 03:07:39.888909]: text loss 1.0871 | 71600/ 9841 batches
[2025-05-21 03:09:23.644083]: text loss 1.0940 | 71800/ 9841 batches
[2025-05-21 03:11:06.639499]: text loss 1.1050 | 72000/ 9841 batches
[2025-05-21 03:12:50.638458]: text loss 1.0965 | 72200/ 9841 batches
[2025-05-21 03:14:34.613558]: text loss 1.0886 | 72400/ 9841 batches
[2025-05-21 03:16:18.102116]: text loss 1.1084 | 72600/ 9841 batches
[2025-05-21 03:18:00.569401]: text loss 1.0960 | 72800/ 9841 batches
[2025-05-21 03:19:44.516640]: text loss 1.1073 | 73000/ 9841 batches
[2025-05-21 03:21:29.106506]: text loss 1.1080 | 73200/ 9841 batches
[2025-05-21 03:23:13.150630]: text loss 1.0990 | 73400/ 9841 batches
[2025-05-21 03:24:57.102122]: text loss 1.0901 | 73600/ 9841 batches
[2025-05-21 03:26:41.093444]: text loss 1.1071 | 73800/ 9841 batches
[2025-05-21 03:28:24.677033]: text loss 1.0999 | 74000/ 9841 batches
[2025-05-21 03:30:07.200908]: text loss 1.0960 | 74200/ 9841 batches
[2025-05-21 03:31:49.761545]: text loss 1.1034 | 74400/ 9841 batches
[2025-05-21 03:33:33.284770]: text loss 1.0991 | 74600/ 9841 batches
[2025-05-21 03:35:17.537061]: text loss 1.1027 | 74800/ 9841 batches
[2025-05-21 03:37:01.251390]: text loss 1.1043 | 75000/ 9841 batches
[2025-05-21 03:38:44.854393]: text loss 1.0882 | 75200/ 9841 batches
[2025-05-21 03:40:29.020562]: text loss 1.0870 | 75400/ 9841 batches
[2025-05-21 03:42:13.349273]: text loss 1.0972 | 75600/ 9841 batches
[2025-05-21 03:43:55.895833]: text loss 1.1049 | 75800/ 9841 batches
[2025-05-21 03:45:38.581691]: text loss 1.0932 | 76000/ 9841 batches
[2025-05-21 03:47:22.541537]: text loss 1.0958 | 76200/ 9841 batches
[2025-05-21 03:49:06.485521]: text loss 1.1027 | 76400/ 9841 batches
[2025-05-21 03:50:49.658252]: text loss 1.1101 | 76600/ 9841 batches
[2025-05-21 03:52:34.585819]: text loss 1.1095 | 76800/ 9841 batches
[2025-05-21 03:54:18.569262]: text loss 1.1025 | 77000/ 9841 batches
[2025-05-21 03:56:02.315532]: text loss 1.0960 | 77200/ 9841 batches
[2025-05-21 03:57:45.784471]: text loss 1.0965 | 77400/ 9841 batches
[2025-05-21 03:59:28.692810]: text loss 1.0964 | 77600/ 9841 batches
[2025-05-21 04:01:12.661640]: text loss 1.1057 | 77800/ 9841 batches
[2025-05-21 04:02:56.611899]: text loss 1.1080 | 78000/ 9841 batches
[2025-05-21 04:04:40.550233]: text loss 1.1122 | 78200/ 9841 batches
[2025-05-21 04:06:24.681694]: text loss 1.0920 | 78400/ 9841 batches
[2025-05-21 04:08:08.313454]: text loss 1.1013 | 78600/ 9841 batches
[2025-05-21 04:09:15.369056]: text loss 1.0954 | 78728/ 9841 batches
[2025-05-21 04:09:15.369665]: validation
[2025-05-21 04:09:19.589730]: explanation loss 2.4555
[2025-05-21 04:09:27.205660]: rationale loss 1.2490
[2025-05-21 04:09:42.857635]: sequential loss 2.2978
[2025-05-21 04:11:32.226175]: top-N loss 1.2329
[2025-05-21 04:11:32.618989]: epoch 9
[2025-05-21 04:12:09.445471]: text loss 1.1005 | 78800/ 9841 batches
[2025-05-21 04:13:51.902750]: text loss 1.0765 | 79000/ 9841 batches
[2025-05-21 04:15:35.346812]: text loss 1.0881 | 79200/ 9841 batches
[2025-05-21 04:17:17.964434]: text loss 1.0911 | 79400/ 9841 batches
[2025-05-21 04:19:01.228355]: text loss 1.0751 | 79600/ 9841 batches
[2025-05-21 04:20:45.395390]: text loss 1.0820 | 79800/ 9841 batches
[2025-05-21 04:22:29.332190]: text loss 1.0891 | 80000/ 9841 batches
[2025-05-21 04:24:13.199844]: text loss 1.0942 | 80200/ 9841 batches
[2025-05-21 04:25:55.420378]: text loss 1.0812 | 80400/ 9841 batches
[2025-05-21 04:27:37.702080]: text loss 1.0771 | 80600/ 9841 batches
[2025-05-21 04:29:20.019829]: text loss 1.0838 | 80800/ 9841 batches
[2025-05-21 04:31:02.808989]: text loss 1.0878 | 81000/ 9841 batches
[2025-05-21 04:32:47.659603]: text loss 1.0721 | 81200/ 9841 batches
[2025-05-21 04:34:31.830646]: text loss 1.0917 | 81400/ 9841 batches
[2025-05-21 04:36:16.510265]: text loss 1.0900 | 81600/ 9841 batches
[2025-05-21 04:38:00.636061]: text loss 1.0842 | 81800/ 9841 batches
[2025-05-21 04:39:44.769679]: text loss 1.0928 | 82000/ 9841 batches
[2025-05-21 04:41:28.446572]: text loss 1.0895 | 82200/ 9841 batches
[2025-05-21 04:43:11.698935]: text loss 1.0784 | 82400/ 9841 batches
[2025-05-21 04:44:55.666988]: text loss 1.0841 | 82600/ 9841 batches
[2025-05-21 04:46:39.670931]: text loss 1.0715 | 82800/ 9841 batches
[2025-05-21 04:48:23.636218]: text loss 1.0873 | 83000/ 9841 batches
[2025-05-21 04:50:08.107874]: text loss 1.0854 | 83200/ 9841 batches
[2025-05-21 04:51:51.688398]: text loss 1.0833 | 83400/ 9841 batches
[2025-05-21 04:53:34.355080]: text loss 1.0892 | 83600/ 9841 batches
[2025-05-21 04:55:16.817349]: text loss 1.0843 | 83800/ 9841 batches
[2025-05-21 04:56:59.403913]: text loss 1.0975 | 84000/ 9841 batches
[2025-05-21 04:58:41.838984]: text loss 1.0826 | 84200/ 9841 batches
[2025-05-21 05:00:24.386784]: text loss 1.0842 | 84400/ 9841 batches
[2025-05-21 05:02:07.057667]: text loss 1.0884 | 84600/ 9841 batches
[2025-05-21 05:03:49.552046]: text loss 1.0909 | 84800/ 9841 batches
[2025-05-21 05:05:31.858108]: text loss 1.0926 | 85000/ 9841 batches
[2025-05-21 05:07:14.188703]: text loss 1.0862 | 85200/ 9841 batches
[2025-05-21 05:08:56.788598]: text loss 1.0924 | 85400/ 9841 batches
[2025-05-21 05:10:40.780166]: text loss 1.0758 | 85600/ 9841 batches
[2025-05-21 05:12:24.848028]: text loss 1.0894 | 85800/ 9841 batches
[2025-05-21 05:14:09.129762]: text loss 1.0872 | 86000/ 9841 batches
[2025-05-21 05:15:53.125372]: text loss 1.0761 | 86200/ 9841 batches
[2025-05-21 05:17:37.243381]: text loss 1.0962 | 86400/ 9841 batches
[2025-05-21 05:19:20.918867]: text loss 1.0898 | 86600/ 9841 batches
[2025-05-21 05:21:03.826154]: text loss 1.0805 | 86800/ 9841 batches
[2025-05-21 05:22:47.924800]: text loss 1.0846 | 87000/ 9841 batches
[2025-05-21 05:24:31.123074]: text loss 1.0855 | 87200/ 9841 batches
[2025-05-21 05:26:15.258715]: text loss 1.0859 | 87400/ 9841 batches
[2025-05-21 05:27:59.500070]: text loss 1.0935 | 87600/ 9841 batches
[2025-05-21 05:29:44.032043]: text loss 1.0863 | 87800/ 9841 batches
[2025-05-21 05:31:27.677326]: text loss 1.0917 | 88000/ 9841 batches
[2025-05-21 05:33:10.162933]: text loss 1.0908 | 88200/ 9841 batches
[2025-05-21 05:34:52.523963]: text loss 1.0833 | 88400/ 9841 batches
[2025-05-21 05:36:18.962883]: text loss 1.0835 | 88569/ 9841 batches
[2025-05-21 05:36:18.963476]: validation
[2025-05-21 05:36:23.161915]: explanation loss 2.4489
[2025-05-21 05:36:30.764288]: rationale loss 1.2466
[2025-05-21 05:36:46.414372]: sequential loss 2.2904
[2025-05-21 05:38:36.173853]: top-N loss 1.2102
[2025-05-21 05:38:36.562919]: epoch 10
[2025-05-21 05:38:52.438132]: text loss 1.1015 | 88600/ 9841 batches
[2025-05-21 05:40:35.687075]: text loss 1.0688 | 88800/ 9841 batches
[2025-05-21 05:42:20.140242]: text loss 1.0708 | 89000/ 9841 batches
[2025-05-21 05:44:04.222435]: text loss 1.0648 | 89200/ 9841 batches
[2025-05-21 05:45:48.267063]: text loss 1.0680 | 89400/ 9841 batches
[2025-05-21 05:47:32.516276]: text loss 1.0637 | 89600/ 9841 batches
[2025-05-21 05:49:15.179441]: text loss 1.0684 | 89800/ 9841 batches
[2025-05-21 05:50:58.926660]: text loss 1.0743 | 90000/ 9841 batches
[2025-05-21 05:52:42.727908]: text loss 1.0728 | 90200/ 9841 batches
[2025-05-21 05:54:27.063438]: text loss 1.0655 | 90400/ 9841 batches
[2025-05-21 05:56:10.375674]: text loss 1.0718 | 90600/ 9841 batches
[2025-05-21 05:57:53.831771]: text loss 1.0767 | 90800/ 9841 batches
[2025-05-21 05:59:37.082482]: text loss 1.0668 | 91000/ 9841 batches
[2025-05-21 06:01:20.386936]: text loss 1.0766 | 91200/ 9841 batches
[2025-05-21 06:03:04.491542]: text loss 1.0622 | 91400/ 9841 batches
[2025-05-21 06:04:48.732561]: text loss 1.0757 | 91600/ 9841 batches
[2025-05-21 06:06:31.829163]: text loss 1.0529 | 91800/ 9841 batches
[2025-05-21 06:08:16.005054]: text loss 1.0684 | 92000/ 9841 batches
[2025-05-21 06:09:59.509705]: text loss 1.0735 | 92200/ 9841 batches
[2025-05-21 06:11:43.543336]: text loss 1.0708 | 92400/ 9841 batches
[2025-05-21 06:13:26.293114]: text loss 1.0802 | 92600/ 9841 batches
[2025-05-21 06:15:10.527159]: text loss 1.0787 | 92800/ 9841 batches
[2025-05-21 06:16:54.790332]: text loss 1.0758 | 93000/ 9841 batches
[2025-05-21 06:18:39.329398]: text loss 1.0801 | 93200/ 9841 batches
[2025-05-21 06:20:23.335797]: text loss 1.0757 | 93400/ 9841 batches
[2025-05-21 06:22:07.517230]: text loss 1.0727 | 93600/ 9841 batches
[2025-05-21 06:23:51.489787]: text loss 1.0779 | 93800/ 9841 batches
[2025-05-21 06:25:35.524672]: text loss 1.0764 | 94000/ 9841 batches
[2025-05-21 06:27:19.601182]: text loss 1.0642 | 94200/ 9841 batches
[2025-05-21 06:29:03.855610]: text loss 1.0715 | 94400/ 9841 batches
[2025-05-21 06:30:48.168482]: text loss 1.0788 | 94600/ 9841 batches
[2025-05-21 06:32:32.094260]: text loss 1.0732 | 94800/ 9841 batches
[2025-05-21 06:34:14.858249]: text loss 1.0675 | 95000/ 9841 batches
[2025-05-21 06:35:58.253082]: text loss 1.0745 | 95200/ 9841 batches
[2025-05-21 06:37:42.551649]: text loss 1.0676 | 95400/ 9841 batches
[2025-05-21 06:39:26.513476]: text loss 1.0667 | 95600/ 9841 batches
[2025-05-21 06:41:10.690996]: text loss 1.0870 | 95800/ 9841 batches
[2025-05-21 06:42:54.712062]: text loss 1.0691 | 96000/ 9841 batches
[2025-05-21 06:44:37.538711]: text loss 1.0692 | 96200/ 9841 batches
[2025-05-21 06:46:20.607403]: text loss 1.0676 | 96400/ 9841 batches
[2025-05-21 06:48:04.567365]: text loss 1.0789 | 96600/ 9841 batches
[2025-05-21 06:49:48.677374]: text loss 1.0771 | 96800/ 9841 batches
[2025-05-21 06:51:33.061488]: text loss 1.0655 | 97000/ 9841 batches
[2025-05-21 06:53:17.417758]: text loss 1.0724 | 97200/ 9841 batches
[2025-05-21 06:55:01.434704]: text loss 1.0804 | 97400/ 9841 batches
[2025-05-21 06:56:45.547506]: text loss 1.0756 | 97600/ 9841 batches
[2025-05-21 06:58:30.924923]: text loss 1.0811 | 97800/ 9841 batches
[2025-05-21 07:00:14.330168]: text loss 1.0746 | 98000/ 9841 batches
[2025-05-21 07:01:58.080979]: text loss 1.0808 | 98200/ 9841 batches
[2025-05-21 07:03:42.128441]: text loss 1.0740 | 98400/ 9841 batches
[2025-05-21 07:03:47.331343]: text loss 1.0256 | 98410/ 9841 batches
[2025-05-21 07:03:47.331936]: validation
[2025-05-21 07:03:51.553338]: explanation loss 2.4466
[2025-05-21 07:03:59.173723]: rationale loss 1.2460
[2025-05-21 07:04:14.827553]: sequential loss 2.2959
[2025-05-21 07:06:04.536685]: top-N loss 1.2004
[2025-05-21 07:06:04.932329]: epoch 11
[2025-05-21 07:07:43.622770]: text loss 1.0411 | 98600/ 9841 batches
[2025-05-21 07:09:27.613450]: text loss 1.0525 | 98800/ 9841 batches
[2025-05-21 07:11:11.708167]: text loss 1.0597 | 99000/ 9841 batches
[2025-05-21 07:12:55.886960]: text loss 1.0449 | 99200/ 9841 batches
[2025-05-21 07:14:40.063124]: text loss 1.0630 | 99400/ 9841 batches
[2025-05-21 07:16:24.183426]: text loss 1.0630 | 99600/ 9841 batches
[2025-05-21 07:18:08.234792]: text loss 1.0542 | 99800/ 9841 batches
[2025-05-21 07:19:51.591425]: text loss 1.0553 | 100000/ 9841 batches
[2025-05-21 07:21:34.060150]: text loss 1.0524 | 100200/ 9841 batches
[2025-05-21 07:23:16.306823]: text loss 1.0530 | 100400/ 9841 batches
[2025-05-21 07:24:58.414998]: text loss 1.0457 | 100600/ 9841 batches
[2025-05-21 07:26:40.996967]: text loss 1.0597 | 100800/ 9841 batches
[2025-05-21 07:28:24.470804]: text loss 1.0600 | 101000/ 9841 batches
[2025-05-21 07:30:08.089815]: text loss 1.0606 | 101200/ 9841 batches
[2025-05-21 07:31:52.045170]: text loss 1.0557 | 101400/ 9841 batches
[2025-05-21 07:33:35.013436]: text loss 1.0492 | 101600/ 9841 batches
[2025-05-21 07:35:18.174523]: text loss 1.0628 | 101800/ 9841 batches
[2025-05-21 07:37:01.441525]: text loss 1.0625 | 102000/ 9841 batches
[2025-05-21 07:38:44.635087]: text loss 1.0583 | 102200/ 9841 batches
[2025-05-21 07:40:27.003676]: text loss 1.0596 | 102400/ 9841 batches
[2025-05-21 07:42:09.393349]: text loss 1.0604 | 102600/ 9841 batches
[2025-05-21 07:43:51.567836]: text loss 1.0640 | 102800/ 9841 batches
[2025-05-21 07:45:35.537593]: text loss 1.0506 | 103000/ 9841 batches
[2025-05-21 07:47:19.115399]: text loss 1.0648 | 103200/ 9841 batches
[2025-05-21 07:49:01.433375]: text loss 1.0689 | 103400/ 9841 batches
[2025-05-21 07:50:43.905460]: text loss 1.0642 | 103600/ 9841 batches
[2025-05-21 07:52:26.840292]: text loss 1.0617 | 103800/ 9841 batches
[2025-05-21 07:54:10.607770]: text loss 1.0605 | 104000/ 9841 batches
[2025-05-21 07:55:54.130491]: text loss 1.0654 | 104200/ 9841 batches
[2025-05-21 07:57:36.644630]: text loss 1.0599 | 104400/ 9841 batches
[2025-05-21 07:59:20.103485]: text loss 1.0577 | 104600/ 9841 batches
[2025-05-21 08:01:02.254086]: text loss 1.0668 | 104800/ 9841 batches
[2025-05-21 08:02:44.412174]: text loss 1.0557 | 105000/ 9841 batches
[2025-05-21 08:04:26.615216]: text loss 1.0704 | 105200/ 9841 batches
[2025-05-21 08:06:09.037856]: text loss 1.0450 | 105400/ 9841 batches
[2025-05-21 08:07:52.003702]: text loss 1.0699 | 105600/ 9841 batches
[2025-05-21 08:09:35.874357]: text loss 1.0529 | 105800/ 9841 batches
[2025-05-21 08:11:19.807026]: text loss 1.0610 | 106000/ 9841 batches
[2025-05-21 08:13:03.583307]: text loss 1.0605 | 106200/ 9841 batches
[2025-05-21 08:14:46.173873]: text loss 1.0722 | 106400/ 9841 batches
[2025-05-21 08:16:28.707437]: text loss 1.0611 | 106600/ 9841 batches
[2025-05-21 08:18:11.218274]: text loss 1.0551 | 106800/ 9841 batches
[2025-05-21 08:19:53.743646]: text loss 1.0619 | 107000/ 9841 batches
[2025-05-21 08:21:36.278489]: text loss 1.0647 | 107200/ 9841 batches
[2025-05-21 08:23:19.214065]: text loss 1.0641 | 107400/ 9841 batches
[2025-05-21 08:25:03.113284]: text loss 1.0663 | 107600/ 9841 batches
[2025-05-21 08:26:46.961805]: text loss 1.0698 | 107800/ 9841 batches
[2025-05-21 08:28:33.457382]: text loss 1.0570 | 108000/ 9841 batches
[2025-05-21 08:30:16.547184]: text loss 1.0729 | 108200/ 9841 batches
[2025-05-21 08:30:42.558156]: text loss 1.0580 | 108251/ 9841 batches
[2025-05-21 08:30:42.558733]: validation
[2025-05-21 08:30:46.753227]: explanation loss 2.4445
[2025-05-21 08:30:54.346278]: rationale loss 1.2424
[2025-05-21 08:31:09.988806]: sequential loss 2.2869
[2025-05-21 08:32:59.150141]: top-N loss 1.1891
[2025-05-21 08:32:59.556236]: epoch 12
[2025-05-21 08:34:17.014147]: text loss 1.0299 | 108400/ 9841 batches
[2025-05-21 08:36:01.294344]: text loss 1.0417 | 108600/ 9841 batches
[2025-05-21 08:37:44.868806]: text loss 1.0387 | 108800/ 9841 batches
[2025-05-21 08:39:27.929157]: text loss 1.0375 | 109000/ 9841 batches
[2025-05-21 08:41:12.023573]: text loss 1.0381 | 109200/ 9841 batches
[2025-05-21 08:42:56.078407]: text loss 1.0398 | 109400/ 9841 batches
[2025-05-21 08:44:40.153833]: text loss 1.0405 | 109600/ 9841 batches
[2025-05-21 08:46:23.743775]: text loss 1.0369 | 109800/ 9841 batches
[2025-05-21 08:48:07.141230]: text loss 1.0403 | 110000/ 9841 batches
[2025-05-21 08:49:51.018829]: text loss 1.0438 | 110200/ 9841 batches
[2025-05-21 08:51:34.622879]: text loss 1.0423 | 110400/ 9841 batches
[2025-05-21 08:53:16.989084]: text loss 1.0391 | 110600/ 9841 batches
[2025-05-21 08:55:00.365190]: text loss 1.0455 | 110800/ 9841 batches
[2025-05-21 08:56:44.108162]: text loss 1.0432 | 111000/ 9841 batches
[2025-05-21 08:58:27.936620]: text loss 1.0384 | 111200/ 9841 batches
[2025-05-21 09:00:11.744064]: text loss 1.0625 | 111400/ 9841 batches
[2025-05-21 09:01:54.044489]: text loss 1.0429 | 111600/ 9841 batches
[2025-05-21 09:03:37.781825]: text loss 1.0424 | 111800/ 9841 batches
[2025-05-21 09:05:21.657428]: text loss 1.0410 | 112000/ 9841 batches
[2025-05-21 09:07:04.068001]: text loss 1.0411 | 112200/ 9841 batches
[2025-05-21 09:08:47.889321]: text loss 1.0459 | 112400/ 9841 batches
[2025-05-21 09:10:31.432187]: text loss 1.0440 | 112600/ 9841 batches
[2025-05-21 09:12:15.046771]: text loss 1.0447 | 112800/ 9841 batches
[2025-05-21 09:13:57.970501]: text loss 1.0371 | 113000/ 9841 batches
[2025-05-21 09:15:41.752185]: text loss 1.0438 | 113200/ 9841 batches
[2025-05-21 09:17:25.536533]: text loss 1.0639 | 113400/ 9841 batches
[2025-05-21 09:19:07.951853]: text loss 1.0507 | 113600/ 9841 batches
[2025-05-21 09:20:51.962997]: text loss 1.0503 | 113800/ 9841 batches
[2025-05-21 09:22:34.468499]: text loss 1.0555 | 114000/ 9841 batches
[2025-05-21 09:24:17.218990]: text loss 1.0497 | 114200/ 9841 batches
[2025-05-21 09:26:01.180163]: text loss 1.0584 | 114400/ 9841 batches
[2025-05-21 09:27:45.130795]: text loss 1.0390 | 114600/ 9841 batches
[2025-05-21 09:29:27.930219]: text loss 1.0474 | 114800/ 9841 batches
[2025-05-21 09:31:10.676796]: text loss 1.0574 | 115000/ 9841 batches
[2025-05-21 09:32:53.121328]: text loss 1.0691 | 115200/ 9841 batches
[2025-05-21 09:34:35.411082]: text loss 1.0613 | 115400/ 9841 batches
[2025-05-21 09:36:17.694113]: text loss 1.0465 | 115600/ 9841 batches
[2025-05-21 09:38:00.336533]: text loss 1.0524 | 115800/ 9841 batches
[2025-05-21 09:39:44.116746]: text loss 1.0472 | 116000/ 9841 batches
[2025-05-21 09:41:27.913818]: text loss 1.0463 | 116200/ 9841 batches
[2025-05-21 09:43:11.982704]: text loss 1.0424 | 116400/ 9841 batches
[2025-05-21 09:44:55.754044]: text loss 1.0545 | 116600/ 9841 batches
[2025-05-21 09:46:39.581139]: text loss 1.0471 | 116800/ 9841 batches
[2025-05-21 09:48:23.437855]: text loss 1.0529 | 117000/ 9841 batches
[2025-05-21 09:50:07.298428]: text loss 1.0471 | 117200/ 9841 batches
[2025-05-21 09:51:51.025604]: text loss 1.0543 | 117400/ 9841 batches
[2025-05-21 09:53:35.246228]: text loss 1.0611 | 117600/ 9841 batches
[2025-05-21 09:55:19.036433]: text loss 1.0516 | 117800/ 9841 batches
[2025-05-21 09:57:02.903796]: text loss 1.0501 | 118000/ 9841 batches
[2025-05-21 09:57:50.629713]: text loss 1.0465 | 118092/ 9841 batches
[2025-05-21 09:57:50.630334]: validation
[2025-05-21 09:57:54.857825]: explanation loss 2.4378
[2025-05-21 09:58:02.475622]: rationale loss 1.2448
[2025-05-21 09:58:18.109980]: sequential loss 2.3004
[2025-05-21 10:00:07.513081]: top-N loss 1.2014
[2025-05-21 10:00:07.513167]: Endured 1 time(s)
[2025-05-21 10:00:07.513195]: epoch 13
[2025-05-21 10:01:02.583208]: text loss 1.0255 | 118200/ 9841 batches
[2025-05-21 10:02:45.363977]: text loss 1.0278 | 118400/ 9841 batches
[2025-05-21 10:04:29.375191]: text loss 1.0199 | 118600/ 9841 batches
[2025-05-21 10:06:12.500453]: text loss 1.0302 | 118800/ 9841 batches
[2025-05-21 10:07:56.217718]: text loss 1.0262 | 119000/ 9841 batches
[2025-05-21 10:09:38.484477]: text loss 1.0307 | 119200/ 9841 batches
[2025-05-21 10:11:21.459436]: text loss 1.0324 | 119400/ 9841 batches
[2025-05-21 10:13:05.112432]: text loss 1.0359 | 119600/ 9841 batches
[2025-05-21 10:14:48.270035]: text loss 1.0201 | 119800/ 9841 batches
[2025-05-21 10:16:30.114778]: text loss 1.0248 | 120000/ 9841 batches
[2025-05-21 10:18:11.847739]: text loss 1.0304 | 120200/ 9841 batches
[2025-05-21 10:19:53.681760]: text loss 1.0316 | 120400/ 9841 batches
[2025-05-21 10:21:37.179292]: text loss 1.0236 | 120600/ 9841 batches
[2025-05-21 10:23:20.835017]: text loss 1.0294 | 120800/ 9841 batches
[2025-05-21 10:25:04.003609]: text loss 1.0238 | 121000/ 9841 batches
[2025-05-21 10:26:47.782091]: text loss 1.0303 | 121200/ 9841 batches
[2025-05-21 10:28:30.729846]: text loss 1.0252 | 121400/ 9841 batches
[2025-05-21 10:30:13.778777]: text loss 1.0330 | 121600/ 9841 batches
[2025-05-21 10:31:57.096715]: text loss 1.0329 | 121800/ 9841 batches
[2025-05-21 10:33:40.301511]: text loss 1.0379 | 122000/ 9841 batches
[2025-05-21 10:35:23.524021]: text loss 1.0428 | 122200/ 9841 batches
[2025-05-21 10:37:06.724208]: text loss 1.0381 | 122400/ 9841 batches
[2025-05-21 10:38:49.813131]: text loss 1.0316 | 122600/ 9841 batches
[2025-05-21 10:40:33.098287]: text loss 1.0340 | 122800/ 9841 batches
[2025-05-21 10:42:16.320756]: text loss 1.0407 | 123000/ 9841 batches
[2025-05-21 10:43:59.621701]: text loss 1.0424 | 123200/ 9841 batches
[2025-05-21 10:45:42.693143]: text loss 1.0358 | 123400/ 9841 batches
[2025-05-21 10:47:25.911160]: text loss 1.0285 | 123600/ 9841 batches
[2025-05-21 10:49:09.050493]: text loss 1.0354 | 123800/ 9841 batches
[2025-05-21 10:50:52.425164]: text loss 1.0362 | 124000/ 9841 batches
[2025-05-21 10:52:35.830348]: text loss 1.0373 | 124200/ 9841 batches
[2025-05-21 10:54:18.906565]: text loss 1.0418 | 124400/ 9841 batches
[2025-05-21 10:56:02.171711]: text loss 1.0396 | 124600/ 9841 batches
[2025-05-21 10:57:45.451172]: text loss 1.0314 | 124800/ 9841 batches
[2025-05-21 10:59:28.669166]: text loss 1.0376 | 125000/ 9841 batches
[2025-05-21 11:01:11.586206]: text loss 1.0317 | 125200/ 9841 batches
[2025-05-21 11:02:55.878383]: text loss 1.0476 | 125400/ 9841 batches
[2025-05-21 11:04:40.194214]: text loss 1.0466 | 125600/ 9841 batches
[2025-05-21 11:06:24.513928]: text loss 1.0396 | 125800/ 9841 batches
[2025-05-21 11:08:08.912528]: text loss 1.0192 | 126000/ 9841 batches
[2025-05-21 11:09:52.747710]: text loss 1.0381 | 126200/ 9841 batches
[2025-05-21 11:11:36.277121]: text loss 1.0417 | 126400/ 9841 batches
[2025-05-21 11:13:19.754689]: text loss 1.0390 | 126600/ 9841 batches
[2025-05-21 11:15:02.899413]: text loss 1.0452 | 126800/ 9841 batches
[2025-05-21 11:16:46.259700]: text loss 1.0405 | 127000/ 9841 batches
[2025-05-21 11:18:29.619147]: text loss 1.0352 | 127200/ 9841 batches
[2025-05-21 11:20:12.983231]: text loss 1.0353 | 127400/ 9841 batches
[2025-05-21 11:21:56.318723]: text loss 1.0441 | 127600/ 9841 batches
[2025-05-21 11:23:39.420541]: text loss 1.0429 | 127800/ 9841 batches
[2025-05-21 11:24:48.011195]: text loss 1.0495 | 127933/ 9841 batches
[2025-05-21 11:24:48.012090]: validation
[2025-05-21 11:24:52.248693]: explanation loss 2.4372
[2025-05-21 11:24:59.894829]: rationale loss 1.2431
[2025-05-21 11:25:15.764059]: sequential loss 2.3136
[2025-05-21 11:27:07.715504]: top-N loss 1.1797
[2025-05-21 11:27:07.715608]: Endured 2 time(s)
[2025-05-21 11:27:07.715635]: epoch 14
[2025-05-21 11:27:42.239472]: text loss 1.0132 | 128000/ 9841 batches
[2025-05-21 11:29:25.040362]: text loss 1.0234 | 128200/ 9841 batches
[2025-05-21 11:31:08.319265]: text loss 1.0197 | 128400/ 9841 batches
[2025-05-21 11:32:51.181624]: text loss 1.0084 | 128600/ 9841 batches
[2025-05-21 11:34:34.346418]: text loss 1.0118 | 128800/ 9841 batches
[2025-05-21 11:36:17.304771]: text loss 1.0100 | 129000/ 9841 batches
[2025-05-21 11:38:00.442722]: text loss 1.0047 | 129200/ 9841 batches
[2025-05-21 11:39:43.432706]: text loss 1.0173 | 129400/ 9841 batches
[2025-05-21 11:41:26.695103]: text loss 1.0192 | 129600/ 9841 batches
[2025-05-21 11:43:09.834158]: text loss 1.0125 | 129800/ 9841 batches
[2025-05-21 11:44:53.062245]: text loss 1.0245 | 130000/ 9841 batches
[2025-05-21 11:46:36.246473]: text loss 1.0230 | 130200/ 9841 batches
[2025-05-21 11:48:19.565834]: text loss 1.0226 | 130400/ 9841 batches
[2025-05-21 11:50:02.690494]: text loss 1.0127 | 130600/ 9841 batches
[2025-05-21 11:51:45.951402]: text loss 1.0263 | 130800/ 9841 batches
[2025-05-21 11:53:29.991956]: text loss 1.0193 | 131000/ 9841 batches
[2025-05-21 11:55:14.026253]: text loss 1.0228 | 131200/ 9841 batches
[2025-05-21 11:56:58.089679]: text loss 1.0209 | 131400/ 9841 batches
[2025-05-21 11:58:41.951315]: text loss 1.0175 | 131600/ 9841 batches
[2025-05-21 12:00:25.826617]: text loss 1.0167 | 131800/ 9841 batches
[2025-05-21 12:02:09.591476]: text loss 1.0303 | 132000/ 9841 batches
[2025-05-21 12:03:53.305747]: text loss 1.0190 | 132200/ 9841 batches
[2025-05-21 12:05:37.148830]: text loss 1.0254 | 132400/ 9841 batches
[2025-05-21 12:07:21.009395]: text loss 1.0198 | 132600/ 9841 batches
[2025-05-21 12:09:04.998366]: text loss 1.0283 | 132800/ 9841 batches
[2025-05-21 12:10:48.896107]: text loss 1.0286 | 133000/ 9841 batches
[2025-05-21 12:12:33.021142]: text loss 1.0151 | 133200/ 9841 batches
[2025-05-21 12:14:17.039338]: text loss 1.0263 | 133400/ 9841 batches
[2025-05-21 12:16:00.959657]: text loss 1.0222 | 133600/ 9841 batches
[2025-05-21 12:17:45.250868]: text loss 1.0184 | 133800/ 9841 batches
[2025-05-21 12:19:29.273413]: text loss 1.0208 | 134000/ 9841 batches
[2025-05-21 12:21:13.163900]: text loss 1.0323 | 134200/ 9841 batches
[2025-05-21 12:22:57.196192]: text loss 1.0340 | 134400/ 9841 batches
[2025-05-21 12:24:41.203725]: text loss 1.0221 | 134600/ 9841 batches
[2025-05-21 12:26:25.154069]: text loss 1.0371 | 134800/ 9841 batches
[2025-05-21 12:28:09.116894]: text loss 1.0254 | 135000/ 9841 batches
[2025-05-21 12:29:53.504202]: text loss 1.0207 | 135200/ 9841 batches
[2025-05-21 12:31:37.637223]: text loss 1.0266 | 135400/ 9841 batches
[2025-05-21 12:33:21.182313]: text loss 1.0224 | 135600/ 9841 batches
[2025-05-21 12:35:05.220507]: text loss 1.0203 | 135800/ 9841 batches
[2025-05-21 12:36:49.066657]: text loss 1.0156 | 136000/ 9841 batches
[2025-05-21 12:38:32.769397]: text loss 1.0318 | 136200/ 9841 batches
[2025-05-21 12:40:16.550392]: text loss 1.0273 | 136400/ 9841 batches
[2025-05-21 12:42:00.229963]: text loss 1.0248 | 136600/ 9841 batches
[2025-05-21 12:43:43.984417]: text loss 1.0227 | 136800/ 9841 batches
[2025-05-21 12:45:27.649624]: text loss 1.0292 | 137000/ 9841 batches
[2025-05-21 12:47:11.478637]: text loss 1.0212 | 137200/ 9841 batches
[2025-05-21 12:48:55.318930]: text loss 1.0229 | 137400/ 9841 batches
[2025-05-21 12:50:39.462106]: text loss 1.0345 | 137600/ 9841 batches
[2025-05-21 12:52:10.421698]: text loss 1.0235 | 137774/ 9841 batches
[2025-05-21 12:52:10.422602]: validation
[2025-05-21 12:52:14.662707]: explanation loss 2.4454
[2025-05-21 12:52:22.346648]: rationale loss 1.2509
[2025-05-21 12:52:38.527919]: sequential loss 2.3181
[2025-05-21 12:54:32.260585]: top-N loss 1.1737
[2025-05-21 12:54:32.260689]: Endured 3 time(s)
[2025-05-21 12:54:32.260713]: epoch 15
[2025-05-21 12:54:45.821182]: text loss 1.0125 | 137800/ 9841 batches
[2025-05-21 12:56:29.454277]: text loss 0.9977 | 138000/ 9841 batches
[2025-05-21 12:58:13.009453]: text loss 0.9926 | 138200/ 9841 batches
[2025-05-21 12:59:56.628136]: text loss 0.9896 | 138400/ 9841 batches
[2025-05-21 13:01:40.041747]: text loss 0.9969 | 138600/ 9841 batches
[2025-05-21 13:03:23.402475]: text loss 1.0099 | 138800/ 9841 batches
[2025-05-21 13:05:06.891204]: text loss 1.0035 | 139000/ 9841 batches
[2025-05-21 13:06:50.222213]: text loss 0.9901 | 139200/ 9841 batches
[2025-05-21 13:08:33.575812]: text loss 0.9951 | 139400/ 9841 batches
[2025-05-21 13:10:16.961102]: text loss 1.0076 | 139600/ 9841 batches
[2025-05-21 13:12:00.515387]: text loss 0.9939 | 139800/ 9841 batches
[2025-05-21 13:13:43.857780]: text loss 1.0041 | 140000/ 9841 batches
[2025-05-21 13:15:27.319947]: text loss 1.0093 | 140200/ 9841 batches
[2025-05-21 13:17:11.721011]: text loss 1.0021 | 140400/ 9841 batches
[2025-05-21 13:18:56.013367]: text loss 1.0188 | 140600/ 9841 batches
[2025-05-21 13:20:40.112579]: text loss 1.0034 | 140800/ 9841 batches
[2025-05-21 13:22:24.264203]: text loss 1.0061 | 141000/ 9841 batches
[2025-05-21 13:24:08.603261]: text loss 1.0060 | 141200/ 9841 batches
[2025-05-21 13:25:52.828719]: text loss 1.0027 | 141400/ 9841 batches
[2025-05-21 13:27:36.878095]: text loss 1.0033 | 141600/ 9841 batches
[2025-05-21 13:29:21.092570]: text loss 1.0117 | 141800/ 9841 batches
[2025-05-21 13:31:05.357802]: text loss 1.0135 | 142000/ 9841 batches
[2025-05-21 13:32:49.573728]: text loss 1.0052 | 142200/ 9841 batches
[2025-05-21 13:34:33.929286]: text loss 1.0117 | 142400/ 9841 batches
[2025-05-21 13:36:18.120653]: text loss 1.0234 | 142600/ 9841 batches
[2025-05-21 13:38:02.446506]: text loss 1.0187 | 142800/ 9841 batches
[2025-05-21 13:39:46.716871]: text loss 1.0129 | 143000/ 9841 batches
[2025-05-21 13:41:31.012594]: text loss 1.0067 | 143200/ 9841 batches
[2025-05-21 13:43:15.244143]: text loss 1.0119 | 143400/ 9841 batches
[2025-05-21 13:44:59.423891]: text loss 1.0180 | 143600/ 9841 batches
[2025-05-21 13:46:43.623593]: text loss 1.0106 | 143800/ 9841 batches
[2025-05-21 13:48:27.883632]: text loss 1.0131 | 144000/ 9841 batches
[2025-05-21 13:50:12.172082]: text loss 1.0124 | 144200/ 9841 batches
[2025-05-21 13:51:56.250029]: text loss 1.0135 | 144400/ 9841 batches
[2025-05-21 13:53:40.632908]: text loss 1.0171 | 144600/ 9841 batches
[2025-05-21 13:55:24.871637]: text loss 1.0100 | 144800/ 9841 batches
[2025-05-21 13:57:09.103075]: text loss 1.0116 | 145000/ 9841 batches
[2025-05-21 13:58:53.296586]: text loss 1.0080 | 145200/ 9841 batches
[2025-05-21 14:00:37.533910]: text loss 1.0203 | 145400/ 9841 batches
[2025-05-21 14:02:21.704953]: text loss 1.0315 | 145600/ 9841 batches
[2025-05-21 14:04:06.010146]: text loss 1.0074 | 145800/ 9841 batches
[2025-05-21 14:05:50.123688]: text loss 1.0193 | 146000/ 9841 batches
[2025-05-21 14:07:34.235852]: text loss 1.0145 | 146200/ 9841 batches
[2025-05-21 14:09:18.460741]: text loss 1.0113 | 146400/ 9841 batches
[2025-05-21 14:11:02.662714]: text loss 1.0132 | 146600/ 9841 batches
[2025-05-21 14:12:46.836691]: text loss 1.0126 | 146800/ 9841 batches
[2025-05-21 14:14:31.043654]: text loss 1.0186 | 147000/ 9841 batches
[2025-05-21 14:16:15.359139]: text loss 1.0054 | 147200/ 9841 batches
[2025-05-21 14:17:59.529457]: text loss 1.0169 | 147400/ 9841 batches
[2025-05-21 14:19:43.747600]: text loss 1.0132 | 147600/ 9841 batches
[2025-05-21 14:19:51.571560]: text loss 0.9964 | 147615/ 9841 batches
[2025-05-21 14:19:51.572563]: validation
[2025-05-21 14:19:55.929088]: explanation loss 2.4398
[2025-05-21 14:20:03.644781]: rationale loss 1.2456
[2025-05-21 14:20:20.109554]: sequential loss 2.3502
[2025-05-21 14:22:17.299425]: top-N loss 1.1659
[2025-05-21 14:22:17.299531]: Endured 4 time(s)
[2025-05-21 14:22:17.299559]: epoch 16
[2025-05-21 14:23:53.505619]: text loss 0.9846 | 147800/ 9841 batches
[2025-05-21 14:25:37.664229]: text loss 0.9899 | 148000/ 9841 batches
[2025-05-21 14:27:21.754682]: text loss 0.9870 | 148200/ 9841 batches
[2025-05-21 14:29:05.822082]: text loss 0.9889 | 148400/ 9841 batches
[2025-05-21 14:30:49.883598]: text loss 0.9920 | 148600/ 9841 batches
[2025-05-21 14:32:33.903336]: text loss 0.9999 | 148800/ 9841 batches
[2025-05-21 14:34:17.973922]: text loss 0.9911 | 149000/ 9841 batches
[2025-05-21 14:36:01.956862]: text loss 0.9762 | 149200/ 9841 batches
[2025-05-21 14:37:46.037567]: text loss 0.9837 | 149400/ 9841 batches
[2025-05-21 14:39:30.083966]: text loss 0.9887 | 149600/ 9841 batches
[2025-05-21 14:41:13.493647]: text loss 0.9888 | 149800/ 9841 batches
[2025-05-21 14:42:56.776127]: text loss 0.9851 | 150000/ 9841 batches
[2025-05-21 14:44:39.735804]: text loss 0.9863 | 150200/ 9841 batches
[2025-05-21 14:46:24.386194]: text loss 0.9922 | 150400/ 9841 batches
[2025-05-21 14:48:09.161238]: text loss 0.9951 | 150600/ 9841 batches
[2025-05-21 14:49:53.560345]: text loss 1.0015 | 150800/ 9841 batches
[2025-05-21 14:51:36.719906]: text loss 0.9963 | 151000/ 9841 batches
[2025-05-21 14:53:21.688857]: text loss 0.9936 | 151200/ 9841 batches
[2025-05-21 14:55:06.208270]: text loss 0.9948 | 151400/ 9841 batches
[2025-05-21 14:56:50.188562]: text loss 1.0000 | 151600/ 9841 batches
[2025-05-21 14:58:33.540221]: text loss 1.0011 | 151800/ 9841 batches
[2025-05-21 15:00:15.824609]: text loss 0.9997 | 152000/ 9841 batches
[2025-05-21 15:01:59.695425]: text loss 0.9963 | 152200/ 9841 batches
[2025-05-21 15:03:44.566545]: text loss 1.0025 | 152400/ 9841 batches
[2025-05-21 15:05:29.253276]: text loss 0.9988 | 152600/ 9841 batches
[2025-05-21 15:07:13.964568]: text loss 0.9964 | 152800/ 9841 batches
[2025-05-21 15:08:58.273436]: text loss 0.9986 | 153000/ 9841 batches
[2025-05-21 15:10:42.605466]: text loss 0.9919 | 153200/ 9841 batches
[2025-05-21 15:12:26.577894]: text loss 0.9921 | 153400/ 9841 batches
[2025-05-21 15:14:10.494478]: text loss 0.9957 | 153600/ 9841 batches
[2025-05-21 15:15:53.908677]: text loss 0.9994 | 153800/ 9841 batches
[2025-05-21 15:17:37.265372]: text loss 1.0037 | 154000/ 9841 batches
[2025-05-21 15:19:20.995071]: text loss 1.0077 | 154200/ 9841 batches
[2025-05-21 15:21:05.168863]: text loss 1.0001 | 154400/ 9841 batches
[2025-05-21 15:22:50.097346]: text loss 0.9984 | 154600/ 9841 batches
[2025-05-21 15:24:34.287550]: text loss 1.0029 | 154800/ 9841 batches
[2025-05-21 15:26:18.427424]: text loss 1.0016 | 155000/ 9841 batches
[2025-05-21 15:28:02.034799]: text loss 1.0095 | 155200/ 9841 batches
[2025-05-21 15:29:47.035177]: text loss 1.0075 | 155400/ 9841 batches
[2025-05-21 15:31:31.769322]: text loss 1.0073 | 155600/ 9841 batches
[2025-05-21 15:33:16.938482]: text loss 1.0074 | 155800/ 9841 batches
[2025-05-21 15:35:01.455166]: text loss 1.0040 | 156000/ 9841 batches
[2025-05-21 15:36:45.390230]: text loss 1.0017 | 156200/ 9841 batches
[2025-05-21 15:38:30.119970]: text loss 1.0005 | 156400/ 9841 batches
[2025-05-21 15:40:15.332138]: text loss 1.0006 | 156600/ 9841 batches
[2025-05-21 15:41:59.958606]: text loss 1.0044 | 156800/ 9841 batches
[2025-05-21 15:43:43.568340]: text loss 1.0009 | 157000/ 9841 batches
[2025-05-21 15:45:28.451265]: text loss 0.9983 | 157200/ 9841 batches
[2025-05-21 15:47:12.163642]: text loss 0.9980 | 157400/ 9841 batches
[2025-05-21 15:47:41.408779]: text loss 0.9822 | 157456/ 9841 batches
[2025-05-21 15:47:41.409782]: validation
[2025-05-21 15:47:45.672136]: explanation loss 2.4442
[2025-05-21 15:47:53.295679]: rationale loss 1.2503
[2025-05-21 15:48:09.319675]: sequential loss 2.3887
[2025-05-21 15:49:59.553741]: top-N loss 1.1649
[2025-05-21 15:49:59.553835]: Endured 5 time(s)
[2025-05-21 15:49:59.553856]: Cannot endure it anymore | Exiting from early stop
