nohup: ignoring input
/home/zhongyikun/anaconda3/envs/RDRec/lib/python3.12/site-packages/transformers/utils/generic.py:441: FutureWarning: `torch.utils._pytree._register_pytree_node` is deprecated. Please use `torch.utils._pytree.register_pytree_node` instead.
  _torch_pytree._register_pytree_node(
/home/zhongyikun/anaconda3/envs/RDRec/lib/python3.12/site-packages/transformers/utils/generic.py:309: FutureWarning: `torch.utils._pytree._register_pytree_node` is deprecated. Please use `torch.utils._pytree.register_pytree_node` instead.
  _torch_pytree._register_pytree_node(
/home/zhongyikun/anaconda3/envs/RDRec/lib/python3.12/site-packages/transformers/utils/generic.py:309: FutureWarning: `torch.utils._pytree._register_pytree_node` is deprecated. Please use `torch.utils._pytree.register_pytree_node` instead.
  _torch_pytree._register_pytree_node(
/home/zhongyikun/anaconda3/envs/RDRec/lib/python3.12/site-packages/huggingface_hub/file_download.py:896: FutureWarning: `resume_download` is deprecated and will be removed in version 1.0.0. Downloads always resume when possible. If you want to force a new download, use `force_download=True`.
  warnings.warn(
You are using the default legacy behaviour of the <class 'transformers.models.t5.tokenization_t5.T5Tokenizer'>. This is expected, and simply means that the `legacy` (previous) behavior will be used so nothing changes for you. If you want to use the new behaviour, set `legacy=False`. This should only be set if you understand what it means, and thouroughly read the reason why this was added as explained in https://github.com/huggingface/transformers/pull/24565
Special tokens have been added in the vocabulary, make sure the associated word embeddings are fine-tuned or trained.
Some weights of Solomon were not initialized from the model checkpoint at t5-small and are newly initialized: ['conv1d.weight']
You should probably TRAIN this model on a down-stream task to be able to use it for predictions and inference.
----------------------------------------ARGUMENTS----------------------------------------
data_dir                                 ./data/sports/
model_version                            0
task_num                                 5
prompt_num                               3
lr                                       0.0005
ratio                                    1:1:1:3
epochs                                   100
batch_size                               64
cuda                                     True
log_interval                             200
checkpoint                               ./checkpoint/sport_1113/
endure_times                             5
exp_len                                  20
negative_num                             99
----------------------------------------ARGUMENTS----------------------------------------
[2025-05-13 18:19:29.554517]: Loading data
[2025-05-13 18:19:44.918876]: Start training
[2025-05-13 18:19:44.918974]: epoch 1
[2025-05-13 18:21:27.049453]: text loss 1.4763 |   200/15745 batches
[2025-05-13 18:23:06.784432]: text loss 1.1795 |   400/15745 batches
[2025-05-13 18:24:46.517768]: text loss 1.1851 |   600/15745 batches
[2025-05-13 18:26:28.568187]: text loss 1.1256 |   800/15745 batches
[2025-05-13 18:28:09.783463]: text loss 1.1336 |  1000/15745 batches
[2025-05-13 18:29:50.841057]: text loss 1.1008 |  1200/15745 batches
[2025-05-13 18:31:30.318961]: text loss 1.1252 |  1400/15745 batches
[2025-05-13 18:33:09.972126]: text loss 1.0839 |  1600/15745 batches
[2025-05-13 18:34:50.223712]: text loss 1.0734 |  1800/15745 batches
[2025-05-13 18:36:30.033866]: text loss 1.1117 |  2000/15745 batches
[2025-05-13 18:38:10.478096]: text loss 1.0803 |  2200/15745 batches
[2025-05-13 18:39:50.917374]: text loss 1.0911 |  2400/15745 batches
[2025-05-13 18:41:31.166206]: text loss 1.0737 |  2600/15745 batches
[2025-05-13 18:43:12.027069]: text loss 1.0640 |  2800/15745 batches
[2025-05-13 18:44:51.653587]: text loss 1.0788 |  3000/15745 batches
[2025-05-13 18:46:31.502724]: text loss 1.0826 |  3200/15745 batches
[2025-05-13 18:48:11.939573]: text loss 1.0612 |  3400/15745 batches
[2025-05-13 18:49:52.759144]: text loss 1.0545 |  3600/15745 batches
[2025-05-13 18:51:32.489861]: text loss 1.0781 |  3800/15745 batches
[2025-05-13 18:53:12.093646]: text loss 1.0332 |  4000/15745 batches
[2025-05-13 18:54:53.151093]: text loss 1.0643 |  4200/15745 batches
[2025-05-13 18:56:34.524237]: text loss 1.0607 |  4400/15745 batches
[2025-05-13 18:58:14.773785]: text loss 1.0397 |  4600/15745 batches
[2025-05-13 18:59:54.981239]: text loss 1.0542 |  4800/15745 batches
[2025-05-13 19:01:36.626205]: text loss 1.0353 |  5000/15745 batches
[2025-05-13 19:03:17.057716]: text loss 1.0210 |  5200/15745 batches
[2025-05-13 19:04:57.763521]: text loss 1.0342 |  5400/15745 batches
[2025-05-13 19:06:37.123490]: text loss 1.0499 |  5600/15745 batches
[2025-05-13 19:08:16.466557]: text loss 1.0310 |  5800/15745 batches
[2025-05-13 19:09:56.099043]: text loss 1.0431 |  6000/15745 batches
[2025-05-13 19:11:35.819693]: text loss 1.0189 |  6200/15745 batches
[2025-05-13 19:13:16.499314]: text loss 1.0146 |  6400/15745 batches
[2025-05-13 19:14:57.512593]: text loss 1.0047 |  6600/15745 batches
[2025-05-13 19:16:37.198606]: text loss 1.0086 |  6800/15745 batches
[2025-05-13 19:18:17.879771]: text loss 1.0406 |  7000/15745 batches
[2025-05-13 19:19:59.043423]: text loss 1.0185 |  7200/15745 batches
[2025-05-13 19:21:41.283296]: text loss 1.0250 |  7400/15745 batches
[2025-05-13 19:23:21.855999]: text loss 1.0149 |  7600/15745 batches
[2025-05-13 19:25:02.128807]: text loss 1.0171 |  7800/15745 batches
[2025-05-13 19:26:42.138553]: text loss 1.0250 |  8000/15745 batches
[2025-05-13 19:28:23.626434]: text loss 1.0326 |  8200/15745 batches
[2025-05-13 19:30:03.551866]: text loss 0.9963 |  8400/15745 batches
[2025-05-13 19:31:42.821695]: text loss 1.0203 |  8600/15745 batches
[2025-05-13 19:33:22.765655]: text loss 1.0156 |  8800/15745 batches
[2025-05-13 19:35:03.145952]: text loss 0.9993 |  9000/15745 batches
[2025-05-13 19:36:43.628897]: text loss 1.0051 |  9200/15745 batches
[2025-05-13 19:38:23.304681]: text loss 1.0022 |  9400/15745 batches
[2025-05-13 19:40:04.372555]: text loss 1.0035 |  9600/15745 batches
[2025-05-13 19:41:44.958703]: text loss 1.0134 |  9800/15745 batches
[2025-05-13 19:43:25.361856]: text loss 1.0127 | 10000/15745 batches
[2025-05-13 19:45:05.175358]: text loss 0.9946 | 10200/15745 batches
[2025-05-13 19:46:45.006742]: text loss 0.9734 | 10400/15745 batches
[2025-05-13 19:48:25.651322]: text loss 1.0042 | 10600/15745 batches
[2025-05-13 19:50:06.102917]: text loss 0.9915 | 10800/15745 batches
[2025-05-13 19:51:46.048096]: text loss 0.9972 | 11000/15745 batches
[2025-05-13 19:53:26.122976]: text loss 0.9799 | 11200/15745 batches
[2025-05-13 19:55:05.789302]: text loss 0.9974 | 11400/15745 batches
[2025-05-13 19:56:46.012572]: text loss 1.0142 | 11600/15745 batches
[2025-05-13 19:58:25.936393]: text loss 1.0091 | 11800/15745 batches
[2025-05-13 20:00:06.480419]: text loss 0.9761 | 12000/15745 batches
[2025-05-13 20:01:46.270576]: text loss 0.9971 | 12200/15745 batches
[2025-05-13 20:03:26.103155]: text loss 0.9825 | 12400/15745 batches
[2025-05-13 20:05:05.502141]: text loss 0.9954 | 12600/15745 batches
[2025-05-13 20:06:45.989258]: text loss 0.9940 | 12800/15745 batches
[2025-05-13 20:08:25.959157]: text loss 0.9958 | 13000/15745 batches
[2025-05-13 20:10:06.394636]: text loss 1.0158 | 13200/15745 batches
[2025-05-13 20:11:46.204798]: text loss 0.9989 | 13400/15745 batches
[2025-05-13 20:13:26.239382]: text loss 0.9597 | 13600/15745 batches
[2025-05-13 20:15:05.976615]: text loss 0.9924 | 13800/15745 batches
[2025-05-13 20:16:45.573936]: text loss 0.9873 | 14000/15745 batches
[2025-05-13 20:18:25.412043]: text loss 0.9765 | 14200/15745 batches
[2025-05-13 20:20:04.774419]: text loss 0.9951 | 14400/15745 batches
[2025-05-13 20:21:44.252361]: text loss 0.9968 | 14600/15745 batches
[2025-05-13 20:23:23.775015]: text loss 0.9893 | 14800/15745 batches
[2025-05-13 20:25:03.451929]: text loss 0.9916 | 15000/15745 batches
[2025-05-13 20:26:43.821888]: text loss 0.9982 | 15200/15745 batches
[2025-05-13 20:28:24.357043]: text loss 1.0052 | 15400/15745 batches
[2025-05-13 20:30:05.097732]: text loss 0.9968 | 15600/15745 batches
[2025-05-13 20:31:17.338250]: text loss 1.0031 | 15745/15745 batches
[2025-05-13 20:31:17.338976]: validation
[2025-05-13 20:31:21.523643]: explanation loss 2.6828
[2025-05-13 20:31:29.046777]: rationale loss 1.5673
[2025-05-13 20:31:44.716719]: sequential loss 2.4507
[2025-05-13 20:33:34.593437]: top-N loss 1.3612
[2025-05-13 20:33:35.026399]: epoch 2
[2025-05-13 20:34:02.588353]: text loss 0.9853 | 15800/15745 batches
[2025-05-13 20:35:42.671119]: text loss 0.9696 | 16000/15745 batches
[2025-05-13 20:37:22.220086]: text loss 0.9685 | 16200/15745 batches
[2025-05-13 20:39:02.268652]: text loss 0.9718 | 16400/15745 batches
[2025-05-13 20:40:41.768430]: text loss 0.9651 | 16600/15745 batches
[2025-05-13 20:42:21.162570]: text loss 0.9630 | 16800/15745 batches
[2025-05-13 20:44:02.646177]: text loss 0.9699 | 17000/15745 batches
[2025-05-13 20:45:43.382120]: text loss 0.9628 | 17200/15745 batches
[2025-05-13 20:47:23.592902]: text loss 0.9704 | 17400/15745 batches
[2025-05-13 20:49:04.339962]: text loss 0.9707 | 17600/15745 batches
[2025-05-13 20:50:44.346664]: text loss 0.9715 | 17800/15745 batches
[2025-05-13 20:52:24.143757]: text loss 0.9665 | 18000/15745 batches
[2025-05-13 20:54:05.704700]: text loss 0.9673 | 18200/15745 batches
[2025-05-13 20:55:45.684545]: text loss 0.9623 | 18400/15745 batches
[2025-05-13 20:57:25.869340]: text loss 0.9722 | 18600/15745 batches
[2025-05-13 20:59:06.106574]: text loss 0.9609 | 18800/15745 batches
[2025-05-13 21:00:45.777177]: text loss 0.9674 | 19000/15745 batches
[2025-05-13 21:02:25.729946]: text loss 0.9620 | 19200/15745 batches
[2025-05-13 21:04:05.437064]: text loss 0.9590 | 19400/15745 batches
[2025-05-13 21:05:45.309956]: text loss 0.9673 | 19600/15745 batches
[2025-05-13 21:07:24.637799]: text loss 0.9563 | 19800/15745 batches
[2025-05-13 21:09:04.577327]: text loss 0.9567 | 20000/15745 batches
[2025-05-13 21:10:44.899029]: text loss 0.9634 | 20200/15745 batches
[2025-05-13 21:12:25.025353]: text loss 0.9624 | 20400/15745 batches
[2025-05-13 21:14:05.174961]: text loss 0.9630 | 20600/15745 batches
[2025-05-13 21:15:45.033756]: text loss 0.9505 | 20800/15745 batches
[2025-05-13 21:17:25.138033]: text loss 0.9572 | 21000/15745 batches
[2025-05-13 21:19:05.755633]: text loss 0.9597 | 21200/15745 batches
[2025-05-13 21:20:45.606043]: text loss 0.9536 | 21400/15745 batches
[2025-05-13 21:22:25.177079]: text loss 0.9617 | 21600/15745 batches
[2025-05-13 21:24:06.599000]: text loss 0.9552 | 21800/15745 batches
[2025-05-13 21:25:46.676134]: text loss 0.9491 | 22000/15745 batches
[2025-05-13 21:27:26.296137]: text loss 0.9535 | 22200/15745 batches
[2025-05-13 21:29:06.099348]: text loss 0.9552 | 22400/15745 batches
[2025-05-13 21:30:46.019269]: text loss 0.9563 | 22600/15745 batches
[2025-05-13 21:32:26.217878]: text loss 0.9650 | 22800/15745 batches
[2025-05-13 21:34:06.373348]: text loss 0.9571 | 23000/15745 batches
[2025-05-13 21:35:46.343436]: text loss 0.9554 | 23200/15745 batches
[2025-05-13 21:37:27.187734]: text loss 0.9675 | 23400/15745 batches
[2025-05-13 21:39:07.012265]: text loss 0.9481 | 23600/15745 batches
[2025-05-13 21:40:47.673319]: text loss 0.9515 | 23800/15745 batches
[2025-05-13 21:42:27.283272]: text loss 0.9578 | 24000/15745 batches
[2025-05-13 21:44:07.856523]: text loss 0.9559 | 24200/15745 batches
[2025-05-13 21:45:47.760474]: text loss 0.9586 | 24400/15745 batches
[2025-05-13 21:47:27.855299]: text loss 0.9597 | 24600/15745 batches
[2025-05-13 21:49:07.739916]: text loss 0.9508 | 24800/15745 batches
[2025-05-13 21:50:48.018046]: text loss 0.9492 | 25000/15745 batches
[2025-05-13 21:52:27.938619]: text loss 0.9520 | 25200/15745 batches
[2025-05-13 21:54:07.731083]: text loss 0.9492 | 25400/15745 batches
[2025-05-13 21:55:48.037885]: text loss 0.9517 | 25600/15745 batches
[2025-05-13 21:57:28.239938]: text loss 0.9509 | 25800/15745 batches
[2025-05-13 21:59:08.287879]: text loss 0.9482 | 26000/15745 batches
[2025-05-13 22:00:48.133452]: text loss 0.9436 | 26200/15745 batches
[2025-05-13 22:02:28.524190]: text loss 0.9471 | 26400/15745 batches
[2025-05-13 22:04:09.084764]: text loss 0.9438 | 26600/15745 batches
[2025-05-13 22:05:49.795721]: text loss 0.9492 | 26800/15745 batches
[2025-05-13 22:07:30.299902]: text loss 0.9533 | 27000/15745 batches
[2025-05-13 22:09:10.135965]: text loss 0.9427 | 27200/15745 batches
[2025-05-13 22:10:50.661710]: text loss 0.9507 | 27400/15745 batches
[2025-05-13 22:12:31.113334]: text loss 0.9552 | 27600/15745 batches
[2025-05-13 22:14:11.285689]: text loss 0.9460 | 27800/15745 batches
[2025-05-13 22:15:51.332806]: text loss 0.9608 | 28000/15745 batches
[2025-05-13 22:17:32.073391]: text loss 0.9511 | 28200/15745 batches
[2025-05-13 22:19:12.063820]: text loss 0.9350 | 28400/15745 batches
[2025-05-13 22:20:53.002838]: text loss 0.9455 | 28600/15745 batches
[2025-05-13 22:22:33.627194]: text loss 0.9575 | 28800/15745 batches
[2025-05-13 22:24:14.899985]: text loss 0.9453 | 29000/15745 batches
[2025-05-13 22:26:00.401466]: text loss 0.9486 | 29200/15745 batches
[2025-05-13 22:27:41.240954]: text loss 0.9498 | 29400/15745 batches
[2025-05-13 22:29:21.754947]: text loss 0.9440 | 29600/15745 batches
[2025-05-13 22:31:02.190773]: text loss 0.9436 | 29800/15745 batches
[2025-05-13 22:32:42.716365]: text loss 0.9420 | 30000/15745 batches
[2025-05-13 22:34:22.781045]: text loss 0.9360 | 30200/15745 batches
[2025-05-13 22:36:02.866991]: text loss 0.9473 | 30400/15745 batches
[2025-05-13 22:37:42.857682]: text loss 0.9508 | 30600/15745 batches
[2025-05-13 22:39:22.545155]: text loss 0.9424 | 30800/15745 batches
[2025-05-13 22:41:03.438595]: text loss 0.9410 | 31000/15745 batches
[2025-05-13 22:42:43.043118]: text loss 0.9468 | 31200/15745 batches
[2025-05-13 22:44:23.174199]: text loss 0.9269 | 31400/15745 batches
[2025-05-13 22:45:08.290644]: text loss 0.9439 | 31490/15745 batches
[2025-05-13 22:45:08.291367]: validation
[2025-05-13 22:45:12.476853]: explanation loss 2.5901
[2025-05-13 22:45:20.015662]: rationale loss 1.5258
[2025-05-13 22:45:35.641697]: sequential loss 2.4197
[2025-05-13 22:47:25.438844]: top-N loss 1.2722
[2025-05-13 22:47:25.832093]: epoch 3
[2025-05-13 22:48:20.939004]: text loss 0.9288 | 31600/15745 batches
[2025-05-13 22:50:01.606172]: text loss 0.9293 | 31800/15745 batches
[2025-05-13 22:51:42.381227]: text loss 0.9335 | 32000/15745 batches
[2025-05-13 22:53:23.344407]: text loss 0.9346 | 32200/15745 batches
[2025-05-13 22:55:03.729687]: text loss 0.9346 | 32400/15745 batches
[2025-05-13 22:56:43.412355]: text loss 0.9244 | 32600/15745 batches
[2025-05-13 22:58:23.479755]: text loss 0.9356 | 32800/15745 batches
[2025-05-13 23:00:03.946457]: text loss 0.9344 | 33000/15745 batches
[2025-05-13 23:01:45.559107]: text loss 0.9342 | 33200/15745 batches
[2025-05-13 23:03:25.886831]: text loss 0.9205 | 33400/15745 batches
[2025-05-13 23:05:05.556521]: text loss 0.9253 | 33600/15745 batches
[2025-05-13 23:06:45.539037]: text loss 0.9297 | 33800/15745 batches
[2025-05-13 23:08:25.688006]: text loss 0.9229 | 34000/15745 batches
[2025-05-13 23:10:06.650107]: text loss 0.9275 | 34200/15745 batches
[2025-05-13 23:11:46.898293]: text loss 0.9250 | 34400/15745 batches
[2025-05-13 23:13:26.900106]: text loss 0.9399 | 34600/15745 batches
[2025-05-13 23:15:08.140742]: text loss 0.9325 | 34800/15745 batches
[2025-05-13 23:16:49.865953]: text loss 0.9220 | 35000/15745 batches
[2025-05-13 23:18:29.841222]: text loss 0.9333 | 35200/15745 batches
[2025-05-13 23:20:09.653774]: text loss 0.9311 | 35400/15745 batches
[2025-05-13 23:21:49.755672]: text loss 0.9197 | 35600/15745 batches
[2025-05-13 23:23:30.006439]: text loss 0.9250 | 35800/15745 batches
[2025-05-13 23:25:10.280649]: text loss 0.9258 | 36000/15745 batches
[2025-05-13 23:26:50.885143]: text loss 0.9317 | 36200/15745 batches
[2025-05-13 23:28:30.775612]: text loss 0.9151 | 36400/15745 batches
[2025-05-13 23:30:10.522781]: text loss 0.9316 | 36600/15745 batches
[2025-05-13 23:31:50.874055]: text loss 0.9210 | 36800/15745 batches
[2025-05-13 23:33:30.800993]: text loss 0.9236 | 37000/15745 batches
[2025-05-13 23:35:11.036669]: text loss 0.9205 | 37200/15745 batches
[2025-05-13 23:36:51.267707]: text loss 0.9227 | 37400/15745 batches
[2025-05-13 23:38:31.363394]: text loss 0.9356 | 37600/15745 batches
[2025-05-13 23:40:11.851269]: text loss 0.9313 | 37800/15745 batches
[2025-05-13 23:41:52.589855]: text loss 0.9233 | 38000/15745 batches
[2025-05-13 23:43:32.294167]: text loss 0.9278 | 38200/15745 batches
[2025-05-13 23:45:12.453253]: text loss 0.9248 | 38400/15745 batches
[2025-05-13 23:46:52.538164]: text loss 0.9287 | 38600/15745 batches
[2025-05-13 23:48:32.429865]: text loss 0.9277 | 38800/15745 batches
[2025-05-13 23:50:13.286931]: text loss 0.9211 | 39000/15745 batches
[2025-05-13 23:51:53.912802]: text loss 0.9226 | 39200/15745 batches
[2025-05-13 23:53:33.897495]: text loss 0.9241 | 39400/15745 batches
[2025-05-13 23:55:13.811114]: text loss 0.9252 | 39600/15745 batches
[2025-05-13 23:56:53.428400]: text loss 0.9229 | 39800/15745 batches
[2025-05-13 23:58:34.443613]: text loss 0.9275 | 40000/15745 batches
[2025-05-14 00:00:14.392091]: text loss 0.9300 | 40200/15745 batches
[2025-05-14 00:01:54.183133]: text loss 0.9255 | 40400/15745 batches
[2025-05-14 00:03:34.624900]: text loss 0.9230 | 40600/15745 batches
[2025-05-14 00:05:15.978957]: text loss 0.9275 | 40800/15745 batches
[2025-05-14 00:06:55.840586]: text loss 0.9180 | 41000/15745 batches
[2025-05-14 00:08:35.497207]: text loss 0.9182 | 41200/15745 batches
[2025-05-14 00:10:15.334527]: text loss 0.9203 | 41400/15745 batches
[2025-05-14 00:11:55.192486]: text loss 0.9245 | 41600/15745 batches
[2025-05-14 00:13:36.498531]: text loss 0.9260 | 41800/15745 batches
[2025-05-14 00:15:17.742131]: text loss 0.9250 | 42000/15745 batches
[2025-05-14 00:16:58.122878]: text loss 0.9162 | 42200/15745 batches
[2025-05-14 00:18:38.353939]: text loss 0.9241 | 42400/15745 batches
[2025-05-14 00:20:18.197537]: text loss 0.9169 | 42600/15745 batches
[2025-05-14 00:21:57.617766]: text loss 0.9136 | 42800/15745 batches
[2025-05-14 00:23:37.158468]: text loss 0.9221 | 43000/15745 batches
[2025-05-14 00:25:17.507508]: text loss 0.9161 | 43200/15745 batches
[2025-05-14 00:26:57.946902]: text loss 0.9192 | 43400/15745 batches
[2025-05-14 00:28:37.597622]: text loss 0.9275 | 43600/15745 batches
[2025-05-14 00:30:17.534477]: text loss 0.9209 | 43800/15745 batches
[2025-05-14 00:31:58.910202]: text loss 0.9158 | 44000/15745 batches
[2025-05-14 00:33:39.069341]: text loss 0.9230 | 44200/15745 batches
[2025-05-14 00:35:19.144715]: text loss 0.9163 | 44400/15745 batches
[2025-05-14 00:36:58.576502]: text loss 0.9159 | 44600/15745 batches
[2025-05-14 00:38:38.562102]: text loss 0.9177 | 44800/15745 batches
[2025-05-14 00:40:18.439534]: text loss 0.9141 | 45000/15745 batches
[2025-05-14 00:41:58.364641]: text loss 0.9084 | 45200/15745 batches
[2025-05-14 00:43:37.420096]: text loss 0.9102 | 45400/15745 batches
[2025-05-14 00:45:17.463748]: text loss 0.9222 | 45600/15745 batches
[2025-05-14 00:46:57.506115]: text loss 0.9187 | 45800/15745 batches
[2025-05-14 00:48:37.143715]: text loss 0.9205 | 46000/15745 batches
[2025-05-14 00:50:16.987124]: text loss 0.9172 | 46200/15745 batches
[2025-05-14 00:51:56.635668]: text loss 0.9179 | 46400/15745 batches
[2025-05-14 00:53:38.630506]: text loss 0.9131 | 46600/15745 batches
[2025-05-14 00:55:19.054739]: text loss 0.9188 | 46800/15745 batches
[2025-05-14 00:56:59.417658]: text loss 0.9137 | 47000/15745 batches
[2025-05-14 00:58:39.174858]: text loss 0.9185 | 47200/15745 batches
[2025-05-14 00:58:56.754474]: text loss 0.8982 | 47235/15745 batches
[2025-05-14 00:58:56.755201]: validation
[2025-05-14 00:59:00.914242]: explanation loss 2.5443
[2025-05-14 00:59:08.459807]: rationale loss 1.5303
[2025-05-14 00:59:24.127218]: sequential loss 2.4321
[2025-05-14 01:01:13.783102]: top-N loss 1.2213
[2025-05-14 01:01:14.220191]: epoch 4
[2025-05-14 01:02:36.212978]: text loss 0.9011 | 47400/15745 batches
[2025-05-14 01:04:16.657914]: text loss 0.9000 | 47600/15745 batches
[2025-05-14 01:05:56.356601]: text loss 0.9029 | 47800/15745 batches
[2025-05-14 01:07:37.319829]: text loss 0.9066 | 48000/15745 batches
[2025-05-14 01:09:17.281066]: text loss 0.8985 | 48200/15745 batches
[2025-05-14 01:10:56.860294]: text loss 0.9087 | 48400/15745 batches
[2025-05-14 01:12:37.333045]: text loss 0.9148 | 48600/15745 batches
[2025-05-14 01:14:18.514221]: text loss 0.9000 | 48800/15745 batches
[2025-05-14 01:15:59.192973]: text loss 0.9088 | 49000/15745 batches
[2025-05-14 01:17:38.648151]: text loss 0.9112 | 49200/15745 batches
[2025-05-14 01:19:19.510866]: text loss 0.9008 | 49400/15745 batches
[2025-05-14 01:21:01.399438]: text loss 0.9032 | 49600/15745 batches
[2025-05-14 01:22:42.565585]: text loss 0.9019 | 49800/15745 batches
[2025-05-14 01:24:23.721001]: text loss 0.9040 | 50000/15745 batches
[2025-05-14 01:26:05.518918]: text loss 0.8996 | 50200/15745 batches
[2025-05-14 01:27:47.197164]: text loss 0.8994 | 50400/15745 batches
[2025-05-14 01:29:27.542913]: text loss 0.9092 | 50600/15745 batches
[2025-05-14 01:31:07.345374]: text loss 0.9019 | 50800/15745 batches
[2025-05-14 01:32:48.431864]: text loss 0.9038 | 51000/15745 batches
[2025-05-14 01:34:29.703575]: text loss 0.9081 | 51200/15745 batches
[2025-05-14 01:36:08.990129]: text loss 0.9000 | 51400/15745 batches
[2025-05-14 01:37:48.328450]: text loss 0.9013 | 51600/15745 batches
[2025-05-14 01:39:27.411669]: text loss 0.9052 | 51800/15745 batches
[2025-05-14 01:41:06.733292]: text loss 0.9046 | 52000/15745 batches
[2025-05-14 01:42:45.811829]: text loss 0.8962 | 52200/15745 batches
[2025-05-14 01:44:27.370845]: text loss 0.9058 | 52400/15745 batches
[2025-05-14 01:46:07.456060]: text loss 0.9032 | 52600/15745 batches
[2025-05-14 01:47:46.636333]: text loss 0.9039 | 52800/15745 batches
[2025-05-14 01:49:28.287861]: text loss 0.9061 | 53000/15745 batches
[2025-05-14 01:51:10.077628]: text loss 0.9053 | 53200/15745 batches
[2025-05-14 01:52:51.733780]: text loss 0.8940 | 53400/15745 batches
[2025-05-14 01:54:32.621733]: text loss 0.9113 | 53600/15745 batches
[2025-05-14 01:56:14.006618]: text loss 0.9038 | 53800/15745 batches
[2025-05-14 01:57:53.086729]: text loss 0.8955 | 54000/15745 batches
[2025-05-14 01:59:31.900653]: text loss 0.9040 | 54200/15745 batches
[2025-05-14 02:01:11.622644]: text loss 0.9079 | 54400/15745 batches
[2025-05-14 02:02:50.456406]: text loss 0.9111 | 54600/15745 batches
[2025-05-14 02:04:29.246196]: text loss 0.9120 | 54800/15745 batches
[2025-05-14 02:06:08.021518]: text loss 0.8995 | 55000/15745 batches
[2025-05-14 02:07:46.876263]: text loss 0.9027 | 55200/15745 batches
[2025-05-14 02:09:25.701697]: text loss 0.9073 | 55400/15745 batches
[2025-05-14 02:11:04.508848]: text loss 0.8938 | 55600/15745 batches
[2025-05-14 02:12:43.388862]: text loss 0.8962 | 55800/15745 batches
[2025-05-14 02:14:22.474065]: text loss 0.9002 | 56000/15745 batches
[2025-05-14 02:16:01.588519]: text loss 0.8971 | 56200/15745 batches
[2025-05-14 02:17:40.698112]: text loss 0.9012 | 56400/15745 batches
[2025-05-14 02:19:20.082557]: text loss 0.8987 | 56600/15745 batches
[2025-05-14 02:20:59.046485]: text loss 0.9044 | 56800/15745 batches
[2025-05-14 02:22:38.345872]: text loss 0.9001 | 57000/15745 batches
[2025-05-14 02:24:17.265123]: text loss 0.9029 | 57200/15745 batches
[2025-05-14 02:25:56.254936]: text loss 0.9040 | 57400/15745 batches
[2025-05-14 02:27:35.206823]: text loss 0.9036 | 57600/15745 batches
[2025-05-14 02:29:14.272511]: text loss 0.9050 | 57800/15745 batches
[2025-05-14 02:30:53.255398]: text loss 0.9021 | 58000/15745 batches
[2025-05-14 02:32:32.257277]: text loss 0.9029 | 58200/15745 batches
[2025-05-14 02:34:11.368344]: text loss 0.8976 | 58400/15745 batches
[2025-05-14 02:35:50.415580]: text loss 0.9005 | 58600/15745 batches
[2025-05-14 02:37:29.780603]: text loss 0.8946 | 58800/15745 batches
[2025-05-14 02:39:09.739270]: text loss 0.9016 | 59000/15745 batches
[2025-05-14 02:40:51.371496]: text loss 0.8961 | 59200/15745 batches
[2025-05-14 02:42:32.960787]: text loss 0.8962 | 59400/15745 batches
[2025-05-14 02:44:13.536096]: text loss 0.9083 | 59600/15745 batches
[2025-05-14 02:45:52.467160]: text loss 0.8954 | 59800/15745 batches
[2025-05-14 02:47:32.818254]: text loss 0.8999 | 60000/15745 batches
[2025-05-14 02:49:14.491836]: text loss 0.8926 | 60200/15745 batches
[2025-05-14 02:50:56.116589]: text loss 0.8993 | 60400/15745 batches
[2025-05-14 02:52:37.779778]: text loss 0.8979 | 60600/15745 batches
[2025-05-14 02:54:19.411475]: text loss 0.9033 | 60800/15745 batches
[2025-05-14 02:56:01.037146]: text loss 0.9076 | 61000/15745 batches
[2025-05-14 02:57:42.660815]: text loss 0.8996 | 61200/15745 batches
[2025-05-14 02:59:22.129836]: text loss 0.8915 | 61400/15745 batches
[2025-05-14 03:01:01.122346]: text loss 0.9011 | 61600/15745 batches
[2025-05-14 03:02:40.160360]: text loss 0.9019 | 61800/15745 batches
[2025-05-14 03:04:21.368837]: text loss 0.9019 | 62000/15745 batches
[2025-05-14 03:06:03.077950]: text loss 0.9065 | 62200/15745 batches
[2025-05-14 03:07:44.772676]: text loss 0.9040 | 62400/15745 batches
[2025-05-14 03:09:26.499771]: text loss 0.8899 | 62600/15745 batches
[2025-05-14 03:11:08.263742]: text loss 0.8942 | 62800/15745 batches
[2025-05-14 03:12:39.642730]: text loss 0.8934 | 62980/15745 batches
[2025-05-14 03:12:39.643318]: validation
[2025-05-14 03:12:43.764592]: explanation loss 2.5269
[2025-05-14 03:12:51.249072]: rationale loss 1.4537
[2025-05-14 03:13:06.728325]: sequential loss 2.3809
[2025-05-14 03:14:55.229590]: top-N loss 1.1904
[2025-05-14 03:14:55.671075]: epoch 5
[2025-05-14 03:15:05.634306]: text loss 0.8808 | 63000/15745 batches
[2025-05-14 03:16:44.543233]: text loss 0.8848 | 63200/15745 batches
[2025-05-14 03:18:25.194839]: text loss 0.8884 | 63400/15745 batches
[2025-05-14 03:20:06.886225]: text loss 0.8913 | 63600/15745 batches
[2025-05-14 03:21:48.592193]: text loss 0.8893 | 63800/15745 batches
[2025-05-14 03:23:30.335551]: text loss 0.8886 | 64000/15745 batches
[2025-05-14 03:25:12.310873]: text loss 0.8741 | 64200/15745 batches
[2025-05-14 03:26:53.925073]: text loss 0.8889 | 64400/15745 batches
[2025-05-14 03:28:35.443643]: text loss 0.8938 | 64600/15745 batches
[2025-05-14 03:30:15.186669]: text loss 0.8780 | 64800/15745 batches
[2025-05-14 03:31:54.263904]: text loss 0.8823 | 65000/15745 batches
[2025-05-14 03:33:33.244520]: text loss 0.8805 | 65200/15745 batches
[2025-05-14 03:35:12.262823]: text loss 0.8913 | 65400/15745 batches
[2025-05-14 03:36:52.556947]: text loss 0.8844 | 65600/15745 batches
[2025-05-14 03:38:33.234531]: text loss 0.8818 | 65800/15745 batches
[2025-05-14 03:40:12.219152]: text loss 0.8813 | 66000/15745 batches
[2025-05-14 03:41:51.307504]: text loss 0.8947 | 66200/15745 batches
[2025-05-14 03:43:30.455116]: text loss 0.8808 | 66400/15745 batches
[2025-05-14 03:45:09.490193]: text loss 0.8845 | 66600/15745 batches
[2025-05-14 03:46:48.502774]: text loss 0.8778 | 66800/15745 batches
[2025-05-14 03:48:27.529623]: text loss 0.8761 | 67000/15745 batches
[2025-05-14 03:50:06.507168]: text loss 0.8798 | 67200/15745 batches
[2025-05-14 03:51:45.467689]: text loss 0.8810 | 67400/15745 batches
[2025-05-14 03:53:25.952378]: text loss 0.8840 | 67600/15745 batches
[2025-05-14 03:55:07.511331]: text loss 0.8960 | 67800/15745 batches
[2025-05-14 03:56:49.033613]: text loss 0.8792 | 68000/15745 batches
[2025-05-14 03:58:30.614662]: text loss 0.8838 | 68200/15745 batches
[2025-05-14 04:00:12.203703]: text loss 0.8977 | 68400/15745 batches
[2025-05-14 04:01:51.604486]: text loss 0.8790 | 68600/15745 batches
[2025-05-14 04:03:30.730834]: text loss 0.8807 | 68800/15745 batches
[2025-05-14 04:05:09.783205]: text loss 0.8842 | 69000/15745 batches
[2025-05-14 04:06:48.903354]: text loss 0.8879 | 69200/15745 batches
[2025-05-14 04:08:27.883839]: text loss 0.8861 | 69400/15745 batches
[2025-05-14 04:10:06.896933]: text loss 0.8871 | 69600/15745 batches
[2025-05-14 04:11:45.866507]: text loss 0.8912 | 69800/15745 batches
[2025-05-14 04:13:25.114347]: text loss 0.8884 | 70000/15745 batches
[2025-05-14 04:15:06.648795]: text loss 0.8880 | 70200/15745 batches
[2025-05-14 04:16:48.199602]: text loss 0.8793 | 70400/15745 batches
[2025-05-14 04:18:29.781237]: text loss 0.8861 | 70600/15745 batches
[2025-05-14 04:20:11.393010]: text loss 0.8796 | 70800/15745 batches
[2025-05-14 04:21:51.863509]: text loss 0.8866 | 71000/15745 batches
[2025-05-14 04:23:32.254509]: text loss 0.8802 | 71200/15745 batches
[2025-05-14 04:25:12.394622]: text loss 0.8777 | 71400/15745 batches
[2025-05-14 04:26:52.040631]: text loss 0.8914 | 71600/15745 batches
[2025-05-14 04:28:32.846804]: text loss 0.8859 | 71800/15745 batches
[2025-05-14 04:30:14.446551]: text loss 0.8915 | 72000/15745 batches
[2025-05-14 04:31:55.626908]: text loss 0.8908 | 72200/15745 batches
[2025-05-14 04:33:35.722556]: text loss 0.8811 | 72400/15745 batches
[2025-05-14 04:35:17.212536]: text loss 0.8766 | 72600/15745 batches
[2025-05-14 04:36:58.705731]: text loss 0.8768 | 72800/15745 batches
[2025-05-14 04:38:40.245882]: text loss 0.8878 | 73000/15745 batches
[2025-05-14 04:40:21.119340]: text loss 0.8838 | 73200/15745 batches
[2025-05-14 04:42:00.479770]: text loss 0.8809 | 73400/15745 batches
[2025-05-14 04:43:39.567370]: text loss 0.8888 | 73600/15745 batches
[2025-05-14 04:45:18.643797]: text loss 0.8912 | 73800/15745 batches
[2025-05-14 04:46:58.388568]: text loss 0.8815 | 74000/15745 batches
[2025-05-14 04:48:40.103933]: text loss 0.8918 | 74200/15745 batches
[2025-05-14 04:50:19.827860]: text loss 0.8808 | 74400/15745 batches
[2025-05-14 04:51:58.922643]: text loss 0.8805 | 74600/15745 batches
[2025-05-14 04:53:37.874933]: text loss 0.8757 | 74800/15745 batches
[2025-05-14 04:55:16.807717]: text loss 0.8894 | 75000/15745 batches
[2025-05-14 04:56:55.810285]: text loss 0.8823 | 75200/15745 batches
[2025-05-14 04:58:34.745213]: text loss 0.8837 | 75400/15745 batches
[2025-05-14 05:00:14.351329]: text loss 0.8846 | 75600/15745 batches
[2025-05-14 05:01:55.581591]: text loss 0.8841 | 75800/15745 batches
[2025-05-14 05:03:36.793758]: text loss 0.8888 | 76000/15745 batches
[2025-05-14 05:05:18.178486]: text loss 0.8851 | 76200/15745 batches
[2025-05-14 05:06:59.619552]: text loss 0.8884 | 76400/15745 batches
[2025-05-14 05:08:41.118929]: text loss 0.8725 | 76600/15745 batches
[2025-05-14 05:10:22.701748]: text loss 0.8892 | 76800/15745 batches
[2025-05-14 05:12:04.302914]: text loss 0.8786 | 77000/15745 batches
[2025-05-14 05:13:45.933805]: text loss 0.8892 | 77200/15745 batches
[2025-05-14 05:15:27.583954]: text loss 0.8739 | 77400/15745 batches
[2025-05-14 05:17:09.230751]: text loss 0.8876 | 77600/15745 batches
[2025-05-14 05:18:50.759871]: text loss 0.8878 | 77800/15745 batches
[2025-05-14 05:20:32.094294]: text loss 0.8871 | 78000/15745 batches
[2025-05-14 05:22:13.394771]: text loss 0.8837 | 78200/15745 batches
[2025-05-14 05:23:54.919088]: text loss 0.8833 | 78400/15745 batches
[2025-05-14 05:25:36.016154]: text loss 0.8902 | 78600/15745 batches
[2025-05-14 05:26:37.852113]: text loss 0.8806 | 78725/15745 batches
[2025-05-14 05:26:37.852688]: validation
[2025-05-14 05:26:41.969552]: explanation loss 2.5158
[2025-05-14 05:26:49.455675]: rationale loss 1.4398
[2025-05-14 05:27:04.890476]: sequential loss 2.3543
[2025-05-14 05:28:53.291506]: top-N loss 1.1610
[2025-05-14 05:28:53.734256]: epoch 6
[2025-05-14 05:29:30.796578]: text loss 0.8556 | 78800/15745 batches
[2025-05-14 05:31:09.612282]: text loss 0.8673 | 79000/15745 batches
[2025-05-14 05:32:48.550111]: text loss 0.8637 | 79200/15745 batches
[2025-05-14 05:34:27.490965]: text loss 0.8696 | 79400/15745 batches
[2025-05-14 05:36:07.121116]: text loss 0.8677 | 79600/15745 batches
[2025-05-14 05:37:47.269749]: text loss 0.8736 | 79800/15745 batches
[2025-05-14 05:39:27.111527]: text loss 0.8638 | 80000/15745 batches
[2025-05-14 05:41:08.553065]: text loss 0.8618 | 80200/15745 batches
[2025-05-14 05:42:50.006687]: text loss 0.8668 | 80400/15745 batches
[2025-05-14 05:44:30.725846]: text loss 0.8731 | 80600/15745 batches
[2025-05-14 05:46:12.007465]: text loss 0.8761 | 80800/15745 batches
[2025-05-14 05:47:53.056941]: text loss 0.8707 | 81000/15745 batches
[2025-05-14 05:49:34.472224]: text loss 0.8666 | 81200/15745 batches
[2025-05-14 05:51:15.956398]: text loss 0.8642 | 81400/15745 batches
[2025-05-14 05:52:57.025877]: text loss 0.8739 | 81600/15745 batches
[2025-05-14 05:54:38.473636]: text loss 0.8684 | 81800/15745 batches
[2025-05-14 05:56:19.767098]: text loss 0.8706 | 82000/15745 batches
[2025-05-14 05:58:00.844887]: text loss 0.8711 | 82200/15745 batches
[2025-05-14 05:59:40.377829]: text loss 0.8634 | 82400/15745 batches
[2025-05-14 06:01:20.955135]: text loss 0.8739 | 82600/15745 batches
[2025-05-14 06:03:01.250531]: text loss 0.8703 | 82800/15745 batches
[2025-05-14 06:04:40.176650]: text loss 0.8689 | 83000/15745 batches
[2025-05-14 06:06:19.064263]: text loss 0.8699 | 83200/15745 batches
[2025-05-14 06:07:58.074490]: text loss 0.8645 | 83400/15745 batches
[2025-05-14 06:09:38.413944]: text loss 0.8819 | 83600/15745 batches
[2025-05-14 06:11:17.295961]: text loss 0.8726 | 83800/15745 batches
[2025-05-14 06:12:56.152809]: text loss 0.8663 | 84000/15745 batches
[2025-05-14 06:14:37.342156]: text loss 0.8703 | 84200/15745 batches
[2025-05-14 06:16:18.038721]: text loss 0.8636 | 84400/15745 batches
[2025-05-14 06:17:58.796034]: text loss 0.8613 | 84600/15745 batches
[2025-05-14 06:19:40.289077]: text loss 0.8736 | 84800/15745 batches
[2025-05-14 06:21:21.288356]: text loss 0.8699 | 85000/15745 batches
[2025-05-14 06:23:02.076053]: text loss 0.8669 | 85200/15745 batches
[2025-05-14 06:24:43.556693]: text loss 0.8714 | 85400/15745 batches
[2025-05-14 06:26:24.879417]: text loss 0.8687 | 85600/15745 batches
[2025-05-14 06:28:06.418244]: text loss 0.8778 | 85800/15745 batches
[2025-05-14 06:29:47.103643]: text loss 0.8651 | 86000/15745 batches
[2025-05-14 06:31:27.038815]: text loss 0.8671 | 86200/15745 batches
[2025-05-14 06:33:08.559625]: text loss 0.8623 | 86400/15745 batches
[2025-05-14 06:34:49.407579]: text loss 0.8628 | 86600/15745 batches
[2025-05-14 06:36:29.819402]: text loss 0.8656 | 86800/15745 batches
[2025-05-14 06:38:10.108442]: text loss 0.8656 | 87000/15745 batches
[2025-05-14 06:39:48.896807]: text loss 0.8669 | 87200/15745 batches
[2025-05-14 06:41:28.837103]: text loss 0.8729 | 87400/15745 batches
[2025-05-14 06:43:08.701546]: text loss 0.8756 | 87600/15745 batches
[2025-05-14 06:44:47.453588]: text loss 0.8646 | 87800/15745 batches
[2025-05-14 06:46:26.232539]: text loss 0.8639 | 88000/15745 batches
[2025-05-14 06:48:05.139452]: text loss 0.8749 | 88200/15745 batches
[2025-05-14 06:49:43.986873]: text loss 0.8615 | 88400/15745 batches
[2025-05-14 06:51:22.833716]: text loss 0.8623 | 88600/15745 batches
[2025-05-14 06:53:01.717019]: text loss 0.8669 | 88800/15745 batches
[2025-05-14 06:54:40.752791]: text loss 0.8650 | 89000/15745 batches
[2025-05-14 06:56:19.778682]: text loss 0.8757 | 89200/15745 batches
[2025-05-14 06:57:58.716105]: text loss 0.8675 | 89400/15745 batches
[2025-05-14 06:59:37.617776]: text loss 0.8668 | 89600/15745 batches
[2025-05-14 07:01:16.557556]: text loss 0.8718 | 89800/15745 batches
[2025-05-14 07:02:55.474625]: text loss 0.8685 | 90000/15745 batches
[2025-05-14 07:04:35.499088]: text loss 0.8678 | 90200/15745 batches
[2025-05-14 07:06:16.918342]: text loss 0.8784 | 90400/15745 batches
[2025-05-14 07:07:58.426800]: text loss 0.8663 | 90600/15745 batches
[2025-05-14 07:09:39.970192]: text loss 0.8689 | 90800/15745 batches
[2025-05-14 07:11:21.441939]: text loss 0.8716 | 91000/15745 batches
[2025-05-14 07:13:02.962779]: text loss 0.8733 | 91200/15745 batches
[2025-05-14 07:14:44.468364]: text loss 0.8724 | 91400/15745 batches
[2025-05-14 07:16:25.960266]: text loss 0.8644 | 91600/15745 batches
[2025-05-14 07:18:07.436810]: text loss 0.8698 | 91800/15745 batches
[2025-05-14 07:19:48.939893]: text loss 0.8647 | 92000/15745 batches
[2025-05-14 07:21:30.569815]: text loss 0.8647 | 92200/15745 batches
[2025-05-14 07:23:12.081050]: text loss 0.8722 | 92400/15745 batches
[2025-05-14 07:24:52.392894]: text loss 0.8683 | 92600/15745 batches
[2025-05-14 07:26:33.691596]: text loss 0.8749 | 92800/15745 batches
[2025-05-14 07:28:15.163558]: text loss 0.8753 | 93000/15745 batches
[2025-05-14 07:29:56.246446]: text loss 0.8648 | 93200/15745 batches
[2025-05-14 07:31:37.490098]: text loss 0.8713 | 93400/15745 batches
[2025-05-14 07:33:18.962043]: text loss 0.8722 | 93600/15745 batches
[2025-05-14 07:35:00.431754]: text loss 0.8728 | 93800/15745 batches
[2025-05-14 07:36:41.894826]: text loss 0.8728 | 94000/15745 batches
[2025-05-14 07:38:23.248985]: text loss 0.8745 | 94200/15745 batches
[2025-05-14 07:40:04.674770]: text loss 0.8698 | 94400/15745 batches
[2025-05-14 07:40:40.194681]: text loss 0.8750 | 94470/15745 batches
[2025-05-14 07:40:40.195300]: validation
[2025-05-14 07:40:44.319646]: explanation loss 2.4957
[2025-05-14 07:40:51.799043]: rationale loss 1.4077
[2025-05-14 07:41:07.251992]: sequential loss 2.3240
[2025-05-14 07:42:55.610314]: top-N loss 1.1475
[2025-05-14 07:42:56.050465]: epoch 7
[2025-05-14 07:44:00.277150]: text loss 0.8544 | 94600/15745 batches
[2025-05-14 07:45:39.531972]: text loss 0.8584 | 94800/15745 batches
[2025-05-14 07:47:18.402008]: text loss 0.8537 | 95000/15745 batches
[2025-05-14 07:48:58.038041]: text loss 0.8447 | 95200/15745 batches
[2025-05-14 07:50:39.415669]: text loss 0.8572 | 95400/15745 batches
[2025-05-14 07:52:20.817912]: text loss 0.8495 | 95600/15745 batches
[2025-05-14 07:54:02.280615]: text loss 0.8558 | 95800/15745 batches
[2025-05-14 07:55:43.777905]: text loss 0.8610 | 96000/15745 batches
[2025-05-14 07:57:25.219747]: text loss 0.8523 | 96200/15745 batches
[2025-05-14 07:59:06.664558]: text loss 0.8576 | 96400/15745 batches
[2025-05-14 08:00:48.066468]: text loss 0.8536 | 96600/15745 batches
[2025-05-14 08:02:29.364509]: text loss 0.8504 | 96800/15745 batches
[2025-05-14 08:04:10.886356]: text loss 0.8569 | 97000/15745 batches
[2025-05-14 08:05:51.536815]: text loss 0.8554 | 97200/15745 batches
[2025-05-14 08:07:33.111658]: text loss 0.8566 | 97400/15745 batches
[2025-05-14 08:09:14.661412]: text loss 0.8554 | 97600/15745 batches
[2025-05-14 08:10:56.167247]: text loss 0.8566 | 97800/15745 batches
[2025-05-14 08:12:37.766515]: text loss 0.8545 | 98000/15745 batches
[2025-05-14 08:14:19.314221]: text loss 0.8564 | 98200/15745 batches
[2025-05-14 08:16:00.896218]: text loss 0.8534 | 98400/15745 batches
[2025-05-14 08:17:42.299952]: text loss 0.8526 | 98600/15745 batches
[2025-05-14 08:19:23.785690]: text loss 0.8555 | 98800/15745 batches
[2025-05-14 08:21:05.230167]: text loss 0.8510 | 99000/15745 batches
[2025-05-14 08:22:46.704336]: text loss 0.8506 | 99200/15745 batches
[2025-05-14 08:24:28.092116]: text loss 0.8509 | 99400/15745 batches
[2025-05-14 08:26:08.401472]: text loss 0.8593 | 99600/15745 batches
[2025-05-14 08:27:47.712273]: text loss 0.8642 | 99800/15745 batches
[2025-05-14 08:29:26.923140]: text loss 0.8569 | 100000/15745 batches
[2025-05-14 08:31:07.473757]: text loss 0.8514 | 100200/15745 batches
[2025-05-14 08:32:46.765955]: text loss 0.8531 | 100400/15745 batches
[2025-05-14 08:34:25.592933]: text loss 0.8563 | 100600/15745 batches
[2025-05-14 08:36:04.534635]: text loss 0.8612 | 100800/15745 batches
[2025-05-14 08:37:43.494044]: text loss 0.8675 | 101000/15745 batches
[2025-05-14 08:39:22.346603]: text loss 0.8531 | 101200/15745 batches
[2025-05-14 08:41:01.031717]: text loss 0.8459 | 101400/15745 batches
[2025-05-14 08:42:39.785298]: text loss 0.8583 | 101600/15745 batches
[2025-05-14 08:44:18.477617]: text loss 0.8569 | 101800/15745 batches
[2025-05-14 08:45:57.195511]: text loss 0.8543 | 102000/15745 batches
[2025-05-14 08:47:35.948165]: text loss 0.8558 | 102200/15745 batches
[2025-05-14 08:49:16.895667]: text loss 0.8576 | 102400/15745 batches
[2025-05-14 08:50:58.203995]: text loss 0.8573 | 102600/15745 batches
[2025-05-14 08:52:37.853574]: text loss 0.8514 | 102800/15745 batches
[2025-05-14 08:54:16.655335]: text loss 0.8645 | 103000/15745 batches
[2025-05-14 08:55:55.430015]: text loss 0.8577 | 103200/15745 batches
[2025-05-14 08:57:34.197424]: text loss 0.8547 | 103400/15745 batches
[2025-05-14 08:59:12.947729]: text loss 0.8566 | 103600/15745 batches
[2025-05-14 09:00:51.649071]: text loss 0.8595 | 103800/15745 batches
[2025-05-14 09:02:32.216994]: text loss 0.8519 | 104000/15745 batches
[2025-05-14 09:04:13.669534]: text loss 0.8552 | 104200/15745 batches
[2025-05-14 09:05:54.801308]: text loss 0.8553 | 104400/15745 batches
[2025-05-14 09:07:36.159728]: text loss 0.8596 | 104600/15745 batches
[2025-05-14 09:09:17.489041]: text loss 0.8560 | 104800/15745 batches
[2025-05-14 09:10:58.803240]: text loss 0.8544 | 105000/15745 batches
[2025-05-14 09:12:40.014970]: text loss 0.8554 | 105200/15745 batches
[2025-05-14 09:14:21.235350]: text loss 0.8571 | 105400/15745 batches
[2025-05-14 09:16:02.562377]: text loss 0.8507 | 105600/15745 batches
[2025-05-14 09:17:43.858354]: text loss 0.8525 | 105800/15745 batches
[2025-05-14 09:19:25.156465]: text loss 0.8532 | 106000/15745 batches
[2025-05-14 09:21:06.436857]: text loss 0.8601 | 106200/15745 batches
[2025-05-14 09:22:47.806381]: text loss 0.8598 | 106400/15745 batches
[2025-05-14 09:24:29.234750]: text loss 0.8584 | 106600/15745 batches
[2025-05-14 09:26:10.674443]: text loss 0.8457 | 106800/15745 batches
[2025-05-14 09:27:51.996517]: text loss 0.8520 | 107000/15745 batches
[2025-05-14 09:29:33.335820]: text loss 0.8612 | 107200/15745 batches
[2025-05-14 09:31:14.782664]: text loss 0.8536 | 107400/15745 batches
[2025-05-14 09:32:56.279670]: text loss 0.8578 | 107600/15745 batches
[2025-05-14 09:34:37.814332]: text loss 0.8506 | 107800/15745 batches
[2025-05-14 09:36:19.391361]: text loss 0.8587 | 108000/15745 batches
[2025-05-14 09:38:00.755445]: text loss 0.8553 | 108200/15745 batches
[2025-05-14 09:39:42.209231]: text loss 0.8480 | 108400/15745 batches
[2025-05-14 09:41:23.558767]: text loss 0.8496 | 108600/15745 batches
[2025-05-14 09:43:04.933198]: text loss 0.8673 | 108800/15745 batches
[2025-05-14 09:44:46.093809]: text loss 0.8554 | 109000/15745 batches
[2025-05-14 09:46:27.107010]: text loss 0.8482 | 109200/15745 batches
[2025-05-14 09:48:08.368561]: text loss 0.8531 | 109400/15745 batches
[2025-05-14 09:49:48.741539]: text loss 0.8487 | 109600/15745 batches
[2025-05-14 09:51:27.491903]: text loss 0.8504 | 109800/15745 batches
[2025-05-14 09:53:06.242572]: text loss 0.8495 | 110000/15745 batches
[2025-05-14 09:54:44.999313]: text loss 0.8581 | 110200/15745 batches
[2025-05-14 09:54:52.411997]: text loss 0.8786 | 110215/15745 batches
[2025-05-14 09:54:52.412505]: validation
[2025-05-14 09:54:56.519415]: explanation loss 2.4813
[2025-05-14 09:55:03.967856]: rationale loss 1.3923
[2025-05-14 09:55:19.391436]: sequential loss 2.3167
[2025-05-14 09:57:07.670452]: top-N loss 1.1370
[2025-05-14 09:57:08.123565]: epoch 8
[2025-05-14 09:58:39.419931]: text loss 0.8457 | 110400/15745 batches
[2025-05-14 10:00:18.127951]: text loss 0.8432 | 110600/15745 batches
[2025-05-14 10:01:56.910303]: text loss 0.8360 | 110800/15745 batches
[2025-05-14 10:03:36.570149]: text loss 0.8462 | 111000/15745 batches
[2025-05-14 10:05:15.374376]: text loss 0.8299 | 111200/15745 batches
[2025-05-14 10:06:54.210775]: text loss 0.8291 | 111400/15745 batches
[2025-05-14 10:08:33.076179]: text loss 0.8390 | 111600/15745 batches
[2025-05-14 10:10:11.977578]: text loss 0.8386 | 111800/15745 batches
[2025-05-14 10:11:50.808524]: text loss 0.8371 | 112000/15745 batches
[2025-05-14 10:13:31.211831]: text loss 0.8388 | 112200/15745 batches
[2025-05-14 10:15:12.622926]: text loss 0.8421 | 112400/15745 batches
[2025-05-14 10:16:54.060034]: text loss 0.8497 | 112600/15745 batches
[2025-05-14 10:18:35.488383]: text loss 0.8405 | 112800/15745 batches
[2025-05-14 10:20:16.925807]: text loss 0.8419 | 113000/15745 batches
[2025-05-14 10:21:58.386562]: text loss 0.8412 | 113200/15745 batches
[2025-05-14 10:23:39.847570]: text loss 0.8487 | 113400/15745 batches
[2025-05-14 10:25:20.221060]: text loss 0.8362 | 113600/15745 batches
[2025-05-14 10:27:01.577760]: text loss 0.8383 | 113800/15745 batches
[2025-05-14 10:28:42.991589]: text loss 0.8371 | 114000/15745 batches
[2025-05-14 10:30:24.490895]: text loss 0.8464 | 114200/15745 batches
[2025-05-14 10:32:04.287823]: text loss 0.8374 | 114400/15745 batches
[2025-05-14 10:33:43.201004]: text loss 0.8416 | 114600/15745 batches
[2025-05-14 10:35:22.870650]: text loss 0.8403 | 114800/15745 batches
[2025-05-14 10:37:04.332234]: text loss 0.8374 | 115000/15745 batches
[2025-05-14 10:38:45.767565]: text loss 0.8378 | 115200/15745 batches
[2025-05-14 10:40:27.183210]: text loss 0.8397 | 115400/15745 batches
[2025-05-14 10:42:08.629337]: text loss 0.8432 | 115600/15745 batches
[2025-05-14 10:43:50.116606]: text loss 0.8418 | 115800/15745 batches
[2025-05-14 10:45:31.530247]: text loss 0.8380 | 116000/15745 batches
[2025-05-14 10:47:13.003767]: text loss 0.8463 | 116200/15745 batches
[2025-05-14 10:48:54.499524]: text loss 0.8405 | 116400/15745 batches
[2025-05-14 10:50:36.035008]: text loss 0.8385 | 116600/15745 batches
[2025-05-14 10:52:17.412087]: text loss 0.8432 | 116800/15745 batches
[2025-05-14 10:53:58.935133]: text loss 0.8547 | 117000/15745 batches
[2025-05-14 10:55:38.472905]: text loss 0.8414 | 117200/15745 batches
[2025-05-14 10:57:17.348951]: text loss 0.8421 | 117400/15745 batches
[2025-05-14 10:58:56.259860]: text loss 0.8461 | 117600/15745 batches
[2025-05-14 11:00:37.241569]: text loss 0.8473 | 117800/15745 batches
[2025-05-14 11:02:17.714674]: text loss 0.8466 | 118000/15745 batches
[2025-05-14 11:03:56.606015]: text loss 0.8401 | 118200/15745 batches
[2025-05-14 11:05:35.541780]: text loss 0.8490 | 118400/15745 batches
[2025-05-14 11:07:14.486641]: text loss 0.8499 | 118600/15745 batches
[2025-05-14 11:08:55.759353]: text loss 0.8295 | 118800/15745 batches
[2025-05-14 11:10:37.174181]: text loss 0.8512 | 119000/15745 batches
[2025-05-14 11:12:18.725756]: text loss 0.8448 | 119200/15745 batches
[2025-05-14 11:14:00.173371]: text loss 0.8445 | 119400/15745 batches
[2025-05-14 11:15:41.683280]: text loss 0.8441 | 119600/15745 batches
[2025-05-14 11:17:23.335654]: text loss 0.8468 | 119800/15745 batches
[2025-05-14 11:19:03.219474]: text loss 0.8385 | 120000/15745 batches
[2025-05-14 11:20:43.944690]: text loss 0.8413 | 120200/15745 batches
[2025-05-14 11:22:24.098900]: text loss 0.8355 | 120400/15745 batches
[2025-05-14 11:24:03.600667]: text loss 0.8441 | 120600/15745 batches
[2025-05-14 11:25:45.128368]: text loss 0.8379 | 120800/15745 batches
[2025-05-14 11:27:26.573929]: text loss 0.8461 | 121000/15745 batches
[2025-05-14 11:29:08.129753]: text loss 0.8422 | 121200/15745 batches
[2025-05-14 11:30:49.721817]: text loss 0.8430 | 121400/15745 batches
[2025-05-14 11:32:31.194435]: text loss 0.8424 | 121600/15745 batches
[2025-05-14 11:34:12.644524]: text loss 0.8448 | 121800/15745 batches
[2025-05-14 11:35:54.137015]: text loss 0.8426 | 122000/15745 batches
[2025-05-14 11:37:35.739249]: text loss 0.8480 | 122200/15745 batches
[2025-05-14 11:39:17.339284]: text loss 0.8578 | 122400/15745 batches
[2025-05-14 11:40:56.646773]: text loss 0.8404 | 122600/15745 batches
[2025-05-14 11:42:35.537392]: text loss 0.8429 | 122800/15745 batches
[2025-05-14 11:44:14.442219]: text loss 0.8462 | 123000/15745 batches
[2025-05-14 11:45:53.408055]: text loss 0.8429 | 123200/15745 batches
[2025-05-14 11:47:34.855676]: text loss 0.8529 | 123400/15745 batches
[2025-05-14 11:49:16.375313]: text loss 0.8377 | 123600/15745 batches
[2025-05-14 11:50:57.861462]: text loss 0.8359 | 123800/15745 batches
[2025-05-14 11:52:39.361264]: text loss 0.8370 | 124000/15745 batches
[2025-05-14 11:54:20.866642]: text loss 0.8540 | 124200/15745 batches
[2025-05-14 11:56:02.163594]: text loss 0.8420 | 124400/15745 batches
[2025-05-14 11:57:41.630387]: text loss 0.8411 | 124600/15745 batches
[2025-05-14 11:59:22.952351]: text loss 0.8367 | 124800/15745 batches
[2025-05-14 12:01:03.173537]: text loss 0.8431 | 125000/15745 batches
[2025-05-14 12:02:44.408608]: text loss 0.8426 | 125200/15745 batches
[2025-05-14 12:04:23.503909]: text loss 0.8395 | 125400/15745 batches
[2025-05-14 12:06:04.945775]: text loss 0.8430 | 125600/15745 batches
[2025-05-14 12:07:46.302552]: text loss 0.8365 | 125800/15745 batches
[2025-05-14 12:09:05.725968]: text loss 0.8401 | 125960/15745 batches
[2025-05-14 12:09:05.726507]: validation
[2025-05-14 12:09:09.832161]: explanation loss 2.4762
[2025-05-14 12:09:17.287118]: rationale loss 1.3812
[2025-05-14 12:09:32.759503]: sequential loss 2.3055
[2025-05-14 12:11:20.974581]: top-N loss 1.1197
[2025-05-14 12:11:21.399114]: epoch 9
[2025-05-14 12:11:41.193238]: text loss 0.8232 | 126000/15745 batches
[2025-05-14 12:13:20.102548]: text loss 0.8274 | 126200/15745 batches
[2025-05-14 12:14:59.043957]: text loss 0.8233 | 126400/15745 batches
[2025-05-14 12:16:38.358528]: text loss 0.8329 | 126600/15745 batches
[2025-05-14 12:18:19.792825]: text loss 0.8162 | 126800/15745 batches
[2025-05-14 12:20:01.086973]: text loss 0.8275 | 127000/15745 batches
[2025-05-14 12:21:41.249398]: text loss 0.8240 | 127200/15745 batches
[2025-05-14 12:23:22.478264]: text loss 0.8270 | 127400/15745 batches
[2025-05-14 12:25:03.805151]: text loss 0.8344 | 127600/15745 batches
[2025-05-14 12:26:45.225836]: text loss 0.8291 | 127800/15745 batches
[2025-05-14 12:28:26.608184]: text loss 0.8222 | 128000/15745 batches
[2025-05-14 12:30:07.958652]: text loss 0.8279 | 128200/15745 batches
[2025-05-14 12:31:49.421418]: text loss 0.8236 | 128400/15745 batches
[2025-05-14 12:33:30.886367]: text loss 0.8171 | 128600/15745 batches
[2025-05-14 12:35:12.348220]: text loss 0.8246 | 128800/15745 batches
[2025-05-14 12:36:51.878471]: text loss 0.8285 | 129000/15745 batches
[2025-05-14 12:38:32.553731]: text loss 0.8273 | 129200/15745 batches
[2025-05-14 12:40:14.020028]: text loss 0.8303 | 129400/15745 batches
[2025-05-14 12:41:55.424247]: text loss 0.8259 | 129600/15745 batches
[2025-05-14 12:43:36.832390]: text loss 0.8371 | 129800/15745 batches
[2025-05-14 12:45:18.278237]: text loss 0.8273 | 130000/15745 batches
[2025-05-14 12:46:59.663910]: text loss 0.8267 | 130200/15745 batches
[2025-05-14 12:48:41.028211]: text loss 0.8261 | 130400/15745 batches
[2025-05-14 12:50:21.446651]: text loss 0.8301 | 130600/15745 batches
[2025-05-14 12:52:02.838230]: text loss 0.8365 | 130800/15745 batches
[2025-05-14 12:53:44.282185]: text loss 0.8361 | 131000/15745 batches
[2025-05-14 12:55:23.668688]: text loss 0.8306 | 131200/15745 batches
[2025-05-14 12:57:02.669649]: text loss 0.8343 | 131400/15745 batches
[2025-05-14 12:58:44.055401]: text loss 0.8357 | 131600/15745 batches
[2025-05-14 13:00:25.463291]: text loss 0.8262 | 131800/15745 batches
[2025-05-14 13:02:06.894499]: text loss 0.8329 | 132000/15745 batches
[2025-05-14 13:03:48.287314]: text loss 0.8284 | 132200/15745 batches
[2025-05-14 13:05:29.690038]: text loss 0.8335 | 132400/15745 batches
[2025-05-14 13:07:11.017655]: text loss 0.8212 | 132600/15745 batches
[2025-05-14 13:08:52.394099]: text loss 0.8215 | 132800/15745 batches
[2025-05-14 13:10:33.783538]: text loss 0.8278 | 133000/15745 batches
[2025-05-14 13:12:15.214978]: text loss 0.8347 | 133200/15745 batches
[2025-05-14 13:13:56.421676]: text loss 0.8323 | 133400/15745 batches
[2025-05-14 13:15:36.182038]: text loss 0.8352 | 133600/15745 batches
[2025-05-14 13:17:15.919946]: text loss 0.8193 | 133800/15745 batches
[2025-05-14 13:18:55.817907]: text loss 0.8417 | 134000/15745 batches
[2025-05-14 13:20:34.849761]: text loss 0.8321 | 134200/15745 batches
[2025-05-14 13:22:14.167585]: text loss 0.8334 | 134400/15745 batches
[2025-05-14 13:23:55.510065]: text loss 0.8326 | 134600/15745 batches
[2025-05-14 13:25:34.822423]: text loss 0.8336 | 134800/15745 batches
[2025-05-14 13:27:15.031068]: text loss 0.8344 | 135000/15745 batches
[2025-05-14 13:28:56.347756]: text loss 0.8269 | 135200/15745 batches
[2025-05-14 13:30:38.095881]: text loss 0.8272 | 135400/15745 batches
[2025-05-14 13:32:17.914284]: text loss 0.8316 | 135600/15745 batches
[2025-05-14 13:33:57.806409]: text loss 0.8370 | 135800/15745 batches
[2025-05-14 13:35:38.381368]: text loss 0.8335 | 136000/15745 batches
[2025-05-14 13:37:18.306788]: text loss 0.8344 | 136200/15745 batches
[2025-05-14 13:38:59.172446]: text loss 0.8309 | 136400/15745 batches
[2025-05-14 13:40:40.439756]: text loss 0.8362 | 136600/15745 batches
[2025-05-14 13:42:21.692289]: text loss 0.8266 | 136800/15745 batches
[2025-05-14 13:44:02.600191]: text loss 0.8337 | 137000/15745 batches
[2025-05-14 13:45:44.049824]: text loss 0.8228 | 137200/15745 batches
[2025-05-14 13:47:25.396042]: text loss 0.8298 | 137400/15745 batches
[2025-05-14 13:49:05.360120]: text loss 0.8300 | 137600/15745 batches
[2025-05-14 13:50:44.709228]: text loss 0.8233 | 137800/15745 batches
[2025-05-14 13:52:24.500024]: text loss 0.8374 | 138000/15745 batches
[2025-05-14 13:54:05.862795]: text loss 0.8344 | 138200/15745 batches
[2025-05-14 13:55:47.335946]: text loss 0.8339 | 138400/15745 batches
[2025-05-14 13:57:28.364399]: text loss 0.8303 | 138600/15745 batches
[2025-05-14 13:59:09.375194]: text loss 0.8270 | 138800/15745 batches
[2025-05-14 14:00:50.776314]: text loss 0.8317 | 139000/15745 batches
[2025-05-14 14:02:32.132283]: text loss 0.8326 | 139200/15745 batches
[2025-05-14 14:04:13.297320]: text loss 0.8296 | 139400/15745 batches
[2025-05-14 14:05:54.690472]: text loss 0.8332 | 139600/15745 batches
[2025-05-14 14:07:36.158576]: text loss 0.8292 | 139800/15745 batches
[2025-05-14 14:09:17.633868]: text loss 0.8271 | 140000/15745 batches
[2025-05-14 14:10:59.117158]: text loss 0.8274 | 140200/15745 batches
[2025-05-14 14:12:40.506325]: text loss 0.8354 | 140400/15745 batches
[2025-05-14 14:14:21.823839]: text loss 0.8264 | 140600/15745 batches
[2025-05-14 14:16:00.779348]: text loss 0.8247 | 140800/15745 batches
[2025-05-14 14:17:40.975807]: text loss 0.8297 | 141000/15745 batches
[2025-05-14 14:19:22.513119]: text loss 0.8297 | 141200/15745 batches
[2025-05-14 14:21:04.047369]: text loss 0.8329 | 141400/15745 batches
[2025-05-14 14:22:45.626255]: text loss 0.8354 | 141600/15745 batches
[2025-05-14 14:23:38.957120]: text loss 0.8318 | 141705/15745 batches
[2025-05-14 14:23:38.957777]: validation
[2025-05-14 14:23:43.084307]: explanation loss 2.4689
[2025-05-14 14:23:50.568295]: rationale loss 1.3783
[2025-05-14 14:24:06.020609]: sequential loss 2.3163
[2025-05-14 14:25:54.201455]: top-N loss 1.1222
[2025-05-14 14:25:54.201537]: Endured 1 time(s)
[2025-05-14 14:25:54.201561]: epoch 10
[2025-05-14 14:26:41.135126]: text loss 0.8144 | 141800/15745 batches
[2025-05-14 14:28:20.724267]: text loss 0.8163 | 142000/15745 batches
[2025-05-14 14:30:02.298461]: text loss 0.8150 | 142200/15745 batches
[2025-05-14 14:31:43.803105]: text loss 0.8124 | 142400/15745 batches
[2025-05-14 14:33:25.354508]: text loss 0.8132 | 142600/15745 batches
[2025-05-14 14:35:06.948182]: text loss 0.8075 | 142800/15745 batches
[2025-05-14 14:36:48.570027]: text loss 0.8144 | 143000/15745 batches
[2025-05-14 14:38:30.103457]: text loss 0.8148 | 143200/15745 batches
[2025-05-14 14:40:11.596928]: text loss 0.8208 | 143400/15745 batches
[2025-05-14 14:41:53.154584]: text loss 0.8078 | 143600/15745 batches
[2025-05-14 14:43:34.657758]: text loss 0.8141 | 143800/15745 batches
[2025-05-14 14:45:16.210775]: text loss 0.8141 | 144000/15745 batches
[2025-05-14 14:46:57.748554]: text loss 0.8109 | 144200/15745 batches
[2025-05-14 14:48:39.244807]: text loss 0.8200 | 144400/15745 batches
[2025-05-14 14:50:20.709402]: text loss 0.8142 | 144600/15745 batches
[2025-05-14 14:52:02.229766]: text loss 0.8124 | 144800/15745 batches
[2025-05-14 14:53:43.780041]: text loss 0.8164 | 145000/15745 batches
[2025-05-14 14:55:25.296771]: text loss 0.8186 | 145200/15745 batches
[2025-05-14 14:57:06.836710]: text loss 0.8224 | 145400/15745 batches
[2025-05-14 14:58:48.360406]: text loss 0.8133 | 145600/15745 batches
[2025-05-14 15:00:29.828602]: text loss 0.8126 | 145800/15745 batches
[2025-05-14 15:02:11.170590]: text loss 0.8184 | 146000/15745 batches
[2025-05-14 15:03:52.702083]: text loss 0.8279 | 146200/15745 batches
[2025-05-14 15:05:34.299743]: text loss 0.8130 | 146400/15745 batches
[2025-05-14 15:07:15.797837]: text loss 0.8135 | 146600/15745 batches
[2025-05-14 15:08:57.363016]: text loss 0.8189 | 146800/15745 batches
[2025-05-14 15:10:38.863604]: text loss 0.8155 | 147000/15745 batches
[2025-05-14 15:12:20.241876]: text loss 0.8162 | 147200/15745 batches
[2025-05-14 15:14:01.747682]: text loss 0.8234 | 147400/15745 batches
[2025-05-14 15:15:43.181469]: text loss 0.8213 | 147600/15745 batches
[2025-05-14 15:17:24.247863]: text loss 0.8238 | 147800/15745 batches
[2025-05-14 15:19:05.784801]: text loss 0.8248 | 148000/15745 batches
[2025-05-14 15:20:47.301322]: text loss 0.8199 | 148200/15745 batches
[2025-05-14 15:22:28.801786]: text loss 0.8157 | 148400/15745 batches
[2025-05-14 15:24:10.412302]: text loss 0.8155 | 148600/15745 batches
[2025-05-14 15:25:51.978584]: text loss 0.8165 | 148800/15745 batches
[2025-05-14 15:27:33.598916]: text loss 0.8182 | 149000/15745 batches
[2025-05-14 15:29:15.090850]: text loss 0.8191 | 149200/15745 batches
[2025-05-14 15:30:56.594687]: text loss 0.8182 | 149400/15745 batches
[2025-05-14 15:32:38.080996]: text loss 0.8204 | 149600/15745 batches
[2025-05-14 15:34:19.614616]: text loss 0.8207 | 149800/15745 batches
[2025-05-14 15:36:01.115018]: text loss 0.8203 | 150000/15745 batches
[2025-05-14 15:37:43.801066]: text loss 0.8127 | 150200/15745 batches
[2025-05-14 15:39:22.748446]: text loss 0.8150 | 150400/15745 batches
[2025-05-14 15:41:01.711648]: text loss 0.8123 | 150600/15745 batches
[2025-05-14 15:42:40.657660]: text loss 0.8175 | 150800/15745 batches
[2025-05-14 15:44:19.604628]: text loss 0.8200 | 151000/15745 batches
[2025-05-14 15:45:58.518576]: text loss 0.8190 | 151200/15745 batches
[2025-05-14 15:47:37.404599]: text loss 0.8285 | 151400/15745 batches
[2025-05-14 15:49:16.403374]: text loss 0.8304 | 151600/15745 batches
[2025-05-14 15:50:55.360956]: text loss 0.8143 | 151800/15745 batches
[2025-05-14 15:52:35.918603]: text loss 0.8118 | 152000/15745 batches
[2025-05-14 15:54:17.698583]: text loss 0.8157 | 152200/15745 batches
[2025-05-14 15:55:56.607006]: text loss 0.8211 | 152400/15745 batches
[2025-05-14 15:57:35.411631]: text loss 0.8204 | 152600/15745 batches
[2025-05-14 15:59:16.782285]: text loss 0.8235 | 152800/15745 batches
[2025-05-14 16:00:58.208580]: text loss 0.8148 | 153000/15745 batches
[2025-05-14 16:02:39.703951]: text loss 0.8238 | 153200/15745 batches
[2025-05-14 16:04:21.152165]: text loss 0.8113 | 153400/15745 batches
[2025-05-14 16:06:02.654743]: text loss 0.8221 | 153600/15745 batches
[2025-05-14 16:07:44.137101]: text loss 0.8199 | 153800/15745 batches
[2025-05-14 16:09:25.506271]: text loss 0.8194 | 154000/15745 batches
[2025-05-14 16:11:07.073306]: text loss 0.8118 | 154200/15745 batches
[2025-05-14 16:12:48.644622]: text loss 0.8223 | 154400/15745 batches
[2025-05-14 16:14:30.136003]: text loss 0.8215 | 154600/15745 batches
[2025-05-14 16:16:10.689173]: text loss 0.8250 | 154800/15745 batches
[2025-05-14 16:17:52.188088]: text loss 0.8234 | 155000/15745 batches
[2025-05-14 16:19:33.523148]: text loss 0.8252 | 155200/15745 batches
[2025-05-14 16:21:14.528517]: text loss 0.8186 | 155400/15745 batches
[2025-05-14 16:22:55.926040]: text loss 0.8154 | 155600/15745 batches
[2025-05-14 16:24:37.376694]: text loss 0.8202 | 155800/15745 batches
[2025-05-14 16:26:18.839291]: text loss 0.8089 | 156000/15745 batches
[2025-05-14 16:28:00.287026]: text loss 0.8209 | 156200/15745 batches
[2025-05-14 16:29:41.759992]: text loss 0.8204 | 156400/15745 batches
[2025-05-14 16:31:23.187927]: text loss 0.8176 | 156600/15745 batches
[2025-05-14 16:33:04.641131]: text loss 0.8227 | 156800/15745 batches
[2025-05-14 16:34:46.139325]: text loss 0.8210 | 157000/15745 batches
[2025-05-14 16:36:27.619492]: text loss 0.8216 | 157200/15745 batches
[2025-05-14 16:38:09.062283]: text loss 0.8207 | 157400/15745 batches
[2025-05-14 16:38:34.429910]: text loss 0.8160 | 157450/15745 batches
[2025-05-14 16:38:34.430566]: validation
[2025-05-14 16:38:38.544956]: explanation loss 2.4699
[2025-05-14 16:38:46.014599]: rationale loss 1.3703
[2025-05-14 16:39:01.443245]: sequential loss 2.3297
[2025-05-14 16:40:49.605681]: top-N loss 1.1212
[2025-05-14 16:40:49.605759]: Endured 2 time(s)
[2025-05-14 16:40:49.605784]: epoch 11
[2025-05-14 16:42:04.553776]: text loss 0.8059 | 157600/15745 batches
[2025-05-14 16:43:46.051450]: text loss 0.8026 | 157800/15745 batches
[2025-05-14 16:45:27.473620]: text loss 0.8055 | 158000/15745 batches
[2025-05-14 16:47:08.920677]: text loss 0.8090 | 158200/15745 batches
[2025-05-14 16:48:50.162629]: text loss 0.7989 | 158400/15745 batches
[2025-05-14 16:50:31.522894]: text loss 0.8056 | 158600/15745 batches
[2025-05-14 16:52:12.806498]: text loss 0.8084 | 158800/15745 batches
[2025-05-14 16:53:53.422518]: text loss 0.8047 | 159000/15745 batches
[2025-05-14 16:55:34.973725]: text loss 0.8062 | 159200/15745 batches
[2025-05-14 16:57:16.421589]: text loss 0.8002 | 159400/15745 batches
[2025-05-14 16:58:57.311701]: text loss 0.8054 | 159600/15745 batches
[2025-05-14 17:00:38.021032]: text loss 0.8099 | 159800/15745 batches
[2025-05-14 17:02:19.507966]: text loss 0.8029 | 160000/15745 batches
[2025-05-14 17:04:00.932407]: text loss 0.8071 | 160200/15745 batches
[2025-05-14 17:05:42.377307]: text loss 0.8045 | 160400/15745 batches
[2025-05-14 17:07:23.067112]: text loss 0.8023 | 160600/15745 batches
[2025-05-14 17:09:04.514572]: text loss 0.7985 | 160800/15745 batches
[2025-05-14 17:10:45.621211]: text loss 0.7979 | 161000/15745 batches
[2025-05-14 17:12:27.049905]: text loss 0.8015 | 161200/15745 batches
[2025-05-14 17:14:06.195239]: text loss 0.8049 | 161400/15745 batches
[2025-05-14 17:15:45.173720]: text loss 0.8010 | 161600/15745 batches
[2025-05-14 17:17:26.670911]: text loss 0.8102 | 161800/15745 batches
[2025-05-14 17:19:08.100365]: text loss 0.8067 | 162000/15745 batches
[2025-05-14 17:20:49.575423]: text loss 0.8121 | 162200/15745 batches
[2025-05-14 17:22:31.098792]: text loss 0.8016 | 162400/15745 batches
[2025-05-14 17:24:12.587043]: text loss 0.8071 | 162600/15745 batches
[2025-05-14 17:25:53.354099]: text loss 0.8050 | 162800/15745 batches
[2025-05-14 17:27:34.804970]: text loss 0.7994 | 163000/15745 batches
[2025-05-14 17:29:16.305748]: text loss 0.8031 | 163200/15745 batches
[2025-05-14 17:30:57.855602]: text loss 0.8121 | 163400/15745 batches
[2025-05-14 17:32:39.436597]: text loss 0.8084 | 163600/15745 batches
[2025-05-14 17:34:20.894860]: text loss 0.8026 | 163800/15745 batches
[2025-05-14 17:36:02.447543]: text loss 0.8121 | 164000/15745 batches
[2025-05-14 17:37:43.902737]: text loss 0.8041 | 164200/15745 batches
[2025-05-14 17:39:25.249292]: text loss 0.8115 | 164400/15745 batches
[2025-05-14 17:41:06.698104]: text loss 0.8055 | 164600/15745 batches
[2025-05-14 17:42:46.689754]: text loss 0.8067 | 164800/15745 batches
[2025-05-14 17:44:25.554944]: text loss 0.8143 | 165000/15745 batches
[2025-05-14 17:46:04.443709]: text loss 0.8038 | 165200/15745 batches
[2025-05-14 17:47:43.360125]: text loss 0.8106 | 165400/15745 batches
[2025-05-14 17:49:22.281101]: text loss 0.8064 | 165600/15745 batches
[2025-05-14 17:51:03.072921]: text loss 0.8087 | 165800/15745 batches
[2025-05-14 17:52:44.571293]: text loss 0.8077 | 166000/15745 batches
[2025-05-14 17:54:26.062563]: text loss 0.8131 | 166200/15745 batches
[2025-05-14 17:56:07.812980]: text loss 0.8111 | 166400/15745 batches
[2025-05-14 17:57:49.372604]: text loss 0.8038 | 166600/15745 batches
[2025-05-14 17:59:31.087722]: text loss 0.7994 | 166800/15745 batches
[2025-05-14 18:01:12.703006]: text loss 0.8041 | 167000/15745 batches
[2025-05-14 18:02:54.479017]: text loss 0.8011 | 167200/15745 batches
[2025-05-14 18:04:36.018629]: text loss 0.8029 | 167400/15745 batches
[2025-05-14 18:06:17.870763]: text loss 0.7939 | 167600/15745 batches
[2025-05-14 18:07:59.342209]: text loss 0.8002 | 167800/15745 batches
[2025-05-14 18:09:41.011791]: text loss 0.8062 | 168000/15745 batches
[2025-05-14 18:11:22.899902]: text loss 0.8180 | 168200/15745 batches
[2025-05-14 18:13:04.707310]: text loss 0.8051 | 168400/15745 batches
[2025-05-14 18:14:46.547241]: text loss 0.8146 | 168600/15745 batches
[2025-05-14 18:16:28.336458]: text loss 0.8138 | 168800/15745 batches
[2025-05-14 18:18:09.951922]: text loss 0.8157 | 169000/15745 batches
[2025-05-14 18:19:48.994393]: text loss 0.8098 | 169200/15745 batches
[2025-05-14 18:21:28.191292]: text loss 0.8124 | 169400/15745 batches
[2025-05-14 18:23:07.923611]: text loss 0.8148 | 169600/15745 batches
[2025-05-14 18:24:46.699735]: text loss 0.8072 | 169800/15745 batches
[2025-05-14 18:26:27.461008]: text loss 0.8140 | 170000/15745 batches
[2025-05-14 18:28:08.839365]: text loss 0.8118 | 170200/15745 batches
[2025-05-14 18:29:50.287038]: text loss 0.8033 | 170400/15745 batches
[2025-05-14 18:31:31.722012]: text loss 0.8066 | 170600/15745 batches
[2025-05-14 18:33:13.136148]: text loss 0.8032 | 170800/15745 batches
[2025-05-14 18:34:54.600791]: text loss 0.8115 | 171000/15745 batches
[2025-05-14 18:36:36.042859]: text loss 0.8005 | 171200/15745 batches
[2025-05-14 18:38:17.488814]: text loss 0.8082 | 171400/15745 batches
[2025-05-14 18:39:58.961483]: text loss 0.8124 | 171600/15745 batches
[2025-05-14 18:41:40.412175]: text loss 0.8039 | 171800/15745 batches
[2025-05-14 18:43:21.905910]: text loss 0.8072 | 172000/15745 batches
[2025-05-14 18:45:03.415402]: text loss 0.8131 | 172200/15745 batches
[2025-05-14 18:46:44.861973]: text loss 0.8085 | 172400/15745 batches
[2025-05-14 18:48:26.277724]: text loss 0.8085 | 172600/15745 batches
[2025-05-14 18:50:06.223071]: text loss 0.8029 | 172800/15745 batches
[2025-05-14 18:51:45.785851]: text loss 0.8049 | 173000/15745 batches
[2025-05-14 18:53:22.461481]: text loss 0.8072 | 173195/15745 batches
[2025-05-14 18:53:22.462051]: validation
[2025-05-14 18:53:26.576023]: explanation loss 2.4585
[2025-05-14 18:53:34.059697]: rationale loss 1.3695
[2025-05-14 18:53:49.514296]: sequential loss 2.3194
[2025-05-14 18:55:37.756805]: top-N loss 1.1260
[2025-05-14 18:55:38.177625]: epoch 12
[2025-05-14 18:55:40.646578]: text loss 0.8459 | 173200/15745 batches
[2025-05-14 18:57:19.543658]: text loss 0.7900 | 173400/15745 batches
[2025-05-14 18:59:00.897295]: text loss 0.7917 | 173600/15745 batches
[2025-05-14 19:00:42.381778]: text loss 0.7916 | 173800/15745 batches
[2025-05-14 19:02:23.919566]: text loss 0.7932 | 174000/15745 batches
[2025-05-14 19:04:05.442658]: text loss 0.7885 | 174200/15745 batches
[2025-05-14 19:05:46.865603]: text loss 0.7931 | 174400/15745 batches
[2025-05-14 19:07:28.386517]: text loss 0.7874 | 174600/15745 batches
[2025-05-14 19:09:09.806462]: text loss 0.8043 | 174800/15745 batches
[2025-05-14 19:10:51.314657]: text loss 0.7963 | 175000/15745 batches
[2025-05-14 19:12:32.938722]: text loss 0.7973 | 175200/15745 batches
[2025-05-14 19:14:12.749944]: text loss 0.7930 | 175400/15745 batches
[2025-05-14 19:15:52.049216]: text loss 0.7916 | 175600/15745 batches
[2025-05-14 19:17:30.966267]: text loss 0.7867 | 175800/15745 batches
[2025-05-14 19:19:09.918202]: text loss 0.7932 | 176000/15745 batches
[2025-05-14 19:20:48.787789]: text loss 0.7884 | 176200/15745 batches
[2025-05-14 19:22:28.751492]: text loss 0.7932 | 176400/15745 batches
[2025-05-14 19:24:08.673694]: text loss 0.7956 | 176600/15745 batches
[2025-05-14 19:25:50.178290]: text loss 0.7956 | 176800/15745 batches
[2025-05-14 19:27:31.700475]: text loss 0.7938 | 177000/15745 batches
[2025-05-14 19:29:13.209264]: text loss 0.8008 | 177200/15745 batches
[2025-05-14 19:30:54.741654]: text loss 0.7994 | 177400/15745 batches
[2025-05-14 19:32:36.277167]: text loss 0.7992 | 177600/15745 batches
[2025-05-14 19:34:17.775083]: text loss 0.7979 | 177800/15745 batches
[2025-05-14 19:35:59.302570]: text loss 0.7955 | 178000/15745 batches
[2025-05-14 19:37:40.818711]: text loss 0.8000 | 178200/15745 batches
[2025-05-14 19:39:22.304214]: text loss 0.7868 | 178400/15745 batches
[2025-05-14 19:41:03.773977]: text loss 0.8030 | 178600/15745 batches
[2025-05-14 19:42:45.323084]: text loss 0.7983 | 178800/15745 batches
[2025-05-14 19:44:26.827078]: text loss 0.7963 | 179000/15745 batches
[2025-05-14 19:46:08.090055]: text loss 0.7899 | 179200/15745 batches
[2025-05-14 19:47:49.612223]: text loss 0.7897 | 179400/15745 batches
[2025-05-14 19:49:30.486147]: text loss 0.7995 | 179600/15745 batches
[2025-05-14 19:51:11.848477]: text loss 0.7970 | 179800/15745 batches
[2025-05-14 19:52:53.367547]: text loss 0.7989 | 180000/15745 batches
[2025-05-14 19:54:34.859910]: text loss 0.8024 | 180200/15745 batches
[2025-05-14 19:56:16.273963]: text loss 0.7903 | 180400/15745 batches
[2025-05-14 19:57:56.815099]: text loss 0.7916 | 180600/15745 batches
[2025-05-14 19:59:38.291568]: text loss 0.7969 | 180800/15745 batches
[2025-05-14 20:01:19.758739]: text loss 0.7943 | 181000/15745 batches
[2025-05-14 20:03:01.197785]: text loss 0.7962 | 181200/15745 batches
[2025-05-14 20:04:41.335770]: text loss 0.7943 | 181400/15745 batches
[2025-05-14 20:06:22.797597]: text loss 0.8029 | 181600/15745 batches
[2025-05-14 20:08:04.292878]: text loss 0.7925 | 181800/15745 batches
[2025-05-14 20:09:45.759787]: text loss 0.7979 | 182000/15745 batches
[2025-05-14 20:11:27.424729]: text loss 0.7976 | 182200/15745 batches
[2025-05-14 20:13:06.339656]: text loss 0.7965 | 182400/15745 batches
[2025-05-14 20:14:45.261338]: text loss 0.7930 | 182600/15745 batches
[2025-05-14 20:16:26.364706]: text loss 0.7896 | 182800/15745 batches
[2025-05-14 20:18:08.014022]: text loss 0.8008 | 183000/15745 batches
[2025-05-14 20:19:49.843598]: text loss 0.7945 | 183200/15745 batches
[2025-05-14 20:21:31.400285]: text loss 0.7954 | 183400/15745 batches
[2025-05-14 20:23:12.780083]: text loss 0.7983 | 183600/15745 batches
[2025-05-14 20:24:54.300274]: text loss 0.7877 | 183800/15745 batches
[2025-05-14 20:26:35.803221]: text loss 0.7951 | 184000/15745 batches
[2025-05-14 20:28:17.257190]: text loss 0.7960 | 184200/15745 batches
[2025-05-14 20:29:58.491023]: text loss 0.7988 | 184400/15745 batches
[2025-05-14 20:31:40.014120]: text loss 0.7952 | 184600/15745 batches
[2025-05-14 20:33:19.262598]: text loss 0.7918 | 184800/15745 batches
[2025-05-14 20:34:58.245661]: text loss 0.7950 | 185000/15745 batches
[2025-05-14 20:36:37.811617]: text loss 0.7981 | 185200/15745 batches
[2025-05-14 20:38:19.318849]: text loss 0.7907 | 185400/15745 batches
[2025-05-14 20:40:00.798546]: text loss 0.7915 | 185600/15745 batches
[2025-05-14 20:41:42.313961]: text loss 0.8003 | 185800/15745 batches
[2025-05-14 20:43:23.919278]: text loss 0.7953 | 186000/15745 batches
[2025-05-14 20:45:02.774047]: text loss 0.7992 | 186200/15745 batches
[2025-05-14 20:46:43.041383]: text loss 0.7918 | 186400/15745 batches
[2025-05-14 20:48:24.316989]: text loss 0.7955 | 186600/15745 batches
[2025-05-14 20:50:05.702626]: text loss 0.8022 | 186800/15745 batches
[2025-05-14 20:51:45.717024]: text loss 0.7960 | 187000/15745 batches
[2025-05-14 20:53:24.551984]: text loss 0.8028 | 187200/15745 batches
[2025-05-14 20:55:03.433804]: text loss 0.8041 | 187400/15745 batches
[2025-05-14 20:56:42.304884]: text loss 0.7980 | 187600/15745 batches
[2025-05-14 20:58:21.160720]: text loss 0.7994 | 187800/15745 batches
[2025-05-14 21:00:00.662747]: text loss 0.7935 | 188000/15745 batches
[2025-05-14 21:01:39.528336]: text loss 0.7942 | 188200/15745 batches
[2025-05-14 21:03:18.405249]: text loss 0.7991 | 188400/15745 batches
[2025-05-14 21:04:59.153817]: text loss 0.7984 | 188600/15745 batches
[2025-05-14 21:06:39.060591]: text loss 0.7951 | 188800/15745 batches
[2025-05-14 21:07:48.252115]: text loss 0.7995 | 188940/15745 batches
[2025-05-14 21:07:48.252649]: validation
[2025-05-14 21:07:52.367024]: explanation loss 2.4654
[2025-05-14 21:07:59.844663]: rationale loss 1.3639
[2025-05-14 21:08:15.303035]: sequential loss 2.3437
[2025-05-14 21:10:03.614740]: top-N loss 1.1319
[2025-05-14 21:10:03.614824]: Endured 3 time(s)
[2025-05-14 21:10:03.614846]: epoch 13
[2025-05-14 21:10:33.298006]: text loss 0.7769 | 189000/15745 batches
[2025-05-14 21:12:12.125986]: text loss 0.7743 | 189200/15745 batches
[2025-05-14 21:13:52.436936]: text loss 0.7835 | 189400/15745 batches
[2025-05-14 21:15:31.683300]: text loss 0.7775 | 189600/15745 batches
[2025-05-14 21:17:10.611929]: text loss 0.7761 | 189800/15745 batches
[2025-05-14 21:18:50.634808]: text loss 0.7780 | 190000/15745 batches
[2025-05-14 21:20:32.147406]: text loss 0.7830 | 190200/15745 batches
[2025-05-14 21:22:12.635542]: text loss 0.7767 | 190400/15745 batches
[2025-05-14 21:23:53.607870]: text loss 0.7763 | 190600/15745 batches
[2025-05-14 21:25:35.026282]: text loss 0.7740 | 190800/15745 batches
[2025-05-14 21:27:15.224133]: text loss 0.7840 | 191000/15745 batches
[2025-05-14 21:28:55.985199]: text loss 0.7858 | 191200/15745 batches
[2025-05-14 21:30:37.487461]: text loss 0.7788 | 191400/15745 batches
[2025-05-14 21:32:18.162589]: text loss 0.7859 | 191600/15745 batches
[2025-05-14 21:33:58.760555]: text loss 0.7851 | 191800/15745 batches
[2025-05-14 21:35:40.220251]: text loss 0.7813 | 192000/15745 batches
[2025-05-14 21:37:21.683215]: text loss 0.7761 | 192200/15745 batches
[2025-05-14 21:39:03.208318]: text loss 0.7739 | 192400/15745 batches
[2025-05-14 21:40:44.663884]: text loss 0.7757 | 192600/15745 batches
[2025-05-14 21:42:26.120204]: text loss 0.7780 | 192800/15745 batches
[2025-05-14 21:44:07.405082]: text loss 0.7785 | 193000/15745 batches
[2025-05-14 21:45:48.156890]: text loss 0.7866 | 193200/15745 batches
[2025-05-14 21:47:26.951288]: text loss 0.7859 | 193400/15745 batches
[2025-05-14 21:49:05.842923]: text loss 0.7818 | 193600/15745 batches
[2025-05-14 21:50:44.712865]: text loss 0.7859 | 193800/15745 batches
[2025-05-14 21:52:24.883007]: text loss 0.7807 | 194000/15745 batches
[2025-05-14 21:54:04.952914]: text loss 0.7844 | 194200/15745 batches
[2025-05-14 21:55:44.351702]: text loss 0.7823 | 194400/15745 batches
[2025-05-14 21:57:25.781735]: text loss 0.7814 | 194600/15745 batches
[2025-05-14 21:59:06.884286]: text loss 0.7833 | 194800/15745 batches
[2025-05-14 22:00:48.165103]: text loss 0.7847 | 195000/15745 batches
[2025-05-14 22:02:29.625573]: text loss 0.7773 | 195200/15745 batches
[2025-05-14 22:04:11.545010]: text loss 0.7875 | 195400/15745 batches
[2025-05-14 22:05:53.017403]: text loss 0.7763 | 195600/15745 batches
[2025-05-14 22:07:34.530060]: text loss 0.7841 | 195800/15745 batches
[2025-05-14 22:09:16.017900]: text loss 0.7911 | 196000/15745 batches
[2025-05-14 22:10:57.329839]: text loss 0.7887 | 196200/15745 batches
[2025-05-14 22:12:36.528951]: text loss 0.7824 | 196400/15745 batches
[2025-05-14 22:14:17.992925]: text loss 0.7830 | 196600/15745 batches
[2025-05-14 22:15:57.405616]: text loss 0.7891 | 196800/15745 batches
[2025-05-14 22:17:38.915930]: text loss 0.7827 | 197000/15745 batches
[2025-05-14 22:19:20.063410]: text loss 0.7803 | 197200/15745 batches
[2025-05-14 22:20:58.993655]: text loss 0.7881 | 197400/15745 batches
[2025-05-14 22:22:37.865927]: text loss 0.7867 | 197600/15745 batches
[2025-05-14 22:24:17.197047]: text loss 0.7841 | 197800/15745 batches
[2025-05-14 22:25:58.704136]: text loss 0.7868 | 198000/15745 batches
[2025-05-14 22:27:39.208524]: text loss 0.7846 | 198200/15745 batches
[2025-05-14 22:29:20.462203]: text loss 0.7835 | 198400/15745 batches
[2025-05-14 22:31:01.668367]: text loss 0.7888 | 198600/15745 batches
[2025-05-14 22:32:41.951379]: text loss 0.7814 | 198800/15745 batches
[2025-05-14 22:34:22.691261]: text loss 0.7851 | 199000/15745 batches
[2025-05-14 22:36:02.147093]: text loss 0.7882 | 199200/15745 batches
[2025-05-14 22:37:41.878003]: text loss 0.7873 | 199400/15745 batches
[2025-05-14 22:39:21.711759]: text loss 0.7914 | 199600/15745 batches
[2025-05-14 22:41:01.717257]: text loss 0.7860 | 199800/15745 batches
[2025-05-14 22:42:42.040730]: text loss 0.7878 | 200000/15745 batches
[2025-05-14 22:44:22.500183]: text loss 0.7885 | 200200/15745 batches
[2025-05-14 22:46:03.238974]: text loss 0.7908 | 200400/15745 batches
[2025-05-14 22:47:43.607377]: text loss 0.7887 | 200600/15745 batches
[2025-05-14 22:49:24.321873]: text loss 0.7954 | 200800/15745 batches
[2025-05-14 22:51:04.650986]: text loss 0.7944 | 201000/15745 batches
[2025-05-14 22:52:44.869886]: text loss 0.7864 | 201200/15745 batches
[2025-05-14 22:54:25.348929]: text loss 0.7878 | 201400/15745 batches
[2025-05-14 22:56:05.746246]: text loss 0.7931 | 201600/15745 batches
[2025-05-14 22:57:46.384635]: text loss 0.7882 | 201800/15745 batches
[2025-05-14 22:59:27.115629]: text loss 0.7974 | 202000/15745 batches
[2025-05-14 23:01:09.218827]: text loss 0.7844 | 202200/15745 batches
[2025-05-14 23:02:50.732450]: text loss 0.7879 | 202400/15745 batches
[2025-05-14 23:04:32.157180]: text loss 0.7877 | 202600/15745 batches
[2025-05-14 23:06:13.635763]: text loss 0.8002 | 202800/15745 batches
[2025-05-14 23:07:55.131755]: text loss 0.7927 | 203000/15745 batches
[2025-05-14 23:09:34.989589]: text loss 0.7854 | 203200/15745 batches
[2025-05-14 23:11:16.530212]: text loss 0.7802 | 203400/15745 batches
[2025-05-14 23:12:57.463148]: text loss 0.7889 | 203600/15745 batches
[2025-05-14 23:14:38.729467]: text loss 0.7806 | 203800/15745 batches
[2025-05-14 23:16:19.043968]: text loss 0.7841 | 204000/15745 batches
[2025-05-14 23:17:59.087445]: text loss 0.7910 | 204200/15745 batches
[2025-05-14 23:19:39.290214]: text loss 0.7868 | 204400/15745 batches
[2025-05-14 23:21:19.632403]: text loss 0.7922 | 204600/15745 batches
[2025-05-14 23:22:02.466208]: text loss 0.7830 | 204685/15745 batches
[2025-05-14 23:22:02.466932]: validation
[2025-05-14 23:22:06.677374]: explanation loss 2.4567
[2025-05-14 23:22:14.202700]: rationale loss 1.3616
[2025-05-14 23:22:30.032330]: sequential loss 2.3559
[2025-05-14 23:24:21.693503]: top-N loss 1.1530
[2025-05-14 23:24:21.693595]: Endured 4 time(s)
[2025-05-14 23:24:21.693619]: epoch 14
[2025-05-14 23:25:19.423528]: text loss 0.7641 | 204800/15745 batches
[2025-05-14 23:26:59.815652]: text loss 0.7649 | 205000/15745 batches
[2025-05-14 23:28:40.179083]: text loss 0.7674 | 205200/15745 batches
[2025-05-14 23:30:20.326733]: text loss 0.7661 | 205400/15745 batches
[2025-05-14 23:32:00.333916]: text loss 0.7759 | 205600/15745 batches
[2025-05-14 23:33:40.591694]: text loss 0.7728 | 205800/15745 batches
[2025-05-14 23:35:20.808858]: text loss 0.7681 | 206000/15745 batches
[2025-05-14 23:37:02.182770]: text loss 0.7728 | 206200/15745 batches
[2025-05-14 23:38:42.864553]: text loss 0.7773 | 206400/15745 batches
[2025-05-14 23:40:23.485642]: text loss 0.7712 | 206600/15745 batches
[2025-05-14 23:42:04.712993]: text loss 0.7635 | 206800/15745 batches
[2025-05-14 23:43:46.232156]: text loss 0.7744 | 207000/15745 batches
[2025-05-14 23:45:28.213924]: text loss 0.7705 | 207200/15745 batches
[2025-05-14 23:47:09.914313]: text loss 0.7669 | 207400/15745 batches
[2025-05-14 23:48:51.633198]: text loss 0.7706 | 207600/15745 batches
[2025-05-14 23:50:32.302728]: text loss 0.7769 | 207800/15745 batches
[2025-05-14 23:52:13.741735]: text loss 0.7699 | 208000/15745 batches
[2025-05-14 23:53:55.240354]: text loss 0.7684 | 208200/15745 batches
[2025-05-14 23:55:35.881701]: text loss 0.7753 | 208400/15745 batches
[2025-05-14 23:57:16.524567]: text loss 0.7650 | 208600/15745 batches
[2025-05-14 23:58:59.060720]: text loss 0.7620 | 208800/15745 batches
[2025-05-15 00:00:41.646573]: text loss 0.7643 | 209000/15745 batches
[2025-05-15 00:02:23.237585]: text loss 0.7732 | 209200/15745 batches
[2025-05-15 00:04:04.915337]: text loss 0.7765 | 209400/15745 batches
[2025-05-15 00:05:46.613803]: text loss 0.7649 | 209600/15745 batches
[2025-05-15 00:07:28.701889]: text loss 0.7724 | 209800/15745 batches
[2025-05-15 00:09:09.438343]: text loss 0.7708 | 210000/15745 batches
[2025-05-15 00:10:50.920817]: text loss 0.7746 | 210200/15745 batches
[2025-05-15 00:12:31.896222]: text loss 0.7719 | 210400/15745 batches
[2025-05-15 00:14:12.600817]: text loss 0.7701 | 210600/15745 batches
[2025-05-15 00:15:54.004522]: text loss 0.7731 | 210800/15745 batches
[2025-05-15 00:17:35.593954]: text loss 0.7744 | 211000/15745 batches
[2025-05-15 00:19:17.724223]: text loss 0.7741 | 211200/15745 batches
[2025-05-15 00:20:59.213475]: text loss 0.7762 | 211400/15745 batches
[2025-05-15 00:22:40.643644]: text loss 0.7720 | 211600/15745 batches
[2025-05-15 00:24:22.967696]: text loss 0.7726 | 211800/15745 batches
[2025-05-15 00:26:04.164960]: text loss 0.7758 | 212000/15745 batches
[2025-05-15 00:27:46.237098]: text loss 0.7748 | 212200/15745 batches
[2025-05-15 00:29:27.832570]: text loss 0.7712 | 212400/15745 batches
[2025-05-15 00:31:09.184833]: text loss 0.7704 | 212600/15745 batches
[2025-05-15 00:32:50.520534]: text loss 0.7768 | 212800/15745 batches
[2025-05-15 00:34:32.566724]: text loss 0.7723 | 213000/15745 batches
[2025-05-15 00:36:14.733965]: text loss 0.7766 | 213200/15745 batches
[2025-05-15 00:37:56.449265]: text loss 0.7794 | 213400/15745 batches
[2025-05-15 00:39:38.095044]: text loss 0.7846 | 213600/15745 batches
[2025-05-15 00:41:18.286785]: text loss 0.7723 | 213800/15745 batches
[2025-05-15 00:42:59.985854]: text loss 0.7781 | 214000/15745 batches
[2025-05-15 00:44:41.608288]: text loss 0.7787 | 214200/15745 batches
[2025-05-15 00:46:23.211554]: text loss 0.7816 | 214400/15745 batches
[2025-05-15 00:48:04.888123]: text loss 0.7791 | 214600/15745 batches
[2025-05-15 00:49:47.456720]: text loss 0.7717 | 214800/15745 batches
[2025-05-15 00:51:28.668646]: text loss 0.7681 | 215000/15745 batches
[2025-05-15 00:53:10.089721]: text loss 0.7736 | 215200/15745 batches
[2025-05-15 00:54:50.948028]: text loss 0.7730 | 215400/15745 batches
[2025-05-15 00:56:32.004212]: text loss 0.7884 | 215600/15745 batches
[2025-05-15 00:58:13.976469]: text loss 0.7765 | 215800/15745 batches
[2025-05-15 00:59:55.807650]: text loss 0.7818 | 216000/15745 batches
[2025-05-15 01:01:37.958168]: text loss 0.7800 | 216200/15745 batches
[2025-05-15 01:03:19.912356]: text loss 0.7823 | 216400/15745 batches
[2025-05-15 01:05:01.056940]: text loss 0.7847 | 216600/15745 batches
[2025-05-15 01:06:42.799171]: text loss 0.7727 | 216800/15745 batches
[2025-05-15 01:08:23.985883]: text loss 0.7830 | 217000/15745 batches
[2025-05-15 01:10:04.955718]: text loss 0.7810 | 217200/15745 batches
[2025-05-15 01:11:45.983940]: text loss 0.7728 | 217400/15745 batches
[2025-05-15 01:13:26.680607]: text loss 0.7698 | 217600/15745 batches
[2025-05-15 01:15:08.504537]: text loss 0.7725 | 217800/15745 batches
[2025-05-15 01:16:49.167116]: text loss 0.7850 | 218000/15745 batches
[2025-05-15 01:18:30.369882]: text loss 0.7764 | 218200/15745 batches
[2025-05-15 01:20:11.392116]: text loss 0.7838 | 218400/15745 batches
[2025-05-15 01:21:51.279450]: text loss 0.7798 | 218600/15745 batches
[2025-05-15 01:23:32.891478]: text loss 0.7828 | 218800/15745 batches
[2025-05-15 01:25:14.364352]: text loss 0.7706 | 219000/15745 batches
[2025-05-15 01:26:55.504858]: text loss 0.7731 | 219200/15745 batches
[2025-05-15 01:28:36.055780]: text loss 0.7750 | 219400/15745 batches
[2025-05-15 01:30:16.540755]: text loss 0.7827 | 219600/15745 batches
[2025-05-15 01:31:57.461894]: text loss 0.7689 | 219800/15745 batches
[2025-05-15 01:33:38.537376]: text loss 0.7777 | 220000/15745 batches
[2025-05-15 01:35:19.011862]: text loss 0.7785 | 220200/15745 batches
[2025-05-15 01:37:00.390587]: text loss 0.7811 | 220400/15745 batches
[2025-05-15 01:37:15.667435]: text loss 0.7455 | 220430/15745 batches
[2025-05-15 01:37:15.668187]: validation
[2025-05-15 01:37:19.943001]: explanation loss 2.4634
[2025-05-15 01:37:27.466312]: rationale loss 1.3641
[2025-05-15 01:37:43.165373]: sequential loss 2.3635
[2025-05-15 01:39:33.428076]: top-N loss 1.1847
[2025-05-15 01:39:33.428186]: Endured 5 time(s)
[2025-05-15 01:39:33.428211]: Cannot endure it anymore | Exiting from early stop
