root@db50199ca952:~/lanyun/RDRec# python3 seq.py --cuda
/root/miniconda/lib/python3.12/site-packages/transformers/utils/generic.py:441: UserWarning: torch.utils._pytree._register_pytree_node is deprecated. Please use torch.utils._pytree.register_pytree_node instead.
  _torch_pytree._register_pytree_node(
----------------------------------------ARGUMENTS----------------------------------------
data_dir                                 /root/lanyun/RDRec/data/toys/
model_version                            0
batch_size                               32
cuda                                     True
checkpoint                               ./pod_toys_1111/
num_beams                                20
top_n                                    15
----------------------------------------ARGUMENTS----------------------------------------
[2025-05-16 19:38:36.703279]: Loading data
/root/miniconda/lib/python3.12/site-packages/huggingface_hub/file_download.py:943: FutureWarning: `resume_download` is deprecated and will be removed in version 1.0.0. Downloads always resume when possible. If you want to force a new download, use `force_download=True`.
  warnings.warn(
You are using the default legacy behaviour of the <class 'transformers.models.t5.tokenization_t5.T5Tokenizer'>. This is expected, and simply means that the `legacy` (previous) behavior will be used so nothing changes for you. If you want to use the new behaviour, set `legacy=False`. This should only be set if you understand what it means, and thouroughly read the reason why this was added as explained in https://github.com/huggingface/transformers/pull/24565
Special tokens have been added in the vocabulary, make sure the associated word embeddings are fine-tuned or trained.
/root/miniconda/lib/python3.12/site-packages/transformers/utils/generic.py:309: UserWarning: torch.utils._pytree._register_pytree_node is deprecated. Please use torch.utils._pytree.register_pytree_node instead.
  _torch_pytree._register_pytree_node(
/root/miniconda/lib/python3.12/site-packages/transformers/utils/generic.py:309: UserWarning: torch.utils._pytree._register_pytree_node is deprecated. Please use torch.utils._pytree.register_pytree_node instead.
  _torch_pytree._register_pytree_node(
[2025-05-16 19:38:48.308559]: Generating recommendations

[2025-05-16 19:46:49.773360]: Evaluation

[2025-05-16 19:46:50.232155]: HR@1  0.0548
[2025-05-16 19:46:50.249083]: NDCG@1  0.0548
[2025-05-16 19:46:50.265461]: HR@5  0.0734
[2025-05-16 19:46:50.285565]: NDCG@5  0.0634
[2025-05-16 19:46:50.302886]: HR@10  0.0795
[2025-05-16 19:46:50.328001]: NDCG@10  0.0645